[2025-09-23T12:53:33.034+0300] {processor.py:186} INFO - Started process (PID=68973) to work on /Users/vozamhcak/celeba-inpainting/airflow/dags/inpainting_pipeline.py
[2025-09-23T12:53:33.034+0300] {processor.py:914} INFO - Processing file /Users/vozamhcak/celeba-inpainting/airflow/dags/inpainting_pipeline.py for tasks to queue
[2025-09-23T12:53:33.034+0300] {logging_mixin.py:190} INFO - [2025-09-23T12:53:33.034+0300] {dagbag.py:588} INFO - Filling up the DagBag from /Users/vozamhcak/celeba-inpainting/airflow/dags/inpainting_pipeline.py
[2025-09-23T12:53:33.058+0300] {logging_mixin.py:190} WARNING - /Library/Frameworks/Python.framework/Versions/3.10/lib/python3.10/site-packages/cron_descriptor/ExpressionDescriptor.py:69 UserWarning: No system locale set. Falling back to 'en_US'. Set LANG/LC_ALL or pass locale_code to override.
[2025-09-23T12:53:33.058+0300] {logging_mixin.py:190} WARNING - /Library/Frameworks/Python.framework/Versions/3.10/lib/python3.10/site-packages/cron_descriptor/ExpressionDescriptor.py:69 UserWarning: No system locale set. Falling back to 'en_US'. Set LANG/LC_ALL or pass locale_code to override.
[2025-09-23T12:53:33.060+0300] {processor.py:925} INFO - DAG(s) 'inpainting_pipeline' retrieved from /Users/vozamhcak/celeba-inpainting/airflow/dags/inpainting_pipeline.py
[2025-09-23T12:53:33.131+0300] {logging_mixin.py:190} INFO - [2025-09-23T12:53:33.131+0300] {dag.py:3239} INFO - Sync 1 DAGs
[2025-09-23T12:53:33.134+0300] {logging_mixin.py:190} INFO - [2025-09-23T12:53:33.134+0300] {dag.py:3262} INFO - Creating ORM DAG for inpainting_pipeline
[2025-09-23T12:53:33.137+0300] {logging_mixin.py:190} INFO - [2025-09-23T12:53:33.137+0300] {dag.py:4180} INFO - Setting next_dagrun for inpainting_pipeline to 2025-09-22 00:00:00+00:00, run_after=2025-09-23 00:00:00+00:00
[2025-09-23T12:53:33.144+0300] {processor.py:208} INFO - Processing /Users/vozamhcak/celeba-inpainting/airflow/dags/inpainting_pipeline.py took 0.111 seconds
[2025-09-23T12:55:29.052+0300] {processor.py:186} INFO - Started process (PID=69666) to work on /Users/vozamhcak/celeba-inpainting/airflow/dags/inpainting_pipeline.py
[2025-09-23T12:55:29.052+0300] {processor.py:914} INFO - Processing file /Users/vozamhcak/celeba-inpainting/airflow/dags/inpainting_pipeline.py for tasks to queue
[2025-09-23T12:55:29.053+0300] {logging_mixin.py:190} INFO - [2025-09-23T12:55:29.053+0300] {dagbag.py:588} INFO - Filling up the DagBag from /Users/vozamhcak/celeba-inpainting/airflow/dags/inpainting_pipeline.py
[2025-09-23T12:55:29.075+0300] {logging_mixin.py:190} WARNING - /Library/Frameworks/Python.framework/Versions/3.10/lib/python3.10/site-packages/cron_descriptor/ExpressionDescriptor.py:69 UserWarning: No system locale set. Falling back to 'en_US'. Set LANG/LC_ALL or pass locale_code to override.
[2025-09-23T12:55:29.075+0300] {logging_mixin.py:190} WARNING - /Library/Frameworks/Python.framework/Versions/3.10/lib/python3.10/site-packages/cron_descriptor/ExpressionDescriptor.py:69 UserWarning: No system locale set. Falling back to 'en_US'. Set LANG/LC_ALL or pass locale_code to override.
[2025-09-23T12:55:29.077+0300] {processor.py:925} INFO - DAG(s) 'inpainting_pipeline' retrieved from /Users/vozamhcak/celeba-inpainting/airflow/dags/inpainting_pipeline.py
[2025-09-23T12:55:29.112+0300] {logging_mixin.py:190} INFO - [2025-09-23T12:55:29.112+0300] {dag.py:3239} INFO - Sync 1 DAGs
[2025-09-23T12:55:29.119+0300] {logging_mixin.py:190} INFO - [2025-09-23T12:55:29.118+0300] {dag.py:4180} INFO - Setting next_dagrun for inpainting_pipeline to 2025-09-23 00:00:00+00:00, run_after=2025-09-24 00:00:00+00:00
[2025-09-23T12:55:29.124+0300] {processor.py:208} INFO - Processing /Users/vozamhcak/celeba-inpainting/airflow/dags/inpainting_pipeline.py took 0.074 seconds
[2025-09-23T12:56:43.998+0300] {processor.py:186} INFO - Started process (PID=70091) to work on /Users/vozamhcak/celeba-inpainting/airflow/dags/inpainting_pipeline.py
[2025-09-23T12:56:43.999+0300] {processor.py:914} INFO - Processing file /Users/vozamhcak/celeba-inpainting/airflow/dags/inpainting_pipeline.py for tasks to queue
[2025-09-23T12:56:43.999+0300] {logging_mixin.py:190} INFO - [2025-09-23T12:56:43.999+0300] {dagbag.py:588} INFO - Filling up the DagBag from /Users/vozamhcak/celeba-inpainting/airflow/dags/inpainting_pipeline.py
[2025-09-23T12:56:44.022+0300] {logging_mixin.py:190} WARNING - /Library/Frameworks/Python.framework/Versions/3.10/lib/python3.10/site-packages/cron_descriptor/ExpressionDescriptor.py:69 UserWarning: No system locale set. Falling back to 'en_US'. Set LANG/LC_ALL or pass locale_code to override.
[2025-09-23T12:56:44.022+0300] {logging_mixin.py:190} WARNING - /Library/Frameworks/Python.framework/Versions/3.10/lib/python3.10/site-packages/cron_descriptor/ExpressionDescriptor.py:69 UserWarning: No system locale set. Falling back to 'en_US'. Set LANG/LC_ALL or pass locale_code to override.
[2025-09-23T12:56:44.024+0300] {processor.py:925} INFO - DAG(s) 'inpainting_pipeline' retrieved from /Users/vozamhcak/celeba-inpainting/airflow/dags/inpainting_pipeline.py
[2025-09-23T12:56:44.057+0300] {logging_mixin.py:190} INFO - [2025-09-23T12:56:44.057+0300] {dag.py:3239} INFO - Sync 1 DAGs
[2025-09-23T12:56:44.063+0300] {logging_mixin.py:190} INFO - [2025-09-23T12:56:44.063+0300] {dag.py:4180} INFO - Setting next_dagrun for inpainting_pipeline to 2025-09-23 00:00:00+00:00, run_after=2025-09-24 00:00:00+00:00
[2025-09-23T12:56:44.069+0300] {processor.py:208} INFO - Processing /Users/vozamhcak/celeba-inpainting/airflow/dags/inpainting_pipeline.py took 0.072 seconds
[2025-09-23T12:58:00.494+0300] {processor.py:186} INFO - Started process (PID=70540) to work on /Users/vozamhcak/celeba-inpainting/airflow/dags/inpainting_pipeline.py
[2025-09-23T12:58:00.495+0300] {processor.py:914} INFO - Processing file /Users/vozamhcak/celeba-inpainting/airflow/dags/inpainting_pipeline.py for tasks to queue
[2025-09-23T12:58:00.495+0300] {logging_mixin.py:190} INFO - [2025-09-23T12:58:00.495+0300] {dagbag.py:588} INFO - Filling up the DagBag from /Users/vozamhcak/celeba-inpainting/airflow/dags/inpainting_pipeline.py
[2025-09-23T12:58:00.517+0300] {logging_mixin.py:190} WARNING - /Library/Frameworks/Python.framework/Versions/3.10/lib/python3.10/site-packages/cron_descriptor/ExpressionDescriptor.py:69 UserWarning: No system locale set. Falling back to 'en_US'. Set LANG/LC_ALL or pass locale_code to override.
[2025-09-23T12:58:00.517+0300] {logging_mixin.py:190} WARNING - /Library/Frameworks/Python.framework/Versions/3.10/lib/python3.10/site-packages/cron_descriptor/ExpressionDescriptor.py:69 UserWarning: No system locale set. Falling back to 'en_US'. Set LANG/LC_ALL or pass locale_code to override.
[2025-09-23T12:58:00.518+0300] {processor.py:925} INFO - DAG(s) 'inpainting_pipeline' retrieved from /Users/vozamhcak/celeba-inpainting/airflow/dags/inpainting_pipeline.py
[2025-09-23T12:58:00.552+0300] {logging_mixin.py:190} INFO - [2025-09-23T12:58:00.552+0300] {dag.py:3239} INFO - Sync 1 DAGs
[2025-09-23T12:58:00.558+0300] {logging_mixin.py:190} INFO - [2025-09-23T12:58:00.558+0300] {dag.py:4180} INFO - Setting next_dagrun for inpainting_pipeline to 2025-09-23 00:00:00+00:00, run_after=2025-09-24 00:00:00+00:00
[2025-09-23T12:58:00.564+0300] {processor.py:208} INFO - Processing /Users/vozamhcak/celeba-inpainting/airflow/dags/inpainting_pipeline.py took 0.071 seconds
[2025-09-23T12:59:12.934+0300] {processor.py:186} INFO - Started process (PID=70990) to work on /Users/vozamhcak/celeba-inpainting/airflow/dags/inpainting_pipeline.py
[2025-09-23T12:59:12.935+0300] {processor.py:914} INFO - Processing file /Users/vozamhcak/celeba-inpainting/airflow/dags/inpainting_pipeline.py for tasks to queue
[2025-09-23T12:59:12.935+0300] {logging_mixin.py:190} INFO - [2025-09-23T12:59:12.935+0300] {dagbag.py:588} INFO - Filling up the DagBag from /Users/vozamhcak/celeba-inpainting/airflow/dags/inpainting_pipeline.py
[2025-09-23T12:59:12.958+0300] {logging_mixin.py:190} WARNING - /Library/Frameworks/Python.framework/Versions/3.10/lib/python3.10/site-packages/cron_descriptor/ExpressionDescriptor.py:69 UserWarning: No system locale set. Falling back to 'en_US'. Set LANG/LC_ALL or pass locale_code to override.
[2025-09-23T12:59:12.958+0300] {logging_mixin.py:190} WARNING - /Library/Frameworks/Python.framework/Versions/3.10/lib/python3.10/site-packages/cron_descriptor/ExpressionDescriptor.py:69 UserWarning: No system locale set. Falling back to 'en_US'. Set LANG/LC_ALL or pass locale_code to override.
[2025-09-23T12:59:12.960+0300] {processor.py:925} INFO - DAG(s) 'inpainting_pipeline' retrieved from /Users/vozamhcak/celeba-inpainting/airflow/dags/inpainting_pipeline.py
[2025-09-23T12:59:12.993+0300] {logging_mixin.py:190} INFO - [2025-09-23T12:59:12.993+0300] {dag.py:3239} INFO - Sync 1 DAGs
[2025-09-23T12:59:13.001+0300] {logging_mixin.py:190} INFO - [2025-09-23T12:59:13.001+0300] {dag.py:4180} INFO - Setting next_dagrun for inpainting_pipeline to 2025-09-23 00:00:00+00:00, run_after=2025-09-24 00:00:00+00:00
[2025-09-23T12:59:13.006+0300] {processor.py:208} INFO - Processing /Users/vozamhcak/celeba-inpainting/airflow/dags/inpainting_pipeline.py took 0.073 seconds
