[2025-09-23T12:53:36.945+0300] {processor.py:186} INFO - Started process (PID=69002) to work on /Library/Frameworks/Python.framework/Versions/3.10/lib/python3.10/site-packages/airflow/example_dags/plugins/workday.py
[2025-09-23T12:53:36.945+0300] {processor.py:914} INFO - Processing file /Library/Frameworks/Python.framework/Versions/3.10/lib/python3.10/site-packages/airflow/example_dags/plugins/workday.py for tasks to queue
[2025-09-23T12:53:36.946+0300] {logging_mixin.py:190} INFO - [2025-09-23T12:53:36.945+0300] {dagbag.py:588} INFO - Filling up the DagBag from /Library/Frameworks/Python.framework/Versions/3.10/lib/python3.10/site-packages/airflow/example_dags/plugins/workday.py
[2025-09-23T12:53:37.227+0300] {processor.py:927} WARNING - No viable dags retrieved from /Library/Frameworks/Python.framework/Versions/3.10/lib/python3.10/site-packages/airflow/example_dags/plugins/workday.py
[2025-09-23T12:53:37.262+0300] {processor.py:208} INFO - Processing /Library/Frameworks/Python.framework/Versions/3.10/lib/python3.10/site-packages/airflow/example_dags/plugins/workday.py took 0.319 seconds
[2025-09-23T12:55:32.277+0300] {processor.py:186} INFO - Started process (PID=69689) to work on /Library/Frameworks/Python.framework/Versions/3.10/lib/python3.10/site-packages/airflow/example_dags/plugins/workday.py
[2025-09-23T12:55:32.280+0300] {processor.py:914} INFO - Processing file /Library/Frameworks/Python.framework/Versions/3.10/lib/python3.10/site-packages/airflow/example_dags/plugins/workday.py for tasks to queue
[2025-09-23T12:55:32.280+0300] {logging_mixin.py:190} INFO - [2025-09-23T12:55:32.280+0300] {dagbag.py:588} INFO - Filling up the DagBag from /Library/Frameworks/Python.framework/Versions/3.10/lib/python3.10/site-packages/airflow/example_dags/plugins/workday.py
[2025-09-23T12:55:32.635+0300] {processor.py:927} WARNING - No viable dags retrieved from /Library/Frameworks/Python.framework/Versions/3.10/lib/python3.10/site-packages/airflow/example_dags/plugins/workday.py
[2025-09-23T12:55:32.671+0300] {processor.py:208} INFO - Processing /Library/Frameworks/Python.framework/Versions/3.10/lib/python3.10/site-packages/airflow/example_dags/plugins/workday.py took 0.395 seconds
[2025-09-23T12:56:46.963+0300] {processor.py:186} INFO - Started process (PID=70114) to work on /Library/Frameworks/Python.framework/Versions/3.10/lib/python3.10/site-packages/airflow/example_dags/plugins/workday.py
[2025-09-23T12:56:46.964+0300] {processor.py:914} INFO - Processing file /Library/Frameworks/Python.framework/Versions/3.10/lib/python3.10/site-packages/airflow/example_dags/plugins/workday.py for tasks to queue
[2025-09-23T12:56:46.964+0300] {logging_mixin.py:190} INFO - [2025-09-23T12:56:46.964+0300] {dagbag.py:588} INFO - Filling up the DagBag from /Library/Frameworks/Python.framework/Versions/3.10/lib/python3.10/site-packages/airflow/example_dags/plugins/workday.py
[2025-09-23T12:56:47.261+0300] {processor.py:927} WARNING - No viable dags retrieved from /Library/Frameworks/Python.framework/Versions/3.10/lib/python3.10/site-packages/airflow/example_dags/plugins/workday.py
[2025-09-23T12:56:47.295+0300] {processor.py:208} INFO - Processing /Library/Frameworks/Python.framework/Versions/3.10/lib/python3.10/site-packages/airflow/example_dags/plugins/workday.py took 0.332 seconds
[2025-09-23T12:58:03.900+0300] {processor.py:186} INFO - Started process (PID=70553) to work on /Library/Frameworks/Python.framework/Versions/3.10/lib/python3.10/site-packages/airflow/example_dags/plugins/workday.py
[2025-09-23T12:58:03.901+0300] {processor.py:914} INFO - Processing file /Library/Frameworks/Python.framework/Versions/3.10/lib/python3.10/site-packages/airflow/example_dags/plugins/workday.py for tasks to queue
[2025-09-23T12:58:03.901+0300] {logging_mixin.py:190} INFO - [2025-09-23T12:58:03.901+0300] {dagbag.py:588} INFO - Filling up the DagBag from /Library/Frameworks/Python.framework/Versions/3.10/lib/python3.10/site-packages/airflow/example_dags/plugins/workday.py
[2025-09-23T12:58:04.240+0300] {processor.py:927} WARNING - No viable dags retrieved from /Library/Frameworks/Python.framework/Versions/3.10/lib/python3.10/site-packages/airflow/example_dags/plugins/workday.py
[2025-09-23T12:58:04.283+0300] {processor.py:208} INFO - Processing /Library/Frameworks/Python.framework/Versions/3.10/lib/python3.10/site-packages/airflow/example_dags/plugins/workday.py took 0.384 seconds
[2025-09-23T12:59:16.852+0300] {processor.py:186} INFO - Started process (PID=71009) to work on /Library/Frameworks/Python.framework/Versions/3.10/lib/python3.10/site-packages/airflow/example_dags/plugins/workday.py
[2025-09-23T12:59:16.853+0300] {processor.py:914} INFO - Processing file /Library/Frameworks/Python.framework/Versions/3.10/lib/python3.10/site-packages/airflow/example_dags/plugins/workday.py for tasks to queue
[2025-09-23T12:59:16.853+0300] {logging_mixin.py:190} INFO - [2025-09-23T12:59:16.853+0300] {dagbag.py:588} INFO - Filling up the DagBag from /Library/Frameworks/Python.framework/Versions/3.10/lib/python3.10/site-packages/airflow/example_dags/plugins/workday.py
[2025-09-23T12:59:17.185+0300] {processor.py:927} WARNING - No viable dags retrieved from /Library/Frameworks/Python.framework/Versions/3.10/lib/python3.10/site-packages/airflow/example_dags/plugins/workday.py
[2025-09-23T12:59:17.218+0300] {processor.py:208} INFO - Processing /Library/Frameworks/Python.framework/Versions/3.10/lib/python3.10/site-packages/airflow/example_dags/plugins/workday.py took 0.367 seconds
