[2025-09-23T12:53:35.065+0300] {processor.py:186} INFO - Started process (PID=68990) to work on /Library/Frameworks/Python.framework/Versions/3.10/lib/python3.10/site-packages/airflow/example_dags/subdags/subdag.py
[2025-09-23T12:53:35.065+0300] {processor.py:914} INFO - Processing file /Library/Frameworks/Python.framework/Versions/3.10/lib/python3.10/site-packages/airflow/example_dags/subdags/subdag.py for tasks to queue
[2025-09-23T12:53:35.066+0300] {logging_mixin.py:190} INFO - [2025-09-23T12:53:35.066+0300] {dagbag.py:588} INFO - Filling up the DagBag from /Library/Frameworks/Python.framework/Versions/3.10/lib/python3.10/site-packages/airflow/example_dags/subdags/subdag.py
[2025-09-23T12:53:35.067+0300] {processor.py:927} WARNING - No viable dags retrieved from /Library/Frameworks/Python.framework/Versions/3.10/lib/python3.10/site-packages/airflow/example_dags/subdags/subdag.py
[2025-09-23T12:53:35.098+0300] {processor.py:208} INFO - Processing /Library/Frameworks/Python.framework/Versions/3.10/lib/python3.10/site-packages/airflow/example_dags/subdags/subdag.py took 0.034 seconds
[2025-09-23T12:55:31.037+0300] {processor.py:186} INFO - Started process (PID=69677) to work on /Library/Frameworks/Python.framework/Versions/3.10/lib/python3.10/site-packages/airflow/example_dags/subdags/subdag.py
[2025-09-23T12:55:31.039+0300] {processor.py:914} INFO - Processing file /Library/Frameworks/Python.framework/Versions/3.10/lib/python3.10/site-packages/airflow/example_dags/subdags/subdag.py for tasks to queue
[2025-09-23T12:55:31.039+0300] {logging_mixin.py:190} INFO - [2025-09-23T12:55:31.039+0300] {dagbag.py:588} INFO - Filling up the DagBag from /Library/Frameworks/Python.framework/Versions/3.10/lib/python3.10/site-packages/airflow/example_dags/subdags/subdag.py
[2025-09-23T12:55:31.040+0300] {processor.py:927} WARNING - No viable dags retrieved from /Library/Frameworks/Python.framework/Versions/3.10/lib/python3.10/site-packages/airflow/example_dags/subdags/subdag.py
[2025-09-23T12:55:31.072+0300] {processor.py:208} INFO - Processing /Library/Frameworks/Python.framework/Versions/3.10/lib/python3.10/site-packages/airflow/example_dags/subdags/subdag.py took 0.036 seconds
[2025-09-23T12:56:45.037+0300] {processor.py:186} INFO - Started process (PID=70098) to work on /Library/Frameworks/Python.framework/Versions/3.10/lib/python3.10/site-packages/airflow/example_dags/subdags/subdag.py
[2025-09-23T12:56:45.037+0300] {processor.py:914} INFO - Processing file /Library/Frameworks/Python.framework/Versions/3.10/lib/python3.10/site-packages/airflow/example_dags/subdags/subdag.py for tasks to queue
[2025-09-23T12:56:45.038+0300] {logging_mixin.py:190} INFO - [2025-09-23T12:56:45.038+0300] {dagbag.py:588} INFO - Filling up the DagBag from /Library/Frameworks/Python.framework/Versions/3.10/lib/python3.10/site-packages/airflow/example_dags/subdags/subdag.py
[2025-09-23T12:56:45.039+0300] {processor.py:927} WARNING - No viable dags retrieved from /Library/Frameworks/Python.framework/Versions/3.10/lib/python3.10/site-packages/airflow/example_dags/subdags/subdag.py
[2025-09-23T12:56:45.071+0300] {processor.py:208} INFO - Processing /Library/Frameworks/Python.framework/Versions/3.10/lib/python3.10/site-packages/airflow/example_dags/subdags/subdag.py took 0.036 seconds
[2025-09-23T12:58:02.033+0300] {processor.py:186} INFO - Started process (PID=70542) to work on /Library/Frameworks/Python.framework/Versions/3.10/lib/python3.10/site-packages/airflow/example_dags/subdags/subdag.py
[2025-09-23T12:58:02.034+0300] {processor.py:914} INFO - Processing file /Library/Frameworks/Python.framework/Versions/3.10/lib/python3.10/site-packages/airflow/example_dags/subdags/subdag.py for tasks to queue
[2025-09-23T12:58:02.035+0300] {logging_mixin.py:190} INFO - [2025-09-23T12:58:02.035+0300] {dagbag.py:588} INFO - Filling up the DagBag from /Library/Frameworks/Python.framework/Versions/3.10/lib/python3.10/site-packages/airflow/example_dags/subdags/subdag.py
[2025-09-23T12:58:02.036+0300] {processor.py:927} WARNING - No viable dags retrieved from /Library/Frameworks/Python.framework/Versions/3.10/lib/python3.10/site-packages/airflow/example_dags/subdags/subdag.py
[2025-09-23T12:58:02.067+0300] {processor.py:208} INFO - Processing /Library/Frameworks/Python.framework/Versions/3.10/lib/python3.10/site-packages/airflow/example_dags/subdags/subdag.py took 0.035 seconds
[2025-09-23T12:59:14.889+0300] {processor.py:186} INFO - Started process (PID=70995) to work on /Library/Frameworks/Python.framework/Versions/3.10/lib/python3.10/site-packages/airflow/example_dags/subdags/subdag.py
[2025-09-23T12:59:14.890+0300] {processor.py:914} INFO - Processing file /Library/Frameworks/Python.framework/Versions/3.10/lib/python3.10/site-packages/airflow/example_dags/subdags/subdag.py for tasks to queue
[2025-09-23T12:59:14.890+0300] {logging_mixin.py:190} INFO - [2025-09-23T12:59:14.890+0300] {dagbag.py:588} INFO - Filling up the DagBag from /Library/Frameworks/Python.framework/Versions/3.10/lib/python3.10/site-packages/airflow/example_dags/subdags/subdag.py
[2025-09-23T12:59:14.891+0300] {processor.py:927} WARNING - No viable dags retrieved from /Library/Frameworks/Python.framework/Versions/3.10/lib/python3.10/site-packages/airflow/example_dags/subdags/subdag.py
[2025-09-23T12:59:14.923+0300] {processor.py:208} INFO - Processing /Library/Frameworks/Python.framework/Versions/3.10/lib/python3.10/site-packages/airflow/example_dags/subdags/subdag.py took 0.035 seconds
