[2025-09-23T14:47:38.016+0300] {local_task_job_runner.py:123} INFO - ::group::Pre task execution logs
[2025-09-23T14:47:38.022+0300] {taskinstance.py:2612} INFO - Dependencies all met for dep_context=non-requeueable deps ti=<TaskInstance: inpainting_pipeline.train_model manual__2025-09-23T11:47:26.523389+00:00 [queued]>
[2025-09-23T14:47:38.023+0300] {taskinstance.py:2612} INFO - Dependencies all met for dep_context=requeueable deps ti=<TaskInstance: inpainting_pipeline.train_model manual__2025-09-23T11:47:26.523389+00:00 [queued]>
[2025-09-23T14:47:38.024+0300] {taskinstance.py:2865} INFO - Starting attempt 1 of 2
[2025-09-23T14:47:38.065+0300] {taskinstance.py:2888} INFO - Executing <Task(PythonOperator): train_model> on 2025-09-23 11:47:26.523389+00:00
[2025-09-23T14:47:38.068+0300] {standard_task_runner.py:72} INFO - Started process 81471 to run task
[2025-09-23T14:47:38.071+0300] {standard_task_runner.py:104} INFO - Running: ['airflow', 'tasks', 'run', 'inpainting_pipeline', 'train_model', 'manual__2025-09-23T11:47:26.523389+00:00', '--job-id', '24', '--raw', '--subdir', 'DAGS_FOLDER/inpainting_pipeline.py', '--cfg-path', '/var/folders/h3/mldqkd0s4gs3d0z9_b487vs00000gn/T/tmp4ppnyvza']
[2025-09-23T14:47:38.072+0300] {standard_task_runner.py:105} INFO - Job 24: Subtask train_model
[2025-09-23T14:47:38.090+0300] {task_command.py:467} INFO - Running <TaskInstance: inpainting_pipeline.train_model manual__2025-09-23T11:47:26.523389+00:00 [running]> on host macbook-air-alexander-2.local
[2025-09-23T14:47:38.109+0300] {taskinstance.py:3131} INFO - Exporting env vars: AIRFLOW_CTX_DAG_OWNER='mlops-student' AIRFLOW_CTX_DAG_ID='inpainting_pipeline' AIRFLOW_CTX_TASK_ID='train_model' AIRFLOW_CTX_EXECUTION_DATE='2025-09-23T11:47:26.523389+00:00' AIRFLOW_CTX_TRY_NUMBER='1' AIRFLOW_CTX_DAG_RUN_ID='manual__2025-09-23T11:47:26.523389+00:00'
[2025-09-23T14:47:38.110+0300] {logging_mixin.py:190} INFO - Task instance is in running state
[2025-09-23T14:47:38.110+0300] {logging_mixin.py:190} INFO -  Previous state of the Task instance: queued
[2025-09-23T14:47:38.110+0300] {logging_mixin.py:190} INFO - Current task name:train_model state:running start_date:2025-09-23 11:47:38.022211+00:00
[2025-09-23T14:47:38.110+0300] {logging_mixin.py:190} INFO - Dag name:inpainting_pipeline and current dag run status:running
[2025-09-23T14:47:38.110+0300] {taskinstance.py:731} INFO - ::endgroup::
[2025-09-23T14:47:38.110+0300] {inpainting_pipeline.py:12} INFO - Running command: python3 /Users/vozamhcak/celeba-inpainting/code/models/train.py
[2025-09-23T14:47:44.709+0300] {inpainting_pipeline.py:21} INFO - STDOUT:
[INFO] Using device: cpu
[AIRFLOW][Epoch 1/5] Loss: 0.2393
[AIRFLOW][Epoch 2/5] Loss: 0.1744
[AIRFLOW][Epoch 3/5] Loss: 0.1529
[AIRFLOW][Epoch 4/5] Loss: 0.1347
[AIRFLOW][Epoch 5/5] Loss: 0.1266

[2025-09-23T14:47:44.710+0300] {python.py:240} INFO - Done. Returned value was: None
[2025-09-23T14:47:44.714+0300] {taskinstance.py:340} INFO - ::group::Post task execution logs
[2025-09-23T14:47:44.714+0300] {taskinstance.py:352} INFO - Marking task as SUCCESS. dag_id=inpainting_pipeline, task_id=train_model, run_id=manual__2025-09-23T11:47:26.523389+00:00, execution_date=20250923T114726, start_date=20250923T114738, end_date=20250923T114744
[2025-09-23T14:47:44.718+0300] {logging_mixin.py:190} INFO - Task instance in success state
[2025-09-23T14:47:44.718+0300] {logging_mixin.py:190} INFO -  Previous state of the Task instance: running
[2025-09-23T14:47:44.718+0300] {logging_mixin.py:190} INFO - Dag name:inpainting_pipeline queued_at:2025-09-23 11:47:26.530567+00:00
[2025-09-23T14:47:44.718+0300] {logging_mixin.py:190} INFO - Task hostname:macbook-air-alexander-2.local operator:PythonOperator
[2025-09-23T14:47:44.752+0300] {local_task_job_runner.py:266} INFO - Task exited with return code 0
[2025-09-23T14:47:44.759+0300] {taskinstance.py:3900} INFO - 1 downstream tasks scheduled from follow-on schedule check
[2025-09-23T14:47:44.759+0300] {local_task_job_runner.py:245} INFO - ::endgroup::
