[2025-09-23T14:54:45.603+0300] {local_task_job_runner.py:123} INFO - ::group::Pre task execution logs
[2025-09-23T14:54:45.646+0300] {taskinstance.py:2612} INFO - Dependencies all met for dep_context=non-requeueable deps ti=<TaskInstance: inpainting_pipeline.train_model manual__2025-09-23T11:54:19.841946+00:00 [queued]>
[2025-09-23T14:54:45.648+0300] {taskinstance.py:2612} INFO - Dependencies all met for dep_context=requeueable deps ti=<TaskInstance: inpainting_pipeline.train_model manual__2025-09-23T11:54:19.841946+00:00 [queued]>
[2025-09-23T14:54:45.649+0300] {taskinstance.py:2865} INFO - Starting attempt 1 of 2
[2025-09-23T14:54:45.653+0300] {taskinstance.py:2888} INFO - Executing <Task(PythonOperator): train_model> on 2025-09-23 11:54:19.841946+00:00
[2025-09-23T14:54:45.656+0300] {standard_task_runner.py:72} INFO - Started process 84153 to run task
[2025-09-23T14:54:45.660+0300] {standard_task_runner.py:104} INFO - Running: ['airflow', 'tasks', 'run', 'inpainting_pipeline', 'train_model', 'manual__2025-09-23T11:54:19.841946+00:00', '--job-id', '28', '--raw', '--subdir', 'DAGS_FOLDER/inpainting_pipeline.py', '--cfg-path', '/var/folders/h3/mldqkd0s4gs3d0z9_b487vs00000gn/T/tmp2k_xpzla']
[2025-09-23T14:54:45.661+0300] {standard_task_runner.py:105} INFO - Job 28: Subtask train_model
[2025-09-23T14:54:45.678+0300] {task_command.py:467} INFO - Running <TaskInstance: inpainting_pipeline.train_model manual__2025-09-23T11:54:19.841946+00:00 [running]> on host macbook-air-alexander-2.local
[2025-09-23T14:54:45.699+0300] {taskinstance.py:3131} INFO - Exporting env vars: AIRFLOW_CTX_DAG_OWNER='mlops-student' AIRFLOW_CTX_DAG_ID='inpainting_pipeline' AIRFLOW_CTX_TASK_ID='train_model' AIRFLOW_CTX_EXECUTION_DATE='2025-09-23T11:54:19.841946+00:00' AIRFLOW_CTX_TRY_NUMBER='1' AIRFLOW_CTX_DAG_RUN_ID='manual__2025-09-23T11:54:19.841946+00:00'
[2025-09-23T14:54:45.700+0300] {logging_mixin.py:190} INFO - Task instance is in running state
[2025-09-23T14:54:45.700+0300] {logging_mixin.py:190} INFO -  Previous state of the Task instance: queued
[2025-09-23T14:54:45.700+0300] {logging_mixin.py:190} INFO - Current task name:train_model state:running start_date:2025-09-23 11:54:45.646662+00:00
[2025-09-23T14:54:45.700+0300] {logging_mixin.py:190} INFO - Dag name:inpainting_pipeline and current dag run status:running
[2025-09-23T14:54:45.700+0300] {taskinstance.py:731} INFO - ::endgroup::
[2025-09-23T14:54:45.701+0300] {inpainting_pipeline.py:12} INFO - Running command: python3 /Users/vozamhcak/celeba-inpainting/code/models/train.py
[2025-09-23T14:54:52.417+0300] {inpainting_pipeline.py:21} INFO - STDOUT:
[INFO] Using device: cpu
[AIRFLOW][Epoch 1/5] Loss: 0.2414
[AIRFLOW][Epoch 2/5] Loss: 0.1784
[AIRFLOW][Epoch 3/5] Loss: 0.1557
[AIRFLOW][Epoch 4/5] Loss: 0.1373
[AIRFLOW][Epoch 5/5] Loss: 0.1249

[2025-09-23T14:54:52.419+0300] {python.py:240} INFO - Done. Returned value was: None
[2025-09-23T14:54:52.425+0300] {taskinstance.py:340} INFO - ::group::Post task execution logs
[2025-09-23T14:54:52.426+0300] {taskinstance.py:352} INFO - Marking task as SUCCESS. dag_id=inpainting_pipeline, task_id=train_model, run_id=manual__2025-09-23T11:54:19.841946+00:00, execution_date=20250923T115419, start_date=20250923T115445, end_date=20250923T115452
[2025-09-23T14:54:52.430+0300] {logging_mixin.py:190} INFO - Task instance in success state
[2025-09-23T14:54:52.430+0300] {logging_mixin.py:190} INFO -  Previous state of the Task instance: running
[2025-09-23T14:54:52.430+0300] {logging_mixin.py:190} INFO - Dag name:inpainting_pipeline queued_at:2025-09-23 11:54:19.850885+00:00
[2025-09-23T14:54:52.430+0300] {logging_mixin.py:190} INFO - Task hostname:macbook-air-alexander-2.local operator:PythonOperator
[2025-09-23T14:54:52.433+0300] {local_task_job_runner.py:266} INFO - Task exited with return code 0
[2025-09-23T14:54:52.440+0300] {taskinstance.py:3900} INFO - 1 downstream tasks scheduled from follow-on schedule check
[2025-09-23T14:54:52.441+0300] {local_task_job_runner.py:245} INFO - ::endgroup::
