[2025-09-23T12:53:57.449+0300] {processor.py:186} INFO - Started process (PID=69128) to work on /Library/Frameworks/Python.framework/Versions/3.10/lib/python3.10/site-packages/airflow/example_dags/example_xcom.py
[2025-09-23T12:53:57.449+0300] {processor.py:914} INFO - Processing file /Library/Frameworks/Python.framework/Versions/3.10/lib/python3.10/site-packages/airflow/example_dags/example_xcom.py for tasks to queue
[2025-09-23T12:53:57.449+0300] {logging_mixin.py:190} INFO - [2025-09-23T12:53:57.449+0300] {dagbag.py:588} INFO - Filling up the DagBag from /Library/Frameworks/Python.framework/Versions/3.10/lib/python3.10/site-packages/airflow/example_dags/example_xcom.py
[2025-09-23T12:53:57.464+0300] {processor.py:925} INFO - DAG(s) 'example_xcom' retrieved from /Library/Frameworks/Python.framework/Versions/3.10/lib/python3.10/site-packages/airflow/example_dags/example_xcom.py
[2025-09-23T12:53:57.498+0300] {logging_mixin.py:190} INFO - [2025-09-23T12:53:57.498+0300] {dag.py:3239} INFO - Sync 1 DAGs
[2025-09-23T12:53:57.503+0300] {logging_mixin.py:190} INFO - [2025-09-23T12:53:57.503+0300] {dag.py:4180} INFO - Setting next_dagrun for example_xcom to 2021-01-01 00:00:00+00:00, run_after=2021-01-01 00:00:00+00:00
[2025-09-23T12:53:57.509+0300] {processor.py:208} INFO - Processing /Library/Frameworks/Python.framework/Versions/3.10/lib/python3.10/site-packages/airflow/example_dags/example_xcom.py took 0.062 seconds
[2025-09-23T12:55:48.944+0300] {processor.py:186} INFO - Started process (PID=69783) to work on /Library/Frameworks/Python.framework/Versions/3.10/lib/python3.10/site-packages/airflow/example_dags/example_xcom.py
[2025-09-23T12:55:48.944+0300] {processor.py:914} INFO - Processing file /Library/Frameworks/Python.framework/Versions/3.10/lib/python3.10/site-packages/airflow/example_dags/example_xcom.py for tasks to queue
[2025-09-23T12:55:48.945+0300] {logging_mixin.py:190} INFO - [2025-09-23T12:55:48.945+0300] {dagbag.py:588} INFO - Filling up the DagBag from /Library/Frameworks/Python.framework/Versions/3.10/lib/python3.10/site-packages/airflow/example_dags/example_xcom.py
[2025-09-23T12:55:48.959+0300] {processor.py:925} INFO - DAG(s) 'example_xcom' retrieved from /Library/Frameworks/Python.framework/Versions/3.10/lib/python3.10/site-packages/airflow/example_dags/example_xcom.py
[2025-09-23T12:55:48.994+0300] {logging_mixin.py:190} INFO - [2025-09-23T12:55:48.994+0300] {dag.py:3239} INFO - Sync 1 DAGs
[2025-09-23T12:55:49.000+0300] {logging_mixin.py:190} INFO - [2025-09-23T12:55:49.000+0300] {dag.py:4180} INFO - Setting next_dagrun for example_xcom to 2021-01-01 00:00:00+00:00, run_after=2021-01-01 00:00:00+00:00
[2025-09-23T12:55:49.006+0300] {processor.py:208} INFO - Processing /Library/Frameworks/Python.framework/Versions/3.10/lib/python3.10/site-packages/airflow/example_dags/example_xcom.py took 0.063 seconds
[2025-09-23T12:57:06.141+0300] {processor.py:186} INFO - Started process (PID=70241) to work on /Library/Frameworks/Python.framework/Versions/3.10/lib/python3.10/site-packages/airflow/example_dags/example_xcom.py
[2025-09-23T12:57:06.142+0300] {processor.py:914} INFO - Processing file /Library/Frameworks/Python.framework/Versions/3.10/lib/python3.10/site-packages/airflow/example_dags/example_xcom.py for tasks to queue
[2025-09-23T12:57:06.142+0300] {logging_mixin.py:190} INFO - [2025-09-23T12:57:06.142+0300] {dagbag.py:588} INFO - Filling up the DagBag from /Library/Frameworks/Python.framework/Versions/3.10/lib/python3.10/site-packages/airflow/example_dags/example_xcom.py
[2025-09-23T12:57:06.157+0300] {processor.py:925} INFO - DAG(s) 'example_xcom' retrieved from /Library/Frameworks/Python.framework/Versions/3.10/lib/python3.10/site-packages/airflow/example_dags/example_xcom.py
[2025-09-23T12:57:06.191+0300] {logging_mixin.py:190} INFO - [2025-09-23T12:57:06.191+0300] {dag.py:3239} INFO - Sync 1 DAGs
[2025-09-23T12:57:06.196+0300] {logging_mixin.py:190} INFO - [2025-09-23T12:57:06.196+0300] {dag.py:4180} INFO - Setting next_dagrun for example_xcom to 2021-01-01 00:00:00+00:00, run_after=2021-01-01 00:00:00+00:00
[2025-09-23T12:57:06.202+0300] {processor.py:208} INFO - Processing /Library/Frameworks/Python.framework/Versions/3.10/lib/python3.10/site-packages/airflow/example_dags/example_xcom.py took 0.062 seconds
[2025-09-23T12:58:21.674+0300] {processor.py:186} INFO - Started process (PID=70662) to work on /Library/Frameworks/Python.framework/Versions/3.10/lib/python3.10/site-packages/airflow/example_dags/example_xcom.py
[2025-09-23T12:58:21.674+0300] {processor.py:914} INFO - Processing file /Library/Frameworks/Python.framework/Versions/3.10/lib/python3.10/site-packages/airflow/example_dags/example_xcom.py for tasks to queue
[2025-09-23T12:58:21.675+0300] {logging_mixin.py:190} INFO - [2025-09-23T12:58:21.675+0300] {dagbag.py:588} INFO - Filling up the DagBag from /Library/Frameworks/Python.framework/Versions/3.10/lib/python3.10/site-packages/airflow/example_dags/example_xcom.py
[2025-09-23T12:58:21.689+0300] {processor.py:925} INFO - DAG(s) 'example_xcom' retrieved from /Library/Frameworks/Python.framework/Versions/3.10/lib/python3.10/site-packages/airflow/example_dags/example_xcom.py
[2025-09-23T12:58:21.723+0300] {logging_mixin.py:190} INFO - [2025-09-23T12:58:21.722+0300] {dag.py:3239} INFO - Sync 1 DAGs
[2025-09-23T12:58:21.728+0300] {logging_mixin.py:190} INFO - [2025-09-23T12:58:21.728+0300] {dag.py:4180} INFO - Setting next_dagrun for example_xcom to 2021-01-01 00:00:00+00:00, run_after=2021-01-01 00:00:00+00:00
[2025-09-23T12:58:21.734+0300] {processor.py:208} INFO - Processing /Library/Frameworks/Python.framework/Versions/3.10/lib/python3.10/site-packages/airflow/example_dags/example_xcom.py took 0.061 seconds
[2025-09-23T12:59:34.243+0300] {processor.py:186} INFO - Started process (PID=71117) to work on /Library/Frameworks/Python.framework/Versions/3.10/lib/python3.10/site-packages/airflow/example_dags/example_xcom.py
[2025-09-23T12:59:34.244+0300] {processor.py:914} INFO - Processing file /Library/Frameworks/Python.framework/Versions/3.10/lib/python3.10/site-packages/airflow/example_dags/example_xcom.py for tasks to queue
[2025-09-23T12:59:34.244+0300] {logging_mixin.py:190} INFO - [2025-09-23T12:59:34.244+0300] {dagbag.py:588} INFO - Filling up the DagBag from /Library/Frameworks/Python.framework/Versions/3.10/lib/python3.10/site-packages/airflow/example_dags/example_xcom.py
[2025-09-23T12:59:34.259+0300] {processor.py:925} INFO - DAG(s) 'example_xcom' retrieved from /Library/Frameworks/Python.framework/Versions/3.10/lib/python3.10/site-packages/airflow/example_dags/example_xcom.py
[2025-09-23T12:59:34.293+0300] {logging_mixin.py:190} INFO - [2025-09-23T12:59:34.293+0300] {dag.py:3239} INFO - Sync 1 DAGs
[2025-09-23T12:59:34.299+0300] {logging_mixin.py:190} INFO - [2025-09-23T12:59:34.299+0300] {dag.py:4180} INFO - Setting next_dagrun for example_xcom to 2021-01-01 00:00:00+00:00, run_after=2021-01-01 00:00:00+00:00
[2025-09-23T12:59:34.306+0300] {processor.py:208} INFO - Processing /Library/Frameworks/Python.framework/Versions/3.10/lib/python3.10/site-packages/airflow/example_dags/example_xcom.py took 0.064 seconds
