[2025-09-23T12:55:25.133+0300] {processor.py:186} INFO - Started process (PID=69653) to work on /Library/Frameworks/Python.framework/Versions/3.10/lib/python3.10/site-packages/airflow/example_dags/example_bash_operator.py
[2025-09-23T12:55:25.133+0300] {processor.py:914} INFO - Processing file /Library/Frameworks/Python.framework/Versions/3.10/lib/python3.10/site-packages/airflow/example_dags/example_bash_operator.py for tasks to queue
[2025-09-23T12:55:25.134+0300] {logging_mixin.py:190} INFO - [2025-09-23T12:55:25.134+0300] {dagbag.py:588} INFO - Filling up the DagBag from /Library/Frameworks/Python.framework/Versions/3.10/lib/python3.10/site-packages/airflow/example_dags/example_bash_operator.py
[2025-09-23T12:55:25.150+0300] {logging_mixin.py:190} WARNING - /Library/Frameworks/Python.framework/Versions/3.10/lib/python3.10/site-packages/cron_descriptor/ExpressionDescriptor.py:69 UserWarning: No system locale set. Falling back to 'en_US'. Set LANG/LC_ALL or pass locale_code to override.
[2025-09-23T12:55:25.152+0300] {processor.py:925} INFO - DAG(s) 'example_bash_operator' retrieved from /Library/Frameworks/Python.framework/Versions/3.10/lib/python3.10/site-packages/airflow/example_dags/example_bash_operator.py
[2025-09-23T12:55:25.188+0300] {logging_mixin.py:190} INFO - [2025-09-23T12:55:25.188+0300] {dag.py:3239} INFO - Sync 1 DAGs
[2025-09-23T12:55:25.194+0300] {logging_mixin.py:190} INFO - [2025-09-23T12:55:25.194+0300] {dag.py:4180} INFO - Setting next_dagrun for example_bash_operator to 2025-09-22 00:00:00+00:00, run_after=2025-09-23 00:00:00+00:00
[2025-09-23T12:55:25.201+0300] {processor.py:208} INFO - Processing /Library/Frameworks/Python.framework/Versions/3.10/lib/python3.10/site-packages/airflow/example_dags/example_bash_operator.py took 0.069 seconds
[2025-09-23T12:57:56.630+0300] {processor.py:186} INFO - Started process (PID=70518) to work on /Library/Frameworks/Python.framework/Versions/3.10/lib/python3.10/site-packages/airflow/example_dags/example_bash_operator.py
[2025-09-23T12:57:56.630+0300] {processor.py:914} INFO - Processing file /Library/Frameworks/Python.framework/Versions/3.10/lib/python3.10/site-packages/airflow/example_dags/example_bash_operator.py for tasks to queue
[2025-09-23T12:57:56.630+0300] {logging_mixin.py:190} INFO - [2025-09-23T12:57:56.630+0300] {dagbag.py:588} INFO - Filling up the DagBag from /Library/Frameworks/Python.framework/Versions/3.10/lib/python3.10/site-packages/airflow/example_dags/example_bash_operator.py
[2025-09-23T12:57:56.647+0300] {logging_mixin.py:190} WARNING - /Library/Frameworks/Python.framework/Versions/3.10/lib/python3.10/site-packages/cron_descriptor/ExpressionDescriptor.py:69 UserWarning: No system locale set. Falling back to 'en_US'. Set LANG/LC_ALL or pass locale_code to override.
[2025-09-23T12:57:56.649+0300] {processor.py:925} INFO - DAG(s) 'example_bash_operator' retrieved from /Library/Frameworks/Python.framework/Versions/3.10/lib/python3.10/site-packages/airflow/example_dags/example_bash_operator.py
[2025-09-23T12:57:56.686+0300] {logging_mixin.py:190} INFO - [2025-09-23T12:57:56.686+0300] {dag.py:3239} INFO - Sync 1 DAGs
[2025-09-23T12:57:56.692+0300] {logging_mixin.py:190} INFO - [2025-09-23T12:57:56.692+0300] {dag.py:4180} INFO - Setting next_dagrun for example_bash_operator to 2025-09-22 00:00:00+00:00, run_after=2025-09-23 00:00:00+00:00
[2025-09-23T12:57:56.698+0300] {processor.py:208} INFO - Processing /Library/Frameworks/Python.framework/Versions/3.10/lib/python3.10/site-packages/airflow/example_dags/example_bash_operator.py took 0.070 seconds
[2025-09-23T14:48:58.914+0300] {processor.py:186} INFO - Started process (PID=81951) to work on /Library/Frameworks/Python.framework/Versions/3.10/lib/python3.10/site-packages/airflow/example_dags/example_bash_operator.py
[2025-09-23T14:48:58.915+0300] {processor.py:914} INFO - Processing file /Library/Frameworks/Python.framework/Versions/3.10/lib/python3.10/site-packages/airflow/example_dags/example_bash_operator.py for tasks to queue
[2025-09-23T14:48:58.915+0300] {logging_mixin.py:190} INFO - [2025-09-23T14:48:58.915+0300] {dagbag.py:588} INFO - Filling up the DagBag from /Library/Frameworks/Python.framework/Versions/3.10/lib/python3.10/site-packages/airflow/example_dags/example_bash_operator.py
[2025-09-23T14:48:58.931+0300] {logging_mixin.py:190} WARNING - /Library/Frameworks/Python.framework/Versions/3.10/lib/python3.10/site-packages/cron_descriptor/ExpressionDescriptor.py:69 UserWarning: No system locale set. Falling back to 'en_US'. Set LANG/LC_ALL or pass locale_code to override.
[2025-09-23T14:48:58.933+0300] {processor.py:925} INFO - DAG(s) 'example_bash_operator' retrieved from /Library/Frameworks/Python.framework/Versions/3.10/lib/python3.10/site-packages/airflow/example_dags/example_bash_operator.py
[2025-09-23T14:48:58.970+0300] {logging_mixin.py:190} INFO - [2025-09-23T14:48:58.970+0300] {dag.py:3239} INFO - Sync 1 DAGs
[2025-09-23T14:48:58.976+0300] {logging_mixin.py:190} INFO - [2025-09-23T14:48:58.976+0300] {dag.py:4180} INFO - Setting next_dagrun for example_bash_operator to 2025-09-22 00:00:00+00:00, run_after=2025-09-23 00:00:00+00:00
[2025-09-23T14:48:58.982+0300] {processor.py:208} INFO - Processing /Library/Frameworks/Python.framework/Versions/3.10/lib/python3.10/site-packages/airflow/example_dags/example_bash_operator.py took 0.069 seconds
[2025-09-23T14:51:23.317+0300] {processor.py:186} INFO - Started process (PID=82790) to work on /Library/Frameworks/Python.framework/Versions/3.10/lib/python3.10/site-packages/airflow/example_dags/example_bash_operator.py
[2025-09-23T14:51:23.318+0300] {processor.py:914} INFO - Processing file /Library/Frameworks/Python.framework/Versions/3.10/lib/python3.10/site-packages/airflow/example_dags/example_bash_operator.py for tasks to queue
[2025-09-23T14:51:23.319+0300] {logging_mixin.py:190} INFO - [2025-09-23T14:51:23.319+0300] {dagbag.py:588} INFO - Filling up the DagBag from /Library/Frameworks/Python.framework/Versions/3.10/lib/python3.10/site-packages/airflow/example_dags/example_bash_operator.py
[2025-09-23T14:51:23.335+0300] {logging_mixin.py:190} WARNING - /Library/Frameworks/Python.framework/Versions/3.10/lib/python3.10/site-packages/cron_descriptor/ExpressionDescriptor.py:69 UserWarning: No system locale set. Falling back to 'en_US'. Set LANG/LC_ALL or pass locale_code to override.
[2025-09-23T14:51:23.336+0300] {processor.py:925} INFO - DAG(s) 'example_bash_operator' retrieved from /Library/Frameworks/Python.framework/Versions/3.10/lib/python3.10/site-packages/airflow/example_dags/example_bash_operator.py
[2025-09-23T14:51:23.375+0300] {logging_mixin.py:190} INFO - [2025-09-23T14:51:23.375+0300] {dag.py:3239} INFO - Sync 1 DAGs
[2025-09-23T14:51:23.381+0300] {logging_mixin.py:190} INFO - [2025-09-23T14:51:23.381+0300] {dag.py:4180} INFO - Setting next_dagrun for example_bash_operator to 2025-09-22 00:00:00+00:00, run_after=2025-09-23 00:00:00+00:00
[2025-09-23T14:51:23.388+0300] {processor.py:208} INFO - Processing /Library/Frameworks/Python.framework/Versions/3.10/lib/python3.10/site-packages/airflow/example_dags/example_bash_operator.py took 0.073 seconds
[2025-09-23T14:53:49.072+0300] {processor.py:186} INFO - Started process (PID=83655) to work on /Library/Frameworks/Python.framework/Versions/3.10/lib/python3.10/site-packages/airflow/example_dags/example_bash_operator.py
[2025-09-23T14:53:49.074+0300] {processor.py:914} INFO - Processing file /Library/Frameworks/Python.framework/Versions/3.10/lib/python3.10/site-packages/airflow/example_dags/example_bash_operator.py for tasks to queue
[2025-09-23T14:53:49.074+0300] {logging_mixin.py:190} INFO - [2025-09-23T14:53:49.074+0300] {dagbag.py:588} INFO - Filling up the DagBag from /Library/Frameworks/Python.framework/Versions/3.10/lib/python3.10/site-packages/airflow/example_dags/example_bash_operator.py
[2025-09-23T14:53:49.090+0300] {logging_mixin.py:190} WARNING - /Library/Frameworks/Python.framework/Versions/3.10/lib/python3.10/site-packages/cron_descriptor/ExpressionDescriptor.py:69 UserWarning: No system locale set. Falling back to 'en_US'. Set LANG/LC_ALL or pass locale_code to override.
[2025-09-23T14:53:49.092+0300] {processor.py:925} INFO - DAG(s) 'example_bash_operator' retrieved from /Library/Frameworks/Python.framework/Versions/3.10/lib/python3.10/site-packages/airflow/example_dags/example_bash_operator.py
[2025-09-23T14:53:49.129+0300] {logging_mixin.py:190} INFO - [2025-09-23T14:53:49.129+0300] {dag.py:3239} INFO - Sync 1 DAGs
[2025-09-23T14:53:49.135+0300] {logging_mixin.py:190} INFO - [2025-09-23T14:53:49.135+0300] {dag.py:4180} INFO - Setting next_dagrun for example_bash_operator to 2025-09-22 00:00:00+00:00, run_after=2025-09-23 00:00:00+00:00
[2025-09-23T14:53:49.141+0300] {processor.py:208} INFO - Processing /Library/Frameworks/Python.framework/Versions/3.10/lib/python3.10/site-packages/airflow/example_dags/example_bash_operator.py took 0.070 seconds
[2025-09-23T14:57:06.238+0300] {processor.py:186} INFO - Started process (PID=85033) to work on /Library/Frameworks/Python.framework/Versions/3.10/lib/python3.10/site-packages/airflow/example_dags/example_bash_operator.py
[2025-09-23T14:57:06.239+0300] {processor.py:914} INFO - Processing file /Library/Frameworks/Python.framework/Versions/3.10/lib/python3.10/site-packages/airflow/example_dags/example_bash_operator.py for tasks to queue
[2025-09-23T14:57:06.240+0300] {logging_mixin.py:190} INFO - [2025-09-23T14:57:06.240+0300] {dagbag.py:588} INFO - Filling up the DagBag from /Library/Frameworks/Python.framework/Versions/3.10/lib/python3.10/site-packages/airflow/example_dags/example_bash_operator.py
[2025-09-23T14:57:06.257+0300] {logging_mixin.py:190} WARNING - /Library/Frameworks/Python.framework/Versions/3.10/lib/python3.10/site-packages/cron_descriptor/ExpressionDescriptor.py:69 UserWarning: No system locale set. Falling back to 'en_US'. Set LANG/LC_ALL or pass locale_code to override.
[2025-09-23T14:57:06.259+0300] {processor.py:925} INFO - DAG(s) 'example_bash_operator' retrieved from /Library/Frameworks/Python.framework/Versions/3.10/lib/python3.10/site-packages/airflow/example_dags/example_bash_operator.py
[2025-09-23T14:57:06.297+0300] {logging_mixin.py:190} INFO - [2025-09-23T14:57:06.297+0300] {dag.py:3239} INFO - Sync 1 DAGs
[2025-09-23T14:57:06.303+0300] {logging_mixin.py:190} INFO - [2025-09-23T14:57:06.303+0300] {dag.py:4180} INFO - Setting next_dagrun for example_bash_operator to 2025-09-22 00:00:00+00:00, run_after=2025-09-23 00:00:00+00:00
[2025-09-23T14:57:06.310+0300] {processor.py:208} INFO - Processing /Library/Frameworks/Python.framework/Versions/3.10/lib/python3.10/site-packages/airflow/example_dags/example_bash_operator.py took 0.074 seconds
