[2025-09-23T12:54:29.400+0300] {processor.py:186} INFO - Started process (PID=69336) to work on /Library/Frameworks/Python.framework/Versions/3.10/lib/python3.10/site-packages/airflow/example_dags/example_setup_teardown_taskflow.py
[2025-09-23T12:54:29.400+0300] {processor.py:914} INFO - Processing file /Library/Frameworks/Python.framework/Versions/3.10/lib/python3.10/site-packages/airflow/example_dags/example_setup_teardown_taskflow.py for tasks to queue
[2025-09-23T12:54:29.401+0300] {logging_mixin.py:190} INFO - [2025-09-23T12:54:29.401+0300] {dagbag.py:588} INFO - Filling up the DagBag from /Library/Frameworks/Python.framework/Versions/3.10/lib/python3.10/site-packages/airflow/example_dags/example_setup_teardown_taskflow.py
[2025-09-23T12:54:29.415+0300] {processor.py:925} INFO - DAG(s) 'example_setup_teardown_taskflow' retrieved from /Library/Frameworks/Python.framework/Versions/3.10/lib/python3.10/site-packages/airflow/example_dags/example_setup_teardown_taskflow.py
[2025-09-23T12:54:29.449+0300] {logging_mixin.py:190} INFO - [2025-09-23T12:54:29.449+0300] {dag.py:3239} INFO - Sync 1 DAGs
[2025-09-23T12:54:29.453+0300] {logging_mixin.py:190} INFO - [2025-09-23T12:54:29.453+0300] {dag.py:4180} INFO - Setting next_dagrun for example_setup_teardown_taskflow to None, run_after=None
[2025-09-23T12:54:29.459+0300] {processor.py:208} INFO - Processing /Library/Frameworks/Python.framework/Versions/3.10/lib/python3.10/site-packages/airflow/example_dags/example_setup_teardown_taskflow.py took 0.060 seconds
[2025-09-23T12:56:12.025+0300] {processor.py:186} INFO - Started process (PID=69909) to work on /Library/Frameworks/Python.framework/Versions/3.10/lib/python3.10/site-packages/airflow/example_dags/example_setup_teardown_taskflow.py
[2025-09-23T12:56:12.026+0300] {processor.py:914} INFO - Processing file /Library/Frameworks/Python.framework/Versions/3.10/lib/python3.10/site-packages/airflow/example_dags/example_setup_teardown_taskflow.py for tasks to queue
[2025-09-23T12:56:12.027+0300] {logging_mixin.py:190} INFO - [2025-09-23T12:56:12.026+0300] {dagbag.py:588} INFO - Filling up the DagBag from /Library/Frameworks/Python.framework/Versions/3.10/lib/python3.10/site-packages/airflow/example_dags/example_setup_teardown_taskflow.py
[2025-09-23T12:56:12.041+0300] {processor.py:925} INFO - DAG(s) 'example_setup_teardown_taskflow' retrieved from /Library/Frameworks/Python.framework/Versions/3.10/lib/python3.10/site-packages/airflow/example_dags/example_setup_teardown_taskflow.py
[2025-09-23T12:56:12.075+0300] {logging_mixin.py:190} INFO - [2025-09-23T12:56:12.075+0300] {dag.py:3239} INFO - Sync 1 DAGs
[2025-09-23T12:56:12.078+0300] {logging_mixin.py:190} INFO - [2025-09-23T12:56:12.078+0300] {dag.py:4180} INFO - Setting next_dagrun for example_setup_teardown_taskflow to None, run_after=None
[2025-09-23T12:56:12.085+0300] {processor.py:208} INFO - Processing /Library/Frameworks/Python.framework/Versions/3.10/lib/python3.10/site-packages/airflow/example_dags/example_setup_teardown_taskflow.py took 0.061 seconds
[2025-09-23T12:57:30.191+0300] {processor.py:186} INFO - Started process (PID=70366) to work on /Library/Frameworks/Python.framework/Versions/3.10/lib/python3.10/site-packages/airflow/example_dags/example_setup_teardown_taskflow.py
[2025-09-23T12:57:30.192+0300] {processor.py:914} INFO - Processing file /Library/Frameworks/Python.framework/Versions/3.10/lib/python3.10/site-packages/airflow/example_dags/example_setup_teardown_taskflow.py for tasks to queue
[2025-09-23T12:57:30.193+0300] {logging_mixin.py:190} INFO - [2025-09-23T12:57:30.193+0300] {dagbag.py:588} INFO - Filling up the DagBag from /Library/Frameworks/Python.framework/Versions/3.10/lib/python3.10/site-packages/airflow/example_dags/example_setup_teardown_taskflow.py
[2025-09-23T12:57:30.208+0300] {processor.py:925} INFO - DAG(s) 'example_setup_teardown_taskflow' retrieved from /Library/Frameworks/Python.framework/Versions/3.10/lib/python3.10/site-packages/airflow/example_dags/example_setup_teardown_taskflow.py
[2025-09-23T12:57:30.244+0300] {logging_mixin.py:190} INFO - [2025-09-23T12:57:30.244+0300] {dag.py:3239} INFO - Sync 1 DAGs
[2025-09-23T12:57:30.248+0300] {logging_mixin.py:190} INFO - [2025-09-23T12:57:30.248+0300] {dag.py:4180} INFO - Setting next_dagrun for example_setup_teardown_taskflow to None, run_after=None
[2025-09-23T12:57:30.254+0300] {processor.py:208} INFO - Processing /Library/Frameworks/Python.framework/Versions/3.10/lib/python3.10/site-packages/airflow/example_dags/example_setup_teardown_taskflow.py took 0.064 seconds
[2025-09-23T12:59:55.293+0300] {processor.py:186} INFO - Started process (PID=71225) to work on /Library/Frameworks/Python.framework/Versions/3.10/lib/python3.10/site-packages/airflow/example_dags/example_setup_teardown_taskflow.py
[2025-09-23T12:59:55.294+0300] {processor.py:914} INFO - Processing file /Library/Frameworks/Python.framework/Versions/3.10/lib/python3.10/site-packages/airflow/example_dags/example_setup_teardown_taskflow.py for tasks to queue
[2025-09-23T12:59:55.295+0300] {logging_mixin.py:190} INFO - [2025-09-23T12:59:55.294+0300] {dagbag.py:588} INFO - Filling up the DagBag from /Library/Frameworks/Python.framework/Versions/3.10/lib/python3.10/site-packages/airflow/example_dags/example_setup_teardown_taskflow.py
[2025-09-23T12:59:55.309+0300] {processor.py:925} INFO - DAG(s) 'example_setup_teardown_taskflow' retrieved from /Library/Frameworks/Python.framework/Versions/3.10/lib/python3.10/site-packages/airflow/example_dags/example_setup_teardown_taskflow.py
[2025-09-23T12:59:55.343+0300] {logging_mixin.py:190} INFO - [2025-09-23T12:59:55.343+0300] {dag.py:3239} INFO - Sync 1 DAGs
[2025-09-23T12:59:55.347+0300] {logging_mixin.py:190} INFO - [2025-09-23T12:59:55.347+0300] {dag.py:4180} INFO - Setting next_dagrun for example_setup_teardown_taskflow to None, run_after=None
[2025-09-23T12:59:55.353+0300] {processor.py:208} INFO - Processing /Library/Frameworks/Python.framework/Versions/3.10/lib/python3.10/site-packages/airflow/example_dags/example_setup_teardown_taskflow.py took 0.061 seconds
[2025-09-23T14:48:05.559+0300] {processor.py:186} INFO - Started process (PID=81633) to work on /Library/Frameworks/Python.framework/Versions/3.10/lib/python3.10/site-packages/airflow/example_dags/example_setup_teardown_taskflow.py
[2025-09-23T14:48:05.560+0300] {processor.py:914} INFO - Processing file /Library/Frameworks/Python.framework/Versions/3.10/lib/python3.10/site-packages/airflow/example_dags/example_setup_teardown_taskflow.py for tasks to queue
[2025-09-23T14:48:05.560+0300] {logging_mixin.py:190} INFO - [2025-09-23T14:48:05.560+0300] {dagbag.py:588} INFO - Filling up the DagBag from /Library/Frameworks/Python.framework/Versions/3.10/lib/python3.10/site-packages/airflow/example_dags/example_setup_teardown_taskflow.py
[2025-09-23T14:48:05.575+0300] {processor.py:925} INFO - DAG(s) 'example_setup_teardown_taskflow' retrieved from /Library/Frameworks/Python.framework/Versions/3.10/lib/python3.10/site-packages/airflow/example_dags/example_setup_teardown_taskflow.py
[2025-09-23T14:48:05.609+0300] {logging_mixin.py:190} INFO - [2025-09-23T14:48:05.609+0300] {dag.py:3239} INFO - Sync 1 DAGs
[2025-09-23T14:48:05.612+0300] {logging_mixin.py:190} INFO - [2025-09-23T14:48:05.612+0300] {dag.py:4180} INFO - Setting next_dagrun for example_setup_teardown_taskflow to None, run_after=None
[2025-09-23T14:48:05.618+0300] {processor.py:208} INFO - Processing /Library/Frameworks/Python.framework/Versions/3.10/lib/python3.10/site-packages/airflow/example_dags/example_setup_teardown_taskflow.py took 0.060 seconds
[2025-09-23T14:49:45.084+0300] {processor.py:186} INFO - Started process (PID=82223) to work on /Library/Frameworks/Python.framework/Versions/3.10/lib/python3.10/site-packages/airflow/example_dags/example_setup_teardown_taskflow.py
[2025-09-23T14:49:45.085+0300] {processor.py:914} INFO - Processing file /Library/Frameworks/Python.framework/Versions/3.10/lib/python3.10/site-packages/airflow/example_dags/example_setup_teardown_taskflow.py for tasks to queue
[2025-09-23T14:49:45.085+0300] {logging_mixin.py:190} INFO - [2025-09-23T14:49:45.085+0300] {dagbag.py:588} INFO - Filling up the DagBag from /Library/Frameworks/Python.framework/Versions/3.10/lib/python3.10/site-packages/airflow/example_dags/example_setup_teardown_taskflow.py
[2025-09-23T14:49:45.101+0300] {processor.py:925} INFO - DAG(s) 'example_setup_teardown_taskflow' retrieved from /Library/Frameworks/Python.framework/Versions/3.10/lib/python3.10/site-packages/airflow/example_dags/example_setup_teardown_taskflow.py
[2025-09-23T14:49:45.138+0300] {logging_mixin.py:190} INFO - [2025-09-23T14:49:45.138+0300] {dag.py:3239} INFO - Sync 1 DAGs
[2025-09-23T14:49:45.142+0300] {logging_mixin.py:190} INFO - [2025-09-23T14:49:45.142+0300] {dag.py:4180} INFO - Setting next_dagrun for example_setup_teardown_taskflow to None, run_after=None
[2025-09-23T14:49:45.148+0300] {processor.py:208} INFO - Processing /Library/Frameworks/Python.framework/Versions/3.10/lib/python3.10/site-packages/airflow/example_dags/example_setup_teardown_taskflow.py took 0.065 seconds
[2025-09-23T14:52:11.841+0300] {processor.py:186} INFO - Started process (PID=83108) to work on /Library/Frameworks/Python.framework/Versions/3.10/lib/python3.10/site-packages/airflow/example_dags/example_setup_teardown_taskflow.py
[2025-09-23T14:52:11.841+0300] {processor.py:914} INFO - Processing file /Library/Frameworks/Python.framework/Versions/3.10/lib/python3.10/site-packages/airflow/example_dags/example_setup_teardown_taskflow.py for tasks to queue
[2025-09-23T14:52:11.842+0300] {logging_mixin.py:190} INFO - [2025-09-23T14:52:11.842+0300] {dagbag.py:588} INFO - Filling up the DagBag from /Library/Frameworks/Python.framework/Versions/3.10/lib/python3.10/site-packages/airflow/example_dags/example_setup_teardown_taskflow.py
[2025-09-23T14:52:11.857+0300] {processor.py:925} INFO - DAG(s) 'example_setup_teardown_taskflow' retrieved from /Library/Frameworks/Python.framework/Versions/3.10/lib/python3.10/site-packages/airflow/example_dags/example_setup_teardown_taskflow.py
[2025-09-23T14:52:11.893+0300] {logging_mixin.py:190} INFO - [2025-09-23T14:52:11.893+0300] {dag.py:3239} INFO - Sync 1 DAGs
[2025-09-23T14:52:11.897+0300] {logging_mixin.py:190} INFO - [2025-09-23T14:52:11.897+0300] {dag.py:4180} INFO - Setting next_dagrun for example_setup_teardown_taskflow to None, run_after=None
[2025-09-23T14:52:11.903+0300] {processor.py:208} INFO - Processing /Library/Frameworks/Python.framework/Versions/3.10/lib/python3.10/site-packages/airflow/example_dags/example_setup_teardown_taskflow.py took 0.063 seconds
[2025-09-23T14:55:25.215+0300] {processor.py:186} INFO - Started process (PID=84397) to work on /Library/Frameworks/Python.framework/Versions/3.10/lib/python3.10/site-packages/airflow/example_dags/example_setup_teardown_taskflow.py
[2025-09-23T14:55:25.216+0300] {processor.py:914} INFO - Processing file /Library/Frameworks/Python.framework/Versions/3.10/lib/python3.10/site-packages/airflow/example_dags/example_setup_teardown_taskflow.py for tasks to queue
[2025-09-23T14:55:25.216+0300] {logging_mixin.py:190} INFO - [2025-09-23T14:55:25.216+0300] {dagbag.py:588} INFO - Filling up the DagBag from /Library/Frameworks/Python.framework/Versions/3.10/lib/python3.10/site-packages/airflow/example_dags/example_setup_teardown_taskflow.py
[2025-09-23T14:55:25.236+0300] {processor.py:925} INFO - DAG(s) 'example_setup_teardown_taskflow' retrieved from /Library/Frameworks/Python.framework/Versions/3.10/lib/python3.10/site-packages/airflow/example_dags/example_setup_teardown_taskflow.py
[2025-09-23T14:55:25.288+0300] {logging_mixin.py:190} INFO - [2025-09-23T14:55:25.287+0300] {dag.py:3239} INFO - Sync 1 DAGs
[2025-09-23T14:55:25.292+0300] {logging_mixin.py:190} INFO - [2025-09-23T14:55:25.292+0300] {dag.py:4180} INFO - Setting next_dagrun for example_setup_teardown_taskflow to None, run_after=None
[2025-09-23T14:55:25.299+0300] {processor.py:208} INFO - Processing /Library/Frameworks/Python.framework/Versions/3.10/lib/python3.10/site-packages/airflow/example_dags/example_setup_teardown_taskflow.py took 0.085 seconds
