[2025-09-23T12:53:20.118+0300] {processor.py:186} INFO - Started process (PID=68895) to work on /Library/Frameworks/Python.framework/Versions/3.10/lib/python3.10/site-packages/airflow/example_dags/example_datasets.py
[2025-09-23T12:53:20.119+0300] {processor.py:914} INFO - Processing file /Library/Frameworks/Python.framework/Versions/3.10/lib/python3.10/site-packages/airflow/example_dags/example_datasets.py for tasks to queue
[2025-09-23T12:53:20.119+0300] {logging_mixin.py:190} INFO - [2025-09-23T12:53:20.119+0300] {dagbag.py:588} INFO - Filling up the DagBag from /Library/Frameworks/Python.framework/Versions/3.10/lib/python3.10/site-packages/airflow/example_dags/example_datasets.py
[2025-09-23T12:53:20.175+0300] {logging_mixin.py:190} WARNING - /Library/Frameworks/Python.framework/Versions/3.10/lib/python3.10/site-packages/cron_descriptor/ExpressionDescriptor.py:69 UserWarning: No system locale set. Falling back to 'en_US'. Set LANG/LC_ALL or pass locale_code to override.
[2025-09-23T12:53:20.177+0300] {logging_mixin.py:190} WARNING - /Library/Frameworks/Python.framework/Versions/3.10/lib/python3.10/site-packages/cron_descriptor/ExpressionDescriptor.py:69 UserWarning: No system locale set. Falling back to 'en_US'. Set LANG/LC_ALL or pass locale_code to override.
[2025-09-23T12:53:20.177+0300] {processor.py:925} INFO - DAG(s) 'dataset_produces_2', 'dataset_produces_1', 'dataset_consumes_unknown_never_scheduled', 'dataset_consumes_1', 'dataset_consumes_1_never_scheduled', 'consume_1_and_2_with_dataset_expressions', 'dataset_consumes_1_and_2', 'conditional_dataset_and_time_based_timetable', 'consume_1_or_both_2_and_3_with_dataset_expressions', 'consume_1_or_2_with_dataset_expressions' retrieved from /Library/Frameworks/Python.framework/Versions/3.10/lib/python3.10/site-packages/airflow/example_dags/example_datasets.py
[2025-09-23T12:53:20.219+0300] {logging_mixin.py:190} INFO - [2025-09-23T12:53:20.219+0300] {dag.py:3239} INFO - Sync 10 DAGs
[2025-09-23T12:53:20.227+0300] {logging_mixin.py:190} INFO - [2025-09-23T12:53:20.226+0300] {dag.py:4180} INFO - Setting next_dagrun for conditional_dataset_and_time_based_timetable to 2025-09-17 01:00:00+00:00, run_after=2025-09-17 01:00:00+00:00
[2025-09-23T12:53:20.228+0300] {logging_mixin.py:190} INFO - [2025-09-23T12:53:20.227+0300] {dag.py:4180} INFO - Setting next_dagrun for consume_1_and_2_with_dataset_expressions to None, run_after=None
[2025-09-23T12:53:20.228+0300] {logging_mixin.py:190} INFO - [2025-09-23T12:53:20.228+0300] {dag.py:4180} INFO - Setting next_dagrun for consume_1_or_2_with_dataset_expressions to None, run_after=None
[2025-09-23T12:53:20.228+0300] {logging_mixin.py:190} INFO - [2025-09-23T12:53:20.228+0300] {dag.py:4180} INFO - Setting next_dagrun for consume_1_or_both_2_and_3_with_dataset_expressions to None, run_after=None
[2025-09-23T12:53:20.228+0300] {logging_mixin.py:190} INFO - [2025-09-23T12:53:20.228+0300] {dag.py:4180} INFO - Setting next_dagrun for dataset_consumes_1 to None, run_after=None
[2025-09-23T12:53:20.229+0300] {logging_mixin.py:190} INFO - [2025-09-23T12:53:20.229+0300] {dag.py:4180} INFO - Setting next_dagrun for dataset_consumes_1_and_2 to None, run_after=None
[2025-09-23T12:53:20.229+0300] {logging_mixin.py:190} INFO - [2025-09-23T12:53:20.229+0300] {dag.py:4180} INFO - Setting next_dagrun for dataset_consumes_1_never_scheduled to None, run_after=None
[2025-09-23T12:53:20.229+0300] {logging_mixin.py:190} INFO - [2025-09-23T12:53:20.229+0300] {dag.py:4180} INFO - Setting next_dagrun for dataset_consumes_unknown_never_scheduled to None, run_after=None
[2025-09-23T12:53:20.230+0300] {logging_mixin.py:190} INFO - [2025-09-23T12:53:20.230+0300] {dag.py:4180} INFO - Setting next_dagrun for dataset_produces_1 to 2025-09-22 00:00:00+00:00, run_after=2025-09-23 00:00:00+00:00
[2025-09-23T12:53:20.230+0300] {logging_mixin.py:190} INFO - [2025-09-23T12:53:20.230+0300] {dag.py:4180} INFO - Setting next_dagrun for dataset_produces_2 to None, run_after=None
[2025-09-23T12:53:20.239+0300] {processor.py:208} INFO - Processing /Library/Frameworks/Python.framework/Versions/3.10/lib/python3.10/site-packages/airflow/example_dags/example_datasets.py took 0.122 seconds
[2025-09-23T12:55:05.367+0300] {processor.py:186} INFO - Started process (PID=69539) to work on /Library/Frameworks/Python.framework/Versions/3.10/lib/python3.10/site-packages/airflow/example_dags/example_datasets.py
[2025-09-23T12:55:05.368+0300] {processor.py:914} INFO - Processing file /Library/Frameworks/Python.framework/Versions/3.10/lib/python3.10/site-packages/airflow/example_dags/example_datasets.py for tasks to queue
[2025-09-23T12:55:05.368+0300] {logging_mixin.py:190} INFO - [2025-09-23T12:55:05.368+0300] {dagbag.py:588} INFO - Filling up the DagBag from /Library/Frameworks/Python.framework/Versions/3.10/lib/python3.10/site-packages/airflow/example_dags/example_datasets.py
[2025-09-23T12:55:05.421+0300] {logging_mixin.py:190} WARNING - /Library/Frameworks/Python.framework/Versions/3.10/lib/python3.10/site-packages/cron_descriptor/ExpressionDescriptor.py:69 UserWarning: No system locale set. Falling back to 'en_US'. Set LANG/LC_ALL or pass locale_code to override.
[2025-09-23T12:55:05.422+0300] {logging_mixin.py:190} WARNING - /Library/Frameworks/Python.framework/Versions/3.10/lib/python3.10/site-packages/cron_descriptor/ExpressionDescriptor.py:69 UserWarning: No system locale set. Falling back to 'en_US'. Set LANG/LC_ALL or pass locale_code to override.
[2025-09-23T12:55:05.423+0300] {processor.py:925} INFO - DAG(s) 'consume_1_or_both_2_and_3_with_dataset_expressions', 'dataset_produces_2', 'dataset_consumes_1_never_scheduled', 'consume_1_or_2_with_dataset_expressions', 'dataset_consumes_unknown_never_scheduled', 'dataset_consumes_1', 'consume_1_and_2_with_dataset_expressions', 'dataset_produces_1', 'dataset_consumes_1_and_2', 'conditional_dataset_and_time_based_timetable' retrieved from /Library/Frameworks/Python.framework/Versions/3.10/lib/python3.10/site-packages/airflow/example_dags/example_datasets.py
[2025-09-23T12:55:05.464+0300] {logging_mixin.py:190} INFO - [2025-09-23T12:55:05.464+0300] {dag.py:3239} INFO - Sync 10 DAGs
[2025-09-23T12:55:05.471+0300] {logging_mixin.py:190} INFO - [2025-09-23T12:55:05.471+0300] {dag.py:4180} INFO - Setting next_dagrun for conditional_dataset_and_time_based_timetable to 2025-09-17 01:00:00+00:00, run_after=2025-09-17 01:00:00+00:00
[2025-09-23T12:55:05.472+0300] {logging_mixin.py:190} INFO - [2025-09-23T12:55:05.472+0300] {dag.py:4180} INFO - Setting next_dagrun for consume_1_and_2_with_dataset_expressions to None, run_after=None
[2025-09-23T12:55:05.472+0300] {logging_mixin.py:190} INFO - [2025-09-23T12:55:05.472+0300] {dag.py:4180} INFO - Setting next_dagrun for consume_1_or_2_with_dataset_expressions to None, run_after=None
[2025-09-23T12:55:05.473+0300] {logging_mixin.py:190} INFO - [2025-09-23T12:55:05.473+0300] {dag.py:4180} INFO - Setting next_dagrun for consume_1_or_both_2_and_3_with_dataset_expressions to None, run_after=None
[2025-09-23T12:55:05.473+0300] {logging_mixin.py:190} INFO - [2025-09-23T12:55:05.473+0300] {dag.py:4180} INFO - Setting next_dagrun for dataset_consumes_1 to None, run_after=None
[2025-09-23T12:55:05.473+0300] {logging_mixin.py:190} INFO - [2025-09-23T12:55:05.473+0300] {dag.py:4180} INFO - Setting next_dagrun for dataset_consumes_1_and_2 to None, run_after=None
[2025-09-23T12:55:05.473+0300] {logging_mixin.py:190} INFO - [2025-09-23T12:55:05.473+0300] {dag.py:4180} INFO - Setting next_dagrun for dataset_consumes_1_never_scheduled to None, run_after=None
[2025-09-23T12:55:05.474+0300] {logging_mixin.py:190} INFO - [2025-09-23T12:55:05.474+0300] {dag.py:4180} INFO - Setting next_dagrun for dataset_consumes_unknown_never_scheduled to None, run_after=None
[2025-09-23T12:55:05.474+0300] {logging_mixin.py:190} INFO - [2025-09-23T12:55:05.474+0300] {dag.py:4180} INFO - Setting next_dagrun for dataset_produces_1 to 2025-09-22 00:00:00+00:00, run_after=2025-09-23 00:00:00+00:00
[2025-09-23T12:55:05.475+0300] {logging_mixin.py:190} INFO - [2025-09-23T12:55:05.475+0300] {dag.py:4180} INFO - Setting next_dagrun for dataset_produces_2 to None, run_after=None
[2025-09-23T12:55:05.483+0300] {processor.py:208} INFO - Processing /Library/Frameworks/Python.framework/Versions/3.10/lib/python3.10/site-packages/airflow/example_dags/example_datasets.py took 0.118 seconds
[2025-09-23T12:57:37.235+0300] {processor.py:186} INFO - Started process (PID=70413) to work on /Library/Frameworks/Python.framework/Versions/3.10/lib/python3.10/site-packages/airflow/example_dags/example_datasets.py
[2025-09-23T12:57:37.237+0300] {processor.py:914} INFO - Processing file /Library/Frameworks/Python.framework/Versions/3.10/lib/python3.10/site-packages/airflow/example_dags/example_datasets.py for tasks to queue
[2025-09-23T12:57:37.237+0300] {logging_mixin.py:190} INFO - [2025-09-23T12:57:37.237+0300] {dagbag.py:588} INFO - Filling up the DagBag from /Library/Frameworks/Python.framework/Versions/3.10/lib/python3.10/site-packages/airflow/example_dags/example_datasets.py
[2025-09-23T12:57:37.294+0300] {logging_mixin.py:190} WARNING - /Library/Frameworks/Python.framework/Versions/3.10/lib/python3.10/site-packages/cron_descriptor/ExpressionDescriptor.py:69 UserWarning: No system locale set. Falling back to 'en_US'. Set LANG/LC_ALL or pass locale_code to override.
[2025-09-23T12:57:37.296+0300] {logging_mixin.py:190} WARNING - /Library/Frameworks/Python.framework/Versions/3.10/lib/python3.10/site-packages/cron_descriptor/ExpressionDescriptor.py:69 UserWarning: No system locale set. Falling back to 'en_US'. Set LANG/LC_ALL or pass locale_code to override.
[2025-09-23T12:57:37.296+0300] {processor.py:925} INFO - DAG(s) 'dataset_consumes_1_never_scheduled', 'dataset_consumes_unknown_never_scheduled', 'consume_1_and_2_with_dataset_expressions', 'conditional_dataset_and_time_based_timetable', 'consume_1_or_2_with_dataset_expressions', 'dataset_consumes_1', 'dataset_produces_1', 'dataset_consumes_1_and_2', 'consume_1_or_both_2_and_3_with_dataset_expressions', 'dataset_produces_2' retrieved from /Library/Frameworks/Python.framework/Versions/3.10/lib/python3.10/site-packages/airflow/example_dags/example_datasets.py
[2025-09-23T12:57:37.337+0300] {logging_mixin.py:190} INFO - [2025-09-23T12:57:37.337+0300] {dag.py:3239} INFO - Sync 10 DAGs
[2025-09-23T12:57:37.345+0300] {logging_mixin.py:190} INFO - [2025-09-23T12:57:37.344+0300] {dag.py:4180} INFO - Setting next_dagrun for conditional_dataset_and_time_based_timetable to 2025-09-17 01:00:00+00:00, run_after=2025-09-17 01:00:00+00:00
[2025-09-23T12:57:37.345+0300] {logging_mixin.py:190} INFO - [2025-09-23T12:57:37.345+0300] {dag.py:4180} INFO - Setting next_dagrun for consume_1_and_2_with_dataset_expressions to None, run_after=None
[2025-09-23T12:57:37.346+0300] {logging_mixin.py:190} INFO - [2025-09-23T12:57:37.346+0300] {dag.py:4180} INFO - Setting next_dagrun for consume_1_or_2_with_dataset_expressions to None, run_after=None
[2025-09-23T12:57:37.346+0300] {logging_mixin.py:190} INFO - [2025-09-23T12:57:37.346+0300] {dag.py:4180} INFO - Setting next_dagrun for consume_1_or_both_2_and_3_with_dataset_expressions to None, run_after=None
[2025-09-23T12:57:37.349+0300] {logging_mixin.py:190} INFO - [2025-09-23T12:57:37.349+0300] {dag.py:4180} INFO - Setting next_dagrun for dataset_consumes_1 to None, run_after=None
[2025-09-23T12:57:37.350+0300] {logging_mixin.py:190} INFO - [2025-09-23T12:57:37.350+0300] {dag.py:4180} INFO - Setting next_dagrun for dataset_consumes_1_and_2 to None, run_after=None
[2025-09-23T12:57:37.350+0300] {logging_mixin.py:190} INFO - [2025-09-23T12:57:37.350+0300] {dag.py:4180} INFO - Setting next_dagrun for dataset_consumes_1_never_scheduled to None, run_after=None
[2025-09-23T12:57:37.350+0300] {logging_mixin.py:190} INFO - [2025-09-23T12:57:37.350+0300] {dag.py:4180} INFO - Setting next_dagrun for dataset_consumes_unknown_never_scheduled to None, run_after=None
[2025-09-23T12:57:37.351+0300] {logging_mixin.py:190} INFO - [2025-09-23T12:57:37.351+0300] {dag.py:4180} INFO - Setting next_dagrun for dataset_produces_1 to 2025-09-22 00:00:00+00:00, run_after=2025-09-23 00:00:00+00:00
[2025-09-23T12:57:37.351+0300] {logging_mixin.py:190} INFO - [2025-09-23T12:57:37.351+0300] {dag.py:4180} INFO - Setting next_dagrun for dataset_produces_2 to None, run_after=None
[2025-09-23T12:57:37.360+0300] {processor.py:208} INFO - Processing /Library/Frameworks/Python.framework/Versions/3.10/lib/python3.10/site-packages/airflow/example_dags/example_datasets.py took 0.126 seconds
