[2025-09-23T12:55:19.331+0300] {processor.py:186} INFO - Started process (PID=69619) to work on /Library/Frameworks/Python.framework/Versions/3.10/lib/python3.10/site-packages/airflow/example_dags/example_branch_labels.py
[2025-09-23T12:55:19.331+0300] {processor.py:914} INFO - Processing file /Library/Frameworks/Python.framework/Versions/3.10/lib/python3.10/site-packages/airflow/example_dags/example_branch_labels.py for tasks to queue
[2025-09-23T12:55:19.331+0300] {logging_mixin.py:190} INFO - [2025-09-23T12:55:19.331+0300] {dagbag.py:588} INFO - Filling up the DagBag from /Library/Frameworks/Python.framework/Versions/3.10/lib/python3.10/site-packages/airflow/example_dags/example_branch_labels.py
[2025-09-23T12:55:19.348+0300] {logging_mixin.py:190} WARNING - /Library/Frameworks/Python.framework/Versions/3.10/lib/python3.10/site-packages/cron_descriptor/ExpressionDescriptor.py:69 UserWarning: No system locale set. Falling back to 'en_US'. Set LANG/LC_ALL or pass locale_code to override.
[2025-09-23T12:55:19.348+0300] {logging_mixin.py:190} WARNING - /Library/Frameworks/Python.framework/Versions/3.10/lib/python3.10/site-packages/cron_descriptor/ExpressionDescriptor.py:69 UserWarning: No system locale set. Falling back to 'en_US'. Set LANG/LC_ALL or pass locale_code to override.
[2025-09-23T12:55:19.350+0300] {processor.py:925} INFO - DAG(s) 'example_branch_labels' retrieved from /Library/Frameworks/Python.framework/Versions/3.10/lib/python3.10/site-packages/airflow/example_dags/example_branch_labels.py
[2025-09-23T12:55:19.387+0300] {logging_mixin.py:190} INFO - [2025-09-23T12:55:19.387+0300] {dag.py:3239} INFO - Sync 1 DAGs
[2025-09-23T12:55:19.393+0300] {logging_mixin.py:190} INFO - [2025-09-23T12:55:19.393+0300] {dag.py:4180} INFO - Setting next_dagrun for example_branch_labels to 2025-09-22 00:00:00+00:00, run_after=2025-09-23 00:00:00+00:00
[2025-09-23T12:55:19.400+0300] {processor.py:208} INFO - Processing /Library/Frameworks/Python.framework/Versions/3.10/lib/python3.10/site-packages/airflow/example_dags/example_branch_labels.py took 0.070 seconds
[2025-09-23T12:57:50.872+0300] {processor.py:186} INFO - Started process (PID=70484) to work on /Library/Frameworks/Python.framework/Versions/3.10/lib/python3.10/site-packages/airflow/example_dags/example_branch_labels.py
[2025-09-23T12:57:50.873+0300] {processor.py:914} INFO - Processing file /Library/Frameworks/Python.framework/Versions/3.10/lib/python3.10/site-packages/airflow/example_dags/example_branch_labels.py for tasks to queue
[2025-09-23T12:57:50.873+0300] {logging_mixin.py:190} INFO - [2025-09-23T12:57:50.873+0300] {dagbag.py:588} INFO - Filling up the DagBag from /Library/Frameworks/Python.framework/Versions/3.10/lib/python3.10/site-packages/airflow/example_dags/example_branch_labels.py
[2025-09-23T12:57:50.888+0300] {logging_mixin.py:190} WARNING - /Library/Frameworks/Python.framework/Versions/3.10/lib/python3.10/site-packages/cron_descriptor/ExpressionDescriptor.py:69 UserWarning: No system locale set. Falling back to 'en_US'. Set LANG/LC_ALL or pass locale_code to override.
[2025-09-23T12:57:50.889+0300] {logging_mixin.py:190} WARNING - /Library/Frameworks/Python.framework/Versions/3.10/lib/python3.10/site-packages/cron_descriptor/ExpressionDescriptor.py:69 UserWarning: No system locale set. Falling back to 'en_US'. Set LANG/LC_ALL or pass locale_code to override.
[2025-09-23T12:57:50.890+0300] {processor.py:925} INFO - DAG(s) 'example_branch_labels' retrieved from /Library/Frameworks/Python.framework/Versions/3.10/lib/python3.10/site-packages/airflow/example_dags/example_branch_labels.py
[2025-09-23T12:57:50.925+0300] {logging_mixin.py:190} INFO - [2025-09-23T12:57:50.925+0300] {dag.py:3239} INFO - Sync 1 DAGs
[2025-09-23T12:57:50.932+0300] {logging_mixin.py:190} INFO - [2025-09-23T12:57:50.932+0300] {dag.py:4180} INFO - Setting next_dagrun for example_branch_labels to 2025-09-22 00:00:00+00:00, run_after=2025-09-23 00:00:00+00:00
[2025-09-23T12:57:50.937+0300] {processor.py:208} INFO - Processing /Library/Frameworks/Python.framework/Versions/3.10/lib/python3.10/site-packages/airflow/example_dags/example_branch_labels.py took 0.066 seconds
[2025-09-23T14:48:53.955+0300] {processor.py:186} INFO - Started process (PID=81923) to work on /Library/Frameworks/Python.framework/Versions/3.10/lib/python3.10/site-packages/airflow/example_dags/example_branch_labels.py
[2025-09-23T14:48:53.956+0300] {processor.py:914} INFO - Processing file /Library/Frameworks/Python.framework/Versions/3.10/lib/python3.10/site-packages/airflow/example_dags/example_branch_labels.py for tasks to queue
[2025-09-23T14:48:53.956+0300] {logging_mixin.py:190} INFO - [2025-09-23T14:48:53.956+0300] {dagbag.py:588} INFO - Filling up the DagBag from /Library/Frameworks/Python.framework/Versions/3.10/lib/python3.10/site-packages/airflow/example_dags/example_branch_labels.py
[2025-09-23T14:48:53.971+0300] {logging_mixin.py:190} WARNING - /Library/Frameworks/Python.framework/Versions/3.10/lib/python3.10/site-packages/cron_descriptor/ExpressionDescriptor.py:69 UserWarning: No system locale set. Falling back to 'en_US'. Set LANG/LC_ALL or pass locale_code to override.
[2025-09-23T14:48:53.972+0300] {logging_mixin.py:190} WARNING - /Library/Frameworks/Python.framework/Versions/3.10/lib/python3.10/site-packages/cron_descriptor/ExpressionDescriptor.py:69 UserWarning: No system locale set. Falling back to 'en_US'. Set LANG/LC_ALL or pass locale_code to override.
[2025-09-23T14:48:53.973+0300] {processor.py:925} INFO - DAG(s) 'example_branch_labels' retrieved from /Library/Frameworks/Python.framework/Versions/3.10/lib/python3.10/site-packages/airflow/example_dags/example_branch_labels.py
[2025-09-23T14:48:54.008+0300] {logging_mixin.py:190} INFO - [2025-09-23T14:48:54.008+0300] {dag.py:3239} INFO - Sync 1 DAGs
[2025-09-23T14:48:54.014+0300] {logging_mixin.py:190} INFO - [2025-09-23T14:48:54.014+0300] {dag.py:4180} INFO - Setting next_dagrun for example_branch_labels to 2025-09-22 00:00:00+00:00, run_after=2025-09-23 00:00:00+00:00
[2025-09-23T14:48:54.020+0300] {processor.py:208} INFO - Processing /Library/Frameworks/Python.framework/Versions/3.10/lib/python3.10/site-packages/airflow/example_dags/example_branch_labels.py took 0.066 seconds
[2025-09-23T14:51:17.580+0300] {processor.py:186} INFO - Started process (PID=82749) to work on /Library/Frameworks/Python.framework/Versions/3.10/lib/python3.10/site-packages/airflow/example_dags/example_branch_labels.py
[2025-09-23T14:51:17.581+0300] {processor.py:914} INFO - Processing file /Library/Frameworks/Python.framework/Versions/3.10/lib/python3.10/site-packages/airflow/example_dags/example_branch_labels.py for tasks to queue
[2025-09-23T14:51:17.582+0300] {logging_mixin.py:190} INFO - [2025-09-23T14:51:17.581+0300] {dagbag.py:588} INFO - Filling up the DagBag from /Library/Frameworks/Python.framework/Versions/3.10/lib/python3.10/site-packages/airflow/example_dags/example_branch_labels.py
[2025-09-23T14:51:17.596+0300] {logging_mixin.py:190} WARNING - /Library/Frameworks/Python.framework/Versions/3.10/lib/python3.10/site-packages/cron_descriptor/ExpressionDescriptor.py:69 UserWarning: No system locale set. Falling back to 'en_US'. Set LANG/LC_ALL or pass locale_code to override.
[2025-09-23T14:51:17.597+0300] {logging_mixin.py:190} WARNING - /Library/Frameworks/Python.framework/Versions/3.10/lib/python3.10/site-packages/cron_descriptor/ExpressionDescriptor.py:69 UserWarning: No system locale set. Falling back to 'en_US'. Set LANG/LC_ALL or pass locale_code to override.
[2025-09-23T14:51:17.599+0300] {processor.py:925} INFO - DAG(s) 'example_branch_labels' retrieved from /Library/Frameworks/Python.framework/Versions/3.10/lib/python3.10/site-packages/airflow/example_dags/example_branch_labels.py
[2025-09-23T14:51:17.634+0300] {logging_mixin.py:190} INFO - [2025-09-23T14:51:17.634+0300] {dag.py:3239} INFO - Sync 1 DAGs
[2025-09-23T14:51:17.640+0300] {logging_mixin.py:190} INFO - [2025-09-23T14:51:17.640+0300] {dag.py:4180} INFO - Setting next_dagrun for example_branch_labels to 2025-09-22 00:00:00+00:00, run_after=2025-09-23 00:00:00+00:00
[2025-09-23T14:51:17.645+0300] {processor.py:208} INFO - Processing /Library/Frameworks/Python.framework/Versions/3.10/lib/python3.10/site-packages/airflow/example_dags/example_branch_labels.py took 0.066 seconds
[2025-09-23T14:53:43.256+0300] {processor.py:186} INFO - Started process (PID=83626) to work on /Library/Frameworks/Python.framework/Versions/3.10/lib/python3.10/site-packages/airflow/example_dags/example_branch_labels.py
[2025-09-23T14:53:43.258+0300] {processor.py:914} INFO - Processing file /Library/Frameworks/Python.framework/Versions/3.10/lib/python3.10/site-packages/airflow/example_dags/example_branch_labels.py for tasks to queue
[2025-09-23T14:53:43.258+0300] {logging_mixin.py:190} INFO - [2025-09-23T14:53:43.258+0300] {dagbag.py:588} INFO - Filling up the DagBag from /Library/Frameworks/Python.framework/Versions/3.10/lib/python3.10/site-packages/airflow/example_dags/example_branch_labels.py
[2025-09-23T14:53:43.273+0300] {logging_mixin.py:190} WARNING - /Library/Frameworks/Python.framework/Versions/3.10/lib/python3.10/site-packages/cron_descriptor/ExpressionDescriptor.py:69 UserWarning: No system locale set. Falling back to 'en_US'. Set LANG/LC_ALL or pass locale_code to override.
[2025-09-23T14:53:43.273+0300] {logging_mixin.py:190} WARNING - /Library/Frameworks/Python.framework/Versions/3.10/lib/python3.10/site-packages/cron_descriptor/ExpressionDescriptor.py:69 UserWarning: No system locale set. Falling back to 'en_US'. Set LANG/LC_ALL or pass locale_code to override.
[2025-09-23T14:53:43.275+0300] {processor.py:925} INFO - DAG(s) 'example_branch_labels' retrieved from /Library/Frameworks/Python.framework/Versions/3.10/lib/python3.10/site-packages/airflow/example_dags/example_branch_labels.py
[2025-09-23T14:53:43.310+0300] {logging_mixin.py:190} INFO - [2025-09-23T14:53:43.310+0300] {dag.py:3239} INFO - Sync 1 DAGs
[2025-09-23T14:53:43.316+0300] {logging_mixin.py:190} INFO - [2025-09-23T14:53:43.316+0300] {dag.py:4180} INFO - Setting next_dagrun for example_branch_labels to 2025-09-22 00:00:00+00:00, run_after=2025-09-23 00:00:00+00:00
[2025-09-23T14:53:43.321+0300] {processor.py:208} INFO - Processing /Library/Frameworks/Python.framework/Versions/3.10/lib/python3.10/site-packages/airflow/example_dags/example_branch_labels.py took 0.066 seconds
[2025-09-23T14:57:00.318+0300] {processor.py:186} INFO - Started process (PID=84990) to work on /Library/Frameworks/Python.framework/Versions/3.10/lib/python3.10/site-packages/airflow/example_dags/example_branch_labels.py
[2025-09-23T14:57:00.320+0300] {processor.py:914} INFO - Processing file /Library/Frameworks/Python.framework/Versions/3.10/lib/python3.10/site-packages/airflow/example_dags/example_branch_labels.py for tasks to queue
[2025-09-23T14:57:00.321+0300] {logging_mixin.py:190} INFO - [2025-09-23T14:57:00.321+0300] {dagbag.py:588} INFO - Filling up the DagBag from /Library/Frameworks/Python.framework/Versions/3.10/lib/python3.10/site-packages/airflow/example_dags/example_branch_labels.py
[2025-09-23T14:57:00.336+0300] {logging_mixin.py:190} WARNING - /Library/Frameworks/Python.framework/Versions/3.10/lib/python3.10/site-packages/cron_descriptor/ExpressionDescriptor.py:69 UserWarning: No system locale set. Falling back to 'en_US'. Set LANG/LC_ALL or pass locale_code to override.
[2025-09-23T14:57:00.337+0300] {logging_mixin.py:190} WARNING - /Library/Frameworks/Python.framework/Versions/3.10/lib/python3.10/site-packages/cron_descriptor/ExpressionDescriptor.py:69 UserWarning: No system locale set. Falling back to 'en_US'. Set LANG/LC_ALL or pass locale_code to override.
[2025-09-23T14:57:00.338+0300] {processor.py:925} INFO - DAG(s) 'example_branch_labels' retrieved from /Library/Frameworks/Python.framework/Versions/3.10/lib/python3.10/site-packages/airflow/example_dags/example_branch_labels.py
[2025-09-23T14:57:00.374+0300] {logging_mixin.py:190} INFO - [2025-09-23T14:57:00.374+0300] {dag.py:3239} INFO - Sync 1 DAGs
[2025-09-23T14:57:00.380+0300] {logging_mixin.py:190} INFO - [2025-09-23T14:57:00.380+0300] {dag.py:4180} INFO - Setting next_dagrun for example_branch_labels to 2025-09-22 00:00:00+00:00, run_after=2025-09-23 00:00:00+00:00
[2025-09-23T14:57:00.386+0300] {processor.py:208} INFO - Processing /Library/Frameworks/Python.framework/Versions/3.10/lib/python3.10/site-packages/airflow/example_dags/example_branch_labels.py took 0.069 seconds
