[2025-09-23T12:54:35.923+0300] {processor.py:186} INFO - Started process (PID=69372) to work on /Library/Frameworks/Python.framework/Versions/3.10/lib/python3.10/site-packages/airflow/example_dags/example_python_operator.py
[2025-09-23T12:54:35.924+0300] {processor.py:914} INFO - Processing file /Library/Frameworks/Python.framework/Versions/3.10/lib/python3.10/site-packages/airflow/example_dags/example_python_operator.py for tasks to queue
[2025-09-23T12:54:35.924+0300] {logging_mixin.py:190} INFO - [2025-09-23T12:54:35.924+0300] {dagbag.py:588} INFO - Filling up the DagBag from /Library/Frameworks/Python.framework/Versions/3.10/lib/python3.10/site-packages/airflow/example_dags/example_python_operator.py
[2025-09-23T12:54:35.937+0300] {logging_mixin.py:190} INFO - [2025-09-23T12:54:35.937+0300] {example_python_operator.py:93} WARNING - The virtalenv_python example task requires virtualenv, please install it.
[2025-09-23T12:54:35.939+0300] {processor.py:925} INFO - DAG(s) 'example_python_operator' retrieved from /Library/Frameworks/Python.framework/Versions/3.10/lib/python3.10/site-packages/airflow/example_dags/example_python_operator.py
[2025-09-23T12:54:35.979+0300] {logging_mixin.py:190} INFO - [2025-09-23T12:54:35.979+0300] {dag.py:3239} INFO - Sync 1 DAGs
[2025-09-23T12:54:35.983+0300] {logging_mixin.py:190} INFO - [2025-09-23T12:54:35.983+0300] {dag.py:4180} INFO - Setting next_dagrun for example_python_operator to None, run_after=None
[2025-09-23T12:54:35.989+0300] {processor.py:208} INFO - Processing /Library/Frameworks/Python.framework/Versions/3.10/lib/python3.10/site-packages/airflow/example_dags/example_python_operator.py took 0.067 seconds
[2025-09-23T12:56:20.248+0300] {processor.py:186} INFO - Started process (PID=69945) to work on /Library/Frameworks/Python.framework/Versions/3.10/lib/python3.10/site-packages/airflow/example_dags/example_python_operator.py
[2025-09-23T12:56:20.249+0300] {processor.py:914} INFO - Processing file /Library/Frameworks/Python.framework/Versions/3.10/lib/python3.10/site-packages/airflow/example_dags/example_python_operator.py for tasks to queue
[2025-09-23T12:56:20.249+0300] {logging_mixin.py:190} INFO - [2025-09-23T12:56:20.249+0300] {dagbag.py:588} INFO - Filling up the DagBag from /Library/Frameworks/Python.framework/Versions/3.10/lib/python3.10/site-packages/airflow/example_dags/example_python_operator.py
[2025-09-23T12:56:20.265+0300] {logging_mixin.py:190} INFO - [2025-09-23T12:56:20.265+0300] {example_python_operator.py:93} WARNING - The virtalenv_python example task requires virtualenv, please install it.
[2025-09-23T12:56:20.266+0300] {processor.py:925} INFO - DAG(s) 'example_python_operator' retrieved from /Library/Frameworks/Python.framework/Versions/3.10/lib/python3.10/site-packages/airflow/example_dags/example_python_operator.py
[2025-09-23T12:56:20.300+0300] {logging_mixin.py:190} INFO - [2025-09-23T12:56:20.299+0300] {dag.py:3239} INFO - Sync 1 DAGs
[2025-09-23T12:56:20.304+0300] {logging_mixin.py:190} INFO - [2025-09-23T12:56:20.303+0300] {dag.py:4180} INFO - Setting next_dagrun for example_python_operator to None, run_after=None
[2025-09-23T12:56:20.309+0300] {processor.py:208} INFO - Processing /Library/Frameworks/Python.framework/Versions/3.10/lib/python3.10/site-packages/airflow/example_dags/example_python_operator.py took 0.062 seconds
[2025-09-23T12:58:50.028+0300] {processor.py:186} INFO - Started process (PID=70846) to work on /Library/Frameworks/Python.framework/Versions/3.10/lib/python3.10/site-packages/airflow/example_dags/example_python_operator.py
[2025-09-23T12:58:50.029+0300] {processor.py:914} INFO - Processing file /Library/Frameworks/Python.framework/Versions/3.10/lib/python3.10/site-packages/airflow/example_dags/example_python_operator.py for tasks to queue
[2025-09-23T12:58:50.029+0300] {logging_mixin.py:190} INFO - [2025-09-23T12:58:50.029+0300] {dagbag.py:588} INFO - Filling up the DagBag from /Library/Frameworks/Python.framework/Versions/3.10/lib/python3.10/site-packages/airflow/example_dags/example_python_operator.py
[2025-09-23T12:58:50.039+0300] {logging_mixin.py:190} INFO - [2025-09-23T12:58:50.039+0300] {example_python_operator.py:93} WARNING - The virtalenv_python example task requires virtualenv, please install it.
[2025-09-23T12:58:50.040+0300] {processor.py:925} INFO - DAG(s) 'example_python_operator' retrieved from /Library/Frameworks/Python.framework/Versions/3.10/lib/python3.10/site-packages/airflow/example_dags/example_python_operator.py
[2025-09-23T12:58:50.074+0300] {logging_mixin.py:190} INFO - [2025-09-23T12:58:50.074+0300] {dag.py:3239} INFO - Sync 1 DAGs
[2025-09-23T12:58:50.078+0300] {logging_mixin.py:190} INFO - [2025-09-23T12:58:50.078+0300] {dag.py:4180} INFO - Setting next_dagrun for example_python_operator to None, run_after=None
[2025-09-23T12:58:50.083+0300] {processor.py:208} INFO - Processing /Library/Frameworks/Python.framework/Versions/3.10/lib/python3.10/site-packages/airflow/example_dags/example_python_operator.py took 0.057 seconds
