[2025-09-23T12:54:15.795+0300] {processor.py:186} INFO - Started process (PID=69257) to work on /Library/Frameworks/Python.framework/Versions/3.10/lib/python3.10/site-packages/airflow/example_dags/example_task_group_decorator.py
[2025-09-23T12:54:15.795+0300] {processor.py:914} INFO - Processing file /Library/Frameworks/Python.framework/Versions/3.10/lib/python3.10/site-packages/airflow/example_dags/example_task_group_decorator.py for tasks to queue
[2025-09-23T12:54:15.795+0300] {logging_mixin.py:190} INFO - [2025-09-23T12:54:15.795+0300] {dagbag.py:588} INFO - Filling up the DagBag from /Library/Frameworks/Python.framework/Versions/3.10/lib/python3.10/site-packages/airflow/example_dags/example_task_group_decorator.py
[2025-09-23T12:54:15.812+0300] {processor.py:925} INFO - DAG(s) 'example_task_group_decorator' retrieved from /Library/Frameworks/Python.framework/Versions/3.10/lib/python3.10/site-packages/airflow/example_dags/example_task_group_decorator.py
[2025-09-23T12:54:15.849+0300] {logging_mixin.py:190} INFO - [2025-09-23T12:54:15.849+0300] {dag.py:3239} INFO - Sync 1 DAGs
[2025-09-23T12:54:15.852+0300] {logging_mixin.py:190} INFO - [2025-09-23T12:54:15.852+0300] {dag.py:4180} INFO - Setting next_dagrun for example_task_group_decorator to None, run_after=None
[2025-09-23T12:54:15.858+0300] {processor.py:208} INFO - Processing /Library/Frameworks/Python.framework/Versions/3.10/lib/python3.10/site-packages/airflow/example_dags/example_task_group_decorator.py took 0.065 seconds
[2025-09-23T12:55:58.837+0300] {processor.py:186} INFO - Started process (PID=69830) to work on /Library/Frameworks/Python.framework/Versions/3.10/lib/python3.10/site-packages/airflow/example_dags/example_task_group_decorator.py
[2025-09-23T12:55:58.837+0300] {processor.py:914} INFO - Processing file /Library/Frameworks/Python.framework/Versions/3.10/lib/python3.10/site-packages/airflow/example_dags/example_task_group_decorator.py for tasks to queue
[2025-09-23T12:55:58.838+0300] {logging_mixin.py:190} INFO - [2025-09-23T12:55:58.838+0300] {dagbag.py:588} INFO - Filling up the DagBag from /Library/Frameworks/Python.framework/Versions/3.10/lib/python3.10/site-packages/airflow/example_dags/example_task_group_decorator.py
[2025-09-23T12:55:58.855+0300] {processor.py:925} INFO - DAG(s) 'example_task_group_decorator' retrieved from /Library/Frameworks/Python.framework/Versions/3.10/lib/python3.10/site-packages/airflow/example_dags/example_task_group_decorator.py
[2025-09-23T12:55:58.893+0300] {logging_mixin.py:190} INFO - [2025-09-23T12:55:58.893+0300] {dag.py:3239} INFO - Sync 1 DAGs
[2025-09-23T12:55:58.897+0300] {logging_mixin.py:190} INFO - [2025-09-23T12:55:58.897+0300] {dag.py:4180} INFO - Setting next_dagrun for example_task_group_decorator to None, run_after=None
[2025-09-23T12:55:58.904+0300] {processor.py:208} INFO - Processing /Library/Frameworks/Python.framework/Versions/3.10/lib/python3.10/site-packages/airflow/example_dags/example_task_group_decorator.py took 0.069 seconds
[2025-09-23T12:57:16.329+0300] {processor.py:186} INFO - Started process (PID=70297) to work on /Library/Frameworks/Python.framework/Versions/3.10/lib/python3.10/site-packages/airflow/example_dags/example_task_group_decorator.py
[2025-09-23T12:57:16.329+0300] {processor.py:914} INFO - Processing file /Library/Frameworks/Python.framework/Versions/3.10/lib/python3.10/site-packages/airflow/example_dags/example_task_group_decorator.py for tasks to queue
[2025-09-23T12:57:16.330+0300] {logging_mixin.py:190} INFO - [2025-09-23T12:57:16.330+0300] {dagbag.py:588} INFO - Filling up the DagBag from /Library/Frameworks/Python.framework/Versions/3.10/lib/python3.10/site-packages/airflow/example_dags/example_task_group_decorator.py
[2025-09-23T12:57:16.347+0300] {processor.py:925} INFO - DAG(s) 'example_task_group_decorator' retrieved from /Library/Frameworks/Python.framework/Versions/3.10/lib/python3.10/site-packages/airflow/example_dags/example_task_group_decorator.py
[2025-09-23T12:57:16.383+0300] {logging_mixin.py:190} INFO - [2025-09-23T12:57:16.383+0300] {dag.py:3239} INFO - Sync 1 DAGs
[2025-09-23T12:57:16.387+0300] {logging_mixin.py:190} INFO - [2025-09-23T12:57:16.387+0300] {dag.py:4180} INFO - Setting next_dagrun for example_task_group_decorator to None, run_after=None
[2025-09-23T12:57:16.393+0300] {processor.py:208} INFO - Processing /Library/Frameworks/Python.framework/Versions/3.10/lib/python3.10/site-packages/airflow/example_dags/example_task_group_decorator.py took 0.065 seconds
[2025-09-23T12:58:31.463+0300] {processor.py:186} INFO - Started process (PID=70726) to work on /Library/Frameworks/Python.framework/Versions/3.10/lib/python3.10/site-packages/airflow/example_dags/example_task_group_decorator.py
[2025-09-23T12:58:31.465+0300] {processor.py:914} INFO - Processing file /Library/Frameworks/Python.framework/Versions/3.10/lib/python3.10/site-packages/airflow/example_dags/example_task_group_decorator.py for tasks to queue
[2025-09-23T12:58:31.465+0300] {logging_mixin.py:190} INFO - [2025-09-23T12:58:31.465+0300] {dagbag.py:588} INFO - Filling up the DagBag from /Library/Frameworks/Python.framework/Versions/3.10/lib/python3.10/site-packages/airflow/example_dags/example_task_group_decorator.py
[2025-09-23T12:58:31.481+0300] {processor.py:925} INFO - DAG(s) 'example_task_group_decorator' retrieved from /Library/Frameworks/Python.framework/Versions/3.10/lib/python3.10/site-packages/airflow/example_dags/example_task_group_decorator.py
[2025-09-23T12:58:31.516+0300] {logging_mixin.py:190} INFO - [2025-09-23T12:58:31.516+0300] {dag.py:3239} INFO - Sync 1 DAGs
[2025-09-23T12:58:31.520+0300] {logging_mixin.py:190} INFO - [2025-09-23T12:58:31.520+0300] {dag.py:4180} INFO - Setting next_dagrun for example_task_group_decorator to None, run_after=None
[2025-09-23T12:58:31.525+0300] {processor.py:208} INFO - Processing /Library/Frameworks/Python.framework/Versions/3.10/lib/python3.10/site-packages/airflow/example_dags/example_task_group_decorator.py took 0.063 seconds
[2025-09-23T12:59:43.246+0300] {processor.py:186} INFO - Started process (PID=71167) to work on /Library/Frameworks/Python.framework/Versions/3.10/lib/python3.10/site-packages/airflow/example_dags/example_task_group_decorator.py
[2025-09-23T12:59:43.246+0300] {processor.py:914} INFO - Processing file /Library/Frameworks/Python.framework/Versions/3.10/lib/python3.10/site-packages/airflow/example_dags/example_task_group_decorator.py for tasks to queue
[2025-09-23T12:59:43.247+0300] {logging_mixin.py:190} INFO - [2025-09-23T12:59:43.247+0300] {dagbag.py:588} INFO - Filling up the DagBag from /Library/Frameworks/Python.framework/Versions/3.10/lib/python3.10/site-packages/airflow/example_dags/example_task_group_decorator.py
[2025-09-23T12:59:43.263+0300] {processor.py:925} INFO - DAG(s) 'example_task_group_decorator' retrieved from /Library/Frameworks/Python.framework/Versions/3.10/lib/python3.10/site-packages/airflow/example_dags/example_task_group_decorator.py
[2025-09-23T12:59:43.299+0300] {logging_mixin.py:190} INFO - [2025-09-23T12:59:43.299+0300] {dag.py:3239} INFO - Sync 1 DAGs
[2025-09-23T12:59:43.303+0300] {logging_mixin.py:190} INFO - [2025-09-23T12:59:43.303+0300] {dag.py:4180} INFO - Setting next_dagrun for example_task_group_decorator to None, run_after=None
[2025-09-23T12:59:43.310+0300] {processor.py:208} INFO - Processing /Library/Frameworks/Python.framework/Versions/3.10/lib/python3.10/site-packages/airflow/example_dags/example_task_group_decorator.py took 0.065 seconds
[2025-09-23T14:47:52.747+0300] {processor.py:186} INFO - Started process (PID=81560) to work on /Library/Frameworks/Python.framework/Versions/3.10/lib/python3.10/site-packages/airflow/example_dags/example_task_group_decorator.py
[2025-09-23T14:47:52.747+0300] {processor.py:914} INFO - Processing file /Library/Frameworks/Python.framework/Versions/3.10/lib/python3.10/site-packages/airflow/example_dags/example_task_group_decorator.py for tasks to queue
[2025-09-23T14:47:52.748+0300] {logging_mixin.py:190} INFO - [2025-09-23T14:47:52.748+0300] {dagbag.py:588} INFO - Filling up the DagBag from /Library/Frameworks/Python.framework/Versions/3.10/lib/python3.10/site-packages/airflow/example_dags/example_task_group_decorator.py
[2025-09-23T14:47:52.764+0300] {processor.py:925} INFO - DAG(s) 'example_task_group_decorator' retrieved from /Library/Frameworks/Python.framework/Versions/3.10/lib/python3.10/site-packages/airflow/example_dags/example_task_group_decorator.py
[2025-09-23T14:47:52.800+0300] {logging_mixin.py:190} INFO - [2025-09-23T14:47:52.800+0300] {dag.py:3239} INFO - Sync 1 DAGs
[2025-09-23T14:47:52.803+0300] {logging_mixin.py:190} INFO - [2025-09-23T14:47:52.803+0300] {dag.py:4180} INFO - Setting next_dagrun for example_task_group_decorator to None, run_after=None
[2025-09-23T14:47:52.809+0300] {processor.py:208} INFO - Processing /Library/Frameworks/Python.framework/Versions/3.10/lib/python3.10/site-packages/airflow/example_dags/example_task_group_decorator.py took 0.063 seconds
[2025-09-23T14:49:33.241+0300] {processor.py:186} INFO - Started process (PID=82151) to work on /Library/Frameworks/Python.framework/Versions/3.10/lib/python3.10/site-packages/airflow/example_dags/example_task_group_decorator.py
[2025-09-23T14:49:33.242+0300] {processor.py:914} INFO - Processing file /Library/Frameworks/Python.framework/Versions/3.10/lib/python3.10/site-packages/airflow/example_dags/example_task_group_decorator.py for tasks to queue
[2025-09-23T14:49:33.242+0300] {logging_mixin.py:190} INFO - [2025-09-23T14:49:33.242+0300] {dagbag.py:588} INFO - Filling up the DagBag from /Library/Frameworks/Python.framework/Versions/3.10/lib/python3.10/site-packages/airflow/example_dags/example_task_group_decorator.py
[2025-09-23T14:49:33.260+0300] {processor.py:925} INFO - DAG(s) 'example_task_group_decorator' retrieved from /Library/Frameworks/Python.framework/Versions/3.10/lib/python3.10/site-packages/airflow/example_dags/example_task_group_decorator.py
[2025-09-23T14:49:33.296+0300] {logging_mixin.py:190} INFO - [2025-09-23T14:49:33.296+0300] {dag.py:3239} INFO - Sync 1 DAGs
[2025-09-23T14:49:33.299+0300] {logging_mixin.py:190} INFO - [2025-09-23T14:49:33.299+0300] {dag.py:4180} INFO - Setting next_dagrun for example_task_group_decorator to None, run_after=None
[2025-09-23T14:49:33.305+0300] {processor.py:208} INFO - Processing /Library/Frameworks/Python.framework/Versions/3.10/lib/python3.10/site-packages/airflow/example_dags/example_task_group_decorator.py took 0.066 seconds
[2025-09-23T14:50:44.636+0300] {processor.py:186} INFO - Started process (PID=82554) to work on /Library/Frameworks/Python.framework/Versions/3.10/lib/python3.10/site-packages/airflow/example_dags/example_task_group_decorator.py
[2025-09-23T14:50:44.637+0300] {processor.py:914} INFO - Processing file /Library/Frameworks/Python.framework/Versions/3.10/lib/python3.10/site-packages/airflow/example_dags/example_task_group_decorator.py for tasks to queue
[2025-09-23T14:50:44.637+0300] {logging_mixin.py:190} INFO - [2025-09-23T14:50:44.637+0300] {dagbag.py:588} INFO - Filling up the DagBag from /Library/Frameworks/Python.framework/Versions/3.10/lib/python3.10/site-packages/airflow/example_dags/example_task_group_decorator.py
[2025-09-23T14:50:44.654+0300] {processor.py:925} INFO - DAG(s) 'example_task_group_decorator' retrieved from /Library/Frameworks/Python.framework/Versions/3.10/lib/python3.10/site-packages/airflow/example_dags/example_task_group_decorator.py
[2025-09-23T14:50:44.691+0300] {logging_mixin.py:190} INFO - [2025-09-23T14:50:44.691+0300] {dag.py:3239} INFO - Sync 1 DAGs
[2025-09-23T14:50:44.695+0300] {logging_mixin.py:190} INFO - [2025-09-23T14:50:44.694+0300] {dag.py:4180} INFO - Setting next_dagrun for example_task_group_decorator to None, run_after=None
[2025-09-23T14:50:44.700+0300] {processor.py:208} INFO - Processing /Library/Frameworks/Python.framework/Versions/3.10/lib/python3.10/site-packages/airflow/example_dags/example_task_group_decorator.py took 0.065 seconds
[2025-09-23T14:51:59.084+0300] {processor.py:186} INFO - Started process (PID=83030) to work on /Library/Frameworks/Python.framework/Versions/3.10/lib/python3.10/site-packages/airflow/example_dags/example_task_group_decorator.py
[2025-09-23T14:51:59.085+0300] {processor.py:914} INFO - Processing file /Library/Frameworks/Python.framework/Versions/3.10/lib/python3.10/site-packages/airflow/example_dags/example_task_group_decorator.py for tasks to queue
[2025-09-23T14:51:59.086+0300] {logging_mixin.py:190} INFO - [2025-09-23T14:51:59.086+0300] {dagbag.py:588} INFO - Filling up the DagBag from /Library/Frameworks/Python.framework/Versions/3.10/lib/python3.10/site-packages/airflow/example_dags/example_task_group_decorator.py
[2025-09-23T14:51:59.102+0300] {processor.py:925} INFO - DAG(s) 'example_task_group_decorator' retrieved from /Library/Frameworks/Python.framework/Versions/3.10/lib/python3.10/site-packages/airflow/example_dags/example_task_group_decorator.py
[2025-09-23T14:51:59.137+0300] {logging_mixin.py:190} INFO - [2025-09-23T14:51:59.137+0300] {dag.py:3239} INFO - Sync 1 DAGs
[2025-09-23T14:51:59.141+0300] {logging_mixin.py:190} INFO - [2025-09-23T14:51:59.141+0300] {dag.py:4180} INFO - Setting next_dagrun for example_task_group_decorator to None, run_after=None
[2025-09-23T14:51:59.146+0300] {processor.py:208} INFO - Processing /Library/Frameworks/Python.framework/Versions/3.10/lib/python3.10/site-packages/airflow/example_dags/example_task_group_decorator.py took 0.063 seconds
[2025-09-23T14:53:10.772+0300] {processor.py:186} INFO - Started process (PID=83431) to work on /Library/Frameworks/Python.framework/Versions/3.10/lib/python3.10/site-packages/airflow/example_dags/example_task_group_decorator.py
[2025-09-23T14:53:10.772+0300] {processor.py:914} INFO - Processing file /Library/Frameworks/Python.framework/Versions/3.10/lib/python3.10/site-packages/airflow/example_dags/example_task_group_decorator.py for tasks to queue
[2025-09-23T14:53:10.773+0300] {logging_mixin.py:190} INFO - [2025-09-23T14:53:10.773+0300] {dagbag.py:588} INFO - Filling up the DagBag from /Library/Frameworks/Python.framework/Versions/3.10/lib/python3.10/site-packages/airflow/example_dags/example_task_group_decorator.py
[2025-09-23T14:53:10.789+0300] {processor.py:925} INFO - DAG(s) 'example_task_group_decorator' retrieved from /Library/Frameworks/Python.framework/Versions/3.10/lib/python3.10/site-packages/airflow/example_dags/example_task_group_decorator.py
[2025-09-23T14:53:10.825+0300] {logging_mixin.py:190} INFO - [2025-09-23T14:53:10.825+0300] {dag.py:3239} INFO - Sync 1 DAGs
[2025-09-23T14:53:10.829+0300] {logging_mixin.py:190} INFO - [2025-09-23T14:53:10.828+0300] {dag.py:4180} INFO - Setting next_dagrun for example_task_group_decorator to None, run_after=None
[2025-09-23T14:53:10.834+0300] {processor.py:208} INFO - Processing /Library/Frameworks/Python.framework/Versions/3.10/lib/python3.10/site-packages/airflow/example_dags/example_task_group_decorator.py took 0.063 seconds
[2025-09-23T14:55:10.988+0300] {processor.py:186} INFO - Started process (PID=84311) to work on /Library/Frameworks/Python.framework/Versions/3.10/lib/python3.10/site-packages/airflow/example_dags/example_task_group_decorator.py
[2025-09-23T14:55:10.989+0300] {processor.py:914} INFO - Processing file /Library/Frameworks/Python.framework/Versions/3.10/lib/python3.10/site-packages/airflow/example_dags/example_task_group_decorator.py for tasks to queue
[2025-09-23T14:55:10.990+0300] {logging_mixin.py:190} INFO - [2025-09-23T14:55:10.990+0300] {dagbag.py:588} INFO - Filling up the DagBag from /Library/Frameworks/Python.framework/Versions/3.10/lib/python3.10/site-packages/airflow/example_dags/example_task_group_decorator.py
[2025-09-23T14:55:11.018+0300] {processor.py:925} INFO - DAG(s) 'example_task_group_decorator' retrieved from /Library/Frameworks/Python.framework/Versions/3.10/lib/python3.10/site-packages/airflow/example_dags/example_task_group_decorator.py
[2025-09-23T14:55:11.060+0300] {logging_mixin.py:190} INFO - [2025-09-23T14:55:11.060+0300] {dag.py:3239} INFO - Sync 1 DAGs
[2025-09-23T14:55:11.064+0300] {logging_mixin.py:190} INFO - [2025-09-23T14:55:11.064+0300] {dag.py:4180} INFO - Setting next_dagrun for example_task_group_decorator to None, run_after=None
[2025-09-23T14:55:11.070+0300] {processor.py:208} INFO - Processing /Library/Frameworks/Python.framework/Versions/3.10/lib/python3.10/site-packages/airflow/example_dags/example_task_group_decorator.py took 0.083 seconds
[2025-09-23T14:56:25.314+0300] {processor.py:186} INFO - Started process (PID=84786) to work on /Library/Frameworks/Python.framework/Versions/3.10/lib/python3.10/site-packages/airflow/example_dags/example_task_group_decorator.py
[2025-09-23T14:56:25.315+0300] {processor.py:914} INFO - Processing file /Library/Frameworks/Python.framework/Versions/3.10/lib/python3.10/site-packages/airflow/example_dags/example_task_group_decorator.py for tasks to queue
[2025-09-23T14:56:25.315+0300] {logging_mixin.py:190} INFO - [2025-09-23T14:56:25.315+0300] {dagbag.py:588} INFO - Filling up the DagBag from /Library/Frameworks/Python.framework/Versions/3.10/lib/python3.10/site-packages/airflow/example_dags/example_task_group_decorator.py
[2025-09-23T14:56:25.332+0300] {processor.py:925} INFO - DAG(s) 'example_task_group_decorator' retrieved from /Library/Frameworks/Python.framework/Versions/3.10/lib/python3.10/site-packages/airflow/example_dags/example_task_group_decorator.py
[2025-09-23T14:56:25.371+0300] {logging_mixin.py:190} INFO - [2025-09-23T14:56:25.371+0300] {dag.py:3239} INFO - Sync 1 DAGs
[2025-09-23T14:56:25.374+0300] {logging_mixin.py:190} INFO - [2025-09-23T14:56:25.374+0300] {dag.py:4180} INFO - Setting next_dagrun for example_task_group_decorator to None, run_after=None
[2025-09-23T14:56:25.380+0300] {processor.py:208} INFO - Processing /Library/Frameworks/Python.framework/Versions/3.10/lib/python3.10/site-packages/airflow/example_dags/example_task_group_decorator.py took 0.067 seconds
