[2025-09-23T12:54:52.762+0300] {processor.py:186} INFO - Started process (PID=69468) to work on /Library/Frameworks/Python.framework/Versions/3.10/lib/python3.10/site-packages/airflow/example_dags/example_latest_only.py
[2025-09-23T12:54:52.763+0300] {processor.py:914} INFO - Processing file /Library/Frameworks/Python.framework/Versions/3.10/lib/python3.10/site-packages/airflow/example_dags/example_latest_only.py for tasks to queue
[2025-09-23T12:54:52.763+0300] {logging_mixin.py:190} INFO - [2025-09-23T12:54:52.763+0300] {dagbag.py:588} INFO - Filling up the DagBag from /Library/Frameworks/Python.framework/Versions/3.10/lib/python3.10/site-packages/airflow/example_dags/example_latest_only.py
[2025-09-23T12:54:52.769+0300] {processor.py:925} INFO - DAG(s) 'latest_only' retrieved from /Library/Frameworks/Python.framework/Versions/3.10/lib/python3.10/site-packages/airflow/example_dags/example_latest_only.py
[2025-09-23T12:54:52.804+0300] {logging_mixin.py:190} INFO - [2025-09-23T12:54:52.804+0300] {dag.py:3239} INFO - Sync 1 DAGs
[2025-09-23T12:54:52.810+0300] {logging_mixin.py:190} INFO - [2025-09-23T12:54:52.809+0300] {dag.py:4180} INFO - Setting next_dagrun for latest_only to 2025-09-23 04:00:00+00:00, run_after=2025-09-23 08:00:00+00:00
[2025-09-23T12:54:52.816+0300] {processor.py:208} INFO - Processing /Library/Frameworks/Python.framework/Versions/3.10/lib/python3.10/site-packages/airflow/example_dags/example_latest_only.py took 0.054 seconds
[2025-09-23T12:56:37.127+0300] {processor.py:186} INFO - Started process (PID=70041) to work on /Library/Frameworks/Python.framework/Versions/3.10/lib/python3.10/site-packages/airflow/example_dags/example_latest_only.py
[2025-09-23T12:56:37.128+0300] {processor.py:914} INFO - Processing file /Library/Frameworks/Python.framework/Versions/3.10/lib/python3.10/site-packages/airflow/example_dags/example_latest_only.py for tasks to queue
[2025-09-23T12:56:37.129+0300] {logging_mixin.py:190} INFO - [2025-09-23T12:56:37.128+0300] {dagbag.py:588} INFO - Filling up the DagBag from /Library/Frameworks/Python.framework/Versions/3.10/lib/python3.10/site-packages/airflow/example_dags/example_latest_only.py
[2025-09-23T12:56:37.131+0300] {processor.py:925} INFO - DAG(s) 'latest_only' retrieved from /Library/Frameworks/Python.framework/Versions/3.10/lib/python3.10/site-packages/airflow/example_dags/example_latest_only.py
[2025-09-23T12:56:37.166+0300] {logging_mixin.py:190} INFO - [2025-09-23T12:56:37.166+0300] {dag.py:3239} INFO - Sync 1 DAGs
[2025-09-23T12:56:37.172+0300] {logging_mixin.py:190} INFO - [2025-09-23T12:56:37.172+0300] {dag.py:4180} INFO - Setting next_dagrun for latest_only to 2025-09-23 04:00:00+00:00, run_after=2025-09-23 08:00:00+00:00
[2025-09-23T12:56:37.178+0300] {processor.py:208} INFO - Processing /Library/Frameworks/Python.framework/Versions/3.10/lib/python3.10/site-packages/airflow/example_dags/example_latest_only.py took 0.053 seconds
[2025-09-23T12:59:06.435+0300] {processor.py:186} INFO - Started process (PID=70928) to work on /Library/Frameworks/Python.framework/Versions/3.10/lib/python3.10/site-packages/airflow/example_dags/example_latest_only.py
[2025-09-23T12:59:06.436+0300] {processor.py:914} INFO - Processing file /Library/Frameworks/Python.framework/Versions/3.10/lib/python3.10/site-packages/airflow/example_dags/example_latest_only.py for tasks to queue
[2025-09-23T12:59:06.436+0300] {logging_mixin.py:190} INFO - [2025-09-23T12:59:06.436+0300] {dagbag.py:588} INFO - Filling up the DagBag from /Library/Frameworks/Python.framework/Versions/3.10/lib/python3.10/site-packages/airflow/example_dags/example_latest_only.py
[2025-09-23T12:59:06.439+0300] {processor.py:925} INFO - DAG(s) 'latest_only' retrieved from /Library/Frameworks/Python.framework/Versions/3.10/lib/python3.10/site-packages/airflow/example_dags/example_latest_only.py
[2025-09-23T12:59:06.473+0300] {logging_mixin.py:190} INFO - [2025-09-23T12:59:06.473+0300] {dag.py:3239} INFO - Sync 1 DAGs
[2025-09-23T12:59:06.479+0300] {logging_mixin.py:190} INFO - [2025-09-23T12:59:06.479+0300] {dag.py:4180} INFO - Setting next_dagrun for latest_only to 2025-09-23 04:00:00+00:00, run_after=2025-09-23 08:00:00+00:00
[2025-09-23T12:59:06.485+0300] {processor.py:208} INFO - Processing /Library/Frameworks/Python.framework/Versions/3.10/lib/python3.10/site-packages/airflow/example_dags/example_latest_only.py took 0.051 seconds
