[2025-09-23T12:53:52.878+0300] {processor.py:186} INFO - Started process (PID=69088) to work on /Library/Frameworks/Python.framework/Versions/3.10/lib/python3.10/site-packages/airflow/example_dags/example_xcomargs.py
[2025-09-23T12:53:52.878+0300] {processor.py:914} INFO - Processing file /Library/Frameworks/Python.framework/Versions/3.10/lib/python3.10/site-packages/airflow/example_dags/example_xcomargs.py for tasks to queue
[2025-09-23T12:53:52.878+0300] {logging_mixin.py:190} INFO - [2025-09-23T12:53:52.878+0300] {dagbag.py:588} INFO - Filling up the DagBag from /Library/Frameworks/Python.framework/Versions/3.10/lib/python3.10/site-packages/airflow/example_dags/example_xcomargs.py
[2025-09-23T12:53:52.894+0300] {processor.py:925} INFO - DAG(s) 'example_xcom_args_with_operators', 'example_xcom_args' retrieved from /Library/Frameworks/Python.framework/Versions/3.10/lib/python3.10/site-packages/airflow/example_dags/example_xcomargs.py
[2025-09-23T12:53:52.931+0300] {logging_mixin.py:190} INFO - [2025-09-23T12:53:52.930+0300] {dag.py:3239} INFO - Sync 2 DAGs
[2025-09-23T12:53:52.934+0300] {logging_mixin.py:190} INFO - [2025-09-23T12:53:52.934+0300] {dag.py:4180} INFO - Setting next_dagrun for example_xcom_args to None, run_after=None
[2025-09-23T12:53:52.935+0300] {logging_mixin.py:190} INFO - [2025-09-23T12:53:52.935+0300] {dag.py:4180} INFO - Setting next_dagrun for example_xcom_args_with_operators to None, run_after=None
[2025-09-23T12:53:52.940+0300] {processor.py:208} INFO - Processing /Library/Frameworks/Python.framework/Versions/3.10/lib/python3.10/site-packages/airflow/example_dags/example_xcomargs.py took 0.064 seconds
[2025-09-23T12:55:47.020+0300] {processor.py:186} INFO - Started process (PID=69772) to work on /Library/Frameworks/Python.framework/Versions/3.10/lib/python3.10/site-packages/airflow/example_dags/example_xcomargs.py
[2025-09-23T12:55:47.021+0300] {processor.py:914} INFO - Processing file /Library/Frameworks/Python.framework/Versions/3.10/lib/python3.10/site-packages/airflow/example_dags/example_xcomargs.py for tasks to queue
[2025-09-23T12:55:47.021+0300] {logging_mixin.py:190} INFO - [2025-09-23T12:55:47.021+0300] {dagbag.py:588} INFO - Filling up the DagBag from /Library/Frameworks/Python.framework/Versions/3.10/lib/python3.10/site-packages/airflow/example_dags/example_xcomargs.py
[2025-09-23T12:55:47.037+0300] {processor.py:925} INFO - DAG(s) 'example_xcom_args_with_operators', 'example_xcom_args' retrieved from /Library/Frameworks/Python.framework/Versions/3.10/lib/python3.10/site-packages/airflow/example_dags/example_xcomargs.py
[2025-09-23T12:55:47.073+0300] {logging_mixin.py:190} INFO - [2025-09-23T12:55:47.073+0300] {dag.py:3239} INFO - Sync 2 DAGs
[2025-09-23T12:55:47.077+0300] {logging_mixin.py:190} INFO - [2025-09-23T12:55:47.077+0300] {dag.py:4180} INFO - Setting next_dagrun for example_xcom_args to None, run_after=None
[2025-09-23T12:55:47.078+0300] {logging_mixin.py:190} INFO - [2025-09-23T12:55:47.078+0300] {dag.py:4180} INFO - Setting next_dagrun for example_xcom_args_with_operators to None, run_after=None
[2025-09-23T12:55:47.085+0300] {processor.py:208} INFO - Processing /Library/Frameworks/Python.framework/Versions/3.10/lib/python3.10/site-packages/airflow/example_dags/example_xcomargs.py took 0.066 seconds
[2025-09-23T12:57:04.209+0300] {processor.py:186} INFO - Started process (PID=70230) to work on /Library/Frameworks/Python.framework/Versions/3.10/lib/python3.10/site-packages/airflow/example_dags/example_xcomargs.py
[2025-09-23T12:57:04.209+0300] {processor.py:914} INFO - Processing file /Library/Frameworks/Python.framework/Versions/3.10/lib/python3.10/site-packages/airflow/example_dags/example_xcomargs.py for tasks to queue
[2025-09-23T12:57:04.210+0300] {logging_mixin.py:190} INFO - [2025-09-23T12:57:04.210+0300] {dagbag.py:588} INFO - Filling up the DagBag from /Library/Frameworks/Python.framework/Versions/3.10/lib/python3.10/site-packages/airflow/example_dags/example_xcomargs.py
[2025-09-23T12:57:04.225+0300] {processor.py:925} INFO - DAG(s) 'example_xcom_args_with_operators', 'example_xcom_args' retrieved from /Library/Frameworks/Python.framework/Versions/3.10/lib/python3.10/site-packages/airflow/example_dags/example_xcomargs.py
[2025-09-23T12:57:04.261+0300] {logging_mixin.py:190} INFO - [2025-09-23T12:57:04.261+0300] {dag.py:3239} INFO - Sync 2 DAGs
[2025-09-23T12:57:04.264+0300] {logging_mixin.py:190} INFO - [2025-09-23T12:57:04.264+0300] {dag.py:4180} INFO - Setting next_dagrun for example_xcom_args to None, run_after=None
[2025-09-23T12:57:04.265+0300] {logging_mixin.py:190} INFO - [2025-09-23T12:57:04.265+0300] {dag.py:4180} INFO - Setting next_dagrun for example_xcom_args_with_operators to None, run_after=None
[2025-09-23T12:57:04.271+0300] {processor.py:208} INFO - Processing /Library/Frameworks/Python.framework/Versions/3.10/lib/python3.10/site-packages/airflow/example_dags/example_xcomargs.py took 0.063 seconds
[2025-09-23T12:58:19.759+0300] {processor.py:186} INFO - Started process (PID=70660) to work on /Library/Frameworks/Python.framework/Versions/3.10/lib/python3.10/site-packages/airflow/example_dags/example_xcomargs.py
[2025-09-23T12:58:19.760+0300] {processor.py:914} INFO - Processing file /Library/Frameworks/Python.framework/Versions/3.10/lib/python3.10/site-packages/airflow/example_dags/example_xcomargs.py for tasks to queue
[2025-09-23T12:58:19.760+0300] {logging_mixin.py:190} INFO - [2025-09-23T12:58:19.760+0300] {dagbag.py:588} INFO - Filling up the DagBag from /Library/Frameworks/Python.framework/Versions/3.10/lib/python3.10/site-packages/airflow/example_dags/example_xcomargs.py
[2025-09-23T12:58:19.775+0300] {processor.py:925} INFO - DAG(s) 'example_xcom_args_with_operators', 'example_xcom_args' retrieved from /Library/Frameworks/Python.framework/Versions/3.10/lib/python3.10/site-packages/airflow/example_dags/example_xcomargs.py
[2025-09-23T12:58:19.810+0300] {logging_mixin.py:190} INFO - [2025-09-23T12:58:19.810+0300] {dag.py:3239} INFO - Sync 2 DAGs
[2025-09-23T12:58:19.814+0300] {logging_mixin.py:190} INFO - [2025-09-23T12:58:19.814+0300] {dag.py:4180} INFO - Setting next_dagrun for example_xcom_args to None, run_after=None
[2025-09-23T12:58:19.815+0300] {logging_mixin.py:190} INFO - [2025-09-23T12:58:19.815+0300] {dag.py:4180} INFO - Setting next_dagrun for example_xcom_args_with_operators to None, run_after=None
[2025-09-23T12:58:19.820+0300] {processor.py:208} INFO - Processing /Library/Frameworks/Python.framework/Versions/3.10/lib/python3.10/site-packages/airflow/example_dags/example_xcomargs.py took 0.062 seconds
[2025-09-23T12:59:32.330+0300] {processor.py:186} INFO - Started process (PID=71104) to work on /Library/Frameworks/Python.framework/Versions/3.10/lib/python3.10/site-packages/airflow/example_dags/example_xcomargs.py
[2025-09-23T12:59:32.331+0300] {processor.py:914} INFO - Processing file /Library/Frameworks/Python.framework/Versions/3.10/lib/python3.10/site-packages/airflow/example_dags/example_xcomargs.py for tasks to queue
[2025-09-23T12:59:32.331+0300] {logging_mixin.py:190} INFO - [2025-09-23T12:59:32.331+0300] {dagbag.py:588} INFO - Filling up the DagBag from /Library/Frameworks/Python.framework/Versions/3.10/lib/python3.10/site-packages/airflow/example_dags/example_xcomargs.py
[2025-09-23T12:59:32.347+0300] {processor.py:925} INFO - DAG(s) 'example_xcom_args_with_operators', 'example_xcom_args' retrieved from /Library/Frameworks/Python.framework/Versions/3.10/lib/python3.10/site-packages/airflow/example_dags/example_xcomargs.py
[2025-09-23T12:59:32.384+0300] {logging_mixin.py:190} INFO - [2025-09-23T12:59:32.384+0300] {dag.py:3239} INFO - Sync 2 DAGs
[2025-09-23T12:59:32.388+0300] {logging_mixin.py:190} INFO - [2025-09-23T12:59:32.388+0300] {dag.py:4180} INFO - Setting next_dagrun for example_xcom_args to None, run_after=None
[2025-09-23T12:59:32.389+0300] {logging_mixin.py:190} INFO - [2025-09-23T12:59:32.389+0300] {dag.py:4180} INFO - Setting next_dagrun for example_xcom_args_with_operators to None, run_after=None
[2025-09-23T12:59:32.394+0300] {processor.py:208} INFO - Processing /Library/Frameworks/Python.framework/Versions/3.10/lib/python3.10/site-packages/airflow/example_dags/example_xcomargs.py took 0.065 seconds
