[2025-09-23T12:55:11.311+0300] {processor.py:186} INFO - Started process (PID=69573) to work on /Library/Frameworks/Python.framework/Versions/3.10/lib/python3.10/site-packages/airflow/example_dags/example_dag_decorator.py
[2025-09-23T12:55:11.311+0300] {processor.py:914} INFO - Processing file /Library/Frameworks/Python.framework/Versions/3.10/lib/python3.10/site-packages/airflow/example_dags/example_dag_decorator.py for tasks to queue
[2025-09-23T12:55:11.312+0300] {logging_mixin.py:190} INFO - [2025-09-23T12:55:11.312+0300] {dagbag.py:588} INFO - Filling up the DagBag from /Library/Frameworks/Python.framework/Versions/3.10/lib/python3.10/site-packages/airflow/example_dags/example_dag_decorator.py
[2025-09-23T12:55:11.381+0300] {processor.py:925} INFO - DAG(s) 'example_dag_decorator' retrieved from /Library/Frameworks/Python.framework/Versions/3.10/lib/python3.10/site-packages/airflow/example_dags/example_dag_decorator.py
[2025-09-23T12:55:11.468+0300] {logging_mixin.py:190} INFO - [2025-09-23T12:55:11.468+0300] {dag.py:3239} INFO - Sync 1 DAGs
[2025-09-23T12:55:11.471+0300] {logging_mixin.py:190} INFO - [2025-09-23T12:55:11.471+0300] {dag.py:4180} INFO - Setting next_dagrun for example_dag_decorator to None, run_after=None
[2025-09-23T12:55:11.478+0300] {processor.py:208} INFO - Processing /Library/Frameworks/Python.framework/Versions/3.10/lib/python3.10/site-packages/airflow/example_dags/example_dag_decorator.py took 0.168 seconds
[2025-09-23T12:57:43.027+0300] {processor.py:186} INFO - Started process (PID=70438) to work on /Library/Frameworks/Python.framework/Versions/3.10/lib/python3.10/site-packages/airflow/example_dags/example_dag_decorator.py
[2025-09-23T12:57:43.028+0300] {processor.py:914} INFO - Processing file /Library/Frameworks/Python.framework/Versions/3.10/lib/python3.10/site-packages/airflow/example_dags/example_dag_decorator.py for tasks to queue
[2025-09-23T12:57:43.028+0300] {logging_mixin.py:190} INFO - [2025-09-23T12:57:43.028+0300] {dagbag.py:588} INFO - Filling up the DagBag from /Library/Frameworks/Python.framework/Versions/3.10/lib/python3.10/site-packages/airflow/example_dags/example_dag_decorator.py
[2025-09-23T12:57:43.076+0300] {processor.py:925} INFO - DAG(s) 'example_dag_decorator' retrieved from /Library/Frameworks/Python.framework/Versions/3.10/lib/python3.10/site-packages/airflow/example_dags/example_dag_decorator.py
[2025-09-23T12:57:43.155+0300] {logging_mixin.py:190} INFO - [2025-09-23T12:57:43.155+0300] {dag.py:3239} INFO - Sync 1 DAGs
[2025-09-23T12:57:43.158+0300] {logging_mixin.py:190} INFO - [2025-09-23T12:57:43.158+0300] {dag.py:4180} INFO - Setting next_dagrun for example_dag_decorator to None, run_after=None
[2025-09-23T12:57:43.165+0300] {processor.py:208} INFO - Processing /Library/Frameworks/Python.framework/Versions/3.10/lib/python3.10/site-packages/airflow/example_dags/example_dag_decorator.py took 0.138 seconds
[2025-09-23T14:48:47.100+0300] {processor.py:186} INFO - Started process (PID=81875) to work on /Library/Frameworks/Python.framework/Versions/3.10/lib/python3.10/site-packages/airflow/example_dags/example_dag_decorator.py
[2025-09-23T14:48:47.101+0300] {processor.py:914} INFO - Processing file /Library/Frameworks/Python.framework/Versions/3.10/lib/python3.10/site-packages/airflow/example_dags/example_dag_decorator.py for tasks to queue
[2025-09-23T14:48:47.102+0300] {logging_mixin.py:190} INFO - [2025-09-23T14:48:47.101+0300] {dagbag.py:588} INFO - Filling up the DagBag from /Library/Frameworks/Python.framework/Versions/3.10/lib/python3.10/site-packages/airflow/example_dags/example_dag_decorator.py
[2025-09-23T14:48:47.149+0300] {processor.py:925} INFO - DAG(s) 'example_dag_decorator' retrieved from /Library/Frameworks/Python.framework/Versions/3.10/lib/python3.10/site-packages/airflow/example_dags/example_dag_decorator.py
[2025-09-23T14:48:47.231+0300] {logging_mixin.py:190} INFO - [2025-09-23T14:48:47.231+0300] {dag.py:3239} INFO - Sync 1 DAGs
[2025-09-23T14:48:47.235+0300] {logging_mixin.py:190} INFO - [2025-09-23T14:48:47.235+0300] {dag.py:4180} INFO - Setting next_dagrun for example_dag_decorator to None, run_after=None
[2025-09-23T14:48:47.241+0300] {processor.py:208} INFO - Processing /Library/Frameworks/Python.framework/Versions/3.10/lib/python3.10/site-packages/airflow/example_dags/example_dag_decorator.py took 0.142 seconds
[2025-09-23T14:51:09.221+0300] {processor.py:186} INFO - Started process (PID=82690) to work on /Library/Frameworks/Python.framework/Versions/3.10/lib/python3.10/site-packages/airflow/example_dags/example_dag_decorator.py
[2025-09-23T14:51:09.221+0300] {processor.py:914} INFO - Processing file /Library/Frameworks/Python.framework/Versions/3.10/lib/python3.10/site-packages/airflow/example_dags/example_dag_decorator.py for tasks to queue
[2025-09-23T14:51:09.222+0300] {logging_mixin.py:190} INFO - [2025-09-23T14:51:09.222+0300] {dagbag.py:588} INFO - Filling up the DagBag from /Library/Frameworks/Python.framework/Versions/3.10/lib/python3.10/site-packages/airflow/example_dags/example_dag_decorator.py
[2025-09-23T14:51:09.271+0300] {processor.py:925} INFO - DAG(s) 'example_dag_decorator' retrieved from /Library/Frameworks/Python.framework/Versions/3.10/lib/python3.10/site-packages/airflow/example_dags/example_dag_decorator.py
[2025-09-23T14:51:09.349+0300] {logging_mixin.py:190} INFO - [2025-09-23T14:51:09.349+0300] {dag.py:3239} INFO - Sync 1 DAGs
[2025-09-23T14:51:09.353+0300] {logging_mixin.py:190} INFO - [2025-09-23T14:51:09.352+0300] {dag.py:4180} INFO - Setting next_dagrun for example_dag_decorator to None, run_after=None
[2025-09-23T14:51:09.359+0300] {processor.py:208} INFO - Processing /Library/Frameworks/Python.framework/Versions/3.10/lib/python3.10/site-packages/airflow/example_dags/example_dag_decorator.py took 0.139 seconds
[2025-09-23T14:53:34.298+0300] {processor.py:186} INFO - Started process (PID=83561) to work on /Library/Frameworks/Python.framework/Versions/3.10/lib/python3.10/site-packages/airflow/example_dags/example_dag_decorator.py
[2025-09-23T14:53:34.299+0300] {processor.py:914} INFO - Processing file /Library/Frameworks/Python.framework/Versions/3.10/lib/python3.10/site-packages/airflow/example_dags/example_dag_decorator.py for tasks to queue
[2025-09-23T14:53:34.299+0300] {logging_mixin.py:190} INFO - [2025-09-23T14:53:34.299+0300] {dagbag.py:588} INFO - Filling up the DagBag from /Library/Frameworks/Python.framework/Versions/3.10/lib/python3.10/site-packages/airflow/example_dags/example_dag_decorator.py
[2025-09-23T14:53:34.347+0300] {processor.py:925} INFO - DAG(s) 'example_dag_decorator' retrieved from /Library/Frameworks/Python.framework/Versions/3.10/lib/python3.10/site-packages/airflow/example_dags/example_dag_decorator.py
[2025-09-23T14:53:34.425+0300] {logging_mixin.py:190} INFO - [2025-09-23T14:53:34.425+0300] {dag.py:3239} INFO - Sync 1 DAGs
[2025-09-23T14:53:34.429+0300] {logging_mixin.py:190} INFO - [2025-09-23T14:53:34.428+0300] {dag.py:4180} INFO - Setting next_dagrun for example_dag_decorator to None, run_after=None
[2025-09-23T14:53:34.434+0300] {processor.py:208} INFO - Processing /Library/Frameworks/Python.framework/Versions/3.10/lib/python3.10/site-packages/airflow/example_dags/example_dag_decorator.py took 0.138 seconds
[2025-09-23T14:56:52.492+0300] {processor.py:186} INFO - Started process (PID=84941) to work on /Library/Frameworks/Python.framework/Versions/3.10/lib/python3.10/site-packages/airflow/example_dags/example_dag_decorator.py
[2025-09-23T14:56:52.493+0300] {processor.py:914} INFO - Processing file /Library/Frameworks/Python.framework/Versions/3.10/lib/python3.10/site-packages/airflow/example_dags/example_dag_decorator.py for tasks to queue
[2025-09-23T14:56:52.493+0300] {logging_mixin.py:190} INFO - [2025-09-23T14:56:52.493+0300] {dagbag.py:588} INFO - Filling up the DagBag from /Library/Frameworks/Python.framework/Versions/3.10/lib/python3.10/site-packages/airflow/example_dags/example_dag_decorator.py
[2025-09-23T14:56:52.551+0300] {processor.py:925} INFO - DAG(s) 'example_dag_decorator' retrieved from /Library/Frameworks/Python.framework/Versions/3.10/lib/python3.10/site-packages/airflow/example_dags/example_dag_decorator.py
[2025-09-23T14:56:52.630+0300] {logging_mixin.py:190} INFO - [2025-09-23T14:56:52.630+0300] {dag.py:3239} INFO - Sync 1 DAGs
[2025-09-23T14:56:52.634+0300] {logging_mixin.py:190} INFO - [2025-09-23T14:56:52.633+0300] {dag.py:4180} INFO - Setting next_dagrun for example_dag_decorator to None, run_after=None
[2025-09-23T14:56:52.640+0300] {processor.py:208} INFO - Processing /Library/Frameworks/Python.framework/Versions/3.10/lib/python3.10/site-packages/airflow/example_dags/example_dag_decorator.py took 0.149 seconds
