[2025-09-23T12:54:27.499+0300] {processor.py:186} INFO - Started process (PID=69334) to work on /Library/Frameworks/Python.framework/Versions/3.10/lib/python3.10/site-packages/airflow/example_dags/example_short_circuit_decorator.py
[2025-09-23T12:54:27.500+0300] {processor.py:914} INFO - Processing file /Library/Frameworks/Python.framework/Versions/3.10/lib/python3.10/site-packages/airflow/example_dags/example_short_circuit_decorator.py for tasks to queue
[2025-09-23T12:54:27.500+0300] {logging_mixin.py:190} INFO - [2025-09-23T12:54:27.500+0300] {dagbag.py:588} INFO - Filling up the DagBag from /Library/Frameworks/Python.framework/Versions/3.10/lib/python3.10/site-packages/airflow/example_dags/example_short_circuit_decorator.py
[2025-09-23T12:54:27.516+0300] {processor.py:925} INFO - DAG(s) 'example_short_circuit_decorator' retrieved from /Library/Frameworks/Python.framework/Versions/3.10/lib/python3.10/site-packages/airflow/example_dags/example_short_circuit_decorator.py
[2025-09-23T12:54:27.552+0300] {logging_mixin.py:190} INFO - [2025-09-23T12:54:27.551+0300] {dag.py:3239} INFO - Sync 1 DAGs
[2025-09-23T12:54:27.555+0300] {logging_mixin.py:190} INFO - [2025-09-23T12:54:27.555+0300] {dag.py:4180} INFO - Setting next_dagrun for example_short_circuit_decorator to None, run_after=None
[2025-09-23T12:54:27.561+0300] {processor.py:208} INFO - Processing /Library/Frameworks/Python.framework/Versions/3.10/lib/python3.10/site-packages/airflow/example_dags/example_short_circuit_decorator.py took 0.063 seconds
[2025-09-23T12:56:10.134+0300] {processor.py:186} INFO - Started process (PID=69898) to work on /Library/Frameworks/Python.framework/Versions/3.10/lib/python3.10/site-packages/airflow/example_dags/example_short_circuit_decorator.py
[2025-09-23T12:56:10.136+0300] {processor.py:914} INFO - Processing file /Library/Frameworks/Python.framework/Versions/3.10/lib/python3.10/site-packages/airflow/example_dags/example_short_circuit_decorator.py for tasks to queue
[2025-09-23T12:56:10.136+0300] {logging_mixin.py:190} INFO - [2025-09-23T12:56:10.136+0300] {dagbag.py:588} INFO - Filling up the DagBag from /Library/Frameworks/Python.framework/Versions/3.10/lib/python3.10/site-packages/airflow/example_dags/example_short_circuit_decorator.py
[2025-09-23T12:56:10.150+0300] {processor.py:925} INFO - DAG(s) 'example_short_circuit_decorator' retrieved from /Library/Frameworks/Python.framework/Versions/3.10/lib/python3.10/site-packages/airflow/example_dags/example_short_circuit_decorator.py
[2025-09-23T12:56:10.185+0300] {logging_mixin.py:190} INFO - [2025-09-23T12:56:10.185+0300] {dag.py:3239} INFO - Sync 1 DAGs
[2025-09-23T12:56:10.188+0300] {logging_mixin.py:190} INFO - [2025-09-23T12:56:10.188+0300] {dag.py:4180} INFO - Setting next_dagrun for example_short_circuit_decorator to None, run_after=None
[2025-09-23T12:56:10.194+0300] {processor.py:208} INFO - Processing /Library/Frameworks/Python.framework/Versions/3.10/lib/python3.10/site-packages/airflow/example_dags/example_short_circuit_decorator.py took 0.061 seconds
[2025-09-23T12:57:28.289+0300] {processor.py:186} INFO - Started process (PID=70355) to work on /Library/Frameworks/Python.framework/Versions/3.10/lib/python3.10/site-packages/airflow/example_dags/example_short_circuit_decorator.py
[2025-09-23T12:57:28.290+0300] {processor.py:914} INFO - Processing file /Library/Frameworks/Python.framework/Versions/3.10/lib/python3.10/site-packages/airflow/example_dags/example_short_circuit_decorator.py for tasks to queue
[2025-09-23T12:57:28.290+0300] {logging_mixin.py:190} INFO - [2025-09-23T12:57:28.290+0300] {dagbag.py:588} INFO - Filling up the DagBag from /Library/Frameworks/Python.framework/Versions/3.10/lib/python3.10/site-packages/airflow/example_dags/example_short_circuit_decorator.py
[2025-09-23T12:57:28.306+0300] {processor.py:925} INFO - DAG(s) 'example_short_circuit_decorator' retrieved from /Library/Frameworks/Python.framework/Versions/3.10/lib/python3.10/site-packages/airflow/example_dags/example_short_circuit_decorator.py
[2025-09-23T12:57:28.341+0300] {logging_mixin.py:190} INFO - [2025-09-23T12:57:28.341+0300] {dag.py:3239} INFO - Sync 1 DAGs
[2025-09-23T12:57:28.345+0300] {logging_mixin.py:190} INFO - [2025-09-23T12:57:28.345+0300] {dag.py:4180} INFO - Setting next_dagrun for example_short_circuit_decorator to None, run_after=None
[2025-09-23T12:57:28.351+0300] {processor.py:208} INFO - Processing /Library/Frameworks/Python.framework/Versions/3.10/lib/python3.10/site-packages/airflow/example_dags/example_short_circuit_decorator.py took 0.063 seconds
[2025-09-23T12:58:42.146+0300] {processor.py:186} INFO - Started process (PID=70795) to work on /Library/Frameworks/Python.framework/Versions/3.10/lib/python3.10/site-packages/airflow/example_dags/example_short_circuit_decorator.py
[2025-09-23T12:58:42.146+0300] {processor.py:914} INFO - Processing file /Library/Frameworks/Python.framework/Versions/3.10/lib/python3.10/site-packages/airflow/example_dags/example_short_circuit_decorator.py for tasks to queue
[2025-09-23T12:58:42.147+0300] {logging_mixin.py:190} INFO - [2025-09-23T12:58:42.147+0300] {dagbag.py:588} INFO - Filling up the DagBag from /Library/Frameworks/Python.framework/Versions/3.10/lib/python3.10/site-packages/airflow/example_dags/example_short_circuit_decorator.py
[2025-09-23T12:58:42.162+0300] {processor.py:925} INFO - DAG(s) 'example_short_circuit_decorator' retrieved from /Library/Frameworks/Python.framework/Versions/3.10/lib/python3.10/site-packages/airflow/example_dags/example_short_circuit_decorator.py
[2025-09-23T12:58:42.200+0300] {logging_mixin.py:190} INFO - [2025-09-23T12:58:42.200+0300] {dag.py:3239} INFO - Sync 1 DAGs
[2025-09-23T12:58:42.204+0300] {logging_mixin.py:190} INFO - [2025-09-23T12:58:42.204+0300] {dag.py:4180} INFO - Setting next_dagrun for example_short_circuit_decorator to None, run_after=None
[2025-09-23T12:58:42.210+0300] {processor.py:208} INFO - Processing /Library/Frameworks/Python.framework/Versions/3.10/lib/python3.10/site-packages/airflow/example_dags/example_short_circuit_decorator.py took 0.065 seconds
[2025-09-23T14:48:03.658+0300] {processor.py:186} INFO - Started process (PID=81622) to work on /Library/Frameworks/Python.framework/Versions/3.10/lib/python3.10/site-packages/airflow/example_dags/example_short_circuit_decorator.py
[2025-09-23T14:48:03.660+0300] {processor.py:914} INFO - Processing file /Library/Frameworks/Python.framework/Versions/3.10/lib/python3.10/site-packages/airflow/example_dags/example_short_circuit_decorator.py for tasks to queue
[2025-09-23T14:48:03.660+0300] {logging_mixin.py:190} INFO - [2025-09-23T14:48:03.660+0300] {dagbag.py:588} INFO - Filling up the DagBag from /Library/Frameworks/Python.framework/Versions/3.10/lib/python3.10/site-packages/airflow/example_dags/example_short_circuit_decorator.py
[2025-09-23T14:48:03.674+0300] {processor.py:925} INFO - DAG(s) 'example_short_circuit_decorator' retrieved from /Library/Frameworks/Python.framework/Versions/3.10/lib/python3.10/site-packages/airflow/example_dags/example_short_circuit_decorator.py
[2025-09-23T14:48:03.709+0300] {logging_mixin.py:190} INFO - [2025-09-23T14:48:03.709+0300] {dag.py:3239} INFO - Sync 1 DAGs
[2025-09-23T14:48:03.712+0300] {logging_mixin.py:190} INFO - [2025-09-23T14:48:03.712+0300] {dag.py:4180} INFO - Setting next_dagrun for example_short_circuit_decorator to None, run_after=None
[2025-09-23T14:48:03.718+0300] {processor.py:208} INFO - Processing /Library/Frameworks/Python.framework/Versions/3.10/lib/python3.10/site-packages/airflow/example_dags/example_short_circuit_decorator.py took 0.061 seconds
[2025-09-23T14:49:44.153+0300] {processor.py:186} INFO - Started process (PID=82212) to work on /Library/Frameworks/Python.framework/Versions/3.10/lib/python3.10/site-packages/airflow/example_dags/example_short_circuit_decorator.py
[2025-09-23T14:49:44.154+0300] {processor.py:914} INFO - Processing file /Library/Frameworks/Python.framework/Versions/3.10/lib/python3.10/site-packages/airflow/example_dags/example_short_circuit_decorator.py for tasks to queue
[2025-09-23T14:49:44.154+0300] {logging_mixin.py:190} INFO - [2025-09-23T14:49:44.154+0300] {dagbag.py:588} INFO - Filling up the DagBag from /Library/Frameworks/Python.framework/Versions/3.10/lib/python3.10/site-packages/airflow/example_dags/example_short_circuit_decorator.py
[2025-09-23T14:49:44.171+0300] {processor.py:925} INFO - DAG(s) 'example_short_circuit_decorator' retrieved from /Library/Frameworks/Python.framework/Versions/3.10/lib/python3.10/site-packages/airflow/example_dags/example_short_circuit_decorator.py
[2025-09-23T14:49:44.207+0300] {logging_mixin.py:190} INFO - [2025-09-23T14:49:44.207+0300] {dag.py:3239} INFO - Sync 1 DAGs
[2025-09-23T14:49:44.211+0300] {logging_mixin.py:190} INFO - [2025-09-23T14:49:44.211+0300] {dag.py:4180} INFO - Setting next_dagrun for example_short_circuit_decorator to None, run_after=None
[2025-09-23T14:49:44.217+0300] {processor.py:208} INFO - Processing /Library/Frameworks/Python.framework/Versions/3.10/lib/python3.10/site-packages/airflow/example_dags/example_short_circuit_decorator.py took 0.066 seconds
[2025-09-23T14:52:09.879+0300] {processor.py:186} INFO - Started process (PID=83097) to work on /Library/Frameworks/Python.framework/Versions/3.10/lib/python3.10/site-packages/airflow/example_dags/example_short_circuit_decorator.py
[2025-09-23T14:52:09.879+0300] {processor.py:914} INFO - Processing file /Library/Frameworks/Python.framework/Versions/3.10/lib/python3.10/site-packages/airflow/example_dags/example_short_circuit_decorator.py for tasks to queue
[2025-09-23T14:52:09.880+0300] {logging_mixin.py:190} INFO - [2025-09-23T14:52:09.880+0300] {dagbag.py:588} INFO - Filling up the DagBag from /Library/Frameworks/Python.framework/Versions/3.10/lib/python3.10/site-packages/airflow/example_dags/example_short_circuit_decorator.py
[2025-09-23T14:52:09.894+0300] {processor.py:925} INFO - DAG(s) 'example_short_circuit_decorator' retrieved from /Library/Frameworks/Python.framework/Versions/3.10/lib/python3.10/site-packages/airflow/example_dags/example_short_circuit_decorator.py
[2025-09-23T14:52:09.929+0300] {logging_mixin.py:190} INFO - [2025-09-23T14:52:09.928+0300] {dag.py:3239} INFO - Sync 1 DAGs
[2025-09-23T14:52:09.932+0300] {logging_mixin.py:190} INFO - [2025-09-23T14:52:09.932+0300] {dag.py:4180} INFO - Setting next_dagrun for example_short_circuit_decorator to None, run_after=None
[2025-09-23T14:52:09.938+0300] {processor.py:208} INFO - Processing /Library/Frameworks/Python.framework/Versions/3.10/lib/python3.10/site-packages/airflow/example_dags/example_short_circuit_decorator.py took 0.060 seconds
[2025-09-23T14:53:20.783+0300] {processor.py:186} INFO - Started process (PID=83489) to work on /Library/Frameworks/Python.framework/Versions/3.10/lib/python3.10/site-packages/airflow/example_dags/example_short_circuit_decorator.py
[2025-09-23T14:53:20.784+0300] {processor.py:914} INFO - Processing file /Library/Frameworks/Python.framework/Versions/3.10/lib/python3.10/site-packages/airflow/example_dags/example_short_circuit_decorator.py for tasks to queue
[2025-09-23T14:53:20.785+0300] {logging_mixin.py:190} INFO - [2025-09-23T14:53:20.785+0300] {dagbag.py:588} INFO - Filling up the DagBag from /Library/Frameworks/Python.framework/Versions/3.10/lib/python3.10/site-packages/airflow/example_dags/example_short_circuit_decorator.py
[2025-09-23T14:53:20.799+0300] {processor.py:925} INFO - DAG(s) 'example_short_circuit_decorator' retrieved from /Library/Frameworks/Python.framework/Versions/3.10/lib/python3.10/site-packages/airflow/example_dags/example_short_circuit_decorator.py
[2025-09-23T14:53:20.834+0300] {logging_mixin.py:190} INFO - [2025-09-23T14:53:20.834+0300] {dag.py:3239} INFO - Sync 1 DAGs
[2025-09-23T14:53:20.837+0300] {logging_mixin.py:190} INFO - [2025-09-23T14:53:20.837+0300] {dag.py:4180} INFO - Setting next_dagrun for example_short_circuit_decorator to None, run_after=None
[2025-09-23T14:53:20.843+0300] {processor.py:208} INFO - Processing /Library/Frameworks/Python.framework/Versions/3.10/lib/python3.10/site-packages/airflow/example_dags/example_short_circuit_decorator.py took 0.061 seconds
[2025-09-23T14:55:23.170+0300] {processor.py:186} INFO - Started process (PID=84383) to work on /Library/Frameworks/Python.framework/Versions/3.10/lib/python3.10/site-packages/airflow/example_dags/example_short_circuit_decorator.py
[2025-09-23T14:55:23.172+0300] {processor.py:914} INFO - Processing file /Library/Frameworks/Python.framework/Versions/3.10/lib/python3.10/site-packages/airflow/example_dags/example_short_circuit_decorator.py for tasks to queue
[2025-09-23T14:55:23.173+0300] {logging_mixin.py:190} INFO - [2025-09-23T14:55:23.172+0300] {dagbag.py:588} INFO - Filling up the DagBag from /Library/Frameworks/Python.framework/Versions/3.10/lib/python3.10/site-packages/airflow/example_dags/example_short_circuit_decorator.py
[2025-09-23T14:55:23.193+0300] {processor.py:925} INFO - DAG(s) 'example_short_circuit_decorator' retrieved from /Library/Frameworks/Python.framework/Versions/3.10/lib/python3.10/site-packages/airflow/example_dags/example_short_circuit_decorator.py
[2025-09-23T14:55:23.232+0300] {logging_mixin.py:190} INFO - [2025-09-23T14:55:23.232+0300] {dag.py:3239} INFO - Sync 1 DAGs
[2025-09-23T14:55:23.236+0300] {logging_mixin.py:190} INFO - [2025-09-23T14:55:23.236+0300] {dag.py:4180} INFO - Setting next_dagrun for example_short_circuit_decorator to None, run_after=None
[2025-09-23T14:55:23.242+0300] {processor.py:208} INFO - Processing /Library/Frameworks/Python.framework/Versions/3.10/lib/python3.10/site-packages/airflow/example_dags/example_short_circuit_decorator.py took 0.074 seconds
[2025-09-23T14:56:37.221+0300] {processor.py:186} INFO - Started process (PID=84855) to work on /Library/Frameworks/Python.framework/Versions/3.10/lib/python3.10/site-packages/airflow/example_dags/example_short_circuit_decorator.py
[2025-09-23T14:56:37.221+0300] {processor.py:914} INFO - Processing file /Library/Frameworks/Python.framework/Versions/3.10/lib/python3.10/site-packages/airflow/example_dags/example_short_circuit_decorator.py for tasks to queue
[2025-09-23T14:56:37.222+0300] {logging_mixin.py:190} INFO - [2025-09-23T14:56:37.222+0300] {dagbag.py:588} INFO - Filling up the DagBag from /Library/Frameworks/Python.framework/Versions/3.10/lib/python3.10/site-packages/airflow/example_dags/example_short_circuit_decorator.py
[2025-09-23T14:56:37.237+0300] {processor.py:925} INFO - DAG(s) 'example_short_circuit_decorator' retrieved from /Library/Frameworks/Python.framework/Versions/3.10/lib/python3.10/site-packages/airflow/example_dags/example_short_circuit_decorator.py
[2025-09-23T14:56:37.274+0300] {logging_mixin.py:190} INFO - [2025-09-23T14:56:37.274+0300] {dag.py:3239} INFO - Sync 1 DAGs
[2025-09-23T14:56:37.278+0300] {logging_mixin.py:190} INFO - [2025-09-23T14:56:37.278+0300] {dag.py:4180} INFO - Setting next_dagrun for example_short_circuit_decorator to None, run_after=None
[2025-09-23T14:56:37.283+0300] {processor.py:208} INFO - Processing /Library/Frameworks/Python.framework/Versions/3.10/lib/python3.10/site-packages/airflow/example_dags/example_short_circuit_decorator.py took 0.064 seconds
