[2025-09-23T12:53:24.096+0300] {processor.py:186} INFO - Started process (PID=68922) to work on /Library/Frameworks/Python.framework/Versions/3.10/lib/python3.10/site-packages/airflow/example_dags/example_dataset_alias.py
[2025-09-23T12:53:24.096+0300] {processor.py:914} INFO - Processing file /Library/Frameworks/Python.framework/Versions/3.10/lib/python3.10/site-packages/airflow/example_dags/example_dataset_alias.py for tasks to queue
[2025-09-23T12:53:24.097+0300] {logging_mixin.py:190} INFO - [2025-09-23T12:53:24.096+0300] {dagbag.py:588} INFO - Filling up the DagBag from /Library/Frameworks/Python.framework/Versions/3.10/lib/python3.10/site-packages/airflow/example_dags/example_dataset_alias.py
[2025-09-23T12:53:24.160+0300] {processor.py:925} INFO - DAG(s) 'dataset_s3_bucket_producer', 'dataset_s3_bucket_consumer', 'dataset_alias_example_alias_producer', 'dataset_alias_example_alias_consumer' retrieved from /Library/Frameworks/Python.framework/Versions/3.10/lib/python3.10/site-packages/airflow/example_dags/example_dataset_alias.py
[2025-09-23T12:53:24.168+0300] {logging_mixin.py:190} INFO - [2025-09-23T12:53:24.168+0300] {dag.py:3239} INFO - Sync 4 DAGs
[2025-09-23T12:53:24.174+0300] {logging_mixin.py:190} INFO - [2025-09-23T12:53:24.174+0300] {dag.py:4180} INFO - Setting next_dagrun for dataset_alias_example_alias_consumer to None, run_after=None
[2025-09-23T12:53:24.175+0300] {logging_mixin.py:190} INFO - [2025-09-23T12:53:24.175+0300] {dag.py:4180} INFO - Setting next_dagrun for dataset_alias_example_alias_producer to None, run_after=None
[2025-09-23T12:53:24.175+0300] {logging_mixin.py:190} INFO - [2025-09-23T12:53:24.175+0300] {dag.py:4180} INFO - Setting next_dagrun for dataset_s3_bucket_consumer to None, run_after=None
[2025-09-23T12:53:24.176+0300] {logging_mixin.py:190} INFO - [2025-09-23T12:53:24.175+0300] {dag.py:4180} INFO - Setting next_dagrun for dataset_s3_bucket_producer to None, run_after=None
[2025-09-23T12:53:24.182+0300] {processor.py:208} INFO - Processing /Library/Frameworks/Python.framework/Versions/3.10/lib/python3.10/site-packages/airflow/example_dags/example_dataset_alias.py took 0.087 seconds
[2025-09-23T12:55:09.381+0300] {processor.py:186} INFO - Started process (PID=69561) to work on /Library/Frameworks/Python.framework/Versions/3.10/lib/python3.10/site-packages/airflow/example_dags/example_dataset_alias.py
[2025-09-23T12:55:09.381+0300] {processor.py:914} INFO - Processing file /Library/Frameworks/Python.framework/Versions/3.10/lib/python3.10/site-packages/airflow/example_dags/example_dataset_alias.py for tasks to queue
[2025-09-23T12:55:09.382+0300] {logging_mixin.py:190} INFO - [2025-09-23T12:55:09.382+0300] {dagbag.py:588} INFO - Filling up the DagBag from /Library/Frameworks/Python.framework/Versions/3.10/lib/python3.10/site-packages/airflow/example_dags/example_dataset_alias.py
[2025-09-23T12:55:09.451+0300] {processor.py:925} INFO - DAG(s) 'dataset_alias_example_alias_producer', 'dataset_s3_bucket_producer', 'dataset_alias_example_alias_consumer', 'dataset_s3_bucket_consumer' retrieved from /Library/Frameworks/Python.framework/Versions/3.10/lib/python3.10/site-packages/airflow/example_dags/example_dataset_alias.py
[2025-09-23T12:55:09.459+0300] {logging_mixin.py:190} INFO - [2025-09-23T12:55:09.459+0300] {dag.py:3239} INFO - Sync 4 DAGs
[2025-09-23T12:55:09.465+0300] {logging_mixin.py:190} INFO - [2025-09-23T12:55:09.465+0300] {dag.py:4180} INFO - Setting next_dagrun for dataset_alias_example_alias_consumer to None, run_after=None
[2025-09-23T12:55:09.466+0300] {logging_mixin.py:190} INFO - [2025-09-23T12:55:09.466+0300] {dag.py:4180} INFO - Setting next_dagrun for dataset_alias_example_alias_producer to None, run_after=None
[2025-09-23T12:55:09.467+0300] {logging_mixin.py:190} INFO - [2025-09-23T12:55:09.467+0300] {dag.py:4180} INFO - Setting next_dagrun for dataset_s3_bucket_consumer to None, run_after=None
[2025-09-23T12:55:09.467+0300] {logging_mixin.py:190} INFO - [2025-09-23T12:55:09.467+0300] {dag.py:4180} INFO - Setting next_dagrun for dataset_s3_bucket_producer to None, run_after=None
[2025-09-23T12:55:09.474+0300] {processor.py:208} INFO - Processing /Library/Frameworks/Python.framework/Versions/3.10/lib/python3.10/site-packages/airflow/example_dags/example_dataset_alias.py took 0.094 seconds
[2025-09-23T12:57:41.101+0300] {processor.py:186} INFO - Started process (PID=70426) to work on /Library/Frameworks/Python.framework/Versions/3.10/lib/python3.10/site-packages/airflow/example_dags/example_dataset_alias.py
[2025-09-23T12:57:41.102+0300] {processor.py:914} INFO - Processing file /Library/Frameworks/Python.framework/Versions/3.10/lib/python3.10/site-packages/airflow/example_dags/example_dataset_alias.py for tasks to queue
[2025-09-23T12:57:41.102+0300] {logging_mixin.py:190} INFO - [2025-09-23T12:57:41.102+0300] {dagbag.py:588} INFO - Filling up the DagBag from /Library/Frameworks/Python.framework/Versions/3.10/lib/python3.10/site-packages/airflow/example_dags/example_dataset_alias.py
[2025-09-23T12:57:41.164+0300] {processor.py:925} INFO - DAG(s) 'dataset_s3_bucket_consumer', 'dataset_s3_bucket_producer', 'dataset_alias_example_alias_producer', 'dataset_alias_example_alias_consumer' retrieved from /Library/Frameworks/Python.framework/Versions/3.10/lib/python3.10/site-packages/airflow/example_dags/example_dataset_alias.py
[2025-09-23T12:57:41.173+0300] {logging_mixin.py:190} INFO - [2025-09-23T12:57:41.173+0300] {dag.py:3239} INFO - Sync 4 DAGs
[2025-09-23T12:57:41.179+0300] {logging_mixin.py:190} INFO - [2025-09-23T12:57:41.179+0300] {dag.py:4180} INFO - Setting next_dagrun for dataset_alias_example_alias_consumer to None, run_after=None
[2025-09-23T12:57:41.179+0300] {logging_mixin.py:190} INFO - [2025-09-23T12:57:41.179+0300] {dag.py:4180} INFO - Setting next_dagrun for dataset_alias_example_alias_producer to None, run_after=None
[2025-09-23T12:57:41.180+0300] {logging_mixin.py:190} INFO - [2025-09-23T12:57:41.180+0300] {dag.py:4180} INFO - Setting next_dagrun for dataset_s3_bucket_consumer to None, run_after=None
[2025-09-23T12:57:41.180+0300] {logging_mixin.py:190} INFO - [2025-09-23T12:57:41.180+0300] {dag.py:4180} INFO - Setting next_dagrun for dataset_s3_bucket_producer to None, run_after=None
[2025-09-23T12:57:41.186+0300] {processor.py:208} INFO - Processing /Library/Frameworks/Python.framework/Versions/3.10/lib/python3.10/site-packages/airflow/example_dags/example_dataset_alias.py took 0.087 seconds
