[2025-09-23T12:54:34.573+0300] {processor.py:186} INFO - Started process (PID=69370) to work on /Library/Frameworks/Python.framework/Versions/3.10/lib/python3.10/site-packages/airflow/example_dags/example_sensor_decorator.py
[2025-09-23T12:54:34.574+0300] {processor.py:914} INFO - Processing file /Library/Frameworks/Python.framework/Versions/3.10/lib/python3.10/site-packages/airflow/example_dags/example_sensor_decorator.py for tasks to queue
[2025-09-23T12:54:34.574+0300] {logging_mixin.py:190} INFO - [2025-09-23T12:54:34.574+0300] {dagbag.py:588} INFO - Filling up the DagBag from /Library/Frameworks/Python.framework/Versions/3.10/lib/python3.10/site-packages/airflow/example_dags/example_sensor_decorator.py
[2025-09-23T12:54:34.588+0300] {processor.py:925} INFO - DAG(s) 'example_sensor_decorator' retrieved from /Library/Frameworks/Python.framework/Versions/3.10/lib/python3.10/site-packages/airflow/example_dags/example_sensor_decorator.py
[2025-09-23T12:54:34.909+0300] {logging_mixin.py:190} INFO - [2025-09-23T12:54:34.909+0300] {dag.py:3239} INFO - Sync 1 DAGs
[2025-09-23T12:54:34.913+0300] {logging_mixin.py:190} INFO - [2025-09-23T12:54:34.913+0300] {dag.py:4180} INFO - Setting next_dagrun for example_sensor_decorator to None, run_after=None
[2025-09-23T12:54:34.919+0300] {processor.py:208} INFO - Processing /Library/Frameworks/Python.framework/Versions/3.10/lib/python3.10/site-packages/airflow/example_dags/example_sensor_decorator.py took 0.347 seconds
[2025-09-23T12:56:18.046+0300] {processor.py:186} INFO - Started process (PID=69934) to work on /Library/Frameworks/Python.framework/Versions/3.10/lib/python3.10/site-packages/airflow/example_dags/example_sensor_decorator.py
[2025-09-23T12:56:18.047+0300] {processor.py:914} INFO - Processing file /Library/Frameworks/Python.framework/Versions/3.10/lib/python3.10/site-packages/airflow/example_dags/example_sensor_decorator.py for tasks to queue
[2025-09-23T12:56:18.047+0300] {logging_mixin.py:190} INFO - [2025-09-23T12:56:18.047+0300] {dagbag.py:588} INFO - Filling up the DagBag from /Library/Frameworks/Python.framework/Versions/3.10/lib/python3.10/site-packages/airflow/example_dags/example_sensor_decorator.py
[2025-09-23T12:56:18.061+0300] {processor.py:925} INFO - DAG(s) 'example_sensor_decorator' retrieved from /Library/Frameworks/Python.framework/Versions/3.10/lib/python3.10/site-packages/airflow/example_dags/example_sensor_decorator.py
[2025-09-23T12:56:18.373+0300] {logging_mixin.py:190} INFO - [2025-09-23T12:56:18.372+0300] {dag.py:3239} INFO - Sync 1 DAGs
[2025-09-23T12:56:18.376+0300] {logging_mixin.py:190} INFO - [2025-09-23T12:56:18.376+0300] {dag.py:4180} INFO - Setting next_dagrun for example_sensor_decorator to None, run_after=None
[2025-09-23T12:56:18.383+0300] {processor.py:208} INFO - Processing /Library/Frameworks/Python.framework/Versions/3.10/lib/python3.10/site-packages/airflow/example_dags/example_sensor_decorator.py took 0.338 seconds
[2025-09-23T12:58:48.324+0300] {processor.py:186} INFO - Started process (PID=70835) to work on /Library/Frameworks/Python.framework/Versions/3.10/lib/python3.10/site-packages/airflow/example_dags/example_sensor_decorator.py
[2025-09-23T12:58:48.325+0300] {processor.py:914} INFO - Processing file /Library/Frameworks/Python.framework/Versions/3.10/lib/python3.10/site-packages/airflow/example_dags/example_sensor_decorator.py for tasks to queue
[2025-09-23T12:58:48.325+0300] {logging_mixin.py:190} INFO - [2025-09-23T12:58:48.325+0300] {dagbag.py:588} INFO - Filling up the DagBag from /Library/Frameworks/Python.framework/Versions/3.10/lib/python3.10/site-packages/airflow/example_dags/example_sensor_decorator.py
[2025-09-23T12:58:48.339+0300] {processor.py:925} INFO - DAG(s) 'example_sensor_decorator' retrieved from /Library/Frameworks/Python.framework/Versions/3.10/lib/python3.10/site-packages/airflow/example_dags/example_sensor_decorator.py
[2025-09-23T12:58:48.657+0300] {logging_mixin.py:190} INFO - [2025-09-23T12:58:48.657+0300] {dag.py:3239} INFO - Sync 1 DAGs
[2025-09-23T12:58:48.661+0300] {logging_mixin.py:190} INFO - [2025-09-23T12:58:48.661+0300] {dag.py:4180} INFO - Setting next_dagrun for example_sensor_decorator to None, run_after=None
[2025-09-23T12:58:48.667+0300] {processor.py:208} INFO - Processing /Library/Frameworks/Python.framework/Versions/3.10/lib/python3.10/site-packages/airflow/example_dags/example_sensor_decorator.py took 0.344 seconds
