[2025-09-23T12:54:09.852+0300] {processor.py:186} INFO - Started process (PID=69213) to work on /Library/Frameworks/Python.framework/Versions/3.10/lib/python3.10/site-packages/airflow/example_dags/example_trigger_target_dag.py
[2025-09-23T12:54:09.852+0300] {processor.py:914} INFO - Processing file /Library/Frameworks/Python.framework/Versions/3.10/lib/python3.10/site-packages/airflow/example_dags/example_trigger_target_dag.py for tasks to queue
[2025-09-23T12:54:09.853+0300] {logging_mixin.py:190} INFO - [2025-09-23T12:54:09.853+0300] {dagbag.py:588} INFO - Filling up the DagBag from /Library/Frameworks/Python.framework/Versions/3.10/lib/python3.10/site-packages/airflow/example_dags/example_trigger_target_dag.py
[2025-09-23T12:54:09.866+0300] {processor.py:925} INFO - DAG(s) 'example_trigger_target_dag' retrieved from /Library/Frameworks/Python.framework/Versions/3.10/lib/python3.10/site-packages/airflow/example_dags/example_trigger_target_dag.py
[2025-09-23T12:54:09.900+0300] {logging_mixin.py:190} INFO - [2025-09-23T12:54:09.899+0300] {dag.py:3239} INFO - Sync 1 DAGs
[2025-09-23T12:54:09.903+0300] {logging_mixin.py:190} INFO - [2025-09-23T12:54:09.903+0300] {dag.py:4180} INFO - Setting next_dagrun for example_trigger_target_dag to None, run_after=None
[2025-09-23T12:54:09.909+0300] {processor.py:208} INFO - Processing /Library/Frameworks/Python.framework/Versions/3.10/lib/python3.10/site-packages/airflow/example_dags/example_trigger_target_dag.py took 0.058 seconds
[2025-09-23T12:55:52.929+0300] {processor.py:186} INFO - Started process (PID=69805) to work on /Library/Frameworks/Python.framework/Versions/3.10/lib/python3.10/site-packages/airflow/example_dags/example_trigger_target_dag.py
[2025-09-23T12:55:52.931+0300] {processor.py:914} INFO - Processing file /Library/Frameworks/Python.framework/Versions/3.10/lib/python3.10/site-packages/airflow/example_dags/example_trigger_target_dag.py for tasks to queue
[2025-09-23T12:55:52.931+0300] {logging_mixin.py:190} INFO - [2025-09-23T12:55:52.931+0300] {dagbag.py:588} INFO - Filling up the DagBag from /Library/Frameworks/Python.framework/Versions/3.10/lib/python3.10/site-packages/airflow/example_dags/example_trigger_target_dag.py
[2025-09-23T12:55:52.946+0300] {processor.py:925} INFO - DAG(s) 'example_trigger_target_dag' retrieved from /Library/Frameworks/Python.framework/Versions/3.10/lib/python3.10/site-packages/airflow/example_dags/example_trigger_target_dag.py
[2025-09-23T12:55:52.982+0300] {logging_mixin.py:190} INFO - [2025-09-23T12:55:52.982+0300] {dag.py:3239} INFO - Sync 1 DAGs
[2025-09-23T12:55:52.986+0300] {logging_mixin.py:190} INFO - [2025-09-23T12:55:52.985+0300] {dag.py:4180} INFO - Setting next_dagrun for example_trigger_target_dag to None, run_after=None
[2025-09-23T12:55:52.994+0300] {processor.py:208} INFO - Processing /Library/Frameworks/Python.framework/Versions/3.10/lib/python3.10/site-packages/airflow/example_dags/example_trigger_target_dag.py took 0.065 seconds
[2025-09-23T12:57:10.510+0300] {processor.py:186} INFO - Started process (PID=70264) to work on /Library/Frameworks/Python.framework/Versions/3.10/lib/python3.10/site-packages/airflow/example_dags/example_trigger_target_dag.py
[2025-09-23T12:57:10.512+0300] {processor.py:914} INFO - Processing file /Library/Frameworks/Python.framework/Versions/3.10/lib/python3.10/site-packages/airflow/example_dags/example_trigger_target_dag.py for tasks to queue
[2025-09-23T12:57:10.512+0300] {logging_mixin.py:190} INFO - [2025-09-23T12:57:10.512+0300] {dagbag.py:588} INFO - Filling up the DagBag from /Library/Frameworks/Python.framework/Versions/3.10/lib/python3.10/site-packages/airflow/example_dags/example_trigger_target_dag.py
[2025-09-23T12:57:10.527+0300] {processor.py:925} INFO - DAG(s) 'example_trigger_target_dag' retrieved from /Library/Frameworks/Python.framework/Versions/3.10/lib/python3.10/site-packages/airflow/example_dags/example_trigger_target_dag.py
[2025-09-23T12:57:10.561+0300] {logging_mixin.py:190} INFO - [2025-09-23T12:57:10.561+0300] {dag.py:3239} INFO - Sync 1 DAGs
[2025-09-23T12:57:10.565+0300] {logging_mixin.py:190} INFO - [2025-09-23T12:57:10.564+0300] {dag.py:4180} INFO - Setting next_dagrun for example_trigger_target_dag to None, run_after=None
[2025-09-23T12:57:10.570+0300] {processor.py:208} INFO - Processing /Library/Frameworks/Python.framework/Versions/3.10/lib/python3.10/site-packages/airflow/example_dags/example_trigger_target_dag.py took 0.063 seconds
[2025-09-23T12:58:25.821+0300] {processor.py:186} INFO - Started process (PID=70688) to work on /Library/Frameworks/Python.framework/Versions/3.10/lib/python3.10/site-packages/airflow/example_dags/example_trigger_target_dag.py
[2025-09-23T12:58:25.822+0300] {processor.py:914} INFO - Processing file /Library/Frameworks/Python.framework/Versions/3.10/lib/python3.10/site-packages/airflow/example_dags/example_trigger_target_dag.py for tasks to queue
[2025-09-23T12:58:25.823+0300] {logging_mixin.py:190} INFO - [2025-09-23T12:58:25.822+0300] {dagbag.py:588} INFO - Filling up the DagBag from /Library/Frameworks/Python.framework/Versions/3.10/lib/python3.10/site-packages/airflow/example_dags/example_trigger_target_dag.py
[2025-09-23T12:58:25.836+0300] {processor.py:925} INFO - DAG(s) 'example_trigger_target_dag' retrieved from /Library/Frameworks/Python.framework/Versions/3.10/lib/python3.10/site-packages/airflow/example_dags/example_trigger_target_dag.py
[2025-09-23T12:58:25.870+0300] {logging_mixin.py:190} INFO - [2025-09-23T12:58:25.870+0300] {dag.py:3239} INFO - Sync 1 DAGs
[2025-09-23T12:58:25.873+0300] {logging_mixin.py:190} INFO - [2025-09-23T12:58:25.873+0300] {dag.py:4180} INFO - Setting next_dagrun for example_trigger_target_dag to None, run_after=None
[2025-09-23T12:58:25.879+0300] {processor.py:208} INFO - Processing /Library/Frameworks/Python.framework/Versions/3.10/lib/python3.10/site-packages/airflow/example_dags/example_trigger_target_dag.py took 0.058 seconds
[2025-09-23T12:59:37.783+0300] {processor.py:186} INFO - Started process (PID=71131) to work on /Library/Frameworks/Python.framework/Versions/3.10/lib/python3.10/site-packages/airflow/example_dags/example_trigger_target_dag.py
[2025-09-23T12:59:37.783+0300] {processor.py:914} INFO - Processing file /Library/Frameworks/Python.framework/Versions/3.10/lib/python3.10/site-packages/airflow/example_dags/example_trigger_target_dag.py for tasks to queue
[2025-09-23T12:59:37.784+0300] {logging_mixin.py:190} INFO - [2025-09-23T12:59:37.784+0300] {dagbag.py:588} INFO - Filling up the DagBag from /Library/Frameworks/Python.framework/Versions/3.10/lib/python3.10/site-packages/airflow/example_dags/example_trigger_target_dag.py
[2025-09-23T12:59:37.797+0300] {processor.py:925} INFO - DAG(s) 'example_trigger_target_dag' retrieved from /Library/Frameworks/Python.framework/Versions/3.10/lib/python3.10/site-packages/airflow/example_dags/example_trigger_target_dag.py
[2025-09-23T12:59:37.831+0300] {logging_mixin.py:190} INFO - [2025-09-23T12:59:37.831+0300] {dag.py:3239} INFO - Sync 1 DAGs
[2025-09-23T12:59:37.834+0300] {logging_mixin.py:190} INFO - [2025-09-23T12:59:37.834+0300] {dag.py:4180} INFO - Setting next_dagrun for example_trigger_target_dag to None, run_after=None
[2025-09-23T12:59:37.840+0300] {processor.py:208} INFO - Processing /Library/Frameworks/Python.framework/Versions/3.10/lib/python3.10/site-packages/airflow/example_dags/example_trigger_target_dag.py took 0.059 seconds
[2025-09-23T14:47:45.654+0300] {processor.py:186} INFO - Started process (PID=81512) to work on /Library/Frameworks/Python.framework/Versions/3.10/lib/python3.10/site-packages/airflow/example_dags/example_trigger_target_dag.py
[2025-09-23T14:47:45.655+0300] {processor.py:914} INFO - Processing file /Library/Frameworks/Python.framework/Versions/3.10/lib/python3.10/site-packages/airflow/example_dags/example_trigger_target_dag.py for tasks to queue
[2025-09-23T14:47:45.655+0300] {logging_mixin.py:190} INFO - [2025-09-23T14:47:45.655+0300] {dagbag.py:588} INFO - Filling up the DagBag from /Library/Frameworks/Python.framework/Versions/3.10/lib/python3.10/site-packages/airflow/example_dags/example_trigger_target_dag.py
[2025-09-23T14:47:45.669+0300] {processor.py:925} INFO - DAG(s) 'example_trigger_target_dag' retrieved from /Library/Frameworks/Python.framework/Versions/3.10/lib/python3.10/site-packages/airflow/example_dags/example_trigger_target_dag.py
[2025-09-23T14:47:45.702+0300] {logging_mixin.py:190} INFO - [2025-09-23T14:47:45.702+0300] {dag.py:3239} INFO - Sync 1 DAGs
[2025-09-23T14:47:45.706+0300] {logging_mixin.py:190} INFO - [2025-09-23T14:47:45.706+0300] {dag.py:4180} INFO - Setting next_dagrun for example_trigger_target_dag to None, run_after=None
[2025-09-23T14:47:45.711+0300] {processor.py:208} INFO - Processing /Library/Frameworks/Python.framework/Versions/3.10/lib/python3.10/site-packages/airflow/example_dags/example_trigger_target_dag.py took 0.059 seconds
[2025-09-23T14:49:27.345+0300] {processor.py:186} INFO - Started process (PID=82118) to work on /Library/Frameworks/Python.framework/Versions/3.10/lib/python3.10/site-packages/airflow/example_dags/example_trigger_target_dag.py
[2025-09-23T14:49:27.346+0300] {processor.py:914} INFO - Processing file /Library/Frameworks/Python.framework/Versions/3.10/lib/python3.10/site-packages/airflow/example_dags/example_trigger_target_dag.py for tasks to queue
[2025-09-23T14:49:27.346+0300] {logging_mixin.py:190} INFO - [2025-09-23T14:49:27.346+0300] {dagbag.py:588} INFO - Filling up the DagBag from /Library/Frameworks/Python.framework/Versions/3.10/lib/python3.10/site-packages/airflow/example_dags/example_trigger_target_dag.py
[2025-09-23T14:49:27.360+0300] {processor.py:925} INFO - DAG(s) 'example_trigger_target_dag' retrieved from /Library/Frameworks/Python.framework/Versions/3.10/lib/python3.10/site-packages/airflow/example_dags/example_trigger_target_dag.py
[2025-09-23T14:49:27.393+0300] {logging_mixin.py:190} INFO - [2025-09-23T14:49:27.393+0300] {dag.py:3239} INFO - Sync 1 DAGs
[2025-09-23T14:49:27.396+0300] {logging_mixin.py:190} INFO - [2025-09-23T14:49:27.396+0300] {dag.py:4180} INFO - Setting next_dagrun for example_trigger_target_dag to None, run_after=None
[2025-09-23T14:49:27.402+0300] {processor.py:208} INFO - Processing /Library/Frameworks/Python.framework/Versions/3.10/lib/python3.10/site-packages/airflow/example_dags/example_trigger_target_dag.py took 0.058 seconds
[2025-09-23T14:50:38.766+0300] {processor.py:186} INFO - Started process (PID=82519) to work on /Library/Frameworks/Python.framework/Versions/3.10/lib/python3.10/site-packages/airflow/example_dags/example_trigger_target_dag.py
[2025-09-23T14:50:38.767+0300] {processor.py:914} INFO - Processing file /Library/Frameworks/Python.framework/Versions/3.10/lib/python3.10/site-packages/airflow/example_dags/example_trigger_target_dag.py for tasks to queue
[2025-09-23T14:50:38.767+0300] {logging_mixin.py:190} INFO - [2025-09-23T14:50:38.767+0300] {dagbag.py:588} INFO - Filling up the DagBag from /Library/Frameworks/Python.framework/Versions/3.10/lib/python3.10/site-packages/airflow/example_dags/example_trigger_target_dag.py
[2025-09-23T14:50:38.782+0300] {processor.py:925} INFO - DAG(s) 'example_trigger_target_dag' retrieved from /Library/Frameworks/Python.framework/Versions/3.10/lib/python3.10/site-packages/airflow/example_dags/example_trigger_target_dag.py
[2025-09-23T14:50:38.817+0300] {logging_mixin.py:190} INFO - [2025-09-23T14:50:38.817+0300] {dag.py:3239} INFO - Sync 1 DAGs
[2025-09-23T14:50:38.821+0300] {logging_mixin.py:190} INFO - [2025-09-23T14:50:38.821+0300] {dag.py:4180} INFO - Setting next_dagrun for example_trigger_target_dag to None, run_after=None
[2025-09-23T14:50:38.827+0300] {processor.py:208} INFO - Processing /Library/Frameworks/Python.framework/Versions/3.10/lib/python3.10/site-packages/airflow/example_dags/example_trigger_target_dag.py took 0.062 seconds
[2025-09-23T14:51:53.248+0300] {processor.py:186} INFO - Started process (PID=82985) to work on /Library/Frameworks/Python.framework/Versions/3.10/lib/python3.10/site-packages/airflow/example_dags/example_trigger_target_dag.py
[2025-09-23T14:51:53.249+0300] {processor.py:914} INFO - Processing file /Library/Frameworks/Python.framework/Versions/3.10/lib/python3.10/site-packages/airflow/example_dags/example_trigger_target_dag.py for tasks to queue
[2025-09-23T14:51:53.249+0300] {logging_mixin.py:190} INFO - [2025-09-23T14:51:53.249+0300] {dagbag.py:588} INFO - Filling up the DagBag from /Library/Frameworks/Python.framework/Versions/3.10/lib/python3.10/site-packages/airflow/example_dags/example_trigger_target_dag.py
[2025-09-23T14:51:53.263+0300] {processor.py:925} INFO - DAG(s) 'example_trigger_target_dag' retrieved from /Library/Frameworks/Python.framework/Versions/3.10/lib/python3.10/site-packages/airflow/example_dags/example_trigger_target_dag.py
[2025-09-23T14:51:53.297+0300] {logging_mixin.py:190} INFO - [2025-09-23T14:51:53.297+0300] {dag.py:3239} INFO - Sync 1 DAGs
[2025-09-23T14:51:53.301+0300] {logging_mixin.py:190} INFO - [2025-09-23T14:51:53.301+0300] {dag.py:4180} INFO - Setting next_dagrun for example_trigger_target_dag to None, run_after=None
[2025-09-23T14:51:53.307+0300] {processor.py:208} INFO - Processing /Library/Frameworks/Python.framework/Versions/3.10/lib/python3.10/site-packages/airflow/example_dags/example_trigger_target_dag.py took 0.060 seconds
[2025-09-23T14:53:05.845+0300] {processor.py:186} INFO - Started process (PID=83407) to work on /Library/Frameworks/Python.framework/Versions/3.10/lib/python3.10/site-packages/airflow/example_dags/example_trigger_target_dag.py
[2025-09-23T14:53:05.845+0300] {processor.py:914} INFO - Processing file /Library/Frameworks/Python.framework/Versions/3.10/lib/python3.10/site-packages/airflow/example_dags/example_trigger_target_dag.py for tasks to queue
[2025-09-23T14:53:05.846+0300] {logging_mixin.py:190} INFO - [2025-09-23T14:53:05.846+0300] {dagbag.py:588} INFO - Filling up the DagBag from /Library/Frameworks/Python.framework/Versions/3.10/lib/python3.10/site-packages/airflow/example_dags/example_trigger_target_dag.py
[2025-09-23T14:53:05.859+0300] {processor.py:925} INFO - DAG(s) 'example_trigger_target_dag' retrieved from /Library/Frameworks/Python.framework/Versions/3.10/lib/python3.10/site-packages/airflow/example_dags/example_trigger_target_dag.py
[2025-09-23T14:53:05.892+0300] {logging_mixin.py:190} INFO - [2025-09-23T14:53:05.892+0300] {dag.py:3239} INFO - Sync 1 DAGs
[2025-09-23T14:53:05.895+0300] {logging_mixin.py:190} INFO - [2025-09-23T14:53:05.895+0300] {dag.py:4180} INFO - Setting next_dagrun for example_trigger_target_dag to None, run_after=None
[2025-09-23T14:53:05.901+0300] {processor.py:208} INFO - Processing /Library/Frameworks/Python.framework/Versions/3.10/lib/python3.10/site-packages/airflow/example_dags/example_trigger_target_dag.py took 0.057 seconds
[2025-09-23T14:54:39.252+0300] {processor.py:186} INFO - Started process (PID=84086) to work on /Library/Frameworks/Python.framework/Versions/3.10/lib/python3.10/site-packages/airflow/example_dags/example_trigger_target_dag.py
[2025-09-23T14:54:39.254+0300] {processor.py:914} INFO - Processing file /Library/Frameworks/Python.framework/Versions/3.10/lib/python3.10/site-packages/airflow/example_dags/example_trigger_target_dag.py for tasks to queue
[2025-09-23T14:54:39.254+0300] {logging_mixin.py:190} INFO - [2025-09-23T14:54:39.254+0300] {dagbag.py:588} INFO - Filling up the DagBag from /Library/Frameworks/Python.framework/Versions/3.10/lib/python3.10/site-packages/airflow/example_dags/example_trigger_target_dag.py
[2025-09-23T14:54:39.278+0300] {processor.py:925} INFO - DAG(s) 'example_trigger_target_dag' retrieved from /Library/Frameworks/Python.framework/Versions/3.10/lib/python3.10/site-packages/airflow/example_dags/example_trigger_target_dag.py
[2025-09-23T14:54:39.319+0300] {logging_mixin.py:190} INFO - [2025-09-23T14:54:39.319+0300] {dag.py:3239} INFO - Sync 1 DAGs
[2025-09-23T14:54:39.323+0300] {logging_mixin.py:190} INFO - [2025-09-23T14:54:39.323+0300] {dag.py:4180} INFO - Setting next_dagrun for example_trigger_target_dag to None, run_after=None
[2025-09-23T14:54:39.330+0300] {processor.py:208} INFO - Processing /Library/Frameworks/Python.framework/Versions/3.10/lib/python3.10/site-packages/airflow/example_dags/example_trigger_target_dag.py took 0.079 seconds
[2025-09-23T14:56:19.364+0300] {processor.py:186} INFO - Started process (PID=84748) to work on /Library/Frameworks/Python.framework/Versions/3.10/lib/python3.10/site-packages/airflow/example_dags/example_trigger_target_dag.py
[2025-09-23T14:56:19.365+0300] {processor.py:914} INFO - Processing file /Library/Frameworks/Python.framework/Versions/3.10/lib/python3.10/site-packages/airflow/example_dags/example_trigger_target_dag.py for tasks to queue
[2025-09-23T14:56:19.366+0300] {logging_mixin.py:190} INFO - [2025-09-23T14:56:19.366+0300] {dagbag.py:588} INFO - Filling up the DagBag from /Library/Frameworks/Python.framework/Versions/3.10/lib/python3.10/site-packages/airflow/example_dags/example_trigger_target_dag.py
[2025-09-23T14:56:19.383+0300] {processor.py:925} INFO - DAG(s) 'example_trigger_target_dag' retrieved from /Library/Frameworks/Python.framework/Versions/3.10/lib/python3.10/site-packages/airflow/example_dags/example_trigger_target_dag.py
[2025-09-23T14:56:19.422+0300] {logging_mixin.py:190} INFO - [2025-09-23T14:56:19.422+0300] {dag.py:3239} INFO - Sync 1 DAGs
[2025-09-23T14:56:19.426+0300] {logging_mixin.py:190} INFO - [2025-09-23T14:56:19.426+0300] {dag.py:4180} INFO - Setting next_dagrun for example_trigger_target_dag to None, run_after=None
[2025-09-23T14:56:19.432+0300] {processor.py:208} INFO - Processing /Library/Frameworks/Python.framework/Versions/3.10/lib/python3.10/site-packages/airflow/example_dags/example_trigger_target_dag.py took 0.070 seconds
