[2025-09-23T12:53:22.192+0300] {processor.py:186} INFO - Started process (PID=68910) to work on /Library/Frameworks/Python.framework/Versions/3.10/lib/python3.10/site-packages/airflow/example_dags/example_dataset_alias_with_no_taskflow.py
[2025-09-23T12:53:22.192+0300] {processor.py:914} INFO - Processing file /Library/Frameworks/Python.framework/Versions/3.10/lib/python3.10/site-packages/airflow/example_dags/example_dataset_alias_with_no_taskflow.py for tasks to queue
[2025-09-23T12:53:22.193+0300] {logging_mixin.py:190} INFO - [2025-09-23T12:53:22.193+0300] {dagbag.py:588} INFO - Filling up the DagBag from /Library/Frameworks/Python.framework/Versions/3.10/lib/python3.10/site-packages/airflow/example_dags/example_dataset_alias_with_no_taskflow.py
[2025-09-23T12:53:22.254+0300] {processor.py:925} INFO - DAG(s) 'dataset_alias_example_alias_consumer_with_no_taskflow', 'dataset_s3_bucket_producer_with_no_taskflow', 'dataset_alias_example_alias_producer_with_no_taskflow', 'dataset_s3_bucket_consumer_with_no_taskflow' retrieved from /Library/Frameworks/Python.framework/Versions/3.10/lib/python3.10/site-packages/airflow/example_dags/example_dataset_alias_with_no_taskflow.py
[2025-09-23T12:53:22.262+0300] {logging_mixin.py:190} INFO - [2025-09-23T12:53:22.262+0300] {dag.py:3239} INFO - Sync 4 DAGs
[2025-09-23T12:53:22.268+0300] {logging_mixin.py:190} INFO - [2025-09-23T12:53:22.268+0300] {dag.py:4180} INFO - Setting next_dagrun for dataset_alias_example_alias_consumer_with_no_taskflow to None, run_after=None
[2025-09-23T12:53:22.269+0300] {logging_mixin.py:190} INFO - [2025-09-23T12:53:22.269+0300] {dag.py:4180} INFO - Setting next_dagrun for dataset_alias_example_alias_producer_with_no_taskflow to None, run_after=None
[2025-09-23T12:53:22.269+0300] {logging_mixin.py:190} INFO - [2025-09-23T12:53:22.269+0300] {dag.py:4180} INFO - Setting next_dagrun for dataset_s3_bucket_consumer_with_no_taskflow to None, run_after=None
[2025-09-23T12:53:22.269+0300] {logging_mixin.py:190} INFO - [2025-09-23T12:53:22.269+0300] {dag.py:4180} INFO - Setting next_dagrun for dataset_s3_bucket_producer_with_no_taskflow to None, run_after=None
[2025-09-23T12:53:22.277+0300] {processor.py:208} INFO - Processing /Library/Frameworks/Python.framework/Versions/3.10/lib/python3.10/site-packages/airflow/example_dags/example_dataset_alias_with_no_taskflow.py took 0.086 seconds
[2025-09-23T12:55:07.366+0300] {processor.py:186} INFO - Started process (PID=69550) to work on /Library/Frameworks/Python.framework/Versions/3.10/lib/python3.10/site-packages/airflow/example_dags/example_dataset_alias_with_no_taskflow.py
[2025-09-23T12:55:07.367+0300] {processor.py:914} INFO - Processing file /Library/Frameworks/Python.framework/Versions/3.10/lib/python3.10/site-packages/airflow/example_dags/example_dataset_alias_with_no_taskflow.py for tasks to queue
[2025-09-23T12:55:07.368+0300] {logging_mixin.py:190} INFO - [2025-09-23T12:55:07.368+0300] {dagbag.py:588} INFO - Filling up the DagBag from /Library/Frameworks/Python.framework/Versions/3.10/lib/python3.10/site-packages/airflow/example_dags/example_dataset_alias_with_no_taskflow.py
[2025-09-23T12:55:07.434+0300] {processor.py:925} INFO - DAG(s) 'dataset_s3_bucket_producer_with_no_taskflow', 'dataset_alias_example_alias_producer_with_no_taskflow', 'dataset_s3_bucket_consumer_with_no_taskflow', 'dataset_alias_example_alias_consumer_with_no_taskflow' retrieved from /Library/Frameworks/Python.framework/Versions/3.10/lib/python3.10/site-packages/airflow/example_dags/example_dataset_alias_with_no_taskflow.py
[2025-09-23T12:55:07.442+0300] {logging_mixin.py:190} INFO - [2025-09-23T12:55:07.442+0300] {dag.py:3239} INFO - Sync 4 DAGs
[2025-09-23T12:55:07.448+0300] {logging_mixin.py:190} INFO - [2025-09-23T12:55:07.448+0300] {dag.py:4180} INFO - Setting next_dagrun for dataset_alias_example_alias_consumer_with_no_taskflow to None, run_after=None
[2025-09-23T12:55:07.449+0300] {logging_mixin.py:190} INFO - [2025-09-23T12:55:07.449+0300] {dag.py:4180} INFO - Setting next_dagrun for dataset_alias_example_alias_producer_with_no_taskflow to None, run_after=None
[2025-09-23T12:55:07.449+0300] {logging_mixin.py:190} INFO - [2025-09-23T12:55:07.449+0300] {dag.py:4180} INFO - Setting next_dagrun for dataset_s3_bucket_consumer_with_no_taskflow to None, run_after=None
[2025-09-23T12:55:07.449+0300] {logging_mixin.py:190} INFO - [2025-09-23T12:55:07.449+0300] {dag.py:4180} INFO - Setting next_dagrun for dataset_s3_bucket_producer_with_no_taskflow to None, run_after=None
[2025-09-23T12:55:07.456+0300] {processor.py:208} INFO - Processing /Library/Frameworks/Python.framework/Versions/3.10/lib/python3.10/site-packages/airflow/example_dags/example_dataset_alias_with_no_taskflow.py took 0.092 seconds
[2025-09-23T12:57:39.192+0300] {processor.py:186} INFO - Started process (PID=70424) to work on /Library/Frameworks/Python.framework/Versions/3.10/lib/python3.10/site-packages/airflow/example_dags/example_dataset_alias_with_no_taskflow.py
[2025-09-23T12:57:39.192+0300] {processor.py:914} INFO - Processing file /Library/Frameworks/Python.framework/Versions/3.10/lib/python3.10/site-packages/airflow/example_dags/example_dataset_alias_with_no_taskflow.py for tasks to queue
[2025-09-23T12:57:39.193+0300] {logging_mixin.py:190} INFO - [2025-09-23T12:57:39.193+0300] {dagbag.py:588} INFO - Filling up the DagBag from /Library/Frameworks/Python.framework/Versions/3.10/lib/python3.10/site-packages/airflow/example_dags/example_dataset_alias_with_no_taskflow.py
[2025-09-23T12:57:39.252+0300] {processor.py:925} INFO - DAG(s) 'dataset_s3_bucket_consumer_with_no_taskflow', 'dataset_s3_bucket_producer_with_no_taskflow', 'dataset_alias_example_alias_producer_with_no_taskflow', 'dataset_alias_example_alias_consumer_with_no_taskflow' retrieved from /Library/Frameworks/Python.framework/Versions/3.10/lib/python3.10/site-packages/airflow/example_dags/example_dataset_alias_with_no_taskflow.py
[2025-09-23T12:57:39.260+0300] {logging_mixin.py:190} INFO - [2025-09-23T12:57:39.260+0300] {dag.py:3239} INFO - Sync 4 DAGs
[2025-09-23T12:57:39.265+0300] {logging_mixin.py:190} INFO - [2025-09-23T12:57:39.265+0300] {dag.py:4180} INFO - Setting next_dagrun for dataset_alias_example_alias_consumer_with_no_taskflow to None, run_after=None
[2025-09-23T12:57:39.266+0300] {logging_mixin.py:190} INFO - [2025-09-23T12:57:39.266+0300] {dag.py:4180} INFO - Setting next_dagrun for dataset_alias_example_alias_producer_with_no_taskflow to None, run_after=None
[2025-09-23T12:57:39.266+0300] {logging_mixin.py:190} INFO - [2025-09-23T12:57:39.266+0300] {dag.py:4180} INFO - Setting next_dagrun for dataset_s3_bucket_consumer_with_no_taskflow to None, run_after=None
[2025-09-23T12:57:39.267+0300] {logging_mixin.py:190} INFO - [2025-09-23T12:57:39.267+0300] {dag.py:4180} INFO - Setting next_dagrun for dataset_s3_bucket_producer_with_no_taskflow to None, run_after=None
[2025-09-23T12:57:39.273+0300] {processor.py:208} INFO - Processing /Library/Frameworks/Python.framework/Versions/3.10/lib/python3.10/site-packages/airflow/example_dags/example_dataset_alias_with_no_taskflow.py took 0.083 seconds
[2025-09-23T14:48:43.240+0300] {processor.py:186} INFO - Started process (PID=81852) to work on /Library/Frameworks/Python.framework/Versions/3.10/lib/python3.10/site-packages/airflow/example_dags/example_dataset_alias_with_no_taskflow.py
[2025-09-23T14:48:43.240+0300] {processor.py:914} INFO - Processing file /Library/Frameworks/Python.framework/Versions/3.10/lib/python3.10/site-packages/airflow/example_dags/example_dataset_alias_with_no_taskflow.py for tasks to queue
[2025-09-23T14:48:43.241+0300] {logging_mixin.py:190} INFO - [2025-09-23T14:48:43.241+0300] {dagbag.py:588} INFO - Filling up the DagBag from /Library/Frameworks/Python.framework/Versions/3.10/lib/python3.10/site-packages/airflow/example_dags/example_dataset_alias_with_no_taskflow.py
[2025-09-23T14:48:43.300+0300] {processor.py:925} INFO - DAG(s) 'dataset_alias_example_alias_consumer_with_no_taskflow', 'dataset_s3_bucket_consumer_with_no_taskflow', 'dataset_alias_example_alias_producer_with_no_taskflow', 'dataset_s3_bucket_producer_with_no_taskflow' retrieved from /Library/Frameworks/Python.framework/Versions/3.10/lib/python3.10/site-packages/airflow/example_dags/example_dataset_alias_with_no_taskflow.py
[2025-09-23T14:48:43.308+0300] {logging_mixin.py:190} INFO - [2025-09-23T14:48:43.307+0300] {dag.py:3239} INFO - Sync 4 DAGs
[2025-09-23T14:48:43.313+0300] {logging_mixin.py:190} INFO - [2025-09-23T14:48:43.313+0300] {dag.py:4180} INFO - Setting next_dagrun for dataset_alias_example_alias_consumer_with_no_taskflow to None, run_after=None
[2025-09-23T14:48:43.314+0300] {logging_mixin.py:190} INFO - [2025-09-23T14:48:43.314+0300] {dag.py:4180} INFO - Setting next_dagrun for dataset_alias_example_alias_producer_with_no_taskflow to None, run_after=None
[2025-09-23T14:48:43.314+0300] {logging_mixin.py:190} INFO - [2025-09-23T14:48:43.314+0300] {dag.py:4180} INFO - Setting next_dagrun for dataset_s3_bucket_consumer_with_no_taskflow to None, run_after=None
[2025-09-23T14:48:43.315+0300] {logging_mixin.py:190} INFO - [2025-09-23T14:48:43.315+0300] {dag.py:4180} INFO - Setting next_dagrun for dataset_s3_bucket_producer_with_no_taskflow to None, run_after=None
[2025-09-23T14:48:43.322+0300] {processor.py:208} INFO - Processing /Library/Frameworks/Python.framework/Versions/3.10/lib/python3.10/site-packages/airflow/example_dags/example_dataset_alias_with_no_taskflow.py took 0.083 seconds
[2025-09-23T14:51:05.293+0300] {processor.py:186} INFO - Started process (PID=82664) to work on /Library/Frameworks/Python.framework/Versions/3.10/lib/python3.10/site-packages/airflow/example_dags/example_dataset_alias_with_no_taskflow.py
[2025-09-23T14:51:05.294+0300] {processor.py:914} INFO - Processing file /Library/Frameworks/Python.framework/Versions/3.10/lib/python3.10/site-packages/airflow/example_dags/example_dataset_alias_with_no_taskflow.py for tasks to queue
[2025-09-23T14:51:05.294+0300] {logging_mixin.py:190} INFO - [2025-09-23T14:51:05.294+0300] {dagbag.py:588} INFO - Filling up the DagBag from /Library/Frameworks/Python.framework/Versions/3.10/lib/python3.10/site-packages/airflow/example_dags/example_dataset_alias_with_no_taskflow.py
[2025-09-23T14:51:05.354+0300] {processor.py:925} INFO - DAG(s) 'dataset_alias_example_alias_consumer_with_no_taskflow', 'dataset_alias_example_alias_producer_with_no_taskflow', 'dataset_s3_bucket_consumer_with_no_taskflow', 'dataset_s3_bucket_producer_with_no_taskflow' retrieved from /Library/Frameworks/Python.framework/Versions/3.10/lib/python3.10/site-packages/airflow/example_dags/example_dataset_alias_with_no_taskflow.py
[2025-09-23T14:51:05.362+0300] {logging_mixin.py:190} INFO - [2025-09-23T14:51:05.362+0300] {dag.py:3239} INFO - Sync 4 DAGs
[2025-09-23T14:51:05.368+0300] {logging_mixin.py:190} INFO - [2025-09-23T14:51:05.368+0300] {dag.py:4180} INFO - Setting next_dagrun for dataset_alias_example_alias_consumer_with_no_taskflow to None, run_after=None
[2025-09-23T14:51:05.369+0300] {logging_mixin.py:190} INFO - [2025-09-23T14:51:05.369+0300] {dag.py:4180} INFO - Setting next_dagrun for dataset_alias_example_alias_producer_with_no_taskflow to None, run_after=None
[2025-09-23T14:51:05.369+0300] {logging_mixin.py:190} INFO - [2025-09-23T14:51:05.369+0300] {dag.py:4180} INFO - Setting next_dagrun for dataset_s3_bucket_consumer_with_no_taskflow to None, run_after=None
[2025-09-23T14:51:05.369+0300] {logging_mixin.py:190} INFO - [2025-09-23T14:51:05.369+0300] {dag.py:4180} INFO - Setting next_dagrun for dataset_s3_bucket_producer_with_no_taskflow to None, run_after=None
[2025-09-23T14:51:05.376+0300] {processor.py:208} INFO - Processing /Library/Frameworks/Python.framework/Versions/3.10/lib/python3.10/site-packages/airflow/example_dags/example_dataset_alias_with_no_taskflow.py took 0.084 seconds
[2025-09-23T14:53:30.445+0300] {processor.py:186} INFO - Started process (PID=83547) to work on /Library/Frameworks/Python.framework/Versions/3.10/lib/python3.10/site-packages/airflow/example_dags/example_dataset_alias_with_no_taskflow.py
[2025-09-23T14:53:30.446+0300] {processor.py:914} INFO - Processing file /Library/Frameworks/Python.framework/Versions/3.10/lib/python3.10/site-packages/airflow/example_dags/example_dataset_alias_with_no_taskflow.py for tasks to queue
[2025-09-23T14:53:30.446+0300] {logging_mixin.py:190} INFO - [2025-09-23T14:53:30.446+0300] {dagbag.py:588} INFO - Filling up the DagBag from /Library/Frameworks/Python.framework/Versions/3.10/lib/python3.10/site-packages/airflow/example_dags/example_dataset_alias_with_no_taskflow.py
[2025-09-23T14:53:30.506+0300] {processor.py:925} INFO - DAG(s) 'dataset_s3_bucket_consumer_with_no_taskflow', 'dataset_s3_bucket_producer_with_no_taskflow', 'dataset_alias_example_alias_consumer_with_no_taskflow', 'dataset_alias_example_alias_producer_with_no_taskflow' retrieved from /Library/Frameworks/Python.framework/Versions/3.10/lib/python3.10/site-packages/airflow/example_dags/example_dataset_alias_with_no_taskflow.py
[2025-09-23T14:53:30.513+0300] {logging_mixin.py:190} INFO - [2025-09-23T14:53:30.513+0300] {dag.py:3239} INFO - Sync 4 DAGs
[2025-09-23T14:53:30.519+0300] {logging_mixin.py:190} INFO - [2025-09-23T14:53:30.519+0300] {dag.py:4180} INFO - Setting next_dagrun for dataset_alias_example_alias_consumer_with_no_taskflow to None, run_after=None
[2025-09-23T14:53:30.520+0300] {logging_mixin.py:190} INFO - [2025-09-23T14:53:30.520+0300] {dag.py:4180} INFO - Setting next_dagrun for dataset_alias_example_alias_producer_with_no_taskflow to None, run_after=None
[2025-09-23T14:53:30.520+0300] {logging_mixin.py:190} INFO - [2025-09-23T14:53:30.520+0300] {dag.py:4180} INFO - Setting next_dagrun for dataset_s3_bucket_consumer_with_no_taskflow to None, run_after=None
[2025-09-23T14:53:30.521+0300] {logging_mixin.py:190} INFO - [2025-09-23T14:53:30.521+0300] {dag.py:4180} INFO - Setting next_dagrun for dataset_s3_bucket_producer_with_no_taskflow to None, run_after=None
[2025-09-23T14:53:30.528+0300] {processor.py:208} INFO - Processing /Library/Frameworks/Python.framework/Versions/3.10/lib/python3.10/site-packages/airflow/example_dags/example_dataset_alias_with_no_taskflow.py took 0.083 seconds
[2025-09-23T14:56:48.475+0300] {processor.py:186} INFO - Started process (PID=84916) to work on /Library/Frameworks/Python.framework/Versions/3.10/lib/python3.10/site-packages/airflow/example_dags/example_dataset_alias_with_no_taskflow.py
[2025-09-23T14:56:48.476+0300] {processor.py:914} INFO - Processing file /Library/Frameworks/Python.framework/Versions/3.10/lib/python3.10/site-packages/airflow/example_dags/example_dataset_alias_with_no_taskflow.py for tasks to queue
[2025-09-23T14:56:48.476+0300] {logging_mixin.py:190} INFO - [2025-09-23T14:56:48.476+0300] {dagbag.py:588} INFO - Filling up the DagBag from /Library/Frameworks/Python.framework/Versions/3.10/lib/python3.10/site-packages/airflow/example_dags/example_dataset_alias_with_no_taskflow.py
[2025-09-23T14:56:48.537+0300] {processor.py:925} INFO - DAG(s) 'dataset_s3_bucket_producer_with_no_taskflow', 'dataset_alias_example_alias_producer_with_no_taskflow', 'dataset_alias_example_alias_consumer_with_no_taskflow', 'dataset_s3_bucket_consumer_with_no_taskflow' retrieved from /Library/Frameworks/Python.framework/Versions/3.10/lib/python3.10/site-packages/airflow/example_dags/example_dataset_alias_with_no_taskflow.py
[2025-09-23T14:56:48.545+0300] {logging_mixin.py:190} INFO - [2025-09-23T14:56:48.545+0300] {dag.py:3239} INFO - Sync 4 DAGs
[2025-09-23T14:56:48.551+0300] {logging_mixin.py:190} INFO - [2025-09-23T14:56:48.550+0300] {dag.py:4180} INFO - Setting next_dagrun for dataset_alias_example_alias_consumer_with_no_taskflow to None, run_after=None
[2025-09-23T14:56:48.551+0300] {logging_mixin.py:190} INFO - [2025-09-23T14:56:48.551+0300] {dag.py:4180} INFO - Setting next_dagrun for dataset_alias_example_alias_producer_with_no_taskflow to None, run_after=None
[2025-09-23T14:56:48.552+0300] {logging_mixin.py:190} INFO - [2025-09-23T14:56:48.552+0300] {dag.py:4180} INFO - Setting next_dagrun for dataset_s3_bucket_consumer_with_no_taskflow to None, run_after=None
[2025-09-23T14:56:48.552+0300] {logging_mixin.py:190} INFO - [2025-09-23T14:56:48.552+0300] {dag.py:4180} INFO - Setting next_dagrun for dataset_s3_bucket_producer_with_no_taskflow to None, run_after=None
[2025-09-23T14:56:48.559+0300] {processor.py:208} INFO - Processing /Library/Frameworks/Python.framework/Versions/3.10/lib/python3.10/site-packages/airflow/example_dags/example_dataset_alias_with_no_taskflow.py took 0.086 seconds
