[2025-09-23T12:54:47.715+0300] {processor.py:186} INFO - Started process (PID=69443) to work on /Library/Frameworks/Python.framework/Versions/3.10/lib/python3.10/site-packages/airflow/example_dags/example_nested_branch_dag.py
[2025-09-23T12:54:47.715+0300] {processor.py:914} INFO - Processing file /Library/Frameworks/Python.framework/Versions/3.10/lib/python3.10/site-packages/airflow/example_dags/example_nested_branch_dag.py for tasks to queue
[2025-09-23T12:54:47.715+0300] {logging_mixin.py:190} INFO - [2025-09-23T12:54:47.715+0300] {dagbag.py:588} INFO - Filling up the DagBag from /Library/Frameworks/Python.framework/Versions/3.10/lib/python3.10/site-packages/airflow/example_dags/example_nested_branch_dag.py
[2025-09-23T12:54:47.743+0300] {logging_mixin.py:190} WARNING - /Library/Frameworks/Python.framework/Versions/3.10/lib/python3.10/site-packages/cron_descriptor/ExpressionDescriptor.py:69 UserWarning: No system locale set. Falling back to 'en_US'. Set LANG/LC_ALL or pass locale_code to override.
[2025-09-23T12:54:47.743+0300] {logging_mixin.py:190} WARNING - /Library/Frameworks/Python.framework/Versions/3.10/lib/python3.10/site-packages/cron_descriptor/ExpressionDescriptor.py:69 UserWarning: No system locale set. Falling back to 'en_US'. Set LANG/LC_ALL or pass locale_code to override.
[2025-09-23T12:54:47.744+0300] {processor.py:925} INFO - DAG(s) 'example_nested_branch_dag' retrieved from /Library/Frameworks/Python.framework/Versions/3.10/lib/python3.10/site-packages/airflow/example_dags/example_nested_branch_dag.py
[2025-09-23T12:54:47.779+0300] {logging_mixin.py:190} INFO - [2025-09-23T12:54:47.779+0300] {dag.py:3239} INFO - Sync 1 DAGs
[2025-09-23T12:54:47.785+0300] {logging_mixin.py:190} INFO - [2025-09-23T12:54:47.785+0300] {dag.py:4180} INFO - Setting next_dagrun for example_nested_branch_dag to 2025-09-22 00:00:00+00:00, run_after=2025-09-23 00:00:00+00:00
[2025-09-23T12:54:47.791+0300] {processor.py:208} INFO - Processing /Library/Frameworks/Python.framework/Versions/3.10/lib/python3.10/site-packages/airflow/example_dags/example_nested_branch_dag.py took 0.078 seconds
[2025-09-23T12:56:31.364+0300] {processor.py:186} INFO - Started process (PID=70012) to work on /Library/Frameworks/Python.framework/Versions/3.10/lib/python3.10/site-packages/airflow/example_dags/example_nested_branch_dag.py
[2025-09-23T12:56:31.365+0300] {processor.py:914} INFO - Processing file /Library/Frameworks/Python.framework/Versions/3.10/lib/python3.10/site-packages/airflow/example_dags/example_nested_branch_dag.py for tasks to queue
[2025-09-23T12:56:31.365+0300] {logging_mixin.py:190} INFO - [2025-09-23T12:56:31.365+0300] {dagbag.py:588} INFO - Filling up the DagBag from /Library/Frameworks/Python.framework/Versions/3.10/lib/python3.10/site-packages/airflow/example_dags/example_nested_branch_dag.py
[2025-09-23T12:56:31.392+0300] {logging_mixin.py:190} WARNING - /Library/Frameworks/Python.framework/Versions/3.10/lib/python3.10/site-packages/cron_descriptor/ExpressionDescriptor.py:69 UserWarning: No system locale set. Falling back to 'en_US'. Set LANG/LC_ALL or pass locale_code to override.
[2025-09-23T12:56:31.393+0300] {logging_mixin.py:190} WARNING - /Library/Frameworks/Python.framework/Versions/3.10/lib/python3.10/site-packages/cron_descriptor/ExpressionDescriptor.py:69 UserWarning: No system locale set. Falling back to 'en_US'. Set LANG/LC_ALL or pass locale_code to override.
[2025-09-23T12:56:31.393+0300] {processor.py:925} INFO - DAG(s) 'example_nested_branch_dag' retrieved from /Library/Frameworks/Python.framework/Versions/3.10/lib/python3.10/site-packages/airflow/example_dags/example_nested_branch_dag.py
[2025-09-23T12:56:31.428+0300] {logging_mixin.py:190} INFO - [2025-09-23T12:56:31.428+0300] {dag.py:3239} INFO - Sync 1 DAGs
[2025-09-23T12:56:31.435+0300] {logging_mixin.py:190} INFO - [2025-09-23T12:56:31.435+0300] {dag.py:4180} INFO - Setting next_dagrun for example_nested_branch_dag to 2025-09-22 00:00:00+00:00, run_after=2025-09-23 00:00:00+00:00
[2025-09-23T12:56:31.441+0300] {processor.py:208} INFO - Processing /Library/Frameworks/Python.framework/Versions/3.10/lib/python3.10/site-packages/airflow/example_dags/example_nested_branch_dag.py took 0.078 seconds
[2025-09-23T12:59:01.547+0300] {processor.py:186} INFO - Started process (PID=70904) to work on /Library/Frameworks/Python.framework/Versions/3.10/lib/python3.10/site-packages/airflow/example_dags/example_nested_branch_dag.py
[2025-09-23T12:59:01.548+0300] {processor.py:914} INFO - Processing file /Library/Frameworks/Python.framework/Versions/3.10/lib/python3.10/site-packages/airflow/example_dags/example_nested_branch_dag.py for tasks to queue
[2025-09-23T12:59:01.549+0300] {logging_mixin.py:190} INFO - [2025-09-23T12:59:01.548+0300] {dagbag.py:588} INFO - Filling up the DagBag from /Library/Frameworks/Python.framework/Versions/3.10/lib/python3.10/site-packages/airflow/example_dags/example_nested_branch_dag.py
[2025-09-23T12:59:01.575+0300] {logging_mixin.py:190} WARNING - /Library/Frameworks/Python.framework/Versions/3.10/lib/python3.10/site-packages/cron_descriptor/ExpressionDescriptor.py:69 UserWarning: No system locale set. Falling back to 'en_US'. Set LANG/LC_ALL or pass locale_code to override.
[2025-09-23T12:59:01.575+0300] {logging_mixin.py:190} WARNING - /Library/Frameworks/Python.framework/Versions/3.10/lib/python3.10/site-packages/cron_descriptor/ExpressionDescriptor.py:69 UserWarning: No system locale set. Falling back to 'en_US'. Set LANG/LC_ALL or pass locale_code to override.
[2025-09-23T12:59:01.576+0300] {processor.py:925} INFO - DAG(s) 'example_nested_branch_dag' retrieved from /Library/Frameworks/Python.framework/Versions/3.10/lib/python3.10/site-packages/airflow/example_dags/example_nested_branch_dag.py
[2025-09-23T12:59:01.611+0300] {logging_mixin.py:190} INFO - [2025-09-23T12:59:01.611+0300] {dag.py:3239} INFO - Sync 1 DAGs
[2025-09-23T12:59:01.617+0300] {logging_mixin.py:190} INFO - [2025-09-23T12:59:01.617+0300] {dag.py:4180} INFO - Setting next_dagrun for example_nested_branch_dag to 2025-09-22 00:00:00+00:00, run_after=2025-09-23 00:00:00+00:00
[2025-09-23T12:59:01.623+0300] {processor.py:208} INFO - Processing /Library/Frameworks/Python.framework/Versions/3.10/lib/python3.10/site-packages/airflow/example_dags/example_nested_branch_dag.py took 0.077 seconds
[2025-09-23T14:48:22.613+0300] {processor.py:186} INFO - Started process (PID=81727) to work on /Library/Frameworks/Python.framework/Versions/3.10/lib/python3.10/site-packages/airflow/example_dags/example_nested_branch_dag.py
[2025-09-23T14:48:22.615+0300] {processor.py:914} INFO - Processing file /Library/Frameworks/Python.framework/Versions/3.10/lib/python3.10/site-packages/airflow/example_dags/example_nested_branch_dag.py for tasks to queue
[2025-09-23T14:48:22.615+0300] {logging_mixin.py:190} INFO - [2025-09-23T14:48:22.615+0300] {dagbag.py:588} INFO - Filling up the DagBag from /Library/Frameworks/Python.framework/Versions/3.10/lib/python3.10/site-packages/airflow/example_dags/example_nested_branch_dag.py
[2025-09-23T14:48:22.641+0300] {logging_mixin.py:190} WARNING - /Library/Frameworks/Python.framework/Versions/3.10/lib/python3.10/site-packages/cron_descriptor/ExpressionDescriptor.py:69 UserWarning: No system locale set. Falling back to 'en_US'. Set LANG/LC_ALL or pass locale_code to override.
[2025-09-23T14:48:22.641+0300] {logging_mixin.py:190} WARNING - /Library/Frameworks/Python.framework/Versions/3.10/lib/python3.10/site-packages/cron_descriptor/ExpressionDescriptor.py:69 UserWarning: No system locale set. Falling back to 'en_US'. Set LANG/LC_ALL or pass locale_code to override.
[2025-09-23T14:48:22.642+0300] {processor.py:925} INFO - DAG(s) 'example_nested_branch_dag' retrieved from /Library/Frameworks/Python.framework/Versions/3.10/lib/python3.10/site-packages/airflow/example_dags/example_nested_branch_dag.py
[2025-09-23T14:48:22.677+0300] {logging_mixin.py:190} INFO - [2025-09-23T14:48:22.677+0300] {dag.py:3239} INFO - Sync 1 DAGs
[2025-09-23T14:48:22.683+0300] {logging_mixin.py:190} INFO - [2025-09-23T14:48:22.683+0300] {dag.py:4180} INFO - Setting next_dagrun for example_nested_branch_dag to 2025-09-22 00:00:00+00:00, run_after=2025-09-23 00:00:00+00:00
[2025-09-23T14:48:22.689+0300] {processor.py:208} INFO - Processing /Library/Frameworks/Python.framework/Versions/3.10/lib/python3.10/site-packages/airflow/example_dags/example_nested_branch_dag.py took 0.077 seconds
[2025-09-23T14:50:04.690+0300] {processor.py:186} INFO - Started process (PID=82326) to work on /Library/Frameworks/Python.framework/Versions/3.10/lib/python3.10/site-packages/airflow/example_dags/example_nested_branch_dag.py
[2025-09-23T14:50:04.691+0300] {processor.py:914} INFO - Processing file /Library/Frameworks/Python.framework/Versions/3.10/lib/python3.10/site-packages/airflow/example_dags/example_nested_branch_dag.py for tasks to queue
[2025-09-23T14:50:04.692+0300] {logging_mixin.py:190} INFO - [2025-09-23T14:50:04.692+0300] {dagbag.py:588} INFO - Filling up the DagBag from /Library/Frameworks/Python.framework/Versions/3.10/lib/python3.10/site-packages/airflow/example_dags/example_nested_branch_dag.py
[2025-09-23T14:50:04.717+0300] {logging_mixin.py:190} WARNING - /Library/Frameworks/Python.framework/Versions/3.10/lib/python3.10/site-packages/cron_descriptor/ExpressionDescriptor.py:69 UserWarning: No system locale set. Falling back to 'en_US'. Set LANG/LC_ALL or pass locale_code to override.
[2025-09-23T14:50:04.718+0300] {logging_mixin.py:190} WARNING - /Library/Frameworks/Python.framework/Versions/3.10/lib/python3.10/site-packages/cron_descriptor/ExpressionDescriptor.py:69 UserWarning: No system locale set. Falling back to 'en_US'. Set LANG/LC_ALL or pass locale_code to override.
[2025-09-23T14:50:04.719+0300] {processor.py:925} INFO - DAG(s) 'example_nested_branch_dag' retrieved from /Library/Frameworks/Python.framework/Versions/3.10/lib/python3.10/site-packages/airflow/example_dags/example_nested_branch_dag.py
[2025-09-23T14:50:04.752+0300] {logging_mixin.py:190} INFO - [2025-09-23T14:50:04.752+0300] {dag.py:3239} INFO - Sync 1 DAGs
[2025-09-23T14:50:04.759+0300] {logging_mixin.py:190} INFO - [2025-09-23T14:50:04.759+0300] {dag.py:4180} INFO - Setting next_dagrun for example_nested_branch_dag to 2025-09-22 00:00:00+00:00, run_after=2025-09-23 00:00:00+00:00
[2025-09-23T14:50:04.764+0300] {processor.py:208} INFO - Processing /Library/Frameworks/Python.framework/Versions/3.10/lib/python3.10/site-packages/airflow/example_dags/example_nested_branch_dag.py took 0.075 seconds
[2025-09-23T14:52:30.238+0300] {processor.py:186} INFO - Started process (PID=83209) to work on /Library/Frameworks/Python.framework/Versions/3.10/lib/python3.10/site-packages/airflow/example_dags/example_nested_branch_dag.py
[2025-09-23T14:52:30.239+0300] {processor.py:914} INFO - Processing file /Library/Frameworks/Python.framework/Versions/3.10/lib/python3.10/site-packages/airflow/example_dags/example_nested_branch_dag.py for tasks to queue
[2025-09-23T14:52:30.239+0300] {logging_mixin.py:190} INFO - [2025-09-23T14:52:30.239+0300] {dagbag.py:588} INFO - Filling up the DagBag from /Library/Frameworks/Python.framework/Versions/3.10/lib/python3.10/site-packages/airflow/example_dags/example_nested_branch_dag.py
[2025-09-23T14:52:30.265+0300] {logging_mixin.py:190} WARNING - /Library/Frameworks/Python.framework/Versions/3.10/lib/python3.10/site-packages/cron_descriptor/ExpressionDescriptor.py:69 UserWarning: No system locale set. Falling back to 'en_US'. Set LANG/LC_ALL or pass locale_code to override.
[2025-09-23T14:52:30.266+0300] {logging_mixin.py:190} WARNING - /Library/Frameworks/Python.framework/Versions/3.10/lib/python3.10/site-packages/cron_descriptor/ExpressionDescriptor.py:69 UserWarning: No system locale set. Falling back to 'en_US'. Set LANG/LC_ALL or pass locale_code to override.
[2025-09-23T14:52:30.267+0300] {processor.py:925} INFO - DAG(s) 'example_nested_branch_dag' retrieved from /Library/Frameworks/Python.framework/Versions/3.10/lib/python3.10/site-packages/airflow/example_dags/example_nested_branch_dag.py
[2025-09-23T14:52:30.301+0300] {logging_mixin.py:190} INFO - [2025-09-23T14:52:30.301+0300] {dag.py:3239} INFO - Sync 1 DAGs
[2025-09-23T14:52:30.308+0300] {logging_mixin.py:190} INFO - [2025-09-23T14:52:30.308+0300] {dag.py:4180} INFO - Setting next_dagrun for example_nested_branch_dag to 2025-09-22 00:00:00+00:00, run_after=2025-09-23 00:00:00+00:00
[2025-09-23T14:52:30.313+0300] {processor.py:208} INFO - Processing /Library/Frameworks/Python.framework/Versions/3.10/lib/python3.10/site-packages/airflow/example_dags/example_nested_branch_dag.py took 0.077 seconds
[2025-09-23T14:55:44.514+0300] {processor.py:186} INFO - Started process (PID=84529) to work on /Library/Frameworks/Python.framework/Versions/3.10/lib/python3.10/site-packages/airflow/example_dags/example_nested_branch_dag.py
[2025-09-23T14:55:44.515+0300] {processor.py:914} INFO - Processing file /Library/Frameworks/Python.framework/Versions/3.10/lib/python3.10/site-packages/airflow/example_dags/example_nested_branch_dag.py for tasks to queue
[2025-09-23T14:55:44.516+0300] {logging_mixin.py:190} INFO - [2025-09-23T14:55:44.516+0300] {dagbag.py:588} INFO - Filling up the DagBag from /Library/Frameworks/Python.framework/Versions/3.10/lib/python3.10/site-packages/airflow/example_dags/example_nested_branch_dag.py
[2025-09-23T14:55:44.542+0300] {logging_mixin.py:190} WARNING - /Library/Frameworks/Python.framework/Versions/3.10/lib/python3.10/site-packages/cron_descriptor/ExpressionDescriptor.py:69 UserWarning: No system locale set. Falling back to 'en_US'. Set LANG/LC_ALL or pass locale_code to override.
[2025-09-23T14:55:44.543+0300] {logging_mixin.py:190} WARNING - /Library/Frameworks/Python.framework/Versions/3.10/lib/python3.10/site-packages/cron_descriptor/ExpressionDescriptor.py:69 UserWarning: No system locale set. Falling back to 'en_US'. Set LANG/LC_ALL or pass locale_code to override.
[2025-09-23T14:55:44.544+0300] {processor.py:925} INFO - DAG(s) 'example_nested_branch_dag' retrieved from /Library/Frameworks/Python.framework/Versions/3.10/lib/python3.10/site-packages/airflow/example_dags/example_nested_branch_dag.py
[2025-09-23T14:55:44.578+0300] {logging_mixin.py:190} INFO - [2025-09-23T14:55:44.578+0300] {dag.py:3239} INFO - Sync 1 DAGs
[2025-09-23T14:55:44.585+0300] {logging_mixin.py:190} INFO - [2025-09-23T14:55:44.585+0300] {dag.py:4180} INFO - Setting next_dagrun for example_nested_branch_dag to 2025-09-22 00:00:00+00:00, run_after=2025-09-23 00:00:00+00:00
[2025-09-23T14:55:44.591+0300] {processor.py:208} INFO - Processing /Library/Frameworks/Python.framework/Versions/3.10/lib/python3.10/site-packages/airflow/example_dags/example_nested_branch_dag.py took 0.078 seconds
