[2025-09-23T12:54:21.708+0300] {processor.py:186} INFO - Started process (PID=69295) to work on /Library/Frameworks/Python.framework/Versions/3.10/lib/python3.10/site-packages/airflow/example_dags/example_sla_dag.py
[2025-09-23T12:54:21.709+0300] {processor.py:914} INFO - Processing file /Library/Frameworks/Python.framework/Versions/3.10/lib/python3.10/site-packages/airflow/example_dags/example_sla_dag.py for tasks to queue
[2025-09-23T12:54:21.709+0300] {logging_mixin.py:190} INFO - [2025-09-23T12:54:21.709+0300] {dagbag.py:588} INFO - Filling up the DagBag from /Library/Frameworks/Python.framework/Versions/3.10/lib/python3.10/site-packages/airflow/example_dags/example_sla_dag.py
[2025-09-23T12:54:21.739+0300] {logging_mixin.py:190} WARNING - /Library/Frameworks/Python.framework/Versions/3.10/lib/python3.10/site-packages/cron_descriptor/ExpressionDescriptor.py:69 UserWarning: No system locale set. Falling back to 'en_US'. Set LANG/LC_ALL or pass locale_code to override.
[2025-09-23T12:54:21.740+0300] {processor.py:925} INFO - DAG(s) 'example_sla_dag' retrieved from /Library/Frameworks/Python.framework/Versions/3.10/lib/python3.10/site-packages/airflow/example_dags/example_sla_dag.py
[2025-09-23T12:54:21.773+0300] {logging_mixin.py:190} INFO - [2025-09-23T12:54:21.773+0300] {dag.py:3239} INFO - Sync 1 DAGs
[2025-09-23T12:54:21.781+0300] {logging_mixin.py:190} INFO - [2025-09-23T12:54:21.781+0300] {dag.py:4180} INFO - Setting next_dagrun for example_sla_dag to 2025-09-23 09:52:00+00:00, run_after=2025-09-23 09:54:00+00:00
[2025-09-23T12:54:21.786+0300] {processor.py:208} INFO - Processing /Library/Frameworks/Python.framework/Versions/3.10/lib/python3.10/site-packages/airflow/example_dags/example_sla_dag.py took 0.079 seconds
[2025-09-23T12:56:04.770+0300] {processor.py:186} INFO - Started process (PID=69863) to work on /Library/Frameworks/Python.framework/Versions/3.10/lib/python3.10/site-packages/airflow/example_dags/example_sla_dag.py
[2025-09-23T12:56:04.771+0300] {processor.py:914} INFO - Processing file /Library/Frameworks/Python.framework/Versions/3.10/lib/python3.10/site-packages/airflow/example_dags/example_sla_dag.py for tasks to queue
[2025-09-23T12:56:04.771+0300] {logging_mixin.py:190} INFO - [2025-09-23T12:56:04.771+0300] {dagbag.py:588} INFO - Filling up the DagBag from /Library/Frameworks/Python.framework/Versions/3.10/lib/python3.10/site-packages/airflow/example_dags/example_sla_dag.py
[2025-09-23T12:56:04.798+0300] {logging_mixin.py:190} WARNING - /Library/Frameworks/Python.framework/Versions/3.10/lib/python3.10/site-packages/cron_descriptor/ExpressionDescriptor.py:69 UserWarning: No system locale set. Falling back to 'en_US'. Set LANG/LC_ALL or pass locale_code to override.
[2025-09-23T12:56:04.799+0300] {processor.py:925} INFO - DAG(s) 'example_sla_dag' retrieved from /Library/Frameworks/Python.framework/Versions/3.10/lib/python3.10/site-packages/airflow/example_dags/example_sla_dag.py
[2025-09-23T12:56:04.833+0300] {logging_mixin.py:190} INFO - [2025-09-23T12:56:04.833+0300] {dag.py:3239} INFO - Sync 1 DAGs
[2025-09-23T12:56:04.840+0300] {logging_mixin.py:190} INFO - [2025-09-23T12:56:04.840+0300] {dag.py:4180} INFO - Setting next_dagrun for example_sla_dag to 2025-09-23 09:54:00+00:00, run_after=2025-09-23 09:56:00+00:00
[2025-09-23T12:56:04.846+0300] {processor.py:208} INFO - Processing /Library/Frameworks/Python.framework/Versions/3.10/lib/python3.10/site-packages/airflow/example_dags/example_sla_dag.py took 0.077 seconds
[2025-09-23T12:57:22.494+0300] {processor.py:186} INFO - Started process (PID=70331) to work on /Library/Frameworks/Python.framework/Versions/3.10/lib/python3.10/site-packages/airflow/example_dags/example_sla_dag.py
[2025-09-23T12:57:22.494+0300] {processor.py:914} INFO - Processing file /Library/Frameworks/Python.framework/Versions/3.10/lib/python3.10/site-packages/airflow/example_dags/example_sla_dag.py for tasks to queue
[2025-09-23T12:57:22.495+0300] {logging_mixin.py:190} INFO - [2025-09-23T12:57:22.495+0300] {dagbag.py:588} INFO - Filling up the DagBag from /Library/Frameworks/Python.framework/Versions/3.10/lib/python3.10/site-packages/airflow/example_dags/example_sla_dag.py
[2025-09-23T12:57:22.523+0300] {logging_mixin.py:190} WARNING - /Library/Frameworks/Python.framework/Versions/3.10/lib/python3.10/site-packages/cron_descriptor/ExpressionDescriptor.py:69 UserWarning: No system locale set. Falling back to 'en_US'. Set LANG/LC_ALL or pass locale_code to override.
[2025-09-23T12:57:22.524+0300] {processor.py:925} INFO - DAG(s) 'example_sla_dag' retrieved from /Library/Frameworks/Python.framework/Versions/3.10/lib/python3.10/site-packages/airflow/example_dags/example_sla_dag.py
[2025-09-23T12:57:22.559+0300] {logging_mixin.py:190} INFO - [2025-09-23T12:57:22.559+0300] {dag.py:3239} INFO - Sync 1 DAGs
[2025-09-23T12:57:22.567+0300] {logging_mixin.py:190} INFO - [2025-09-23T12:57:22.567+0300] {dag.py:4180} INFO - Setting next_dagrun for example_sla_dag to 2025-09-23 09:54:00+00:00, run_after=2025-09-23 09:56:00+00:00
[2025-09-23T12:57:22.573+0300] {processor.py:208} INFO - Processing /Library/Frameworks/Python.framework/Versions/3.10/lib/python3.10/site-packages/airflow/example_dags/example_sla_dag.py took 0.080 seconds
[2025-09-23T12:58:36.525+0300] {processor.py:186} INFO - Started process (PID=70755) to work on /Library/Frameworks/Python.framework/Versions/3.10/lib/python3.10/site-packages/airflow/example_dags/example_sla_dag.py
[2025-09-23T12:58:36.526+0300] {processor.py:914} INFO - Processing file /Library/Frameworks/Python.framework/Versions/3.10/lib/python3.10/site-packages/airflow/example_dags/example_sla_dag.py for tasks to queue
[2025-09-23T12:58:36.527+0300] {logging_mixin.py:190} INFO - [2025-09-23T12:58:36.527+0300] {dagbag.py:588} INFO - Filling up the DagBag from /Library/Frameworks/Python.framework/Versions/3.10/lib/python3.10/site-packages/airflow/example_dags/example_sla_dag.py
[2025-09-23T12:58:36.552+0300] {logging_mixin.py:190} WARNING - /Library/Frameworks/Python.framework/Versions/3.10/lib/python3.10/site-packages/cron_descriptor/ExpressionDescriptor.py:69 UserWarning: No system locale set. Falling back to 'en_US'. Set LANG/LC_ALL or pass locale_code to override.
[2025-09-23T12:58:36.553+0300] {processor.py:925} INFO - DAG(s) 'example_sla_dag' retrieved from /Library/Frameworks/Python.framework/Versions/3.10/lib/python3.10/site-packages/airflow/example_dags/example_sla_dag.py
[2025-09-23T12:58:36.586+0300] {logging_mixin.py:190} INFO - [2025-09-23T12:58:36.586+0300] {dag.py:3239} INFO - Sync 1 DAGs
[2025-09-23T12:58:36.594+0300] {logging_mixin.py:190} INFO - [2025-09-23T12:58:36.594+0300] {dag.py:4180} INFO - Setting next_dagrun for example_sla_dag to 2025-09-23 09:56:00+00:00, run_after=2025-09-23 09:58:00+00:00
[2025-09-23T12:58:36.599+0300] {processor.py:208} INFO - Processing /Library/Frameworks/Python.framework/Versions/3.10/lib/python3.10/site-packages/airflow/example_dags/example_sla_dag.py took 0.075 seconds
[2025-09-23T12:59:49.308+0300] {processor.py:186} INFO - Started process (PID=71200) to work on /Library/Frameworks/Python.framework/Versions/3.10/lib/python3.10/site-packages/airflow/example_dags/example_sla_dag.py
[2025-09-23T12:59:49.310+0300] {processor.py:914} INFO - Processing file /Library/Frameworks/Python.framework/Versions/3.10/lib/python3.10/site-packages/airflow/example_dags/example_sla_dag.py for tasks to queue
[2025-09-23T12:59:49.310+0300] {logging_mixin.py:190} INFO - [2025-09-23T12:59:49.310+0300] {dagbag.py:588} INFO - Filling up the DagBag from /Library/Frameworks/Python.framework/Versions/3.10/lib/python3.10/site-packages/airflow/example_dags/example_sla_dag.py
[2025-09-23T12:59:49.336+0300] {logging_mixin.py:190} WARNING - /Library/Frameworks/Python.framework/Versions/3.10/lib/python3.10/site-packages/cron_descriptor/ExpressionDescriptor.py:69 UserWarning: No system locale set. Falling back to 'en_US'. Set LANG/LC_ALL or pass locale_code to override.
[2025-09-23T12:59:49.337+0300] {processor.py:925} INFO - DAG(s) 'example_sla_dag' retrieved from /Library/Frameworks/Python.framework/Versions/3.10/lib/python3.10/site-packages/airflow/example_dags/example_sla_dag.py
[2025-09-23T12:59:49.371+0300] {logging_mixin.py:190} INFO - [2025-09-23T12:59:49.371+0300] {dag.py:3239} INFO - Sync 1 DAGs
[2025-09-23T12:59:49.379+0300] {logging_mixin.py:190} INFO - [2025-09-23T12:59:49.378+0300] {dag.py:4180} INFO - Setting next_dagrun for example_sla_dag to 2025-09-23 09:56:00+00:00, run_after=2025-09-23 09:58:00+00:00
[2025-09-23T12:59:49.384+0300] {processor.py:208} INFO - Processing /Library/Frameworks/Python.framework/Versions/3.10/lib/python3.10/site-packages/airflow/example_dags/example_sla_dag.py took 0.077 seconds
