[2025-09-23T12:54:57.452+0300] {processor.py:186} INFO - Started process (PID=69501) to work on /Library/Frameworks/Python.framework/Versions/3.10/lib/python3.10/site-packages/airflow/example_dags/example_external_task_marker_dag.py
[2025-09-23T12:54:57.453+0300] {processor.py:914} INFO - Processing file /Library/Frameworks/Python.framework/Versions/3.10/lib/python3.10/site-packages/airflow/example_dags/example_external_task_marker_dag.py for tasks to queue
[2025-09-23T12:54:57.453+0300] {logging_mixin.py:190} INFO - [2025-09-23T12:54:57.453+0300] {dagbag.py:588} INFO - Filling up the DagBag from /Library/Frameworks/Python.framework/Versions/3.10/lib/python3.10/site-packages/airflow/example_dags/example_external_task_marker_dag.py
[2025-09-23T12:54:57.458+0300] {processor.py:925} INFO - DAG(s) 'example_external_task_marker_parent', 'example_external_task_marker_child' retrieved from /Library/Frameworks/Python.framework/Versions/3.10/lib/python3.10/site-packages/airflow/example_dags/example_external_task_marker_dag.py
[2025-09-23T12:54:57.828+0300] {logging_mixin.py:190} INFO - [2025-09-23T12:54:57.828+0300] {dag.py:3239} INFO - Sync 2 DAGs
[2025-09-23T12:54:57.832+0300] {logging_mixin.py:190} INFO - [2025-09-23T12:54:57.832+0300] {dag.py:4180} INFO - Setting next_dagrun for example_external_task_marker_child to None, run_after=None
[2025-09-23T12:54:57.833+0300] {logging_mixin.py:190} INFO - [2025-09-23T12:54:57.833+0300] {dag.py:4180} INFO - Setting next_dagrun for example_external_task_marker_parent to None, run_after=None
[2025-09-23T12:54:57.839+0300] {processor.py:208} INFO - Processing /Library/Frameworks/Python.framework/Versions/3.10/lib/python3.10/site-packages/airflow/example_dags/example_external_task_marker_dag.py took 0.387 seconds
[2025-09-23T12:56:41.733+0300] {processor.py:186} INFO - Started process (PID=70080) to work on /Library/Frameworks/Python.framework/Versions/3.10/lib/python3.10/site-packages/airflow/example_dags/example_external_task_marker_dag.py
[2025-09-23T12:56:41.734+0300] {processor.py:914} INFO - Processing file /Library/Frameworks/Python.framework/Versions/3.10/lib/python3.10/site-packages/airflow/example_dags/example_external_task_marker_dag.py for tasks to queue
[2025-09-23T12:56:41.734+0300] {logging_mixin.py:190} INFO - [2025-09-23T12:56:41.734+0300] {dagbag.py:588} INFO - Filling up the DagBag from /Library/Frameworks/Python.framework/Versions/3.10/lib/python3.10/site-packages/airflow/example_dags/example_external_task_marker_dag.py
[2025-09-23T12:56:41.739+0300] {processor.py:925} INFO - DAG(s) 'example_external_task_marker_child', 'example_external_task_marker_parent' retrieved from /Library/Frameworks/Python.framework/Versions/3.10/lib/python3.10/site-packages/airflow/example_dags/example_external_task_marker_dag.py
[2025-09-23T12:56:42.108+0300] {logging_mixin.py:190} INFO - [2025-09-23T12:56:42.108+0300] {dag.py:3239} INFO - Sync 2 DAGs
[2025-09-23T12:56:42.112+0300] {logging_mixin.py:190} INFO - [2025-09-23T12:56:42.112+0300] {dag.py:4180} INFO - Setting next_dagrun for example_external_task_marker_child to None, run_after=None
[2025-09-23T12:56:42.113+0300] {logging_mixin.py:190} INFO - [2025-09-23T12:56:42.113+0300] {dag.py:4180} INFO - Setting next_dagrun for example_external_task_marker_parent to None, run_after=None
[2025-09-23T12:56:42.119+0300] {processor.py:208} INFO - Processing /Library/Frameworks/Python.framework/Versions/3.10/lib/python3.10/site-packages/airflow/example_dags/example_external_task_marker_dag.py took 0.387 seconds
[2025-09-23T12:59:10.537+0300] {processor.py:186} INFO - Started process (PID=70963) to work on /Library/Frameworks/Python.framework/Versions/3.10/lib/python3.10/site-packages/airflow/example_dags/example_external_task_marker_dag.py
[2025-09-23T12:59:10.538+0300] {processor.py:914} INFO - Processing file /Library/Frameworks/Python.framework/Versions/3.10/lib/python3.10/site-packages/airflow/example_dags/example_external_task_marker_dag.py for tasks to queue
[2025-09-23T12:59:10.538+0300] {logging_mixin.py:190} INFO - [2025-09-23T12:59:10.538+0300] {dagbag.py:588} INFO - Filling up the DagBag from /Library/Frameworks/Python.framework/Versions/3.10/lib/python3.10/site-packages/airflow/example_dags/example_external_task_marker_dag.py
[2025-09-23T12:59:10.542+0300] {processor.py:925} INFO - DAG(s) 'example_external_task_marker_child', 'example_external_task_marker_parent' retrieved from /Library/Frameworks/Python.framework/Versions/3.10/lib/python3.10/site-packages/airflow/example_dags/example_external_task_marker_dag.py
[2025-09-23T12:59:10.936+0300] {logging_mixin.py:190} INFO - [2025-09-23T12:59:10.936+0300] {dag.py:3239} INFO - Sync 2 DAGs
[2025-09-23T12:59:10.940+0300] {logging_mixin.py:190} INFO - [2025-09-23T12:59:10.940+0300] {dag.py:4180} INFO - Setting next_dagrun for example_external_task_marker_child to None, run_after=None
[2025-09-23T12:59:10.942+0300] {logging_mixin.py:190} INFO - [2025-09-23T12:59:10.942+0300] {dag.py:4180} INFO - Setting next_dagrun for example_external_task_marker_parent to None, run_after=None
[2025-09-23T12:59:10.948+0300] {processor.py:208} INFO - Processing /Library/Frameworks/Python.framework/Versions/3.10/lib/python3.10/site-packages/airflow/example_dags/example_external_task_marker_dag.py took 0.412 seconds
