[2025-09-23T12:54:43.781+0300] {processor.py:186} INFO - Started process (PID=69421) to work on /Library/Frameworks/Python.framework/Versions/3.10/lib/python3.10/site-packages/airflow/example_dags/example_params_trigger_ui.py
[2025-09-23T12:54:43.782+0300] {processor.py:914} INFO - Processing file /Library/Frameworks/Python.framework/Versions/3.10/lib/python3.10/site-packages/airflow/example_dags/example_params_trigger_ui.py for tasks to queue
[2025-09-23T12:54:43.782+0300] {logging_mixin.py:190} INFO - [2025-09-23T12:54:43.782+0300] {dagbag.py:588} INFO - Filling up the DagBag from /Library/Frameworks/Python.framework/Versions/3.10/lib/python3.10/site-packages/airflow/example_dags/example_params_trigger_ui.py
[2025-09-23T12:54:43.797+0300] {processor.py:925} INFO - DAG(s) 'example_params_trigger_ui' retrieved from /Library/Frameworks/Python.framework/Versions/3.10/lib/python3.10/site-packages/airflow/example_dags/example_params_trigger_ui.py
[2025-09-23T12:54:43.841+0300] {logging_mixin.py:190} INFO - [2025-09-23T12:54:43.840+0300] {dag.py:3239} INFO - Sync 1 DAGs
[2025-09-23T12:54:43.844+0300] {logging_mixin.py:190} INFO - [2025-09-23T12:54:43.844+0300] {dag.py:4180} INFO - Setting next_dagrun for example_params_trigger_ui to None, run_after=None
[2025-09-23T12:54:43.850+0300] {processor.py:208} INFO - Processing /Library/Frameworks/Python.framework/Versions/3.10/lib/python3.10/site-packages/airflow/example_dags/example_params_trigger_ui.py took 0.070 seconds
[2025-09-23T12:56:27.743+0300] {processor.py:186} INFO - Started process (PID=69990) to work on /Library/Frameworks/Python.framework/Versions/3.10/lib/python3.10/site-packages/airflow/example_dags/example_params_trigger_ui.py
[2025-09-23T12:56:27.744+0300] {processor.py:914} INFO - Processing file /Library/Frameworks/Python.framework/Versions/3.10/lib/python3.10/site-packages/airflow/example_dags/example_params_trigger_ui.py for tasks to queue
[2025-09-23T12:56:27.744+0300] {logging_mixin.py:190} INFO - [2025-09-23T12:56:27.744+0300] {dagbag.py:588} INFO - Filling up the DagBag from /Library/Frameworks/Python.framework/Versions/3.10/lib/python3.10/site-packages/airflow/example_dags/example_params_trigger_ui.py
[2025-09-23T12:56:27.759+0300] {processor.py:925} INFO - DAG(s) 'example_params_trigger_ui' retrieved from /Library/Frameworks/Python.framework/Versions/3.10/lib/python3.10/site-packages/airflow/example_dags/example_params_trigger_ui.py
[2025-09-23T12:56:27.802+0300] {logging_mixin.py:190} INFO - [2025-09-23T12:56:27.802+0300] {dag.py:3239} INFO - Sync 1 DAGs
[2025-09-23T12:56:27.806+0300] {logging_mixin.py:190} INFO - [2025-09-23T12:56:27.806+0300] {dag.py:4180} INFO - Setting next_dagrun for example_params_trigger_ui to None, run_after=None
[2025-09-23T12:56:27.812+0300] {processor.py:208} INFO - Processing /Library/Frameworks/Python.framework/Versions/3.10/lib/python3.10/site-packages/airflow/example_dags/example_params_trigger_ui.py took 0.070 seconds
[2025-09-23T12:58:57.709+0300] {processor.py:186} INFO - Started process (PID=70881) to work on /Library/Frameworks/Python.framework/Versions/3.10/lib/python3.10/site-packages/airflow/example_dags/example_params_trigger_ui.py
[2025-09-23T12:58:57.709+0300] {processor.py:914} INFO - Processing file /Library/Frameworks/Python.framework/Versions/3.10/lib/python3.10/site-packages/airflow/example_dags/example_params_trigger_ui.py for tasks to queue
[2025-09-23T12:58:57.710+0300] {logging_mixin.py:190} INFO - [2025-09-23T12:58:57.710+0300] {dagbag.py:588} INFO - Filling up the DagBag from /Library/Frameworks/Python.framework/Versions/3.10/lib/python3.10/site-packages/airflow/example_dags/example_params_trigger_ui.py
[2025-09-23T12:58:57.725+0300] {processor.py:925} INFO - DAG(s) 'example_params_trigger_ui' retrieved from /Library/Frameworks/Python.framework/Versions/3.10/lib/python3.10/site-packages/airflow/example_dags/example_params_trigger_ui.py
[2025-09-23T12:58:57.767+0300] {logging_mixin.py:190} INFO - [2025-09-23T12:58:57.767+0300] {dag.py:3239} INFO - Sync 1 DAGs
[2025-09-23T12:58:57.771+0300] {logging_mixin.py:190} INFO - [2025-09-23T12:58:57.771+0300] {dag.py:4180} INFO - Setting next_dagrun for example_params_trigger_ui to None, run_after=None
[2025-09-23T12:58:57.778+0300] {processor.py:208} INFO - Processing /Library/Frameworks/Python.framework/Versions/3.10/lib/python3.10/site-packages/airflow/example_dags/example_params_trigger_ui.py took 0.070 seconds
