[2025-09-23T12:53:16.334+0300] {processor.py:186} INFO - Started process (PID=68867) to work on /Library/Frameworks/Python.framework/Versions/3.10/lib/python3.10/site-packages/airflow/example_dags/example_dynamic_task_mapping.py
[2025-09-23T12:53:16.335+0300] {processor.py:914} INFO - Processing file /Library/Frameworks/Python.framework/Versions/3.10/lib/python3.10/site-packages/airflow/example_dags/example_dynamic_task_mapping.py for tasks to queue
[2025-09-23T12:53:16.335+0300] {logging_mixin.py:190} INFO - [2025-09-23T12:53:16.335+0300] {dagbag.py:588} INFO - Filling up the DagBag from /Library/Frameworks/Python.framework/Versions/3.10/lib/python3.10/site-packages/airflow/example_dags/example_dynamic_task_mapping.py
[2025-09-23T12:53:16.350+0300] {processor.py:925} INFO - DAG(s) 'example_dynamic_task_mapping' retrieved from /Library/Frameworks/Python.framework/Versions/3.10/lib/python3.10/site-packages/airflow/example_dags/example_dynamic_task_mapping.py
[2025-09-23T12:53:16.384+0300] {logging_mixin.py:190} INFO - [2025-09-23T12:53:16.384+0300] {dag.py:3239} INFO - Sync 1 DAGs
[2025-09-23T12:53:16.387+0300] {logging_mixin.py:190} INFO - [2025-09-23T12:53:16.387+0300] {dag.py:4180} INFO - Setting next_dagrun for example_dynamic_task_mapping to None, run_after=None
[2025-09-23T12:53:16.393+0300] {processor.py:208} INFO - Processing /Library/Frameworks/Python.framework/Versions/3.10/lib/python3.10/site-packages/airflow/example_dags/example_dynamic_task_mapping.py took 0.060 seconds
[2025-09-23T12:55:01.513+0300] {processor.py:186} INFO - Started process (PID=69517) to work on /Library/Frameworks/Python.framework/Versions/3.10/lib/python3.10/site-packages/airflow/example_dags/example_dynamic_task_mapping.py
[2025-09-23T12:55:01.514+0300] {processor.py:914} INFO - Processing file /Library/Frameworks/Python.framework/Versions/3.10/lib/python3.10/site-packages/airflow/example_dags/example_dynamic_task_mapping.py for tasks to queue
[2025-09-23T12:55:01.514+0300] {logging_mixin.py:190} INFO - [2025-09-23T12:55:01.514+0300] {dagbag.py:588} INFO - Filling up the DagBag from /Library/Frameworks/Python.framework/Versions/3.10/lib/python3.10/site-packages/airflow/example_dags/example_dynamic_task_mapping.py
[2025-09-23T12:55:01.528+0300] {processor.py:925} INFO - DAG(s) 'example_dynamic_task_mapping' retrieved from /Library/Frameworks/Python.framework/Versions/3.10/lib/python3.10/site-packages/airflow/example_dags/example_dynamic_task_mapping.py
[2025-09-23T12:55:01.561+0300] {logging_mixin.py:190} INFO - [2025-09-23T12:55:01.561+0300] {dag.py:3239} INFO - Sync 1 DAGs
[2025-09-23T12:55:01.565+0300] {logging_mixin.py:190} INFO - [2025-09-23T12:55:01.565+0300] {dag.py:4180} INFO - Setting next_dagrun for example_dynamic_task_mapping to None, run_after=None
[2025-09-23T12:55:01.570+0300] {processor.py:208} INFO - Processing /Library/Frameworks/Python.framework/Versions/3.10/lib/python3.10/site-packages/airflow/example_dags/example_dynamic_task_mapping.py took 0.058 seconds
[2025-09-23T12:57:33.419+0300] {processor.py:186} INFO - Started process (PID=70390) to work on /Library/Frameworks/Python.framework/Versions/3.10/lib/python3.10/site-packages/airflow/example_dags/example_dynamic_task_mapping.py
[2025-09-23T12:57:33.421+0300] {processor.py:914} INFO - Processing file /Library/Frameworks/Python.framework/Versions/3.10/lib/python3.10/site-packages/airflow/example_dags/example_dynamic_task_mapping.py for tasks to queue
[2025-09-23T12:57:33.421+0300] {logging_mixin.py:190} INFO - [2025-09-23T12:57:33.421+0300] {dagbag.py:588} INFO - Filling up the DagBag from /Library/Frameworks/Python.framework/Versions/3.10/lib/python3.10/site-packages/airflow/example_dags/example_dynamic_task_mapping.py
[2025-09-23T12:57:33.435+0300] {processor.py:925} INFO - DAG(s) 'example_dynamic_task_mapping' retrieved from /Library/Frameworks/Python.framework/Versions/3.10/lib/python3.10/site-packages/airflow/example_dags/example_dynamic_task_mapping.py
[2025-09-23T12:57:33.469+0300] {logging_mixin.py:190} INFO - [2025-09-23T12:57:33.469+0300] {dag.py:3239} INFO - Sync 1 DAGs
[2025-09-23T12:57:33.472+0300] {logging_mixin.py:190} INFO - [2025-09-23T12:57:33.472+0300] {dag.py:4180} INFO - Setting next_dagrun for example_dynamic_task_mapping to None, run_after=None
[2025-09-23T12:57:33.478+0300] {processor.py:208} INFO - Processing /Library/Frameworks/Python.framework/Versions/3.10/lib/python3.10/site-packages/airflow/example_dags/example_dynamic_task_mapping.py took 0.059 seconds
[2025-09-23T12:59:59.038+0300] {processor.py:186} INFO - Started process (PID=71247) to work on /Library/Frameworks/Python.framework/Versions/3.10/lib/python3.10/site-packages/airflow/example_dags/example_dynamic_task_mapping.py
[2025-09-23T12:59:59.039+0300] {processor.py:914} INFO - Processing file /Library/Frameworks/Python.framework/Versions/3.10/lib/python3.10/site-packages/airflow/example_dags/example_dynamic_task_mapping.py for tasks to queue
[2025-09-23T12:59:59.039+0300] {logging_mixin.py:190} INFO - [2025-09-23T12:59:59.039+0300] {dagbag.py:588} INFO - Filling up the DagBag from /Library/Frameworks/Python.framework/Versions/3.10/lib/python3.10/site-packages/airflow/example_dags/example_dynamic_task_mapping.py
[2025-09-23T12:59:59.053+0300] {processor.py:925} INFO - DAG(s) 'example_dynamic_task_mapping' retrieved from /Library/Frameworks/Python.framework/Versions/3.10/lib/python3.10/site-packages/airflow/example_dags/example_dynamic_task_mapping.py
[2025-09-23T12:59:59.086+0300] {logging_mixin.py:190} INFO - [2025-09-23T12:59:59.085+0300] {dag.py:3239} INFO - Sync 1 DAGs
[2025-09-23T12:59:59.089+0300] {logging_mixin.py:190} INFO - [2025-09-23T12:59:59.089+0300] {dag.py:4180} INFO - Setting next_dagrun for example_dynamic_task_mapping to None, run_after=None
[2025-09-23T12:59:59.094+0300] {processor.py:208} INFO - Processing /Library/Frameworks/Python.framework/Versions/3.10/lib/python3.10/site-packages/airflow/example_dags/example_dynamic_task_mapping.py took 0.058 seconds
[2025-09-23T14:48:38.091+0300] {processor.py:186} INFO - Started process (PID=81813) to work on /Library/Frameworks/Python.framework/Versions/3.10/lib/python3.10/site-packages/airflow/example_dags/example_dynamic_task_mapping.py
[2025-09-23T14:48:38.092+0300] {processor.py:914} INFO - Processing file /Library/Frameworks/Python.framework/Versions/3.10/lib/python3.10/site-packages/airflow/example_dags/example_dynamic_task_mapping.py for tasks to queue
[2025-09-23T14:48:38.092+0300] {logging_mixin.py:190} INFO - [2025-09-23T14:48:38.092+0300] {dagbag.py:588} INFO - Filling up the DagBag from /Library/Frameworks/Python.framework/Versions/3.10/lib/python3.10/site-packages/airflow/example_dags/example_dynamic_task_mapping.py
[2025-09-23T14:48:38.107+0300] {processor.py:925} INFO - DAG(s) 'example_dynamic_task_mapping' retrieved from /Library/Frameworks/Python.framework/Versions/3.10/lib/python3.10/site-packages/airflow/example_dags/example_dynamic_task_mapping.py
[2025-09-23T14:48:38.141+0300] {logging_mixin.py:190} INFO - [2025-09-23T14:48:38.140+0300] {dag.py:3239} INFO - Sync 1 DAGs
[2025-09-23T14:48:38.144+0300] {logging_mixin.py:190} INFO - [2025-09-23T14:48:38.144+0300] {dag.py:4180} INFO - Setting next_dagrun for example_dynamic_task_mapping to None, run_after=None
[2025-09-23T14:48:38.150+0300] {processor.py:208} INFO - Processing /Library/Frameworks/Python.framework/Versions/3.10/lib/python3.10/site-packages/airflow/example_dags/example_dynamic_task_mapping.py took 0.060 seconds
[2025-09-23T14:50:59.772+0300] {processor.py:186} INFO - Started process (PID=82635) to work on /Library/Frameworks/Python.framework/Versions/3.10/lib/python3.10/site-packages/airflow/example_dags/example_dynamic_task_mapping.py
[2025-09-23T14:50:59.773+0300] {processor.py:914} INFO - Processing file /Library/Frameworks/Python.framework/Versions/3.10/lib/python3.10/site-packages/airflow/example_dags/example_dynamic_task_mapping.py for tasks to queue
[2025-09-23T14:50:59.773+0300] {logging_mixin.py:190} INFO - [2025-09-23T14:50:59.773+0300] {dagbag.py:588} INFO - Filling up the DagBag from /Library/Frameworks/Python.framework/Versions/3.10/lib/python3.10/site-packages/airflow/example_dags/example_dynamic_task_mapping.py
[2025-09-23T14:50:59.788+0300] {processor.py:925} INFO - DAG(s) 'example_dynamic_task_mapping' retrieved from /Library/Frameworks/Python.framework/Versions/3.10/lib/python3.10/site-packages/airflow/example_dags/example_dynamic_task_mapping.py
[2025-09-23T14:50:59.825+0300] {logging_mixin.py:190} INFO - [2025-09-23T14:50:59.825+0300] {dag.py:3239} INFO - Sync 1 DAGs
[2025-09-23T14:50:59.829+0300] {logging_mixin.py:190} INFO - [2025-09-23T14:50:59.828+0300] {dag.py:4180} INFO - Setting next_dagrun for example_dynamic_task_mapping to None, run_after=None
[2025-09-23T14:50:59.835+0300] {processor.py:208} INFO - Processing /Library/Frameworks/Python.framework/Versions/3.10/lib/python3.10/site-packages/airflow/example_dags/example_dynamic_task_mapping.py took 0.064 seconds
[2025-09-23T14:53:25.784+0300] {processor.py:186} INFO - Started process (PID=83514) to work on /Library/Frameworks/Python.framework/Versions/3.10/lib/python3.10/site-packages/airflow/example_dags/example_dynamic_task_mapping.py
[2025-09-23T14:53:25.785+0300] {processor.py:914} INFO - Processing file /Library/Frameworks/Python.framework/Versions/3.10/lib/python3.10/site-packages/airflow/example_dags/example_dynamic_task_mapping.py for tasks to queue
[2025-09-23T14:53:25.785+0300] {logging_mixin.py:190} INFO - [2025-09-23T14:53:25.785+0300] {dagbag.py:588} INFO - Filling up the DagBag from /Library/Frameworks/Python.framework/Versions/3.10/lib/python3.10/site-packages/airflow/example_dags/example_dynamic_task_mapping.py
[2025-09-23T14:53:25.799+0300] {processor.py:925} INFO - DAG(s) 'example_dynamic_task_mapping' retrieved from /Library/Frameworks/Python.framework/Versions/3.10/lib/python3.10/site-packages/airflow/example_dags/example_dynamic_task_mapping.py
[2025-09-23T14:53:25.832+0300] {logging_mixin.py:190} INFO - [2025-09-23T14:53:25.832+0300] {dag.py:3239} INFO - Sync 1 DAGs
[2025-09-23T14:53:25.835+0300] {logging_mixin.py:190} INFO - [2025-09-23T14:53:25.835+0300] {dag.py:4180} INFO - Setting next_dagrun for example_dynamic_task_mapping to None, run_after=None
[2025-09-23T14:53:25.841+0300] {processor.py:208} INFO - Processing /Library/Frameworks/Python.framework/Versions/3.10/lib/python3.10/site-packages/airflow/example_dags/example_dynamic_task_mapping.py took 0.058 seconds
[2025-09-23T14:56:43.193+0300] {processor.py:186} INFO - Started process (PID=84883) to work on /Library/Frameworks/Python.framework/Versions/3.10/lib/python3.10/site-packages/airflow/example_dags/example_dynamic_task_mapping.py
[2025-09-23T14:56:43.193+0300] {processor.py:914} INFO - Processing file /Library/Frameworks/Python.framework/Versions/3.10/lib/python3.10/site-packages/airflow/example_dags/example_dynamic_task_mapping.py for tasks to queue
[2025-09-23T14:56:43.194+0300] {logging_mixin.py:190} INFO - [2025-09-23T14:56:43.194+0300] {dagbag.py:588} INFO - Filling up the DagBag from /Library/Frameworks/Python.framework/Versions/3.10/lib/python3.10/site-packages/airflow/example_dags/example_dynamic_task_mapping.py
[2025-09-23T14:56:43.208+0300] {processor.py:925} INFO - DAG(s) 'example_dynamic_task_mapping' retrieved from /Library/Frameworks/Python.framework/Versions/3.10/lib/python3.10/site-packages/airflow/example_dags/example_dynamic_task_mapping.py
[2025-09-23T14:56:43.241+0300] {logging_mixin.py:190} INFO - [2025-09-23T14:56:43.241+0300] {dag.py:3239} INFO - Sync 1 DAGs
[2025-09-23T14:56:43.244+0300] {logging_mixin.py:190} INFO - [2025-09-23T14:56:43.244+0300] {dag.py:4180} INFO - Setting next_dagrun for example_dynamic_task_mapping to None, run_after=None
[2025-09-23T14:56:43.250+0300] {processor.py:208} INFO - Processing /Library/Frameworks/Python.framework/Versions/3.10/lib/python3.10/site-packages/airflow/example_dags/example_dynamic_task_mapping.py took 0.058 seconds
