[2025-09-23T12:54:11.820+0300] {processor.py:186} INFO - Started process (PID=69227) to work on /Library/Frameworks/Python.framework/Versions/3.10/lib/python3.10/site-packages/airflow/example_dags/example_trigger_controller_dag.py
[2025-09-23T12:54:11.820+0300] {processor.py:914} INFO - Processing file /Library/Frameworks/Python.framework/Versions/3.10/lib/python3.10/site-packages/airflow/example_dags/example_trigger_controller_dag.py for tasks to queue
[2025-09-23T12:54:11.821+0300] {logging_mixin.py:190} INFO - [2025-09-23T12:54:11.821+0300] {dagbag.py:588} INFO - Filling up the DagBag from /Library/Frameworks/Python.framework/Versions/3.10/lib/python3.10/site-packages/airflow/example_dags/example_trigger_controller_dag.py
[2025-09-23T12:54:11.825+0300] {processor.py:925} INFO - DAG(s) 'example_trigger_controller_dag' retrieved from /Library/Frameworks/Python.framework/Versions/3.10/lib/python3.10/site-packages/airflow/example_dags/example_trigger_controller_dag.py
[2025-09-23T12:54:11.861+0300] {logging_mixin.py:190} INFO - [2025-09-23T12:54:11.860+0300] {dag.py:3239} INFO - Sync 1 DAGs
[2025-09-23T12:54:11.866+0300] {logging_mixin.py:190} INFO - [2025-09-23T12:54:11.866+0300] {dag.py:4180} INFO - Setting next_dagrun for example_trigger_controller_dag to 2021-01-01 00:00:00+00:00, run_after=2021-01-01 00:00:00+00:00
[2025-09-23T12:54:11.872+0300] {processor.py:208} INFO - Processing /Library/Frameworks/Python.framework/Versions/3.10/lib/python3.10/site-packages/airflow/example_dags/example_trigger_controller_dag.py took 0.054 seconds
[2025-09-23T12:55:54.866+0300] {processor.py:186} INFO - Started process (PID=69817) to work on /Library/Frameworks/Python.framework/Versions/3.10/lib/python3.10/site-packages/airflow/example_dags/example_trigger_controller_dag.py
[2025-09-23T12:55:54.866+0300] {processor.py:914} INFO - Processing file /Library/Frameworks/Python.framework/Versions/3.10/lib/python3.10/site-packages/airflow/example_dags/example_trigger_controller_dag.py for tasks to queue
[2025-09-23T12:55:54.867+0300] {logging_mixin.py:190} INFO - [2025-09-23T12:55:54.867+0300] {dagbag.py:588} INFO - Filling up the DagBag from /Library/Frameworks/Python.framework/Versions/3.10/lib/python3.10/site-packages/airflow/example_dags/example_trigger_controller_dag.py
[2025-09-23T12:55:54.871+0300] {processor.py:925} INFO - DAG(s) 'example_trigger_controller_dag' retrieved from /Library/Frameworks/Python.framework/Versions/3.10/lib/python3.10/site-packages/airflow/example_dags/example_trigger_controller_dag.py
[2025-09-23T12:55:54.905+0300] {logging_mixin.py:190} INFO - [2025-09-23T12:55:54.905+0300] {dag.py:3239} INFO - Sync 1 DAGs
[2025-09-23T12:55:54.911+0300] {logging_mixin.py:190} INFO - [2025-09-23T12:55:54.911+0300] {dag.py:4180} INFO - Setting next_dagrun for example_trigger_controller_dag to 2021-01-01 00:00:00+00:00, run_after=2021-01-01 00:00:00+00:00
[2025-09-23T12:55:54.917+0300] {processor.py:208} INFO - Processing /Library/Frameworks/Python.framework/Versions/3.10/lib/python3.10/site-packages/airflow/example_dags/example_trigger_controller_dag.py took 0.052 seconds
[2025-09-23T12:57:12.502+0300] {processor.py:186} INFO - Started process (PID=70275) to work on /Library/Frameworks/Python.framework/Versions/3.10/lib/python3.10/site-packages/airflow/example_dags/example_trigger_controller_dag.py
[2025-09-23T12:57:12.503+0300] {processor.py:914} INFO - Processing file /Library/Frameworks/Python.framework/Versions/3.10/lib/python3.10/site-packages/airflow/example_dags/example_trigger_controller_dag.py for tasks to queue
[2025-09-23T12:57:12.503+0300] {logging_mixin.py:190} INFO - [2025-09-23T12:57:12.503+0300] {dagbag.py:588} INFO - Filling up the DagBag from /Library/Frameworks/Python.framework/Versions/3.10/lib/python3.10/site-packages/airflow/example_dags/example_trigger_controller_dag.py
[2025-09-23T12:57:12.508+0300] {processor.py:925} INFO - DAG(s) 'example_trigger_controller_dag' retrieved from /Library/Frameworks/Python.framework/Versions/3.10/lib/python3.10/site-packages/airflow/example_dags/example_trigger_controller_dag.py
[2025-09-23T12:57:12.541+0300] {logging_mixin.py:190} INFO - [2025-09-23T12:57:12.541+0300] {dag.py:3239} INFO - Sync 1 DAGs
[2025-09-23T12:57:12.547+0300] {logging_mixin.py:190} INFO - [2025-09-23T12:57:12.547+0300] {dag.py:4180} INFO - Setting next_dagrun for example_trigger_controller_dag to 2021-01-01 00:00:00+00:00, run_after=2021-01-01 00:00:00+00:00
[2025-09-23T12:57:12.553+0300] {processor.py:208} INFO - Processing /Library/Frameworks/Python.framework/Versions/3.10/lib/python3.10/site-packages/airflow/example_dags/example_trigger_controller_dag.py took 0.052 seconds
[2025-09-23T12:58:27.402+0300] {processor.py:186} INFO - Started process (PID=70704) to work on /Library/Frameworks/Python.framework/Versions/3.10/lib/python3.10/site-packages/airflow/example_dags/example_trigger_controller_dag.py
[2025-09-23T12:58:27.402+0300] {processor.py:914} INFO - Processing file /Library/Frameworks/Python.framework/Versions/3.10/lib/python3.10/site-packages/airflow/example_dags/example_trigger_controller_dag.py for tasks to queue
[2025-09-23T12:58:27.403+0300] {logging_mixin.py:190} INFO - [2025-09-23T12:58:27.403+0300] {dagbag.py:588} INFO - Filling up the DagBag from /Library/Frameworks/Python.framework/Versions/3.10/lib/python3.10/site-packages/airflow/example_dags/example_trigger_controller_dag.py
[2025-09-23T12:58:27.406+0300] {processor.py:925} INFO - DAG(s) 'example_trigger_controller_dag' retrieved from /Library/Frameworks/Python.framework/Versions/3.10/lib/python3.10/site-packages/airflow/example_dags/example_trigger_controller_dag.py
[2025-09-23T12:58:27.439+0300] {logging_mixin.py:190} INFO - [2025-09-23T12:58:27.439+0300] {dag.py:3239} INFO - Sync 1 DAGs
[2025-09-23T12:58:27.444+0300] {logging_mixin.py:190} INFO - [2025-09-23T12:58:27.444+0300] {dag.py:4180} INFO - Setting next_dagrun for example_trigger_controller_dag to 2021-01-01 00:00:00+00:00, run_after=2021-01-01 00:00:00+00:00
[2025-09-23T12:58:27.450+0300] {processor.py:208} INFO - Processing /Library/Frameworks/Python.framework/Versions/3.10/lib/python3.10/site-packages/airflow/example_dags/example_trigger_controller_dag.py took 0.050 seconds
[2025-09-23T12:59:39.691+0300] {processor.py:186} INFO - Started process (PID=71143) to work on /Library/Frameworks/Python.framework/Versions/3.10/lib/python3.10/site-packages/airflow/example_dags/example_trigger_controller_dag.py
[2025-09-23T12:59:39.692+0300] {processor.py:914} INFO - Processing file /Library/Frameworks/Python.framework/Versions/3.10/lib/python3.10/site-packages/airflow/example_dags/example_trigger_controller_dag.py for tasks to queue
[2025-09-23T12:59:39.692+0300] {logging_mixin.py:190} INFO - [2025-09-23T12:59:39.692+0300] {dagbag.py:588} INFO - Filling up the DagBag from /Library/Frameworks/Python.framework/Versions/3.10/lib/python3.10/site-packages/airflow/example_dags/example_trigger_controller_dag.py
[2025-09-23T12:59:39.696+0300] {processor.py:925} INFO - DAG(s) 'example_trigger_controller_dag' retrieved from /Library/Frameworks/Python.framework/Versions/3.10/lib/python3.10/site-packages/airflow/example_dags/example_trigger_controller_dag.py
[2025-09-23T12:59:39.729+0300] {logging_mixin.py:190} INFO - [2025-09-23T12:59:39.729+0300] {dag.py:3239} INFO - Sync 1 DAGs
[2025-09-23T12:59:39.734+0300] {logging_mixin.py:190} INFO - [2025-09-23T12:59:39.734+0300] {dag.py:4180} INFO - Setting next_dagrun for example_trigger_controller_dag to 2021-01-01 00:00:00+00:00, run_after=2021-01-01 00:00:00+00:00
[2025-09-23T12:59:39.740+0300] {processor.py:208} INFO - Processing /Library/Frameworks/Python.framework/Versions/3.10/lib/python3.10/site-packages/airflow/example_dags/example_trigger_controller_dag.py took 0.050 seconds
[2025-09-23T14:47:48.571+0300] {processor.py:186} INFO - Started process (PID=81534) to work on /Library/Frameworks/Python.framework/Versions/3.10/lib/python3.10/site-packages/airflow/example_dags/example_trigger_controller_dag.py
[2025-09-23T14:47:48.572+0300] {processor.py:914} INFO - Processing file /Library/Frameworks/Python.framework/Versions/3.10/lib/python3.10/site-packages/airflow/example_dags/example_trigger_controller_dag.py for tasks to queue
[2025-09-23T14:47:48.572+0300] {logging_mixin.py:190} INFO - [2025-09-23T14:47:48.572+0300] {dagbag.py:588} INFO - Filling up the DagBag from /Library/Frameworks/Python.framework/Versions/3.10/lib/python3.10/site-packages/airflow/example_dags/example_trigger_controller_dag.py
[2025-09-23T14:47:48.576+0300] {processor.py:925} INFO - DAG(s) 'example_trigger_controller_dag' retrieved from /Library/Frameworks/Python.framework/Versions/3.10/lib/python3.10/site-packages/airflow/example_dags/example_trigger_controller_dag.py
[2025-09-23T14:47:48.608+0300] {logging_mixin.py:190} INFO - [2025-09-23T14:47:48.608+0300] {dag.py:3239} INFO - Sync 1 DAGs
[2025-09-23T14:47:48.613+0300] {logging_mixin.py:190} INFO - [2025-09-23T14:47:48.613+0300] {dag.py:4180} INFO - Setting next_dagrun for example_trigger_controller_dag to 2021-01-01 00:00:00+00:00, run_after=2021-01-01 00:00:00+00:00
[2025-09-23T14:47:48.619+0300] {processor.py:208} INFO - Processing /Library/Frameworks/Python.framework/Versions/3.10/lib/python3.10/site-packages/airflow/example_dags/example_trigger_controller_dag.py took 0.050 seconds
[2025-09-23T14:49:29.398+0300] {processor.py:186} INFO - Started process (PID=82129) to work on /Library/Frameworks/Python.framework/Versions/3.10/lib/python3.10/site-packages/airflow/example_dags/example_trigger_controller_dag.py
[2025-09-23T14:49:29.398+0300] {processor.py:914} INFO - Processing file /Library/Frameworks/Python.framework/Versions/3.10/lib/python3.10/site-packages/airflow/example_dags/example_trigger_controller_dag.py for tasks to queue
[2025-09-23T14:49:29.399+0300] {logging_mixin.py:190} INFO - [2025-09-23T14:49:29.399+0300] {dagbag.py:588} INFO - Filling up the DagBag from /Library/Frameworks/Python.framework/Versions/3.10/lib/python3.10/site-packages/airflow/example_dags/example_trigger_controller_dag.py
[2025-09-23T14:49:29.403+0300] {processor.py:925} INFO - DAG(s) 'example_trigger_controller_dag' retrieved from /Library/Frameworks/Python.framework/Versions/3.10/lib/python3.10/site-packages/airflow/example_dags/example_trigger_controller_dag.py
[2025-09-23T14:49:29.438+0300] {logging_mixin.py:190} INFO - [2025-09-23T14:49:29.438+0300] {dag.py:3239} INFO - Sync 1 DAGs
[2025-09-23T14:49:29.445+0300] {logging_mixin.py:190} INFO - [2025-09-23T14:49:29.445+0300] {dag.py:4180} INFO - Setting next_dagrun for example_trigger_controller_dag to 2021-01-01 00:00:00+00:00, run_after=2021-01-01 00:00:00+00:00
[2025-09-23T14:49:29.451+0300] {processor.py:208} INFO - Processing /Library/Frameworks/Python.framework/Versions/3.10/lib/python3.10/site-packages/airflow/example_dags/example_trigger_controller_dag.py took 0.055 seconds
[2025-09-23T14:50:40.673+0300] {processor.py:186} INFO - Started process (PID=82530) to work on /Library/Frameworks/Python.framework/Versions/3.10/lib/python3.10/site-packages/airflow/example_dags/example_trigger_controller_dag.py
[2025-09-23T14:50:40.673+0300] {processor.py:914} INFO - Processing file /Library/Frameworks/Python.framework/Versions/3.10/lib/python3.10/site-packages/airflow/example_dags/example_trigger_controller_dag.py for tasks to queue
[2025-09-23T14:50:40.674+0300] {logging_mixin.py:190} INFO - [2025-09-23T14:50:40.674+0300] {dagbag.py:588} INFO - Filling up the DagBag from /Library/Frameworks/Python.framework/Versions/3.10/lib/python3.10/site-packages/airflow/example_dags/example_trigger_controller_dag.py
[2025-09-23T14:50:40.678+0300] {processor.py:925} INFO - DAG(s) 'example_trigger_controller_dag' retrieved from /Library/Frameworks/Python.framework/Versions/3.10/lib/python3.10/site-packages/airflow/example_dags/example_trigger_controller_dag.py
[2025-09-23T14:50:40.712+0300] {logging_mixin.py:190} INFO - [2025-09-23T14:50:40.712+0300] {dag.py:3239} INFO - Sync 1 DAGs
[2025-09-23T14:50:40.718+0300] {logging_mixin.py:190} INFO - [2025-09-23T14:50:40.717+0300] {dag.py:4180} INFO - Setting next_dagrun for example_trigger_controller_dag to 2021-01-01 00:00:00+00:00, run_after=2021-01-01 00:00:00+00:00
[2025-09-23T14:50:40.724+0300] {processor.py:208} INFO - Processing /Library/Frameworks/Python.framework/Versions/3.10/lib/python3.10/site-packages/airflow/example_dags/example_trigger_controller_dag.py took 0.053 seconds
[2025-09-23T14:51:54.913+0300] {processor.py:186} INFO - Started process (PID=83003) to work on /Library/Frameworks/Python.framework/Versions/3.10/lib/python3.10/site-packages/airflow/example_dags/example_trigger_controller_dag.py
[2025-09-23T14:51:54.914+0300] {processor.py:914} INFO - Processing file /Library/Frameworks/Python.framework/Versions/3.10/lib/python3.10/site-packages/airflow/example_dags/example_trigger_controller_dag.py for tasks to queue
[2025-09-23T14:51:54.914+0300] {logging_mixin.py:190} INFO - [2025-09-23T14:51:54.914+0300] {dagbag.py:588} INFO - Filling up the DagBag from /Library/Frameworks/Python.framework/Versions/3.10/lib/python3.10/site-packages/airflow/example_dags/example_trigger_controller_dag.py
[2025-09-23T14:51:54.918+0300] {processor.py:925} INFO - DAG(s) 'example_trigger_controller_dag' retrieved from /Library/Frameworks/Python.framework/Versions/3.10/lib/python3.10/site-packages/airflow/example_dags/example_trigger_controller_dag.py
[2025-09-23T14:51:54.950+0300] {logging_mixin.py:190} INFO - [2025-09-23T14:51:54.950+0300] {dag.py:3239} INFO - Sync 1 DAGs
[2025-09-23T14:51:54.956+0300] {logging_mixin.py:190} INFO - [2025-09-23T14:51:54.955+0300] {dag.py:4180} INFO - Setting next_dagrun for example_trigger_controller_dag to 2021-01-01 00:00:00+00:00, run_after=2021-01-01 00:00:00+00:00
[2025-09-23T14:51:54.961+0300] {processor.py:208} INFO - Processing /Library/Frameworks/Python.framework/Versions/3.10/lib/python3.10/site-packages/airflow/example_dags/example_trigger_controller_dag.py took 0.050 seconds
[2025-09-23T14:53:06.990+0300] {processor.py:186} INFO - Started process (PID=83418) to work on /Library/Frameworks/Python.framework/Versions/3.10/lib/python3.10/site-packages/airflow/example_dags/example_trigger_controller_dag.py
[2025-09-23T14:53:06.992+0300] {processor.py:914} INFO - Processing file /Library/Frameworks/Python.framework/Versions/3.10/lib/python3.10/site-packages/airflow/example_dags/example_trigger_controller_dag.py for tasks to queue
[2025-09-23T14:53:06.992+0300] {logging_mixin.py:190} INFO - [2025-09-23T14:53:06.992+0300] {dagbag.py:588} INFO - Filling up the DagBag from /Library/Frameworks/Python.framework/Versions/3.10/lib/python3.10/site-packages/airflow/example_dags/example_trigger_controller_dag.py
[2025-09-23T14:53:06.996+0300] {processor.py:925} INFO - DAG(s) 'example_trigger_controller_dag' retrieved from /Library/Frameworks/Python.framework/Versions/3.10/lib/python3.10/site-packages/airflow/example_dags/example_trigger_controller_dag.py
[2025-09-23T14:53:07.028+0300] {logging_mixin.py:190} INFO - [2025-09-23T14:53:07.028+0300] {dag.py:3239} INFO - Sync 1 DAGs
[2025-09-23T14:53:07.033+0300] {logging_mixin.py:190} INFO - [2025-09-23T14:53:07.033+0300] {dag.py:4180} INFO - Setting next_dagrun for example_trigger_controller_dag to 2021-01-01 00:00:00+00:00, run_after=2021-01-01 00:00:00+00:00
[2025-09-23T14:53:07.039+0300] {processor.py:208} INFO - Processing /Library/Frameworks/Python.framework/Versions/3.10/lib/python3.10/site-packages/airflow/example_dags/example_trigger_controller_dag.py took 0.050 seconds
[2025-09-23T14:54:43.997+0300] {processor.py:186} INFO - Started process (PID=84127) to work on /Library/Frameworks/Python.framework/Versions/3.10/lib/python3.10/site-packages/airflow/example_dags/example_trigger_controller_dag.py
[2025-09-23T14:54:43.998+0300] {processor.py:914} INFO - Processing file /Library/Frameworks/Python.framework/Versions/3.10/lib/python3.10/site-packages/airflow/example_dags/example_trigger_controller_dag.py for tasks to queue
[2025-09-23T14:54:43.999+0300] {logging_mixin.py:190} INFO - [2025-09-23T14:54:43.998+0300] {dagbag.py:588} INFO - Filling up the DagBag from /Library/Frameworks/Python.framework/Versions/3.10/lib/python3.10/site-packages/airflow/example_dags/example_trigger_controller_dag.py
[2025-09-23T14:54:44.003+0300] {processor.py:925} INFO - DAG(s) 'example_trigger_controller_dag' retrieved from /Library/Frameworks/Python.framework/Versions/3.10/lib/python3.10/site-packages/airflow/example_dags/example_trigger_controller_dag.py
[2025-09-23T14:54:44.040+0300] {logging_mixin.py:190} INFO - [2025-09-23T14:54:44.040+0300] {dag.py:3239} INFO - Sync 1 DAGs
[2025-09-23T14:54:44.047+0300] {logging_mixin.py:190} INFO - [2025-09-23T14:54:44.047+0300] {dag.py:4180} INFO - Setting next_dagrun for example_trigger_controller_dag to 2021-01-01 00:00:00+00:00, run_after=2021-01-01 00:00:00+00:00
[2025-09-23T14:54:44.053+0300] {processor.py:208} INFO - Processing /Library/Frameworks/Python.framework/Versions/3.10/lib/python3.10/site-packages/airflow/example_dags/example_trigger_controller_dag.py took 0.057 seconds
[2025-09-23T14:56:21.332+0300] {processor.py:186} INFO - Started process (PID=84763) to work on /Library/Frameworks/Python.framework/Versions/3.10/lib/python3.10/site-packages/airflow/example_dags/example_trigger_controller_dag.py
[2025-09-23T14:56:21.333+0300] {processor.py:914} INFO - Processing file /Library/Frameworks/Python.framework/Versions/3.10/lib/python3.10/site-packages/airflow/example_dags/example_trigger_controller_dag.py for tasks to queue
[2025-09-23T14:56:21.333+0300] {logging_mixin.py:190} INFO - [2025-09-23T14:56:21.333+0300] {dagbag.py:588} INFO - Filling up the DagBag from /Library/Frameworks/Python.framework/Versions/3.10/lib/python3.10/site-packages/airflow/example_dags/example_trigger_controller_dag.py
[2025-09-23T14:56:21.337+0300] {processor.py:925} INFO - DAG(s) 'example_trigger_controller_dag' retrieved from /Library/Frameworks/Python.framework/Versions/3.10/lib/python3.10/site-packages/airflow/example_dags/example_trigger_controller_dag.py
[2025-09-23T14:56:21.369+0300] {logging_mixin.py:190} INFO - [2025-09-23T14:56:21.369+0300] {dag.py:3239} INFO - Sync 1 DAGs
[2025-09-23T14:56:21.376+0300] {logging_mixin.py:190} INFO - [2025-09-23T14:56:21.376+0300] {dag.py:4180} INFO - Setting next_dagrun for example_trigger_controller_dag to 2021-01-01 00:00:00+00:00, run_after=2021-01-01 00:00:00+00:00
[2025-09-23T14:56:21.383+0300] {processor.py:208} INFO - Processing /Library/Frameworks/Python.framework/Versions/3.10/lib/python3.10/site-packages/airflow/example_dags/example_trigger_controller_dag.py took 0.052 seconds
