[2025-09-23T12:54:51.535+0300] {processor.py:186} INFO - Started process (PID=69466) to work on /Library/Frameworks/Python.framework/Versions/3.10/lib/python3.10/site-packages/airflow/example_dags/example_latest_only_with_trigger.py
[2025-09-23T12:54:51.535+0300] {processor.py:914} INFO - Processing file /Library/Frameworks/Python.framework/Versions/3.10/lib/python3.10/site-packages/airflow/example_dags/example_latest_only_with_trigger.py for tasks to queue
[2025-09-23T12:54:51.536+0300] {logging_mixin.py:190} INFO - [2025-09-23T12:54:51.536+0300] {dagbag.py:588} INFO - Filling up the DagBag from /Library/Frameworks/Python.framework/Versions/3.10/lib/python3.10/site-packages/airflow/example_dags/example_latest_only_with_trigger.py
[2025-09-23T12:54:51.539+0300] {processor.py:925} INFO - DAG(s) 'latest_only_with_trigger' retrieved from /Library/Frameworks/Python.framework/Versions/3.10/lib/python3.10/site-packages/airflow/example_dags/example_latest_only_with_trigger.py
[2025-09-23T12:54:51.575+0300] {logging_mixin.py:190} INFO - [2025-09-23T12:54:51.574+0300] {dag.py:3239} INFO - Sync 1 DAGs
[2025-09-23T12:54:51.581+0300] {logging_mixin.py:190} INFO - [2025-09-23T12:54:51.581+0300] {dag.py:4180} INFO - Setting next_dagrun for latest_only_with_trigger to 2025-09-23 04:00:00+00:00, run_after=2025-09-23 08:00:00+00:00
[2025-09-23T12:54:51.587+0300] {processor.py:208} INFO - Processing /Library/Frameworks/Python.framework/Versions/3.10/lib/python3.10/site-packages/airflow/example_dags/example_latest_only_with_trigger.py took 0.053 seconds
[2025-09-23T12:56:35.209+0300] {processor.py:186} INFO - Started process (PID=70030) to work on /Library/Frameworks/Python.framework/Versions/3.10/lib/python3.10/site-packages/airflow/example_dags/example_latest_only_with_trigger.py
[2025-09-23T12:56:35.210+0300] {processor.py:914} INFO - Processing file /Library/Frameworks/Python.framework/Versions/3.10/lib/python3.10/site-packages/airflow/example_dags/example_latest_only_with_trigger.py for tasks to queue
[2025-09-23T12:56:35.210+0300] {logging_mixin.py:190} INFO - [2025-09-23T12:56:35.210+0300] {dagbag.py:588} INFO - Filling up the DagBag from /Library/Frameworks/Python.framework/Versions/3.10/lib/python3.10/site-packages/airflow/example_dags/example_latest_only_with_trigger.py
[2025-09-23T12:56:35.213+0300] {processor.py:925} INFO - DAG(s) 'latest_only_with_trigger' retrieved from /Library/Frameworks/Python.framework/Versions/3.10/lib/python3.10/site-packages/airflow/example_dags/example_latest_only_with_trigger.py
[2025-09-23T12:56:35.247+0300] {logging_mixin.py:190} INFO - [2025-09-23T12:56:35.247+0300] {dag.py:3239} INFO - Sync 1 DAGs
[2025-09-23T12:56:35.253+0300] {logging_mixin.py:190} INFO - [2025-09-23T12:56:35.253+0300] {dag.py:4180} INFO - Setting next_dagrun for latest_only_with_trigger to 2025-09-23 04:00:00+00:00, run_after=2025-09-23 08:00:00+00:00
[2025-09-23T12:56:35.259+0300] {processor.py:208} INFO - Processing /Library/Frameworks/Python.framework/Versions/3.10/lib/python3.10/site-packages/airflow/example_dags/example_latest_only_with_trigger.py took 0.052 seconds
[2025-09-23T12:59:04.529+0300] {processor.py:186} INFO - Started process (PID=70926) to work on /Library/Frameworks/Python.framework/Versions/3.10/lib/python3.10/site-packages/airflow/example_dags/example_latest_only_with_trigger.py
[2025-09-23T12:59:04.530+0300] {processor.py:914} INFO - Processing file /Library/Frameworks/Python.framework/Versions/3.10/lib/python3.10/site-packages/airflow/example_dags/example_latest_only_with_trigger.py for tasks to queue
[2025-09-23T12:59:04.531+0300] {logging_mixin.py:190} INFO - [2025-09-23T12:59:04.531+0300] {dagbag.py:588} INFO - Filling up the DagBag from /Library/Frameworks/Python.framework/Versions/3.10/lib/python3.10/site-packages/airflow/example_dags/example_latest_only_with_trigger.py
[2025-09-23T12:59:04.534+0300] {processor.py:925} INFO - DAG(s) 'latest_only_with_trigger' retrieved from /Library/Frameworks/Python.framework/Versions/3.10/lib/python3.10/site-packages/airflow/example_dags/example_latest_only_with_trigger.py
[2025-09-23T12:59:04.568+0300] {logging_mixin.py:190} INFO - [2025-09-23T12:59:04.568+0300] {dag.py:3239} INFO - Sync 1 DAGs
[2025-09-23T12:59:04.574+0300] {logging_mixin.py:190} INFO - [2025-09-23T12:59:04.574+0300] {dag.py:4180} INFO - Setting next_dagrun for latest_only_with_trigger to 2025-09-23 04:00:00+00:00, run_after=2025-09-23 08:00:00+00:00
[2025-09-23T12:59:04.580+0300] {processor.py:208} INFO - Processing /Library/Frameworks/Python.framework/Versions/3.10/lib/python3.10/site-packages/airflow/example_dags/example_latest_only_with_trigger.py took 0.052 seconds
