[2025-09-23T12:54:23.642+0300] {processor.py:186} INFO - Started process (PID=69306) to work on /Library/Frameworks/Python.framework/Versions/3.10/lib/python3.10/site-packages/airflow/example_dags/example_skip_dag.py
[2025-09-23T12:54:23.643+0300] {processor.py:914} INFO - Processing file /Library/Frameworks/Python.framework/Versions/3.10/lib/python3.10/site-packages/airflow/example_dags/example_skip_dag.py for tasks to queue
[2025-09-23T12:54:23.643+0300] {logging_mixin.py:190} INFO - [2025-09-23T12:54:23.643+0300] {dagbag.py:588} INFO - Filling up the DagBag from /Library/Frameworks/Python.framework/Versions/3.10/lib/python3.10/site-packages/airflow/example_dags/example_skip_dag.py
[2025-09-23T12:54:23.646+0300] {processor.py:925} INFO - DAG(s) 'example_skip_dag' retrieved from /Library/Frameworks/Python.framework/Versions/3.10/lib/python3.10/site-packages/airflow/example_dags/example_skip_dag.py
[2025-09-23T12:54:23.682+0300] {logging_mixin.py:190} INFO - [2025-09-23T12:54:23.682+0300] {dag.py:3239} INFO - Sync 1 DAGs
[2025-09-23T12:54:23.688+0300] {logging_mixin.py:190} INFO - [2025-09-23T12:54:23.688+0300] {dag.py:4180} INFO - Setting next_dagrun for example_skip_dag to 2025-09-22 00:00:00+00:00, run_after=2025-09-23 00:00:00+00:00
[2025-09-23T12:54:23.694+0300] {processor.py:208} INFO - Processing /Library/Frameworks/Python.framework/Versions/3.10/lib/python3.10/site-packages/airflow/example_dags/example_skip_dag.py took 0.053 seconds
[2025-09-23T12:56:06.721+0300] {processor.py:186} INFO - Started process (PID=69875) to work on /Library/Frameworks/Python.framework/Versions/3.10/lib/python3.10/site-packages/airflow/example_dags/example_skip_dag.py
[2025-09-23T12:56:06.721+0300] {processor.py:914} INFO - Processing file /Library/Frameworks/Python.framework/Versions/3.10/lib/python3.10/site-packages/airflow/example_dags/example_skip_dag.py for tasks to queue
[2025-09-23T12:56:06.722+0300] {logging_mixin.py:190} INFO - [2025-09-23T12:56:06.722+0300] {dagbag.py:588} INFO - Filling up the DagBag from /Library/Frameworks/Python.framework/Versions/3.10/lib/python3.10/site-packages/airflow/example_dags/example_skip_dag.py
[2025-09-23T12:56:06.724+0300] {processor.py:925} INFO - DAG(s) 'example_skip_dag' retrieved from /Library/Frameworks/Python.framework/Versions/3.10/lib/python3.10/site-packages/airflow/example_dags/example_skip_dag.py
[2025-09-23T12:56:06.760+0300] {logging_mixin.py:190} INFO - [2025-09-23T12:56:06.760+0300] {dag.py:3239} INFO - Sync 1 DAGs
[2025-09-23T12:56:06.767+0300] {logging_mixin.py:190} INFO - [2025-09-23T12:56:06.767+0300] {dag.py:4180} INFO - Setting next_dagrun for example_skip_dag to 2025-09-22 00:00:00+00:00, run_after=2025-09-23 00:00:00+00:00
[2025-09-23T12:56:06.773+0300] {processor.py:208} INFO - Processing /Library/Frameworks/Python.framework/Versions/3.10/lib/python3.10/site-packages/airflow/example_dags/example_skip_dag.py took 0.054 seconds
[2025-09-23T12:57:24.433+0300] {processor.py:186} INFO - Started process (PID=70342) to work on /Library/Frameworks/Python.framework/Versions/3.10/lib/python3.10/site-packages/airflow/example_dags/example_skip_dag.py
[2025-09-23T12:57:24.434+0300] {processor.py:914} INFO - Processing file /Library/Frameworks/Python.framework/Versions/3.10/lib/python3.10/site-packages/airflow/example_dags/example_skip_dag.py for tasks to queue
[2025-09-23T12:57:24.434+0300] {logging_mixin.py:190} INFO - [2025-09-23T12:57:24.434+0300] {dagbag.py:588} INFO - Filling up the DagBag from /Library/Frameworks/Python.framework/Versions/3.10/lib/python3.10/site-packages/airflow/example_dags/example_skip_dag.py
[2025-09-23T12:57:24.437+0300] {processor.py:925} INFO - DAG(s) 'example_skip_dag' retrieved from /Library/Frameworks/Python.framework/Versions/3.10/lib/python3.10/site-packages/airflow/example_dags/example_skip_dag.py
[2025-09-23T12:57:24.474+0300] {logging_mixin.py:190} INFO - [2025-09-23T12:57:24.474+0300] {dag.py:3239} INFO - Sync 1 DAGs
[2025-09-23T12:57:24.480+0300] {logging_mixin.py:190} INFO - [2025-09-23T12:57:24.480+0300] {dag.py:4180} INFO - Setting next_dagrun for example_skip_dag to 2025-09-22 00:00:00+00:00, run_after=2025-09-23 00:00:00+00:00
[2025-09-23T12:57:24.487+0300] {processor.py:208} INFO - Processing /Library/Frameworks/Python.framework/Versions/3.10/lib/python3.10/site-packages/airflow/example_dags/example_skip_dag.py took 0.055 seconds
[2025-09-23T12:58:38.282+0300] {processor.py:186} INFO - Started process (PID=70773) to work on /Library/Frameworks/Python.framework/Versions/3.10/lib/python3.10/site-packages/airflow/example_dags/example_skip_dag.py
[2025-09-23T12:58:38.283+0300] {processor.py:914} INFO - Processing file /Library/Frameworks/Python.framework/Versions/3.10/lib/python3.10/site-packages/airflow/example_dags/example_skip_dag.py for tasks to queue
[2025-09-23T12:58:38.283+0300] {logging_mixin.py:190} INFO - [2025-09-23T12:58:38.283+0300] {dagbag.py:588} INFO - Filling up the DagBag from /Library/Frameworks/Python.framework/Versions/3.10/lib/python3.10/site-packages/airflow/example_dags/example_skip_dag.py
[2025-09-23T12:58:38.286+0300] {processor.py:925} INFO - DAG(s) 'example_skip_dag' retrieved from /Library/Frameworks/Python.framework/Versions/3.10/lib/python3.10/site-packages/airflow/example_dags/example_skip_dag.py
[2025-09-23T12:58:38.320+0300] {logging_mixin.py:190} INFO - [2025-09-23T12:58:38.320+0300] {dag.py:3239} INFO - Sync 1 DAGs
[2025-09-23T12:58:38.326+0300] {logging_mixin.py:190} INFO - [2025-09-23T12:58:38.326+0300] {dag.py:4180} INFO - Setting next_dagrun for example_skip_dag to 2025-09-22 00:00:00+00:00, run_after=2025-09-23 00:00:00+00:00
[2025-09-23T12:58:38.332+0300] {processor.py:208} INFO - Processing /Library/Frameworks/Python.framework/Versions/3.10/lib/python3.10/site-packages/airflow/example_dags/example_skip_dag.py took 0.051 seconds
[2025-09-23T12:59:51.251+0300] {processor.py:186} INFO - Started process (PID=71202) to work on /Library/Frameworks/Python.framework/Versions/3.10/lib/python3.10/site-packages/airflow/example_dags/example_skip_dag.py
[2025-09-23T12:59:51.252+0300] {processor.py:914} INFO - Processing file /Library/Frameworks/Python.framework/Versions/3.10/lib/python3.10/site-packages/airflow/example_dags/example_skip_dag.py for tasks to queue
[2025-09-23T12:59:51.252+0300] {logging_mixin.py:190} INFO - [2025-09-23T12:59:51.252+0300] {dagbag.py:588} INFO - Filling up the DagBag from /Library/Frameworks/Python.framework/Versions/3.10/lib/python3.10/site-packages/airflow/example_dags/example_skip_dag.py
[2025-09-23T12:59:51.255+0300] {processor.py:925} INFO - DAG(s) 'example_skip_dag' retrieved from /Library/Frameworks/Python.framework/Versions/3.10/lib/python3.10/site-packages/airflow/example_dags/example_skip_dag.py
[2025-09-23T12:59:51.291+0300] {logging_mixin.py:190} INFO - [2025-09-23T12:59:51.291+0300] {dag.py:3239} INFO - Sync 1 DAGs
[2025-09-23T12:59:51.297+0300] {logging_mixin.py:190} INFO - [2025-09-23T12:59:51.297+0300] {dag.py:4180} INFO - Setting next_dagrun for example_skip_dag to 2025-09-22 00:00:00+00:00, run_after=2025-09-23 00:00:00+00:00
[2025-09-23T12:59:51.304+0300] {processor.py:208} INFO - Processing /Library/Frameworks/Python.framework/Versions/3.10/lib/python3.10/site-packages/airflow/example_dags/example_skip_dag.py took 0.053 seconds
