[2025-09-23T12:54:41.830+0300] {processor.py:186} INFO - Started process (PID=69410) to work on /Library/Frameworks/Python.framework/Versions/3.10/lib/python3.10/site-packages/airflow/example_dags/example_params_ui_tutorial.py
[2025-09-23T12:54:41.830+0300] {processor.py:914} INFO - Processing file /Library/Frameworks/Python.framework/Versions/3.10/lib/python3.10/site-packages/airflow/example_dags/example_params_ui_tutorial.py for tasks to queue
[2025-09-23T12:54:41.831+0300] {logging_mixin.py:190} INFO - [2025-09-23T12:54:41.831+0300] {dagbag.py:588} INFO - Filling up the DagBag from /Library/Frameworks/Python.framework/Versions/3.10/lib/python3.10/site-packages/airflow/example_dags/example_params_ui_tutorial.py
[2025-09-23T12:54:41.846+0300] {processor.py:925} INFO - DAG(s) 'example_params_ui_tutorial' retrieved from /Library/Frameworks/Python.framework/Versions/3.10/lib/python3.10/site-packages/airflow/example_dags/example_params_ui_tutorial.py
[2025-09-23T12:54:41.889+0300] {logging_mixin.py:190} INFO - [2025-09-23T12:54:41.888+0300] {dag.py:3239} INFO - Sync 1 DAGs
[2025-09-23T12:54:41.892+0300] {logging_mixin.py:190} INFO - [2025-09-23T12:54:41.892+0300] {dag.py:4180} INFO - Setting next_dagrun for example_params_ui_tutorial to None, run_after=None
[2025-09-23T12:54:41.898+0300] {processor.py:208} INFO - Processing /Library/Frameworks/Python.framework/Versions/3.10/lib/python3.10/site-packages/airflow/example_dags/example_params_ui_tutorial.py took 0.069 seconds
[2025-09-23T12:56:25.817+0300] {processor.py:186} INFO - Started process (PID=69978) to work on /Library/Frameworks/Python.framework/Versions/3.10/lib/python3.10/site-packages/airflow/example_dags/example_params_ui_tutorial.py
[2025-09-23T12:56:25.818+0300] {processor.py:914} INFO - Processing file /Library/Frameworks/Python.framework/Versions/3.10/lib/python3.10/site-packages/airflow/example_dags/example_params_ui_tutorial.py for tasks to queue
[2025-09-23T12:56:25.819+0300] {logging_mixin.py:190} INFO - [2025-09-23T12:56:25.819+0300] {dagbag.py:588} INFO - Filling up the DagBag from /Library/Frameworks/Python.framework/Versions/3.10/lib/python3.10/site-packages/airflow/example_dags/example_params_ui_tutorial.py
[2025-09-23T12:56:25.833+0300] {processor.py:925} INFO - DAG(s) 'example_params_ui_tutorial' retrieved from /Library/Frameworks/Python.framework/Versions/3.10/lib/python3.10/site-packages/airflow/example_dags/example_params_ui_tutorial.py
[2025-09-23T12:56:25.876+0300] {logging_mixin.py:190} INFO - [2025-09-23T12:56:25.876+0300] {dag.py:3239} INFO - Sync 1 DAGs
[2025-09-23T12:56:25.880+0300] {logging_mixin.py:190} INFO - [2025-09-23T12:56:25.880+0300] {dag.py:4180} INFO - Setting next_dagrun for example_params_ui_tutorial to None, run_after=None
[2025-09-23T12:56:25.886+0300] {processor.py:208} INFO - Processing /Library/Frameworks/Python.framework/Versions/3.10/lib/python3.10/site-packages/airflow/example_dags/example_params_ui_tutorial.py took 0.070 seconds
[2025-09-23T12:58:55.773+0300] {processor.py:186} INFO - Started process (PID=70870) to work on /Library/Frameworks/Python.framework/Versions/3.10/lib/python3.10/site-packages/airflow/example_dags/example_params_ui_tutorial.py
[2025-09-23T12:58:55.774+0300] {processor.py:914} INFO - Processing file /Library/Frameworks/Python.framework/Versions/3.10/lib/python3.10/site-packages/airflow/example_dags/example_params_ui_tutorial.py for tasks to queue
[2025-09-23T12:58:55.775+0300] {logging_mixin.py:190} INFO - [2025-09-23T12:58:55.775+0300] {dagbag.py:588} INFO - Filling up the DagBag from /Library/Frameworks/Python.framework/Versions/3.10/lib/python3.10/site-packages/airflow/example_dags/example_params_ui_tutorial.py
[2025-09-23T12:58:55.789+0300] {processor.py:925} INFO - DAG(s) 'example_params_ui_tutorial' retrieved from /Library/Frameworks/Python.framework/Versions/3.10/lib/python3.10/site-packages/airflow/example_dags/example_params_ui_tutorial.py
[2025-09-23T12:58:55.832+0300] {logging_mixin.py:190} INFO - [2025-09-23T12:58:55.832+0300] {dag.py:3239} INFO - Sync 1 DAGs
[2025-09-23T12:58:55.835+0300] {logging_mixin.py:190} INFO - [2025-09-23T12:58:55.835+0300] {dag.py:4180} INFO - Setting next_dagrun for example_params_ui_tutorial to None, run_after=None
[2025-09-23T12:58:55.842+0300] {processor.py:208} INFO - Processing /Library/Frameworks/Python.framework/Versions/3.10/lib/python3.10/site-packages/airflow/example_dags/example_params_ui_tutorial.py took 0.070 seconds
