[2025-09-23T12:54:55.483+0300] {processor.py:186} INFO - Started process (PID=69490) to work on /Library/Frameworks/Python.framework/Versions/3.10/lib/python3.10/site-packages/airflow/example_dags/example_inlet_event_extra.py
[2025-09-23T12:54:55.484+0300] {processor.py:914} INFO - Processing file /Library/Frameworks/Python.framework/Versions/3.10/lib/python3.10/site-packages/airflow/example_dags/example_inlet_event_extra.py for tasks to queue
[2025-09-23T12:54:55.484+0300] {logging_mixin.py:190} INFO - [2025-09-23T12:54:55.484+0300] {dagbag.py:588} INFO - Filling up the DagBag from /Library/Frameworks/Python.framework/Versions/3.10/lib/python3.10/site-packages/airflow/example_dags/example_inlet_event_extra.py
[2025-09-23T12:54:55.537+0300] {logging_mixin.py:190} WARNING - /Library/Frameworks/Python.framework/Versions/3.10/lib/python3.10/site-packages/cron_descriptor/ExpressionDescriptor.py:69 UserWarning: No system locale set. Falling back to 'en_US'. Set LANG/LC_ALL or pass locale_code to override.
[2025-09-23T12:54:55.537+0300] {logging_mixin.py:190} WARNING - /Library/Frameworks/Python.framework/Versions/3.10/lib/python3.10/site-packages/cron_descriptor/ExpressionDescriptor.py:69 UserWarning: No system locale set. Falling back to 'en_US'. Set LANG/LC_ALL or pass locale_code to override.
[2025-09-23T12:54:55.538+0300] {processor.py:925} INFO - DAG(s) 'read_dataset_event', 'read_dataset_event_from_classic' retrieved from /Library/Frameworks/Python.framework/Versions/3.10/lib/python3.10/site-packages/airflow/example_dags/example_inlet_event_extra.py
[2025-09-23T12:54:55.572+0300] {logging_mixin.py:190} INFO - [2025-09-23T12:54:55.572+0300] {dag.py:3239} INFO - Sync 2 DAGs
[2025-09-23T12:54:55.579+0300] {logging_mixin.py:190} INFO - [2025-09-23T12:54:55.579+0300] {dag.py:4180} INFO - Setting next_dagrun for read_dataset_event to 2025-09-22 00:00:00+00:00, run_after=2025-09-23 00:00:00+00:00
[2025-09-23T12:54:55.580+0300] {logging_mixin.py:190} INFO - [2025-09-23T12:54:55.580+0300] {dag.py:4180} INFO - Setting next_dagrun for read_dataset_event_from_classic to 2025-09-22 00:00:00+00:00, run_after=2025-09-23 00:00:00+00:00
[2025-09-23T12:54:55.585+0300] {processor.py:208} INFO - Processing /Library/Frameworks/Python.framework/Versions/3.10/lib/python3.10/site-packages/airflow/example_dags/example_inlet_event_extra.py took 0.103 seconds
[2025-09-23T12:56:40.325+0300] {processor.py:186} INFO - Started process (PID=70069) to work on /Library/Frameworks/Python.framework/Versions/3.10/lib/python3.10/site-packages/airflow/example_dags/example_inlet_event_extra.py
[2025-09-23T12:56:40.326+0300] {processor.py:914} INFO - Processing file /Library/Frameworks/Python.framework/Versions/3.10/lib/python3.10/site-packages/airflow/example_dags/example_inlet_event_extra.py for tasks to queue
[2025-09-23T12:56:40.326+0300] {logging_mixin.py:190} INFO - [2025-09-23T12:56:40.326+0300] {dagbag.py:588} INFO - Filling up the DagBag from /Library/Frameworks/Python.framework/Versions/3.10/lib/python3.10/site-packages/airflow/example_dags/example_inlet_event_extra.py
[2025-09-23T12:56:40.382+0300] {logging_mixin.py:190} WARNING - /Library/Frameworks/Python.framework/Versions/3.10/lib/python3.10/site-packages/cron_descriptor/ExpressionDescriptor.py:69 UserWarning: No system locale set. Falling back to 'en_US'. Set LANG/LC_ALL or pass locale_code to override.
[2025-09-23T12:56:40.383+0300] {logging_mixin.py:190} WARNING - /Library/Frameworks/Python.framework/Versions/3.10/lib/python3.10/site-packages/cron_descriptor/ExpressionDescriptor.py:69 UserWarning: No system locale set. Falling back to 'en_US'. Set LANG/LC_ALL or pass locale_code to override.
[2025-09-23T12:56:40.384+0300] {processor.py:925} INFO - DAG(s) 'read_dataset_event_from_classic', 'read_dataset_event' retrieved from /Library/Frameworks/Python.framework/Versions/3.10/lib/python3.10/site-packages/airflow/example_dags/example_inlet_event_extra.py
[2025-09-23T12:56:40.419+0300] {logging_mixin.py:190} INFO - [2025-09-23T12:56:40.419+0300] {dag.py:3239} INFO - Sync 2 DAGs
[2025-09-23T12:56:40.425+0300] {logging_mixin.py:190} INFO - [2025-09-23T12:56:40.425+0300] {dag.py:4180} INFO - Setting next_dagrun for read_dataset_event to 2025-09-22 00:00:00+00:00, run_after=2025-09-23 00:00:00+00:00
[2025-09-23T12:56:40.426+0300] {logging_mixin.py:190} INFO - [2025-09-23T12:56:40.426+0300] {dag.py:4180} INFO - Setting next_dagrun for read_dataset_event_from_classic to 2025-09-22 00:00:00+00:00, run_after=2025-09-23 00:00:00+00:00
[2025-09-23T12:56:40.431+0300] {processor.py:208} INFO - Processing /Library/Frameworks/Python.framework/Versions/3.10/lib/python3.10/site-packages/airflow/example_dags/example_inlet_event_extra.py took 0.107 seconds
[2025-09-23T12:59:09.321+0300] {processor.py:186} INFO - Started process (PID=70960) to work on /Library/Frameworks/Python.framework/Versions/3.10/lib/python3.10/site-packages/airflow/example_dags/example_inlet_event_extra.py
[2025-09-23T12:59:09.321+0300] {processor.py:914} INFO - Processing file /Library/Frameworks/Python.framework/Versions/3.10/lib/python3.10/site-packages/airflow/example_dags/example_inlet_event_extra.py for tasks to queue
[2025-09-23T12:59:09.322+0300] {logging_mixin.py:190} INFO - [2025-09-23T12:59:09.321+0300] {dagbag.py:588} INFO - Filling up the DagBag from /Library/Frameworks/Python.framework/Versions/3.10/lib/python3.10/site-packages/airflow/example_dags/example_inlet_event_extra.py
[2025-09-23T12:59:09.377+0300] {logging_mixin.py:190} WARNING - /Library/Frameworks/Python.framework/Versions/3.10/lib/python3.10/site-packages/cron_descriptor/ExpressionDescriptor.py:69 UserWarning: No system locale set. Falling back to 'en_US'. Set LANG/LC_ALL or pass locale_code to override.
[2025-09-23T12:59:09.377+0300] {logging_mixin.py:190} WARNING - /Library/Frameworks/Python.framework/Versions/3.10/lib/python3.10/site-packages/cron_descriptor/ExpressionDescriptor.py:69 UserWarning: No system locale set. Falling back to 'en_US'. Set LANG/LC_ALL or pass locale_code to override.
[2025-09-23T12:59:09.379+0300] {processor.py:925} INFO - DAG(s) 'read_dataset_event_from_classic', 'read_dataset_event' retrieved from /Library/Frameworks/Python.framework/Versions/3.10/lib/python3.10/site-packages/airflow/example_dags/example_inlet_event_extra.py
[2025-09-23T12:59:09.412+0300] {logging_mixin.py:190} INFO - [2025-09-23T12:59:09.412+0300] {dag.py:3239} INFO - Sync 2 DAGs
[2025-09-23T12:59:09.418+0300] {logging_mixin.py:190} INFO - [2025-09-23T12:59:09.418+0300] {dag.py:4180} INFO - Setting next_dagrun for read_dataset_event to 2025-09-22 00:00:00+00:00, run_after=2025-09-23 00:00:00+00:00
[2025-09-23T12:59:09.420+0300] {logging_mixin.py:190} INFO - [2025-09-23T12:59:09.420+0300] {dag.py:4180} INFO - Setting next_dagrun for read_dataset_event_from_classic to 2025-09-22 00:00:00+00:00, run_after=2025-09-23 00:00:00+00:00
[2025-09-23T12:59:09.425+0300] {processor.py:208} INFO - Processing /Library/Frameworks/Python.framework/Versions/3.10/lib/python3.10/site-packages/airflow/example_dags/example_inlet_event_extra.py took 0.105 seconds
