[2025-09-23T12:55:27.074+0300] {processor.py:186} INFO - Started process (PID=69655) to work on /Library/Frameworks/Python.framework/Versions/3.10/lib/python3.10/site-packages/airflow/example_dags/example_bash_decorator.py
[2025-09-23T12:55:27.074+0300] {processor.py:914} INFO - Processing file /Library/Frameworks/Python.framework/Versions/3.10/lib/python3.10/site-packages/airflow/example_dags/example_bash_decorator.py for tasks to queue
[2025-09-23T12:55:27.075+0300] {logging_mixin.py:190} INFO - [2025-09-23T12:55:27.075+0300] {dagbag.py:588} INFO - Filling up the DagBag from /Library/Frameworks/Python.framework/Versions/3.10/lib/python3.10/site-packages/airflow/example_dags/example_bash_decorator.py
[2025-09-23T12:55:27.096+0300] {processor.py:925} INFO - DAG(s) 'example_bash_decorator' retrieved from /Library/Frameworks/Python.framework/Versions/3.10/lib/python3.10/site-packages/airflow/example_dags/example_bash_decorator.py
[2025-09-23T12:55:27.176+0300] {logging_mixin.py:190} INFO - [2025-09-23T12:55:27.176+0300] {dag.py:3239} INFO - Sync 1 DAGs
[2025-09-23T12:55:27.180+0300] {logging_mixin.py:190} INFO - [2025-09-23T12:55:27.180+0300] {dag.py:4180} INFO - Setting next_dagrun for example_bash_decorator to None, run_after=None
[2025-09-23T12:55:27.187+0300] {processor.py:208} INFO - Processing /Library/Frameworks/Python.framework/Versions/3.10/lib/python3.10/site-packages/airflow/example_dags/example_bash_decorator.py took 0.114 seconds
[2025-09-23T12:57:58.538+0300] {processor.py:186} INFO - Started process (PID=70529) to work on /Library/Frameworks/Python.framework/Versions/3.10/lib/python3.10/site-packages/airflow/example_dags/example_bash_decorator.py
[2025-09-23T12:57:58.538+0300] {processor.py:914} INFO - Processing file /Library/Frameworks/Python.framework/Versions/3.10/lib/python3.10/site-packages/airflow/example_dags/example_bash_decorator.py for tasks to queue
[2025-09-23T12:57:58.539+0300] {logging_mixin.py:190} INFO - [2025-09-23T12:57:58.539+0300] {dagbag.py:588} INFO - Filling up the DagBag from /Library/Frameworks/Python.framework/Versions/3.10/lib/python3.10/site-packages/airflow/example_dags/example_bash_decorator.py
[2025-09-23T12:57:58.557+0300] {processor.py:925} INFO - DAG(s) 'example_bash_decorator' retrieved from /Library/Frameworks/Python.framework/Versions/3.10/lib/python3.10/site-packages/airflow/example_dags/example_bash_decorator.py
[2025-09-23T12:57:58.635+0300] {logging_mixin.py:190} INFO - [2025-09-23T12:57:58.635+0300] {dag.py:3239} INFO - Sync 1 DAGs
[2025-09-23T12:57:58.639+0300] {logging_mixin.py:190} INFO - [2025-09-23T12:57:58.639+0300] {dag.py:4180} INFO - Setting next_dagrun for example_bash_decorator to None, run_after=None
[2025-09-23T12:57:58.645+0300] {processor.py:208} INFO - Processing /Library/Frameworks/Python.framework/Versions/3.10/lib/python3.10/site-packages/airflow/example_dags/example_bash_decorator.py took 0.108 seconds
[2025-09-23T14:49:00.860+0300] {processor.py:186} INFO - Started process (PID=81962) to work on /Library/Frameworks/Python.framework/Versions/3.10/lib/python3.10/site-packages/airflow/example_dags/example_bash_decorator.py
[2025-09-23T14:49:00.861+0300] {processor.py:914} INFO - Processing file /Library/Frameworks/Python.framework/Versions/3.10/lib/python3.10/site-packages/airflow/example_dags/example_bash_decorator.py for tasks to queue
[2025-09-23T14:49:00.861+0300] {logging_mixin.py:190} INFO - [2025-09-23T14:49:00.861+0300] {dagbag.py:588} INFO - Filling up the DagBag from /Library/Frameworks/Python.framework/Versions/3.10/lib/python3.10/site-packages/airflow/example_dags/example_bash_decorator.py
[2025-09-23T14:49:00.880+0300] {processor.py:925} INFO - DAG(s) 'example_bash_decorator' retrieved from /Library/Frameworks/Python.framework/Versions/3.10/lib/python3.10/site-packages/airflow/example_dags/example_bash_decorator.py
[2025-09-23T14:49:00.959+0300] {logging_mixin.py:190} INFO - [2025-09-23T14:49:00.959+0300] {dag.py:3239} INFO - Sync 1 DAGs
[2025-09-23T14:49:00.963+0300] {logging_mixin.py:190} INFO - [2025-09-23T14:49:00.963+0300] {dag.py:4180} INFO - Setting next_dagrun for example_bash_decorator to None, run_after=None
[2025-09-23T14:49:00.969+0300] {processor.py:208} INFO - Processing /Library/Frameworks/Python.framework/Versions/3.10/lib/python3.10/site-packages/airflow/example_dags/example_bash_decorator.py took 0.110 seconds
[2025-09-23T14:51:25.226+0300] {processor.py:186} INFO - Started process (PID=82801) to work on /Library/Frameworks/Python.framework/Versions/3.10/lib/python3.10/site-packages/airflow/example_dags/example_bash_decorator.py
[2025-09-23T14:51:25.227+0300] {processor.py:914} INFO - Processing file /Library/Frameworks/Python.framework/Versions/3.10/lib/python3.10/site-packages/airflow/example_dags/example_bash_decorator.py for tasks to queue
[2025-09-23T14:51:25.227+0300] {logging_mixin.py:190} INFO - [2025-09-23T14:51:25.227+0300] {dagbag.py:588} INFO - Filling up the DagBag from /Library/Frameworks/Python.framework/Versions/3.10/lib/python3.10/site-packages/airflow/example_dags/example_bash_decorator.py
[2025-09-23T14:51:25.249+0300] {processor.py:925} INFO - DAG(s) 'example_bash_decorator' retrieved from /Library/Frameworks/Python.framework/Versions/3.10/lib/python3.10/site-packages/airflow/example_dags/example_bash_decorator.py
[2025-09-23T14:51:25.327+0300] {logging_mixin.py:190} INFO - [2025-09-23T14:51:25.327+0300] {dag.py:3239} INFO - Sync 1 DAGs
[2025-09-23T14:51:25.330+0300] {logging_mixin.py:190} INFO - [2025-09-23T14:51:25.330+0300] {dag.py:4180} INFO - Setting next_dagrun for example_bash_decorator to None, run_after=None
[2025-09-23T14:51:25.336+0300] {processor.py:208} INFO - Processing /Library/Frameworks/Python.framework/Versions/3.10/lib/python3.10/site-packages/airflow/example_dags/example_bash_decorator.py took 0.111 seconds
[2025-09-23T14:53:51.028+0300] {processor.py:186} INFO - Started process (PID=83666) to work on /Library/Frameworks/Python.framework/Versions/3.10/lib/python3.10/site-packages/airflow/example_dags/example_bash_decorator.py
[2025-09-23T14:53:51.028+0300] {processor.py:914} INFO - Processing file /Library/Frameworks/Python.framework/Versions/3.10/lib/python3.10/site-packages/airflow/example_dags/example_bash_decorator.py for tasks to queue
[2025-09-23T14:53:51.029+0300] {logging_mixin.py:190} INFO - [2025-09-23T14:53:51.029+0300] {dagbag.py:588} INFO - Filling up the DagBag from /Library/Frameworks/Python.framework/Versions/3.10/lib/python3.10/site-packages/airflow/example_dags/example_bash_decorator.py
[2025-09-23T14:53:51.050+0300] {processor.py:925} INFO - DAG(s) 'example_bash_decorator' retrieved from /Library/Frameworks/Python.framework/Versions/3.10/lib/python3.10/site-packages/airflow/example_dags/example_bash_decorator.py
[2025-09-23T14:53:51.128+0300] {logging_mixin.py:190} INFO - [2025-09-23T14:53:51.128+0300] {dag.py:3239} INFO - Sync 1 DAGs
[2025-09-23T14:53:51.132+0300] {logging_mixin.py:190} INFO - [2025-09-23T14:53:51.131+0300] {dag.py:4180} INFO - Setting next_dagrun for example_bash_decorator to None, run_after=None
[2025-09-23T14:53:51.137+0300] {processor.py:208} INFO - Processing /Library/Frameworks/Python.framework/Versions/3.10/lib/python3.10/site-packages/airflow/example_dags/example_bash_decorator.py took 0.111 seconds
[2025-09-23T14:57:08.268+0300] {processor.py:186} INFO - Started process (PID=85045) to work on /Library/Frameworks/Python.framework/Versions/3.10/lib/python3.10/site-packages/airflow/example_dags/example_bash_decorator.py
[2025-09-23T14:57:08.269+0300] {processor.py:914} INFO - Processing file /Library/Frameworks/Python.framework/Versions/3.10/lib/python3.10/site-packages/airflow/example_dags/example_bash_decorator.py for tasks to queue
[2025-09-23T14:57:08.269+0300] {logging_mixin.py:190} INFO - [2025-09-23T14:57:08.269+0300] {dagbag.py:588} INFO - Filling up the DagBag from /Library/Frameworks/Python.framework/Versions/3.10/lib/python3.10/site-packages/airflow/example_dags/example_bash_decorator.py
[2025-09-23T14:57:08.289+0300] {processor.py:925} INFO - DAG(s) 'example_bash_decorator' retrieved from /Library/Frameworks/Python.framework/Versions/3.10/lib/python3.10/site-packages/airflow/example_dags/example_bash_decorator.py
[2025-09-23T14:57:08.371+0300] {logging_mixin.py:190} INFO - [2025-09-23T14:57:08.371+0300] {dag.py:3239} INFO - Sync 1 DAGs
[2025-09-23T14:57:08.375+0300] {logging_mixin.py:190} INFO - [2025-09-23T14:57:08.375+0300] {dag.py:4180} INFO - Setting next_dagrun for example_bash_decorator to None, run_after=None
[2025-09-23T14:57:08.381+0300] {processor.py:208} INFO - Processing /Library/Frameworks/Python.framework/Versions/3.10/lib/python3.10/site-packages/airflow/example_dags/example_bash_decorator.py took 0.114 seconds
