[2025-09-23T12:55:14.287+0300] {processor.py:186} INFO - Started process (PID=69595) to work on /Library/Frameworks/Python.framework/Versions/3.10/lib/python3.10/site-packages/airflow/example_dags/example_branch_python_dop_operator_3.py
[2025-09-23T12:55:14.288+0300] {processor.py:914} INFO - Processing file /Library/Frameworks/Python.framework/Versions/3.10/lib/python3.10/site-packages/airflow/example_dags/example_branch_python_dop_operator_3.py for tasks to queue
[2025-09-23T12:55:14.288+0300] {logging_mixin.py:190} INFO - [2025-09-23T12:55:14.288+0300] {dagbag.py:588} INFO - Filling up the DagBag from /Library/Frameworks/Python.framework/Versions/3.10/lib/python3.10/site-packages/airflow/example_dags/example_branch_python_dop_operator_3.py
[2025-09-23T12:55:14.316+0300] {logging_mixin.py:190} WARNING - /Library/Frameworks/Python.framework/Versions/3.10/lib/python3.10/site-packages/cron_descriptor/ExpressionDescriptor.py:69 UserWarning: No system locale set. Falling back to 'en_US'. Set LANG/LC_ALL or pass locale_code to override.
[2025-09-23T12:55:14.317+0300] {processor.py:925} INFO - DAG(s) 'example_branch_dop_operator_v3' retrieved from /Library/Frameworks/Python.framework/Versions/3.10/lib/python3.10/site-packages/airflow/example_dags/example_branch_python_dop_operator_3.py
[2025-09-23T12:55:14.350+0300] {logging_mixin.py:190} INFO - [2025-09-23T12:55:14.350+0300] {dag.py:3239} INFO - Sync 1 DAGs
[2025-09-23T12:55:14.359+0300] {logging_mixin.py:190} INFO - [2025-09-23T12:55:14.359+0300] {dag.py:4180} INFO - Setting next_dagrun for example_branch_dop_operator_v3 to 2025-09-23 09:54:00+00:00, run_after=2025-09-23 09:55:00+00:00
[2025-09-23T12:55:14.365+0300] {processor.py:208} INFO - Processing /Library/Frameworks/Python.framework/Versions/3.10/lib/python3.10/site-packages/airflow/example_dags/example_branch_python_dop_operator_3.py took 0.079 seconds
[2025-09-23T12:57:46.102+0300] {processor.py:186} INFO - Started process (PID=70460) to work on /Library/Frameworks/Python.framework/Versions/3.10/lib/python3.10/site-packages/airflow/example_dags/example_branch_python_dop_operator_3.py
[2025-09-23T12:57:46.103+0300] {processor.py:914} INFO - Processing file /Library/Frameworks/Python.framework/Versions/3.10/lib/python3.10/site-packages/airflow/example_dags/example_branch_python_dop_operator_3.py for tasks to queue
[2025-09-23T12:57:46.103+0300] {logging_mixin.py:190} INFO - [2025-09-23T12:57:46.103+0300] {dagbag.py:588} INFO - Filling up the DagBag from /Library/Frameworks/Python.framework/Versions/3.10/lib/python3.10/site-packages/airflow/example_dags/example_branch_python_dop_operator_3.py
[2025-09-23T12:57:46.130+0300] {logging_mixin.py:190} WARNING - /Library/Frameworks/Python.framework/Versions/3.10/lib/python3.10/site-packages/cron_descriptor/ExpressionDescriptor.py:69 UserWarning: No system locale set. Falling back to 'en_US'. Set LANG/LC_ALL or pass locale_code to override.
[2025-09-23T12:57:46.131+0300] {processor.py:925} INFO - DAG(s) 'example_branch_dop_operator_v3' retrieved from /Library/Frameworks/Python.framework/Versions/3.10/lib/python3.10/site-packages/airflow/example_dags/example_branch_python_dop_operator_3.py
[2025-09-23T12:57:46.164+0300] {logging_mixin.py:190} INFO - [2025-09-23T12:57:46.164+0300] {dag.py:3239} INFO - Sync 1 DAGs
[2025-09-23T12:57:46.172+0300] {logging_mixin.py:190} INFO - [2025-09-23T12:57:46.172+0300] {dag.py:4180} INFO - Setting next_dagrun for example_branch_dop_operator_v3 to 2025-09-23 09:56:00+00:00, run_after=2025-09-23 09:57:00+00:00
[2025-09-23T12:57:46.178+0300] {processor.py:208} INFO - Processing /Library/Frameworks/Python.framework/Versions/3.10/lib/python3.10/site-packages/airflow/example_dags/example_branch_python_dop_operator_3.py took 0.076 seconds
[2025-09-23T14:48:50.257+0300] {processor.py:186} INFO - Started process (PID=81894) to work on /Library/Frameworks/Python.framework/Versions/3.10/lib/python3.10/site-packages/airflow/example_dags/example_branch_python_dop_operator_3.py
[2025-09-23T14:48:50.258+0300] {processor.py:914} INFO - Processing file /Library/Frameworks/Python.framework/Versions/3.10/lib/python3.10/site-packages/airflow/example_dags/example_branch_python_dop_operator_3.py for tasks to queue
[2025-09-23T14:48:50.258+0300] {logging_mixin.py:190} INFO - [2025-09-23T14:48:50.258+0300] {dagbag.py:588} INFO - Filling up the DagBag from /Library/Frameworks/Python.framework/Versions/3.10/lib/python3.10/site-packages/airflow/example_dags/example_branch_python_dop_operator_3.py
[2025-09-23T14:48:50.284+0300] {logging_mixin.py:190} WARNING - /Library/Frameworks/Python.framework/Versions/3.10/lib/python3.10/site-packages/cron_descriptor/ExpressionDescriptor.py:69 UserWarning: No system locale set. Falling back to 'en_US'. Set LANG/LC_ALL or pass locale_code to override.
[2025-09-23T14:48:50.285+0300] {processor.py:925} INFO - DAG(s) 'example_branch_dop_operator_v3' retrieved from /Library/Frameworks/Python.framework/Versions/3.10/lib/python3.10/site-packages/airflow/example_dags/example_branch_python_dop_operator_3.py
[2025-09-23T14:48:50.319+0300] {logging_mixin.py:190} INFO - [2025-09-23T14:48:50.319+0300] {dag.py:3239} INFO - Sync 1 DAGs
[2025-09-23T14:48:50.327+0300] {logging_mixin.py:190} INFO - [2025-09-23T14:48:50.326+0300] {dag.py:4180} INFO - Setting next_dagrun for example_branch_dop_operator_v3 to 2025-09-23 11:47:00+00:00, run_after=2025-09-23 11:48:00+00:00
[2025-09-23T14:48:50.332+0300] {processor.py:208} INFO - Processing /Library/Frameworks/Python.framework/Versions/3.10/lib/python3.10/site-packages/airflow/example_dags/example_branch_python_dop_operator_3.py took 0.076 seconds
[2025-09-23T14:51:12.576+0300] {processor.py:186} INFO - Started process (PID=82720) to work on /Library/Frameworks/Python.framework/Versions/3.10/lib/python3.10/site-packages/airflow/example_dags/example_branch_python_dop_operator_3.py
[2025-09-23T14:51:12.577+0300] {processor.py:914} INFO - Processing file /Library/Frameworks/Python.framework/Versions/3.10/lib/python3.10/site-packages/airflow/example_dags/example_branch_python_dop_operator_3.py for tasks to queue
[2025-09-23T14:51:12.578+0300] {logging_mixin.py:190} INFO - [2025-09-23T14:51:12.578+0300] {dagbag.py:588} INFO - Filling up the DagBag from /Library/Frameworks/Python.framework/Versions/3.10/lib/python3.10/site-packages/airflow/example_dags/example_branch_python_dop_operator_3.py
[2025-09-23T14:51:12.604+0300] {logging_mixin.py:190} WARNING - /Library/Frameworks/Python.framework/Versions/3.10/lib/python3.10/site-packages/cron_descriptor/ExpressionDescriptor.py:69 UserWarning: No system locale set. Falling back to 'en_US'. Set LANG/LC_ALL or pass locale_code to override.
[2025-09-23T14:51:12.605+0300] {processor.py:925} INFO - DAG(s) 'example_branch_dop_operator_v3' retrieved from /Library/Frameworks/Python.framework/Versions/3.10/lib/python3.10/site-packages/airflow/example_dags/example_branch_python_dop_operator_3.py
[2025-09-23T14:51:12.639+0300] {logging_mixin.py:190} INFO - [2025-09-23T14:51:12.638+0300] {dag.py:3239} INFO - Sync 1 DAGs
[2025-09-23T14:51:12.646+0300] {logging_mixin.py:190} INFO - [2025-09-23T14:51:12.646+0300] {dag.py:4180} INFO - Setting next_dagrun for example_branch_dop_operator_v3 to 2025-09-23 11:50:00+00:00, run_after=2025-09-23 11:51:00+00:00
[2025-09-23T14:51:12.652+0300] {processor.py:208} INFO - Processing /Library/Frameworks/Python.framework/Versions/3.10/lib/python3.10/site-packages/airflow/example_dags/example_branch_python_dop_operator_3.py took 0.077 seconds
[2025-09-23T14:53:37.971+0300] {processor.py:186} INFO - Started process (PID=83588) to work on /Library/Frameworks/Python.framework/Versions/3.10/lib/python3.10/site-packages/airflow/example_dags/example_branch_python_dop_operator_3.py
[2025-09-23T14:53:37.971+0300] {processor.py:914} INFO - Processing file /Library/Frameworks/Python.framework/Versions/3.10/lib/python3.10/site-packages/airflow/example_dags/example_branch_python_dop_operator_3.py for tasks to queue
[2025-09-23T14:53:37.972+0300] {logging_mixin.py:190} INFO - [2025-09-23T14:53:37.972+0300] {dagbag.py:588} INFO - Filling up the DagBag from /Library/Frameworks/Python.framework/Versions/3.10/lib/python3.10/site-packages/airflow/example_dags/example_branch_python_dop_operator_3.py
[2025-09-23T14:53:37.998+0300] {logging_mixin.py:190} WARNING - /Library/Frameworks/Python.framework/Versions/3.10/lib/python3.10/site-packages/cron_descriptor/ExpressionDescriptor.py:69 UserWarning: No system locale set. Falling back to 'en_US'. Set LANG/LC_ALL or pass locale_code to override.
[2025-09-23T14:53:37.999+0300] {processor.py:925} INFO - DAG(s) 'example_branch_dop_operator_v3' retrieved from /Library/Frameworks/Python.framework/Versions/3.10/lib/python3.10/site-packages/airflow/example_dags/example_branch_python_dop_operator_3.py
[2025-09-23T14:53:38.033+0300] {logging_mixin.py:190} INFO - [2025-09-23T14:53:38.033+0300] {dag.py:3239} INFO - Sync 1 DAGs
[2025-09-23T14:53:38.041+0300] {logging_mixin.py:190} INFO - [2025-09-23T14:53:38.041+0300] {dag.py:4180} INFO - Setting next_dagrun for example_branch_dop_operator_v3 to 2025-09-23 11:52:00+00:00, run_after=2025-09-23 11:53:00+00:00
[2025-09-23T14:53:38.047+0300] {processor.py:208} INFO - Processing /Library/Frameworks/Python.framework/Versions/3.10/lib/python3.10/site-packages/airflow/example_dags/example_branch_python_dop_operator_3.py took 0.077 seconds
[2025-09-23T14:56:56.314+0300] {processor.py:186} INFO - Started process (PID=84964) to work on /Library/Frameworks/Python.framework/Versions/3.10/lib/python3.10/site-packages/airflow/example_dags/example_branch_python_dop_operator_3.py
[2025-09-23T14:56:56.315+0300] {processor.py:914} INFO - Processing file /Library/Frameworks/Python.framework/Versions/3.10/lib/python3.10/site-packages/airflow/example_dags/example_branch_python_dop_operator_3.py for tasks to queue
[2025-09-23T14:56:56.315+0300] {logging_mixin.py:190} INFO - [2025-09-23T14:56:56.315+0300] {dagbag.py:588} INFO - Filling up the DagBag from /Library/Frameworks/Python.framework/Versions/3.10/lib/python3.10/site-packages/airflow/example_dags/example_branch_python_dop_operator_3.py
[2025-09-23T14:56:56.341+0300] {logging_mixin.py:190} WARNING - /Library/Frameworks/Python.framework/Versions/3.10/lib/python3.10/site-packages/cron_descriptor/ExpressionDescriptor.py:69 UserWarning: No system locale set. Falling back to 'en_US'. Set LANG/LC_ALL or pass locale_code to override.
[2025-09-23T14:56:56.342+0300] {processor.py:925} INFO - DAG(s) 'example_branch_dop_operator_v3' retrieved from /Library/Frameworks/Python.framework/Versions/3.10/lib/python3.10/site-packages/airflow/example_dags/example_branch_python_dop_operator_3.py
[2025-09-23T14:56:56.376+0300] {logging_mixin.py:190} INFO - [2025-09-23T14:56:56.376+0300] {dag.py:3239} INFO - Sync 1 DAGs
[2025-09-23T14:56:56.384+0300] {logging_mixin.py:190} INFO - [2025-09-23T14:56:56.384+0300] {dag.py:4180} INFO - Setting next_dagrun for example_branch_dop_operator_v3 to 2025-09-23 11:55:00+00:00, run_after=2025-09-23 11:56:00+00:00
[2025-09-23T14:56:56.390+0300] {processor.py:208} INFO - Processing /Library/Frameworks/Python.framework/Versions/3.10/lib/python3.10/site-packages/airflow/example_dags/example_branch_python_dop_operator_3.py took 0.077 seconds
