[2025-09-23T12:54:45.709+0300] {processor.py:186} INFO - Started process (PID=69432) to work on /Library/Frameworks/Python.framework/Versions/3.10/lib/python3.10/site-packages/airflow/example_dags/example_outlet_event_extra.py
[2025-09-23T12:54:45.709+0300] {processor.py:914} INFO - Processing file /Library/Frameworks/Python.framework/Versions/3.10/lib/python3.10/site-packages/airflow/example_dags/example_outlet_event_extra.py for tasks to queue
[2025-09-23T12:54:45.709+0300] {logging_mixin.py:190} INFO - [2025-09-23T12:54:45.709+0300] {dagbag.py:588} INFO - Filling up the DagBag from /Library/Frameworks/Python.framework/Versions/3.10/lib/python3.10/site-packages/airflow/example_dags/example_outlet_event_extra.py
[2025-09-23T12:54:45.778+0300] {logging_mixin.py:190} WARNING - /Library/Frameworks/Python.framework/Versions/3.10/lib/python3.10/site-packages/cron_descriptor/ExpressionDescriptor.py:69 UserWarning: No system locale set. Falling back to 'en_US'. Set LANG/LC_ALL or pass locale_code to override.
[2025-09-23T12:54:45.779+0300] {logging_mixin.py:190} WARNING - /Library/Frameworks/Python.framework/Versions/3.10/lib/python3.10/site-packages/cron_descriptor/ExpressionDescriptor.py:69 UserWarning: No system locale set. Falling back to 'en_US'. Set LANG/LC_ALL or pass locale_code to override.
[2025-09-23T12:54:45.780+0300] {processor.py:925} INFO - DAG(s) 'dataset_with_extra_from_classic_operator', 'dataset_with_extra_by_yield', 'dataset_with_extra_by_context' retrieved from /Library/Frameworks/Python.framework/Versions/3.10/lib/python3.10/site-packages/airflow/example_dags/example_outlet_event_extra.py
[2025-09-23T12:54:45.817+0300] {logging_mixin.py:190} INFO - [2025-09-23T12:54:45.817+0300] {dag.py:3239} INFO - Sync 3 DAGs
[2025-09-23T12:54:45.823+0300] {logging_mixin.py:190} INFO - [2025-09-23T12:54:45.823+0300] {dag.py:4180} INFO - Setting next_dagrun for dataset_with_extra_by_context to 2025-09-22 00:00:00+00:00, run_after=2025-09-23 00:00:00+00:00
[2025-09-23T12:54:45.824+0300] {logging_mixin.py:190} INFO - [2025-09-23T12:54:45.824+0300] {dag.py:4180} INFO - Setting next_dagrun for dataset_with_extra_by_yield to 2025-09-22 00:00:00+00:00, run_after=2025-09-23 00:00:00+00:00
[2025-09-23T12:54:45.825+0300] {logging_mixin.py:190} INFO - [2025-09-23T12:54:45.825+0300] {dag.py:4180} INFO - Setting next_dagrun for dataset_with_extra_from_classic_operator to 2025-09-22 00:00:00+00:00, run_after=2025-09-23 00:00:00+00:00
[2025-09-23T12:54:45.832+0300] {processor.py:208} INFO - Processing /Library/Frameworks/Python.framework/Versions/3.10/lib/python3.10/site-packages/airflow/example_dags/example_outlet_event_extra.py took 0.124 seconds
[2025-09-23T12:56:29.358+0300] {processor.py:186} INFO - Started process (PID=70001) to work on /Library/Frameworks/Python.framework/Versions/3.10/lib/python3.10/site-packages/airflow/example_dags/example_outlet_event_extra.py
[2025-09-23T12:56:29.359+0300] {processor.py:914} INFO - Processing file /Library/Frameworks/Python.framework/Versions/3.10/lib/python3.10/site-packages/airflow/example_dags/example_outlet_event_extra.py for tasks to queue
[2025-09-23T12:56:29.360+0300] {logging_mixin.py:190} INFO - [2025-09-23T12:56:29.360+0300] {dagbag.py:588} INFO - Filling up the DagBag from /Library/Frameworks/Python.framework/Versions/3.10/lib/python3.10/site-packages/airflow/example_dags/example_outlet_event_extra.py
[2025-09-23T12:56:29.421+0300] {logging_mixin.py:190} WARNING - /Library/Frameworks/Python.framework/Versions/3.10/lib/python3.10/site-packages/cron_descriptor/ExpressionDescriptor.py:69 UserWarning: No system locale set. Falling back to 'en_US'. Set LANG/LC_ALL or pass locale_code to override.
[2025-09-23T12:56:29.421+0300] {logging_mixin.py:190} WARNING - /Library/Frameworks/Python.framework/Versions/3.10/lib/python3.10/site-packages/cron_descriptor/ExpressionDescriptor.py:69 UserWarning: No system locale set. Falling back to 'en_US'. Set LANG/LC_ALL or pass locale_code to override.
[2025-09-23T12:56:29.423+0300] {processor.py:925} INFO - DAG(s) 'dataset_with_extra_by_context', 'dataset_with_extra_by_yield', 'dataset_with_extra_from_classic_operator' retrieved from /Library/Frameworks/Python.framework/Versions/3.10/lib/python3.10/site-packages/airflow/example_dags/example_outlet_event_extra.py
[2025-09-23T12:56:29.459+0300] {logging_mixin.py:190} INFO - [2025-09-23T12:56:29.459+0300] {dag.py:3239} INFO - Sync 3 DAGs
[2025-09-23T12:56:29.465+0300] {logging_mixin.py:190} INFO - [2025-09-23T12:56:29.465+0300] {dag.py:4180} INFO - Setting next_dagrun for dataset_with_extra_by_context to 2025-09-22 00:00:00+00:00, run_after=2025-09-23 00:00:00+00:00
[2025-09-23T12:56:29.466+0300] {logging_mixin.py:190} INFO - [2025-09-23T12:56:29.466+0300] {dag.py:4180} INFO - Setting next_dagrun for dataset_with_extra_by_yield to 2025-09-22 00:00:00+00:00, run_after=2025-09-23 00:00:00+00:00
[2025-09-23T12:56:29.467+0300] {logging_mixin.py:190} INFO - [2025-09-23T12:56:29.467+0300] {dag.py:4180} INFO - Setting next_dagrun for dataset_with_extra_from_classic_operator to 2025-09-22 00:00:00+00:00, run_after=2025-09-23 00:00:00+00:00
[2025-09-23T12:56:29.474+0300] {processor.py:208} INFO - Processing /Library/Frameworks/Python.framework/Versions/3.10/lib/python3.10/site-packages/airflow/example_dags/example_outlet_event_extra.py took 0.117 seconds
[2025-09-23T12:58:59.552+0300] {processor.py:186} INFO - Started process (PID=70893) to work on /Library/Frameworks/Python.framework/Versions/3.10/lib/python3.10/site-packages/airflow/example_dags/example_outlet_event_extra.py
[2025-09-23T12:58:59.553+0300] {processor.py:914} INFO - Processing file /Library/Frameworks/Python.framework/Versions/3.10/lib/python3.10/site-packages/airflow/example_dags/example_outlet_event_extra.py for tasks to queue
[2025-09-23T12:58:59.553+0300] {logging_mixin.py:190} INFO - [2025-09-23T12:58:59.553+0300] {dagbag.py:588} INFO - Filling up the DagBag from /Library/Frameworks/Python.framework/Versions/3.10/lib/python3.10/site-packages/airflow/example_dags/example_outlet_event_extra.py
[2025-09-23T12:58:59.630+0300] {logging_mixin.py:190} WARNING - /Library/Frameworks/Python.framework/Versions/3.10/lib/python3.10/site-packages/cron_descriptor/ExpressionDescriptor.py:69 UserWarning: No system locale set. Falling back to 'en_US'. Set LANG/LC_ALL or pass locale_code to override.
[2025-09-23T12:58:59.630+0300] {logging_mixin.py:190} WARNING - /Library/Frameworks/Python.framework/Versions/3.10/lib/python3.10/site-packages/cron_descriptor/ExpressionDescriptor.py:69 UserWarning: No system locale set. Falling back to 'en_US'. Set LANG/LC_ALL or pass locale_code to override.
[2025-09-23T12:58:59.632+0300] {processor.py:925} INFO - DAG(s) 'dataset_with_extra_from_classic_operator', 'dataset_with_extra_by_context', 'dataset_with_extra_by_yield' retrieved from /Library/Frameworks/Python.framework/Versions/3.10/lib/python3.10/site-packages/airflow/example_dags/example_outlet_event_extra.py
[2025-09-23T12:58:59.671+0300] {logging_mixin.py:190} INFO - [2025-09-23T12:58:59.671+0300] {dag.py:3239} INFO - Sync 3 DAGs
[2025-09-23T12:58:59.678+0300] {logging_mixin.py:190} INFO - [2025-09-23T12:58:59.678+0300] {dag.py:4180} INFO - Setting next_dagrun for dataset_with_extra_by_context to 2025-09-22 00:00:00+00:00, run_after=2025-09-23 00:00:00+00:00
[2025-09-23T12:58:59.680+0300] {logging_mixin.py:190} INFO - [2025-09-23T12:58:59.680+0300] {dag.py:4180} INFO - Setting next_dagrun for dataset_with_extra_by_yield to 2025-09-22 00:00:00+00:00, run_after=2025-09-23 00:00:00+00:00
[2025-09-23T12:58:59.681+0300] {logging_mixin.py:190} INFO - [2025-09-23T12:58:59.681+0300] {dag.py:4180} INFO - Setting next_dagrun for dataset_with_extra_from_classic_operator to 2025-09-22 00:00:00+00:00, run_after=2025-09-23 00:00:00+00:00
[2025-09-23T12:58:59.688+0300] {processor.py:208} INFO - Processing /Library/Frameworks/Python.framework/Versions/3.10/lib/python3.10/site-packages/airflow/example_dags/example_outlet_event_extra.py took 0.137 seconds
[2025-09-23T14:48:21.483+0300] {processor.py:186} INFO - Started process (PID=81716) to work on /Library/Frameworks/Python.framework/Versions/3.10/lib/python3.10/site-packages/airflow/example_dags/example_outlet_event_extra.py
[2025-09-23T14:48:21.484+0300] {processor.py:914} INFO - Processing file /Library/Frameworks/Python.framework/Versions/3.10/lib/python3.10/site-packages/airflow/example_dags/example_outlet_event_extra.py for tasks to queue
[2025-09-23T14:48:21.485+0300] {logging_mixin.py:190} INFO - [2025-09-23T14:48:21.484+0300] {dagbag.py:588} INFO - Filling up the DagBag from /Library/Frameworks/Python.framework/Versions/3.10/lib/python3.10/site-packages/airflow/example_dags/example_outlet_event_extra.py
[2025-09-23T14:48:21.542+0300] {logging_mixin.py:190} WARNING - /Library/Frameworks/Python.framework/Versions/3.10/lib/python3.10/site-packages/cron_descriptor/ExpressionDescriptor.py:69 UserWarning: No system locale set. Falling back to 'en_US'. Set LANG/LC_ALL or pass locale_code to override.
[2025-09-23T14:48:21.542+0300] {logging_mixin.py:190} WARNING - /Library/Frameworks/Python.framework/Versions/3.10/lib/python3.10/site-packages/cron_descriptor/ExpressionDescriptor.py:69 UserWarning: No system locale set. Falling back to 'en_US'. Set LANG/LC_ALL or pass locale_code to override.
[2025-09-23T14:48:21.544+0300] {processor.py:925} INFO - DAG(s) 'dataset_with_extra_by_yield', 'dataset_with_extra_from_classic_operator', 'dataset_with_extra_by_context' retrieved from /Library/Frameworks/Python.framework/Versions/3.10/lib/python3.10/site-packages/airflow/example_dags/example_outlet_event_extra.py
[2025-09-23T14:48:21.580+0300] {logging_mixin.py:190} INFO - [2025-09-23T14:48:21.579+0300] {dag.py:3239} INFO - Sync 3 DAGs
[2025-09-23T14:48:21.586+0300] {logging_mixin.py:190} INFO - [2025-09-23T14:48:21.586+0300] {dag.py:4180} INFO - Setting next_dagrun for dataset_with_extra_by_context to 2025-09-22 00:00:00+00:00, run_after=2025-09-23 00:00:00+00:00
[2025-09-23T14:48:21.587+0300] {logging_mixin.py:190} INFO - [2025-09-23T14:48:21.587+0300] {dag.py:4180} INFO - Setting next_dagrun for dataset_with_extra_by_yield to 2025-09-22 00:00:00+00:00, run_after=2025-09-23 00:00:00+00:00
[2025-09-23T14:48:21.588+0300] {logging_mixin.py:190} INFO - [2025-09-23T14:48:21.588+0300] {dag.py:4180} INFO - Setting next_dagrun for dataset_with_extra_from_classic_operator to 2025-09-22 00:00:00+00:00, run_after=2025-09-23 00:00:00+00:00
[2025-09-23T14:48:21.595+0300] {processor.py:208} INFO - Processing /Library/Frameworks/Python.framework/Versions/3.10/lib/python3.10/site-packages/airflow/example_dags/example_outlet_event_extra.py took 0.112 seconds
[2025-09-23T14:50:02.744+0300] {processor.py:186} INFO - Started process (PID=82315) to work on /Library/Frameworks/Python.framework/Versions/3.10/lib/python3.10/site-packages/airflow/example_dags/example_outlet_event_extra.py
[2025-09-23T14:50:02.745+0300] {processor.py:914} INFO - Processing file /Library/Frameworks/Python.framework/Versions/3.10/lib/python3.10/site-packages/airflow/example_dags/example_outlet_event_extra.py for tasks to queue
[2025-09-23T14:50:02.745+0300] {logging_mixin.py:190} INFO - [2025-09-23T14:50:02.745+0300] {dagbag.py:588} INFO - Filling up the DagBag from /Library/Frameworks/Python.framework/Versions/3.10/lib/python3.10/site-packages/airflow/example_dags/example_outlet_event_extra.py
[2025-09-23T14:50:02.806+0300] {logging_mixin.py:190} WARNING - /Library/Frameworks/Python.framework/Versions/3.10/lib/python3.10/site-packages/cron_descriptor/ExpressionDescriptor.py:69 UserWarning: No system locale set. Falling back to 'en_US'. Set LANG/LC_ALL or pass locale_code to override.
[2025-09-23T14:50:02.807+0300] {logging_mixin.py:190} WARNING - /Library/Frameworks/Python.framework/Versions/3.10/lib/python3.10/site-packages/cron_descriptor/ExpressionDescriptor.py:69 UserWarning: No system locale set. Falling back to 'en_US'. Set LANG/LC_ALL or pass locale_code to override.
[2025-09-23T14:50:02.808+0300] {processor.py:925} INFO - DAG(s) 'dataset_with_extra_from_classic_operator', 'dataset_with_extra_by_yield', 'dataset_with_extra_by_context' retrieved from /Library/Frameworks/Python.framework/Versions/3.10/lib/python3.10/site-packages/airflow/example_dags/example_outlet_event_extra.py
[2025-09-23T14:50:02.843+0300] {logging_mixin.py:190} INFO - [2025-09-23T14:50:02.843+0300] {dag.py:3239} INFO - Sync 3 DAGs
[2025-09-23T14:50:02.849+0300] {logging_mixin.py:190} INFO - [2025-09-23T14:50:02.849+0300] {dag.py:4180} INFO - Setting next_dagrun for dataset_with_extra_by_context to 2025-09-22 00:00:00+00:00, run_after=2025-09-23 00:00:00+00:00
[2025-09-23T14:50:02.850+0300] {logging_mixin.py:190} INFO - [2025-09-23T14:50:02.850+0300] {dag.py:4180} INFO - Setting next_dagrun for dataset_with_extra_by_yield to 2025-09-22 00:00:00+00:00, run_after=2025-09-23 00:00:00+00:00
[2025-09-23T14:50:02.851+0300] {logging_mixin.py:190} INFO - [2025-09-23T14:50:02.851+0300] {dag.py:4180} INFO - Setting next_dagrun for dataset_with_extra_from_classic_operator to 2025-09-22 00:00:00+00:00, run_after=2025-09-23 00:00:00+00:00
[2025-09-23T14:50:02.858+0300] {processor.py:208} INFO - Processing /Library/Frameworks/Python.framework/Versions/3.10/lib/python3.10/site-packages/airflow/example_dags/example_outlet_event_extra.py took 0.115 seconds
[2025-09-23T14:52:28.282+0300] {processor.py:186} INFO - Started process (PID=83198) to work on /Library/Frameworks/Python.framework/Versions/3.10/lib/python3.10/site-packages/airflow/example_dags/example_outlet_event_extra.py
[2025-09-23T14:52:28.282+0300] {processor.py:914} INFO - Processing file /Library/Frameworks/Python.framework/Versions/3.10/lib/python3.10/site-packages/airflow/example_dags/example_outlet_event_extra.py for tasks to queue
[2025-09-23T14:52:28.283+0300] {logging_mixin.py:190} INFO - [2025-09-23T14:52:28.283+0300] {dagbag.py:588} INFO - Filling up the DagBag from /Library/Frameworks/Python.framework/Versions/3.10/lib/python3.10/site-packages/airflow/example_dags/example_outlet_event_extra.py
[2025-09-23T14:52:28.351+0300] {logging_mixin.py:190} WARNING - /Library/Frameworks/Python.framework/Versions/3.10/lib/python3.10/site-packages/cron_descriptor/ExpressionDescriptor.py:69 UserWarning: No system locale set. Falling back to 'en_US'. Set LANG/LC_ALL or pass locale_code to override.
[2025-09-23T14:52:28.351+0300] {logging_mixin.py:190} WARNING - /Library/Frameworks/Python.framework/Versions/3.10/lib/python3.10/site-packages/cron_descriptor/ExpressionDescriptor.py:69 UserWarning: No system locale set. Falling back to 'en_US'. Set LANG/LC_ALL or pass locale_code to override.
[2025-09-23T14:52:28.353+0300] {processor.py:925} INFO - DAG(s) 'dataset_with_extra_by_context', 'dataset_with_extra_by_yield', 'dataset_with_extra_from_classic_operator' retrieved from /Library/Frameworks/Python.framework/Versions/3.10/lib/python3.10/site-packages/airflow/example_dags/example_outlet_event_extra.py
[2025-09-23T14:52:28.388+0300] {logging_mixin.py:190} INFO - [2025-09-23T14:52:28.388+0300] {dag.py:3239} INFO - Sync 3 DAGs
[2025-09-23T14:52:28.395+0300] {logging_mixin.py:190} INFO - [2025-09-23T14:52:28.395+0300] {dag.py:4180} INFO - Setting next_dagrun for dataset_with_extra_by_context to 2025-09-22 00:00:00+00:00, run_after=2025-09-23 00:00:00+00:00
[2025-09-23T14:52:28.398+0300] {logging_mixin.py:190} INFO - [2025-09-23T14:52:28.398+0300] {dag.py:4180} INFO - Setting next_dagrun for dataset_with_extra_by_yield to 2025-09-22 00:00:00+00:00, run_after=2025-09-23 00:00:00+00:00
[2025-09-23T14:52:28.399+0300] {logging_mixin.py:190} INFO - [2025-09-23T14:52:28.399+0300] {dag.py:4180} INFO - Setting next_dagrun for dataset_with_extra_from_classic_operator to 2025-09-22 00:00:00+00:00, run_after=2025-09-23 00:00:00+00:00
[2025-09-23T14:52:28.405+0300] {processor.py:208} INFO - Processing /Library/Frameworks/Python.framework/Versions/3.10/lib/python3.10/site-packages/airflow/example_dags/example_outlet_event_extra.py took 0.125 seconds
[2025-09-23T14:55:42.554+0300] {processor.py:186} INFO - Started process (PID=84510) to work on /Library/Frameworks/Python.framework/Versions/3.10/lib/python3.10/site-packages/airflow/example_dags/example_outlet_event_extra.py
[2025-09-23T14:55:42.555+0300] {processor.py:914} INFO - Processing file /Library/Frameworks/Python.framework/Versions/3.10/lib/python3.10/site-packages/airflow/example_dags/example_outlet_event_extra.py for tasks to queue
[2025-09-23T14:55:42.556+0300] {logging_mixin.py:190} INFO - [2025-09-23T14:55:42.556+0300] {dagbag.py:588} INFO - Filling up the DagBag from /Library/Frameworks/Python.framework/Versions/3.10/lib/python3.10/site-packages/airflow/example_dags/example_outlet_event_extra.py
[2025-09-23T14:55:42.622+0300] {logging_mixin.py:190} WARNING - /Library/Frameworks/Python.framework/Versions/3.10/lib/python3.10/site-packages/cron_descriptor/ExpressionDescriptor.py:69 UserWarning: No system locale set. Falling back to 'en_US'. Set LANG/LC_ALL or pass locale_code to override.
[2025-09-23T14:55:42.622+0300] {logging_mixin.py:190} WARNING - /Library/Frameworks/Python.framework/Versions/3.10/lib/python3.10/site-packages/cron_descriptor/ExpressionDescriptor.py:69 UserWarning: No system locale set. Falling back to 'en_US'. Set LANG/LC_ALL or pass locale_code to override.
[2025-09-23T14:55:42.623+0300] {processor.py:925} INFO - DAG(s) 'dataset_with_extra_by_context', 'dataset_with_extra_from_classic_operator', 'dataset_with_extra_by_yield' retrieved from /Library/Frameworks/Python.framework/Versions/3.10/lib/python3.10/site-packages/airflow/example_dags/example_outlet_event_extra.py
[2025-09-23T14:55:42.659+0300] {logging_mixin.py:190} INFO - [2025-09-23T14:55:42.659+0300] {dag.py:3239} INFO - Sync 3 DAGs
[2025-09-23T14:55:42.667+0300] {logging_mixin.py:190} INFO - [2025-09-23T14:55:42.667+0300] {dag.py:4180} INFO - Setting next_dagrun for dataset_with_extra_by_context to 2025-09-22 00:00:00+00:00, run_after=2025-09-23 00:00:00+00:00
[2025-09-23T14:55:42.668+0300] {logging_mixin.py:190} INFO - [2025-09-23T14:55:42.668+0300] {dag.py:4180} INFO - Setting next_dagrun for dataset_with_extra_by_yield to 2025-09-22 00:00:00+00:00, run_after=2025-09-23 00:00:00+00:00
[2025-09-23T14:55:42.669+0300] {logging_mixin.py:190} INFO - [2025-09-23T14:55:42.669+0300] {dag.py:4180} INFO - Setting next_dagrun for dataset_with_extra_from_classic_operator to 2025-09-22 00:00:00+00:00, run_after=2025-09-23 00:00:00+00:00
[2025-09-23T14:55:42.678+0300] {processor.py:208} INFO - Processing /Library/Frameworks/Python.framework/Versions/3.10/lib/python3.10/site-packages/airflow/example_dags/example_outlet_event_extra.py took 0.125 seconds
