[2025-09-23T12:54:25.567+0300] {processor.py:186} INFO - Started process (PID=69318) to work on /Library/Frameworks/Python.framework/Versions/3.10/lib/python3.10/site-packages/airflow/example_dags/example_short_circuit_operator.py
[2025-09-23T12:54:25.567+0300] {processor.py:914} INFO - Processing file /Library/Frameworks/Python.framework/Versions/3.10/lib/python3.10/site-packages/airflow/example_dags/example_short_circuit_operator.py for tasks to queue
[2025-09-23T12:54:25.567+0300] {logging_mixin.py:190} INFO - [2025-09-23T12:54:25.567+0300] {dagbag.py:588} INFO - Filling up the DagBag from /Library/Frameworks/Python.framework/Versions/3.10/lib/python3.10/site-packages/airflow/example_dags/example_short_circuit_operator.py
[2025-09-23T12:54:25.579+0300] {processor.py:925} INFO - DAG(s) 'example_short_circuit_operator' retrieved from /Library/Frameworks/Python.framework/Versions/3.10/lib/python3.10/site-packages/airflow/example_dags/example_short_circuit_operator.py
[2025-09-23T12:54:25.623+0300] {logging_mixin.py:190} INFO - [2025-09-23T12:54:25.622+0300] {dag.py:3239} INFO - Sync 1 DAGs
[2025-09-23T12:54:25.627+0300] {logging_mixin.py:190} INFO - [2025-09-23T12:54:25.627+0300] {dag.py:4180} INFO - Setting next_dagrun for example_short_circuit_operator to None, run_after=None
[2025-09-23T12:54:25.634+0300] {processor.py:208} INFO - Processing /Library/Frameworks/Python.framework/Versions/3.10/lib/python3.10/site-packages/airflow/example_dags/example_short_circuit_operator.py took 0.069 seconds
[2025-09-23T12:56:08.187+0300] {processor.py:186} INFO - Started process (PID=69887) to work on /Library/Frameworks/Python.framework/Versions/3.10/lib/python3.10/site-packages/airflow/example_dags/example_short_circuit_operator.py
[2025-09-23T12:56:08.188+0300] {processor.py:914} INFO - Processing file /Library/Frameworks/Python.framework/Versions/3.10/lib/python3.10/site-packages/airflow/example_dags/example_short_circuit_operator.py for tasks to queue
[2025-09-23T12:56:08.188+0300] {logging_mixin.py:190} INFO - [2025-09-23T12:56:08.188+0300] {dagbag.py:588} INFO - Filling up the DagBag from /Library/Frameworks/Python.framework/Versions/3.10/lib/python3.10/site-packages/airflow/example_dags/example_short_circuit_operator.py
[2025-09-23T12:56:08.201+0300] {processor.py:925} INFO - DAG(s) 'example_short_circuit_operator' retrieved from /Library/Frameworks/Python.framework/Versions/3.10/lib/python3.10/site-packages/airflow/example_dags/example_short_circuit_operator.py
[2025-09-23T12:56:08.242+0300] {logging_mixin.py:190} INFO - [2025-09-23T12:56:08.241+0300] {dag.py:3239} INFO - Sync 1 DAGs
[2025-09-23T12:56:08.246+0300] {logging_mixin.py:190} INFO - [2025-09-23T12:56:08.246+0300] {dag.py:4180} INFO - Setting next_dagrun for example_short_circuit_operator to None, run_after=None
[2025-09-23T12:56:08.253+0300] {processor.py:208} INFO - Processing /Library/Frameworks/Python.framework/Versions/3.10/lib/python3.10/site-packages/airflow/example_dags/example_short_circuit_operator.py took 0.067 seconds
[2025-09-23T12:57:26.358+0300] {processor.py:186} INFO - Started process (PID=70353) to work on /Library/Frameworks/Python.framework/Versions/3.10/lib/python3.10/site-packages/airflow/example_dags/example_short_circuit_operator.py
[2025-09-23T12:57:26.359+0300] {processor.py:914} INFO - Processing file /Library/Frameworks/Python.framework/Versions/3.10/lib/python3.10/site-packages/airflow/example_dags/example_short_circuit_operator.py for tasks to queue
[2025-09-23T12:57:26.359+0300] {logging_mixin.py:190} INFO - [2025-09-23T12:57:26.359+0300] {dagbag.py:588} INFO - Filling up the DagBag from /Library/Frameworks/Python.framework/Versions/3.10/lib/python3.10/site-packages/airflow/example_dags/example_short_circuit_operator.py
[2025-09-23T12:57:26.371+0300] {processor.py:925} INFO - DAG(s) 'example_short_circuit_operator' retrieved from /Library/Frameworks/Python.framework/Versions/3.10/lib/python3.10/site-packages/airflow/example_dags/example_short_circuit_operator.py
[2025-09-23T12:57:26.408+0300] {logging_mixin.py:190} INFO - [2025-09-23T12:57:26.407+0300] {dag.py:3239} INFO - Sync 1 DAGs
[2025-09-23T12:57:26.412+0300] {logging_mixin.py:190} INFO - [2025-09-23T12:57:26.412+0300] {dag.py:4180} INFO - Setting next_dagrun for example_short_circuit_operator to None, run_after=None
[2025-09-23T12:57:26.418+0300] {processor.py:208} INFO - Processing /Library/Frameworks/Python.framework/Versions/3.10/lib/python3.10/site-packages/airflow/example_dags/example_short_circuit_operator.py took 0.060 seconds
[2025-09-23T12:58:40.215+0300] {processor.py:186} INFO - Started process (PID=70784) to work on /Library/Frameworks/Python.framework/Versions/3.10/lib/python3.10/site-packages/airflow/example_dags/example_short_circuit_operator.py
[2025-09-23T12:58:40.215+0300] {processor.py:914} INFO - Processing file /Library/Frameworks/Python.framework/Versions/3.10/lib/python3.10/site-packages/airflow/example_dags/example_short_circuit_operator.py for tasks to queue
[2025-09-23T12:58:40.216+0300] {logging_mixin.py:190} INFO - [2025-09-23T12:58:40.216+0300] {dagbag.py:588} INFO - Filling up the DagBag from /Library/Frameworks/Python.framework/Versions/3.10/lib/python3.10/site-packages/airflow/example_dags/example_short_circuit_operator.py
[2025-09-23T12:58:40.226+0300] {processor.py:925} INFO - DAG(s) 'example_short_circuit_operator' retrieved from /Library/Frameworks/Python.framework/Versions/3.10/lib/python3.10/site-packages/airflow/example_dags/example_short_circuit_operator.py
[2025-09-23T12:58:40.261+0300] {logging_mixin.py:190} INFO - [2025-09-23T12:58:40.261+0300] {dag.py:3239} INFO - Sync 1 DAGs
[2025-09-23T12:58:40.265+0300] {logging_mixin.py:190} INFO - [2025-09-23T12:58:40.265+0300] {dag.py:4180} INFO - Setting next_dagrun for example_short_circuit_operator to None, run_after=None
[2025-09-23T12:58:40.271+0300] {processor.py:208} INFO - Processing /Library/Frameworks/Python.framework/Versions/3.10/lib/python3.10/site-packages/airflow/example_dags/example_short_circuit_operator.py took 0.058 seconds
[2025-09-23T12:59:53.363+0300] {processor.py:186} INFO - Started process (PID=71214) to work on /Library/Frameworks/Python.framework/Versions/3.10/lib/python3.10/site-packages/airflow/example_dags/example_short_circuit_operator.py
[2025-09-23T12:59:53.364+0300] {processor.py:914} INFO - Processing file /Library/Frameworks/Python.framework/Versions/3.10/lib/python3.10/site-packages/airflow/example_dags/example_short_circuit_operator.py for tasks to queue
[2025-09-23T12:59:53.365+0300] {logging_mixin.py:190} INFO - [2025-09-23T12:59:53.365+0300] {dagbag.py:588} INFO - Filling up the DagBag from /Library/Frameworks/Python.framework/Versions/3.10/lib/python3.10/site-packages/airflow/example_dags/example_short_circuit_operator.py
[2025-09-23T12:59:53.377+0300] {processor.py:925} INFO - DAG(s) 'example_short_circuit_operator' retrieved from /Library/Frameworks/Python.framework/Versions/3.10/lib/python3.10/site-packages/airflow/example_dags/example_short_circuit_operator.py
[2025-09-23T12:59:53.415+0300] {logging_mixin.py:190} INFO - [2025-09-23T12:59:53.415+0300] {dag.py:3239} INFO - Sync 1 DAGs
[2025-09-23T12:59:53.420+0300] {logging_mixin.py:190} INFO - [2025-09-23T12:59:53.420+0300] {dag.py:4180} INFO - Setting next_dagrun for example_short_circuit_operator to None, run_after=None
[2025-09-23T12:59:53.426+0300] {processor.py:208} INFO - Processing /Library/Frameworks/Python.framework/Versions/3.10/lib/python3.10/site-packages/airflow/example_dags/example_short_circuit_operator.py took 0.065 seconds
