[2025-09-23T12:54:30.930+0300] {processor.py:186} INFO - Started process (PID=69347) to work on /Library/Frameworks/Python.framework/Versions/3.10/lib/python3.10/site-packages/airflow/example_dags/example_setup_teardown.py
[2025-09-23T12:54:30.930+0300] {processor.py:914} INFO - Processing file /Library/Frameworks/Python.framework/Versions/3.10/lib/python3.10/site-packages/airflow/example_dags/example_setup_teardown.py for tasks to queue
[2025-09-23T12:54:30.930+0300] {logging_mixin.py:190} INFO - [2025-09-23T12:54:30.930+0300] {dagbag.py:588} INFO - Filling up the DagBag from /Library/Frameworks/Python.framework/Versions/3.10/lib/python3.10/site-packages/airflow/example_dags/example_setup_teardown.py
[2025-09-23T12:54:30.934+0300] {processor.py:925} INFO - DAG(s) 'example_setup_teardown' retrieved from /Library/Frameworks/Python.framework/Versions/3.10/lib/python3.10/site-packages/airflow/example_dags/example_setup_teardown.py
[2025-09-23T12:54:30.973+0300] {logging_mixin.py:190} INFO - [2025-09-23T12:54:30.973+0300] {dag.py:3239} INFO - Sync 1 DAGs
[2025-09-23T12:54:30.978+0300] {logging_mixin.py:190} INFO - [2025-09-23T12:54:30.978+0300] {dag.py:4180} INFO - Setting next_dagrun for example_setup_teardown to None, run_after=None
[2025-09-23T12:54:30.988+0300] {processor.py:208} INFO - Processing /Library/Frameworks/Python.framework/Versions/3.10/lib/python3.10/site-packages/airflow/example_dags/example_setup_teardown.py took 0.060 seconds
[2025-09-23T12:56:13.911+0300] {processor.py:186} INFO - Started process (PID=69911) to work on /Library/Frameworks/Python.framework/Versions/3.10/lib/python3.10/site-packages/airflow/example_dags/example_setup_teardown.py
[2025-09-23T12:56:13.912+0300] {processor.py:914} INFO - Processing file /Library/Frameworks/Python.framework/Versions/3.10/lib/python3.10/site-packages/airflow/example_dags/example_setup_teardown.py for tasks to queue
[2025-09-23T12:56:13.913+0300] {logging_mixin.py:190} INFO - [2025-09-23T12:56:13.913+0300] {dagbag.py:588} INFO - Filling up the DagBag from /Library/Frameworks/Python.framework/Versions/3.10/lib/python3.10/site-packages/airflow/example_dags/example_setup_teardown.py
[2025-09-23T12:56:13.916+0300] {processor.py:925} INFO - DAG(s) 'example_setup_teardown' retrieved from /Library/Frameworks/Python.framework/Versions/3.10/lib/python3.10/site-packages/airflow/example_dags/example_setup_teardown.py
[2025-09-23T12:56:13.950+0300] {logging_mixin.py:190} INFO - [2025-09-23T12:56:13.950+0300] {dag.py:3239} INFO - Sync 1 DAGs
[2025-09-23T12:56:13.953+0300] {logging_mixin.py:190} INFO - [2025-09-23T12:56:13.953+0300] {dag.py:4180} INFO - Setting next_dagrun for example_setup_teardown to None, run_after=None
[2025-09-23T12:56:13.959+0300] {processor.py:208} INFO - Processing /Library/Frameworks/Python.framework/Versions/3.10/lib/python3.10/site-packages/airflow/example_dags/example_setup_teardown.py took 0.049 seconds
[2025-09-23T12:58:44.127+0300] {processor.py:186} INFO - Started process (PID=70808) to work on /Library/Frameworks/Python.framework/Versions/3.10/lib/python3.10/site-packages/airflow/example_dags/example_setup_teardown.py
[2025-09-23T12:58:44.128+0300] {processor.py:914} INFO - Processing file /Library/Frameworks/Python.framework/Versions/3.10/lib/python3.10/site-packages/airflow/example_dags/example_setup_teardown.py for tasks to queue
[2025-09-23T12:58:44.128+0300] {logging_mixin.py:190} INFO - [2025-09-23T12:58:44.128+0300] {dagbag.py:588} INFO - Filling up the DagBag from /Library/Frameworks/Python.framework/Versions/3.10/lib/python3.10/site-packages/airflow/example_dags/example_setup_teardown.py
[2025-09-23T12:58:44.131+0300] {processor.py:925} INFO - DAG(s) 'example_setup_teardown' retrieved from /Library/Frameworks/Python.framework/Versions/3.10/lib/python3.10/site-packages/airflow/example_dags/example_setup_teardown.py
[2025-09-23T12:58:44.165+0300] {logging_mixin.py:190} INFO - [2025-09-23T12:58:44.165+0300] {dag.py:3239} INFO - Sync 1 DAGs
[2025-09-23T12:58:44.169+0300] {logging_mixin.py:190} INFO - [2025-09-23T12:58:44.169+0300] {dag.py:4180} INFO - Setting next_dagrun for example_setup_teardown to None, run_after=None
[2025-09-23T12:58:44.175+0300] {processor.py:208} INFO - Processing /Library/Frameworks/Python.framework/Versions/3.10/lib/python3.10/site-packages/airflow/example_dags/example_setup_teardown.py took 0.049 seconds
