[2025-09-23T12:54:13.750+0300] {processor.py:186} INFO - Started process (PID=69246) to work on /Library/Frameworks/Python.framework/Versions/3.10/lib/python3.10/site-packages/airflow/example_dags/example_time_delta_sensor_async.py
[2025-09-23T12:54:13.751+0300] {processor.py:914} INFO - Processing file /Library/Frameworks/Python.framework/Versions/3.10/lib/python3.10/site-packages/airflow/example_dags/example_time_delta_sensor_async.py for tasks to queue
[2025-09-23T12:54:13.751+0300] {logging_mixin.py:190} INFO - [2025-09-23T12:54:13.751+0300] {dagbag.py:588} INFO - Filling up the DagBag from /Library/Frameworks/Python.framework/Versions/3.10/lib/python3.10/site-packages/airflow/example_dags/example_time_delta_sensor_async.py
[2025-09-23T12:54:13.754+0300] {processor.py:925} INFO - DAG(s) 'example_time_delta_sensor_async' retrieved from /Library/Frameworks/Python.framework/Versions/3.10/lib/python3.10/site-packages/airflow/example_dags/example_time_delta_sensor_async.py
[2025-09-23T12:54:14.075+0300] {logging_mixin.py:190} INFO - [2025-09-23T12:54:14.075+0300] {dag.py:3239} INFO - Sync 1 DAGs
[2025-09-23T12:54:14.078+0300] {logging_mixin.py:190} INFO - [2025-09-23T12:54:14.078+0300] {dag.py:4180} INFO - Setting next_dagrun for example_time_delta_sensor_async to None, run_after=None
[2025-09-23T12:54:14.085+0300] {processor.py:208} INFO - Processing /Library/Frameworks/Python.framework/Versions/3.10/lib/python3.10/site-packages/airflow/example_dags/example_time_delta_sensor_async.py took 0.336 seconds
[2025-09-23T12:55:56.792+0300] {processor.py:186} INFO - Started process (PID=69819) to work on /Library/Frameworks/Python.framework/Versions/3.10/lib/python3.10/site-packages/airflow/example_dags/example_time_delta_sensor_async.py
[2025-09-23T12:55:56.792+0300] {processor.py:914} INFO - Processing file /Library/Frameworks/Python.framework/Versions/3.10/lib/python3.10/site-packages/airflow/example_dags/example_time_delta_sensor_async.py for tasks to queue
[2025-09-23T12:55:56.793+0300] {logging_mixin.py:190} INFO - [2025-09-23T12:55:56.793+0300] {dagbag.py:588} INFO - Filling up the DagBag from /Library/Frameworks/Python.framework/Versions/3.10/lib/python3.10/site-packages/airflow/example_dags/example_time_delta_sensor_async.py
[2025-09-23T12:55:56.796+0300] {processor.py:925} INFO - DAG(s) 'example_time_delta_sensor_async' retrieved from /Library/Frameworks/Python.framework/Versions/3.10/lib/python3.10/site-packages/airflow/example_dags/example_time_delta_sensor_async.py
[2025-09-23T12:55:57.177+0300] {logging_mixin.py:190} INFO - [2025-09-23T12:55:57.177+0300] {dag.py:3239} INFO - Sync 1 DAGs
[2025-09-23T12:55:57.181+0300] {logging_mixin.py:190} INFO - [2025-09-23T12:55:57.181+0300] {dag.py:4180} INFO - Setting next_dagrun for example_time_delta_sensor_async to None, run_after=None
[2025-09-23T12:55:57.187+0300] {processor.py:208} INFO - Processing /Library/Frameworks/Python.framework/Versions/3.10/lib/python3.10/site-packages/airflow/example_dags/example_time_delta_sensor_async.py took 0.397 seconds
[2025-09-23T12:57:14.038+0300] {processor.py:186} INFO - Started process (PID=70286) to work on /Library/Frameworks/Python.framework/Versions/3.10/lib/python3.10/site-packages/airflow/example_dags/example_time_delta_sensor_async.py
[2025-09-23T12:57:14.039+0300] {processor.py:914} INFO - Processing file /Library/Frameworks/Python.framework/Versions/3.10/lib/python3.10/site-packages/airflow/example_dags/example_time_delta_sensor_async.py for tasks to queue
[2025-09-23T12:57:14.039+0300] {logging_mixin.py:190} INFO - [2025-09-23T12:57:14.039+0300] {dagbag.py:588} INFO - Filling up the DagBag from /Library/Frameworks/Python.framework/Versions/3.10/lib/python3.10/site-packages/airflow/example_dags/example_time_delta_sensor_async.py
[2025-09-23T12:57:14.043+0300] {processor.py:925} INFO - DAG(s) 'example_time_delta_sensor_async' retrieved from /Library/Frameworks/Python.framework/Versions/3.10/lib/python3.10/site-packages/airflow/example_dags/example_time_delta_sensor_async.py
[2025-09-23T12:57:14.405+0300] {logging_mixin.py:190} INFO - [2025-09-23T12:57:14.404+0300] {dag.py:3239} INFO - Sync 1 DAGs
[2025-09-23T12:57:14.408+0300] {logging_mixin.py:190} INFO - [2025-09-23T12:57:14.408+0300] {dag.py:4180} INFO - Setting next_dagrun for example_time_delta_sensor_async to None, run_after=None
[2025-09-23T12:57:14.415+0300] {processor.py:208} INFO - Processing /Library/Frameworks/Python.framework/Versions/3.10/lib/python3.10/site-packages/airflow/example_dags/example_time_delta_sensor_async.py took 0.378 seconds
[2025-09-23T12:58:29.279+0300] {processor.py:186} INFO - Started process (PID=70715) to work on /Library/Frameworks/Python.framework/Versions/3.10/lib/python3.10/site-packages/airflow/example_dags/example_time_delta_sensor_async.py
[2025-09-23T12:58:29.280+0300] {processor.py:914} INFO - Processing file /Library/Frameworks/Python.framework/Versions/3.10/lib/python3.10/site-packages/airflow/example_dags/example_time_delta_sensor_async.py for tasks to queue
[2025-09-23T12:58:29.281+0300] {logging_mixin.py:190} INFO - [2025-09-23T12:58:29.281+0300] {dagbag.py:588} INFO - Filling up the DagBag from /Library/Frameworks/Python.framework/Versions/3.10/lib/python3.10/site-packages/airflow/example_dags/example_time_delta_sensor_async.py
[2025-09-23T12:58:29.284+0300] {processor.py:925} INFO - DAG(s) 'example_time_delta_sensor_async' retrieved from /Library/Frameworks/Python.framework/Versions/3.10/lib/python3.10/site-packages/airflow/example_dags/example_time_delta_sensor_async.py
[2025-09-23T12:58:29.601+0300] {logging_mixin.py:190} INFO - [2025-09-23T12:58:29.601+0300] {dag.py:3239} INFO - Sync 1 DAGs
[2025-09-23T12:58:29.605+0300] {logging_mixin.py:190} INFO - [2025-09-23T12:58:29.605+0300] {dag.py:4180} INFO - Setting next_dagrun for example_time_delta_sensor_async to None, run_after=None
[2025-09-23T12:58:29.612+0300] {processor.py:208} INFO - Processing /Library/Frameworks/Python.framework/Versions/3.10/lib/python3.10/site-packages/airflow/example_dags/example_time_delta_sensor_async.py took 0.334 seconds
[2025-09-23T12:59:41.580+0300] {processor.py:186} INFO - Started process (PID=71155) to work on /Library/Frameworks/Python.framework/Versions/3.10/lib/python3.10/site-packages/airflow/example_dags/example_time_delta_sensor_async.py
[2025-09-23T12:59:41.581+0300] {processor.py:914} INFO - Processing file /Library/Frameworks/Python.framework/Versions/3.10/lib/python3.10/site-packages/airflow/example_dags/example_time_delta_sensor_async.py for tasks to queue
[2025-09-23T12:59:41.582+0300] {logging_mixin.py:190} INFO - [2025-09-23T12:59:41.582+0300] {dagbag.py:588} INFO - Filling up the DagBag from /Library/Frameworks/Python.framework/Versions/3.10/lib/python3.10/site-packages/airflow/example_dags/example_time_delta_sensor_async.py
[2025-09-23T12:59:41.585+0300] {processor.py:925} INFO - DAG(s) 'example_time_delta_sensor_async' retrieved from /Library/Frameworks/Python.framework/Versions/3.10/lib/python3.10/site-packages/airflow/example_dags/example_time_delta_sensor_async.py
[2025-09-23T12:59:41.911+0300] {logging_mixin.py:190} INFO - [2025-09-23T12:59:41.911+0300] {dag.py:3239} INFO - Sync 1 DAGs
[2025-09-23T12:59:41.915+0300] {logging_mixin.py:190} INFO - [2025-09-23T12:59:41.915+0300] {dag.py:4180} INFO - Setting next_dagrun for example_time_delta_sensor_async to None, run_after=None
[2025-09-23T12:59:41.922+0300] {processor.py:208} INFO - Processing /Library/Frameworks/Python.framework/Versions/3.10/lib/python3.10/site-packages/airflow/example_dags/example_time_delta_sensor_async.py took 0.343 seconds
[2025-09-23T14:47:50.473+0300] {processor.py:186} INFO - Started process (PID=81545) to work on /Library/Frameworks/Python.framework/Versions/3.10/lib/python3.10/site-packages/airflow/example_dags/example_time_delta_sensor_async.py
[2025-09-23T14:47:50.474+0300] {processor.py:914} INFO - Processing file /Library/Frameworks/Python.framework/Versions/3.10/lib/python3.10/site-packages/airflow/example_dags/example_time_delta_sensor_async.py for tasks to queue
[2025-09-23T14:47:50.475+0300] {logging_mixin.py:190} INFO - [2025-09-23T14:47:50.475+0300] {dagbag.py:588} INFO - Filling up the DagBag from /Library/Frameworks/Python.framework/Versions/3.10/lib/python3.10/site-packages/airflow/example_dags/example_time_delta_sensor_async.py
[2025-09-23T14:47:50.477+0300] {processor.py:925} INFO - DAG(s) 'example_time_delta_sensor_async' retrieved from /Library/Frameworks/Python.framework/Versions/3.10/lib/python3.10/site-packages/airflow/example_dags/example_time_delta_sensor_async.py
[2025-09-23T14:47:50.831+0300] {logging_mixin.py:190} INFO - [2025-09-23T14:47:50.831+0300] {dag.py:3239} INFO - Sync 1 DAGs
[2025-09-23T14:47:50.835+0300] {logging_mixin.py:190} INFO - [2025-09-23T14:47:50.835+0300] {dag.py:4180} INFO - Setting next_dagrun for example_time_delta_sensor_async to None, run_after=None
[2025-09-23T14:47:50.842+0300] {processor.py:208} INFO - Processing /Library/Frameworks/Python.framework/Versions/3.10/lib/python3.10/site-packages/airflow/example_dags/example_time_delta_sensor_async.py took 0.370 seconds
[2025-09-23T14:49:31.332+0300] {processor.py:186} INFO - Started process (PID=82140) to work on /Library/Frameworks/Python.framework/Versions/3.10/lib/python3.10/site-packages/airflow/example_dags/example_time_delta_sensor_async.py
[2025-09-23T14:49:31.332+0300] {processor.py:914} INFO - Processing file /Library/Frameworks/Python.framework/Versions/3.10/lib/python3.10/site-packages/airflow/example_dags/example_time_delta_sensor_async.py for tasks to queue
[2025-09-23T14:49:31.333+0300] {logging_mixin.py:190} INFO - [2025-09-23T14:49:31.333+0300] {dagbag.py:588} INFO - Filling up the DagBag from /Library/Frameworks/Python.framework/Versions/3.10/lib/python3.10/site-packages/airflow/example_dags/example_time_delta_sensor_async.py
[2025-09-23T14:49:31.336+0300] {processor.py:925} INFO - DAG(s) 'example_time_delta_sensor_async' retrieved from /Library/Frameworks/Python.framework/Versions/3.10/lib/python3.10/site-packages/airflow/example_dags/example_time_delta_sensor_async.py
[2025-09-23T14:49:31.714+0300] {logging_mixin.py:190} INFO - [2025-09-23T14:49:31.714+0300] {dag.py:3239} INFO - Sync 1 DAGs
[2025-09-23T14:49:31.718+0300] {logging_mixin.py:190} INFO - [2025-09-23T14:49:31.718+0300] {dag.py:4180} INFO - Setting next_dagrun for example_time_delta_sensor_async to None, run_after=None
[2025-09-23T14:49:31.725+0300] {processor.py:208} INFO - Processing /Library/Frameworks/Python.framework/Versions/3.10/lib/python3.10/site-packages/airflow/example_dags/example_time_delta_sensor_async.py took 0.395 seconds
[2025-09-23T14:50:42.576+0300] {processor.py:186} INFO - Started process (PID=82543) to work on /Library/Frameworks/Python.framework/Versions/3.10/lib/python3.10/site-packages/airflow/example_dags/example_time_delta_sensor_async.py
[2025-09-23T14:50:42.579+0300] {processor.py:914} INFO - Processing file /Library/Frameworks/Python.framework/Versions/3.10/lib/python3.10/site-packages/airflow/example_dags/example_time_delta_sensor_async.py for tasks to queue
[2025-09-23T14:50:42.579+0300] {logging_mixin.py:190} INFO - [2025-09-23T14:50:42.579+0300] {dagbag.py:588} INFO - Filling up the DagBag from /Library/Frameworks/Python.framework/Versions/3.10/lib/python3.10/site-packages/airflow/example_dags/example_time_delta_sensor_async.py
[2025-09-23T14:50:42.583+0300] {processor.py:925} INFO - DAG(s) 'example_time_delta_sensor_async' retrieved from /Library/Frameworks/Python.framework/Versions/3.10/lib/python3.10/site-packages/airflow/example_dags/example_time_delta_sensor_async.py
[2025-09-23T14:50:42.967+0300] {logging_mixin.py:190} INFO - [2025-09-23T14:50:42.966+0300] {dag.py:3239} INFO - Sync 1 DAGs
[2025-09-23T14:50:42.970+0300] {logging_mixin.py:190} INFO - [2025-09-23T14:50:42.970+0300] {dag.py:4180} INFO - Setting next_dagrun for example_time_delta_sensor_async to None, run_after=None
[2025-09-23T14:50:42.977+0300] {processor.py:208} INFO - Processing /Library/Frameworks/Python.framework/Versions/3.10/lib/python3.10/site-packages/airflow/example_dags/example_time_delta_sensor_async.py took 0.402 seconds
[2025-09-23T14:51:56.832+0300] {processor.py:186} INFO - Started process (PID=83014) to work on /Library/Frameworks/Python.framework/Versions/3.10/lib/python3.10/site-packages/airflow/example_dags/example_time_delta_sensor_async.py
[2025-09-23T14:51:56.832+0300] {processor.py:914} INFO - Processing file /Library/Frameworks/Python.framework/Versions/3.10/lib/python3.10/site-packages/airflow/example_dags/example_time_delta_sensor_async.py for tasks to queue
[2025-09-23T14:51:56.833+0300] {logging_mixin.py:190} INFO - [2025-09-23T14:51:56.833+0300] {dagbag.py:588} INFO - Filling up the DagBag from /Library/Frameworks/Python.framework/Versions/3.10/lib/python3.10/site-packages/airflow/example_dags/example_time_delta_sensor_async.py
[2025-09-23T14:51:56.836+0300] {processor.py:925} INFO - DAG(s) 'example_time_delta_sensor_async' retrieved from /Library/Frameworks/Python.framework/Versions/3.10/lib/python3.10/site-packages/airflow/example_dags/example_time_delta_sensor_async.py
[2025-09-23T14:51:57.210+0300] {logging_mixin.py:190} INFO - [2025-09-23T14:51:57.210+0300] {dag.py:3239} INFO - Sync 1 DAGs
[2025-09-23T14:51:57.214+0300] {logging_mixin.py:190} INFO - [2025-09-23T14:51:57.214+0300] {dag.py:4180} INFO - Setting next_dagrun for example_time_delta_sensor_async to None, run_after=None
[2025-09-23T14:51:57.220+0300] {processor.py:208} INFO - Processing /Library/Frameworks/Python.framework/Versions/3.10/lib/python3.10/site-packages/airflow/example_dags/example_time_delta_sensor_async.py took 0.390 seconds
[2025-09-23T14:53:08.470+0300] {processor.py:186} INFO - Started process (PID=83420) to work on /Library/Frameworks/Python.framework/Versions/3.10/lib/python3.10/site-packages/airflow/example_dags/example_time_delta_sensor_async.py
[2025-09-23T14:53:08.471+0300] {processor.py:914} INFO - Processing file /Library/Frameworks/Python.framework/Versions/3.10/lib/python3.10/site-packages/airflow/example_dags/example_time_delta_sensor_async.py for tasks to queue
[2025-09-23T14:53:08.472+0300] {logging_mixin.py:190} INFO - [2025-09-23T14:53:08.472+0300] {dagbag.py:588} INFO - Filling up the DagBag from /Library/Frameworks/Python.framework/Versions/3.10/lib/python3.10/site-packages/airflow/example_dags/example_time_delta_sensor_async.py
[2025-09-23T14:53:08.475+0300] {processor.py:925} INFO - DAG(s) 'example_time_delta_sensor_async' retrieved from /Library/Frameworks/Python.framework/Versions/3.10/lib/python3.10/site-packages/airflow/example_dags/example_time_delta_sensor_async.py
[2025-09-23T14:53:08.787+0300] {logging_mixin.py:190} INFO - [2025-09-23T14:53:08.787+0300] {dag.py:3239} INFO - Sync 1 DAGs
[2025-09-23T14:53:08.791+0300] {logging_mixin.py:190} INFO - [2025-09-23T14:53:08.791+0300] {dag.py:4180} INFO - Setting next_dagrun for example_time_delta_sensor_async to None, run_after=None
[2025-09-23T14:53:08.797+0300] {processor.py:208} INFO - Processing /Library/Frameworks/Python.framework/Versions/3.10/lib/python3.10/site-packages/airflow/example_dags/example_time_delta_sensor_async.py took 0.328 seconds
[2025-09-23T14:54:53.605+0300] {processor.py:186} INFO - Started process (PID=84198) to work on /Library/Frameworks/Python.framework/Versions/3.10/lib/python3.10/site-packages/airflow/example_dags/example_time_delta_sensor_async.py
[2025-09-23T14:54:53.605+0300] {processor.py:914} INFO - Processing file /Library/Frameworks/Python.framework/Versions/3.10/lib/python3.10/site-packages/airflow/example_dags/example_time_delta_sensor_async.py for tasks to queue
[2025-09-23T14:54:53.606+0300] {logging_mixin.py:190} INFO - [2025-09-23T14:54:53.606+0300] {dagbag.py:588} INFO - Filling up the DagBag from /Library/Frameworks/Python.framework/Versions/3.10/lib/python3.10/site-packages/airflow/example_dags/example_time_delta_sensor_async.py
[2025-09-23T14:54:53.609+0300] {processor.py:925} INFO - DAG(s) 'example_time_delta_sensor_async' retrieved from /Library/Frameworks/Python.framework/Versions/3.10/lib/python3.10/site-packages/airflow/example_dags/example_time_delta_sensor_async.py
[2025-09-23T14:54:53.965+0300] {logging_mixin.py:190} INFO - [2025-09-23T14:54:53.965+0300] {dag.py:3239} INFO - Sync 1 DAGs
[2025-09-23T14:54:53.970+0300] {logging_mixin.py:190} INFO - [2025-09-23T14:54:53.969+0300] {dag.py:4180} INFO - Setting next_dagrun for example_time_delta_sensor_async to None, run_after=None
[2025-09-23T14:54:53.977+0300] {processor.py:208} INFO - Processing /Library/Frameworks/Python.framework/Versions/3.10/lib/python3.10/site-packages/airflow/example_dags/example_time_delta_sensor_async.py took 0.373 seconds
[2025-09-23T14:56:23.275+0300] {processor.py:186} INFO - Started process (PID=84775) to work on /Library/Frameworks/Python.framework/Versions/3.10/lib/python3.10/site-packages/airflow/example_dags/example_time_delta_sensor_async.py
[2025-09-23T14:56:23.275+0300] {processor.py:914} INFO - Processing file /Library/Frameworks/Python.framework/Versions/3.10/lib/python3.10/site-packages/airflow/example_dags/example_time_delta_sensor_async.py for tasks to queue
[2025-09-23T14:56:23.276+0300] {logging_mixin.py:190} INFO - [2025-09-23T14:56:23.275+0300] {dagbag.py:588} INFO - Filling up the DagBag from /Library/Frameworks/Python.framework/Versions/3.10/lib/python3.10/site-packages/airflow/example_dags/example_time_delta_sensor_async.py
[2025-09-23T14:56:23.279+0300] {processor.py:925} INFO - DAG(s) 'example_time_delta_sensor_async' retrieved from /Library/Frameworks/Python.framework/Versions/3.10/lib/python3.10/site-packages/airflow/example_dags/example_time_delta_sensor_async.py
[2025-09-23T14:56:23.650+0300] {logging_mixin.py:190} INFO - [2025-09-23T14:56:23.650+0300] {dag.py:3239} INFO - Sync 1 DAGs
[2025-09-23T14:56:23.654+0300] {logging_mixin.py:190} INFO - [2025-09-23T14:56:23.654+0300] {dag.py:4180} INFO - Setting next_dagrun for example_time_delta_sensor_async to None, run_after=None
[2025-09-23T14:56:23.661+0300] {processor.py:208} INFO - Processing /Library/Frameworks/Python.framework/Versions/3.10/lib/python3.10/site-packages/airflow/example_dags/example_time_delta_sensor_async.py took 0.388 seconds
