[2025-09-23T12:54:05.201+0300] {processor.py:186} INFO - Started process (PID=69187) to work on /Library/Frameworks/Python.framework/Versions/3.10/lib/python3.10/site-packages/airflow/example_dags/example_workday_timetable.py
[2025-09-23T12:54:05.202+0300] {processor.py:914} INFO - Processing file /Library/Frameworks/Python.framework/Versions/3.10/lib/python3.10/site-packages/airflow/example_dags/example_workday_timetable.py for tasks to queue
[2025-09-23T12:54:05.202+0300] {logging_mixin.py:190} INFO - [2025-09-23T12:54:05.202+0300] {dagbag.py:588} INFO - Filling up the DagBag from /Library/Frameworks/Python.framework/Versions/3.10/lib/python3.10/site-packages/airflow/example_dags/example_workday_timetable.py
[2025-09-23T12:54:05.477+0300] {processor.py:925} INFO - DAG(s) 'example_workday_timetable' retrieved from /Library/Frameworks/Python.framework/Versions/3.10/lib/python3.10/site-packages/airflow/example_dags/example_workday_timetable.py
[2025-09-23T12:54:05.527+0300] {logging_mixin.py:190} INFO - [2025-09-23T12:54:05.527+0300] {dag.py:3239} INFO - Sync 1 DAGs
[2025-09-23T12:54:05.551+0300] {logging_mixin.py:190} INFO - [2025-09-23T12:54:05.551+0300] {dag.py:4180} INFO - Setting next_dagrun for example_workday_timetable to 2021-01-04 00:00:00+00:00, run_after=2021-01-05 00:00:00+00:00
[2025-09-23T12:54:05.557+0300] {processor.py:208} INFO - Processing /Library/Frameworks/Python.framework/Versions/3.10/lib/python3.10/site-packages/airflow/example_dags/example_workday_timetable.py took 0.357 seconds
[2025-09-23T12:55:50.873+0300] {processor.py:186} INFO - Started process (PID=69794) to work on /Library/Frameworks/Python.framework/Versions/3.10/lib/python3.10/site-packages/airflow/example_dags/example_workday_timetable.py
[2025-09-23T12:55:50.874+0300] {processor.py:914} INFO - Processing file /Library/Frameworks/Python.framework/Versions/3.10/lib/python3.10/site-packages/airflow/example_dags/example_workday_timetable.py for tasks to queue
[2025-09-23T12:55:50.875+0300] {logging_mixin.py:190} INFO - [2025-09-23T12:55:50.875+0300] {dagbag.py:588} INFO - Filling up the DagBag from /Library/Frameworks/Python.framework/Versions/3.10/lib/python3.10/site-packages/airflow/example_dags/example_workday_timetable.py
[2025-09-23T12:55:51.207+0300] {processor.py:925} INFO - DAG(s) 'example_workday_timetable' retrieved from /Library/Frameworks/Python.framework/Versions/3.10/lib/python3.10/site-packages/airflow/example_dags/example_workday_timetable.py
[2025-09-23T12:55:51.255+0300] {logging_mixin.py:190} INFO - [2025-09-23T12:55:51.255+0300] {dag.py:3239} INFO - Sync 1 DAGs
[2025-09-23T12:55:51.281+0300] {logging_mixin.py:190} INFO - [2025-09-23T12:55:51.281+0300] {dag.py:4180} INFO - Setting next_dagrun for example_workday_timetable to 2021-01-04 00:00:00+00:00, run_after=2021-01-05 00:00:00+00:00
[2025-09-23T12:55:51.287+0300] {processor.py:208} INFO - Processing /Library/Frameworks/Python.framework/Versions/3.10/lib/python3.10/site-packages/airflow/example_dags/example_workday_timetable.py took 0.415 seconds
[2025-09-23T12:57:08.072+0300] {processor.py:186} INFO - Started process (PID=70252) to work on /Library/Frameworks/Python.framework/Versions/3.10/lib/python3.10/site-packages/airflow/example_dags/example_workday_timetable.py
[2025-09-23T12:57:08.073+0300] {processor.py:914} INFO - Processing file /Library/Frameworks/Python.framework/Versions/3.10/lib/python3.10/site-packages/airflow/example_dags/example_workday_timetable.py for tasks to queue
[2025-09-23T12:57:08.073+0300] {logging_mixin.py:190} INFO - [2025-09-23T12:57:08.073+0300] {dagbag.py:588} INFO - Filling up the DagBag from /Library/Frameworks/Python.framework/Versions/3.10/lib/python3.10/site-packages/airflow/example_dags/example_workday_timetable.py
[2025-09-23T12:57:08.405+0300] {processor.py:925} INFO - DAG(s) 'example_workday_timetable' retrieved from /Library/Frameworks/Python.framework/Versions/3.10/lib/python3.10/site-packages/airflow/example_dags/example_workday_timetable.py
[2025-09-23T12:57:08.453+0300] {logging_mixin.py:190} INFO - [2025-09-23T12:57:08.453+0300] {dag.py:3239} INFO - Sync 1 DAGs
[2025-09-23T12:57:08.469+0300] {logging_mixin.py:190} INFO - [2025-09-23T12:57:08.469+0300] {dag.py:4180} INFO - Setting next_dagrun for example_workday_timetable to 2021-01-04 00:00:00+00:00, run_after=2021-01-05 00:00:00+00:00
[2025-09-23T12:57:08.476+0300] {processor.py:208} INFO - Processing /Library/Frameworks/Python.framework/Versions/3.10/lib/python3.10/site-packages/airflow/example_dags/example_workday_timetable.py took 0.405 seconds
[2025-09-23T12:58:23.565+0300] {processor.py:186} INFO - Started process (PID=70677) to work on /Library/Frameworks/Python.framework/Versions/3.10/lib/python3.10/site-packages/airflow/example_dags/example_workday_timetable.py
[2025-09-23T12:58:23.566+0300] {processor.py:914} INFO - Processing file /Library/Frameworks/Python.framework/Versions/3.10/lib/python3.10/site-packages/airflow/example_dags/example_workday_timetable.py for tasks to queue
[2025-09-23T12:58:23.566+0300] {logging_mixin.py:190} INFO - [2025-09-23T12:58:23.566+0300] {dagbag.py:588} INFO - Filling up the DagBag from /Library/Frameworks/Python.framework/Versions/3.10/lib/python3.10/site-packages/airflow/example_dags/example_workday_timetable.py
[2025-09-23T12:58:23.890+0300] {processor.py:925} INFO - DAG(s) 'example_workday_timetable' retrieved from /Library/Frameworks/Python.framework/Versions/3.10/lib/python3.10/site-packages/airflow/example_dags/example_workday_timetable.py
[2025-09-23T12:58:23.937+0300] {logging_mixin.py:190} INFO - [2025-09-23T12:58:23.936+0300] {dag.py:3239} INFO - Sync 1 DAGs
[2025-09-23T12:58:23.952+0300] {logging_mixin.py:190} INFO - [2025-09-23T12:58:23.952+0300] {dag.py:4180} INFO - Setting next_dagrun for example_workday_timetable to 2021-01-04 00:00:00+00:00, run_after=2021-01-05 00:00:00+00:00
[2025-09-23T12:58:23.958+0300] {processor.py:208} INFO - Processing /Library/Frameworks/Python.framework/Versions/3.10/lib/python3.10/site-packages/airflow/example_dags/example_workday_timetable.py took 0.394 seconds
[2025-09-23T12:59:35.502+0300] {processor.py:186} INFO - Started process (PID=71120) to work on /Library/Frameworks/Python.framework/Versions/3.10/lib/python3.10/site-packages/airflow/example_dags/example_workday_timetable.py
[2025-09-23T12:59:35.503+0300] {processor.py:914} INFO - Processing file /Library/Frameworks/Python.framework/Versions/3.10/lib/python3.10/site-packages/airflow/example_dags/example_workday_timetable.py for tasks to queue
[2025-09-23T12:59:35.503+0300] {logging_mixin.py:190} INFO - [2025-09-23T12:59:35.503+0300] {dagbag.py:588} INFO - Filling up the DagBag from /Library/Frameworks/Python.framework/Versions/3.10/lib/python3.10/site-packages/airflow/example_dags/example_workday_timetable.py
[2025-09-23T12:59:35.831+0300] {processor.py:925} INFO - DAG(s) 'example_workday_timetable' retrieved from /Library/Frameworks/Python.framework/Versions/3.10/lib/python3.10/site-packages/airflow/example_dags/example_workday_timetable.py
[2025-09-23T12:59:35.878+0300] {logging_mixin.py:190} INFO - [2025-09-23T12:59:35.878+0300] {dag.py:3239} INFO - Sync 1 DAGs
[2025-09-23T12:59:35.894+0300] {logging_mixin.py:190} INFO - [2025-09-23T12:59:35.894+0300] {dag.py:4180} INFO - Setting next_dagrun for example_workday_timetable to 2021-01-04 00:00:00+00:00, run_after=2021-01-05 00:00:00+00:00
[2025-09-23T12:59:35.900+0300] {processor.py:208} INFO - Processing /Library/Frameworks/Python.framework/Versions/3.10/lib/python3.10/site-packages/airflow/example_dags/example_workday_timetable.py took 0.399 seconds
[2025-09-23T14:47:36.241+0300] {processor.py:186} INFO - Started process (PID=81457) to work on /Library/Frameworks/Python.framework/Versions/3.10/lib/python3.10/site-packages/airflow/example_dags/example_workday_timetable.py
[2025-09-23T14:47:36.241+0300] {processor.py:914} INFO - Processing file /Library/Frameworks/Python.framework/Versions/3.10/lib/python3.10/site-packages/airflow/example_dags/example_workday_timetable.py for tasks to queue
[2025-09-23T14:47:36.242+0300] {logging_mixin.py:190} INFO - [2025-09-23T14:47:36.242+0300] {dagbag.py:588} INFO - Filling up the DagBag from /Library/Frameworks/Python.framework/Versions/3.10/lib/python3.10/site-packages/airflow/example_dags/example_workday_timetable.py
[2025-09-23T14:47:36.510+0300] {processor.py:925} INFO - DAG(s) 'example_workday_timetable' retrieved from /Library/Frameworks/Python.framework/Versions/3.10/lib/python3.10/site-packages/airflow/example_dags/example_workday_timetable.py
[2025-09-23T14:47:36.558+0300] {logging_mixin.py:190} INFO - [2025-09-23T14:47:36.558+0300] {dag.py:3239} INFO - Sync 1 DAGs
[2025-09-23T14:47:36.582+0300] {logging_mixin.py:190} INFO - [2025-09-23T14:47:36.582+0300] {dag.py:4180} INFO - Setting next_dagrun for example_workday_timetable to 2021-01-04 00:00:00+00:00, run_after=2021-01-05 00:00:00+00:00
[2025-09-23T14:47:36.588+0300] {processor.py:208} INFO - Processing /Library/Frameworks/Python.framework/Versions/3.10/lib/python3.10/site-packages/airflow/example_dags/example_workday_timetable.py took 0.348 seconds
[2025-09-23T14:49:25.720+0300] {processor.py:186} INFO - Started process (PID=82115) to work on /Library/Frameworks/Python.framework/Versions/3.10/lib/python3.10/site-packages/airflow/example_dags/example_workday_timetable.py
[2025-09-23T14:49:25.720+0300] {processor.py:914} INFO - Processing file /Library/Frameworks/Python.framework/Versions/3.10/lib/python3.10/site-packages/airflow/example_dags/example_workday_timetable.py for tasks to queue
[2025-09-23T14:49:25.721+0300] {logging_mixin.py:190} INFO - [2025-09-23T14:49:25.721+0300] {dagbag.py:588} INFO - Filling up the DagBag from /Library/Frameworks/Python.framework/Versions/3.10/lib/python3.10/site-packages/airflow/example_dags/example_workday_timetable.py
[2025-09-23T14:49:26.051+0300] {processor.py:925} INFO - DAG(s) 'example_workday_timetable' retrieved from /Library/Frameworks/Python.framework/Versions/3.10/lib/python3.10/site-packages/airflow/example_dags/example_workday_timetable.py
[2025-09-23T14:49:26.097+0300] {logging_mixin.py:190} INFO - [2025-09-23T14:49:26.097+0300] {dag.py:3239} INFO - Sync 1 DAGs
[2025-09-23T14:49:26.112+0300] {logging_mixin.py:190} INFO - [2025-09-23T14:49:26.112+0300] {dag.py:4180} INFO - Setting next_dagrun for example_workday_timetable to 2021-01-04 00:00:00+00:00, run_after=2021-01-05 00:00:00+00:00
[2025-09-23T14:49:26.118+0300] {processor.py:208} INFO - Processing /Library/Frameworks/Python.framework/Versions/3.10/lib/python3.10/site-packages/airflow/example_dags/example_workday_timetable.py took 0.399 seconds
[2025-09-23T14:50:36.455+0300] {processor.py:186} INFO - Started process (PID=82508) to work on /Library/Frameworks/Python.framework/Versions/3.10/lib/python3.10/site-packages/airflow/example_dags/example_workday_timetable.py
[2025-09-23T14:50:36.456+0300] {processor.py:914} INFO - Processing file /Library/Frameworks/Python.framework/Versions/3.10/lib/python3.10/site-packages/airflow/example_dags/example_workday_timetable.py for tasks to queue
[2025-09-23T14:50:36.456+0300] {logging_mixin.py:190} INFO - [2025-09-23T14:50:36.456+0300] {dagbag.py:588} INFO - Filling up the DagBag from /Library/Frameworks/Python.framework/Versions/3.10/lib/python3.10/site-packages/airflow/example_dags/example_workday_timetable.py
[2025-09-23T14:50:36.790+0300] {processor.py:925} INFO - DAG(s) 'example_workday_timetable' retrieved from /Library/Frameworks/Python.framework/Versions/3.10/lib/python3.10/site-packages/airflow/example_dags/example_workday_timetable.py
[2025-09-23T14:50:36.837+0300] {logging_mixin.py:190} INFO - [2025-09-23T14:50:36.837+0300] {dag.py:3239} INFO - Sync 1 DAGs
[2025-09-23T14:50:36.852+0300] {logging_mixin.py:190} INFO - [2025-09-23T14:50:36.852+0300] {dag.py:4180} INFO - Setting next_dagrun for example_workday_timetable to 2021-01-04 00:00:00+00:00, run_after=2021-01-05 00:00:00+00:00
[2025-09-23T14:50:36.858+0300] {processor.py:208} INFO - Processing /Library/Frameworks/Python.framework/Versions/3.10/lib/python3.10/site-packages/airflow/example_dags/example_workday_timetable.py took 0.404 seconds
[2025-09-23T14:51:50.923+0300] {processor.py:186} INFO - Started process (PID=82970) to work on /Library/Frameworks/Python.framework/Versions/3.10/lib/python3.10/site-packages/airflow/example_dags/example_workday_timetable.py
[2025-09-23T14:51:50.924+0300] {processor.py:914} INFO - Processing file /Library/Frameworks/Python.framework/Versions/3.10/lib/python3.10/site-packages/airflow/example_dags/example_workday_timetable.py for tasks to queue
[2025-09-23T14:51:50.925+0300] {logging_mixin.py:190} INFO - [2025-09-23T14:51:50.925+0300] {dagbag.py:588} INFO - Filling up the DagBag from /Library/Frameworks/Python.framework/Versions/3.10/lib/python3.10/site-packages/airflow/example_dags/example_workday_timetable.py
[2025-09-23T14:51:51.254+0300] {processor.py:925} INFO - DAG(s) 'example_workday_timetable' retrieved from /Library/Frameworks/Python.framework/Versions/3.10/lib/python3.10/site-packages/airflow/example_dags/example_workday_timetable.py
[2025-09-23T14:51:51.302+0300] {logging_mixin.py:190} INFO - [2025-09-23T14:51:51.301+0300] {dag.py:3239} INFO - Sync 1 DAGs
[2025-09-23T14:51:51.317+0300] {logging_mixin.py:190} INFO - [2025-09-23T14:51:51.317+0300] {dag.py:4180} INFO - Setting next_dagrun for example_workday_timetable to 2021-01-04 00:00:00+00:00, run_after=2021-01-05 00:00:00+00:00
[2025-09-23T14:51:51.322+0300] {processor.py:208} INFO - Processing /Library/Frameworks/Python.framework/Versions/3.10/lib/python3.10/site-packages/airflow/example_dags/example_workday_timetable.py took 0.400 seconds
[2025-09-23T14:53:04.477+0300] {processor.py:186} INFO - Started process (PID=83396) to work on /Library/Frameworks/Python.framework/Versions/3.10/lib/python3.10/site-packages/airflow/example_dags/example_workday_timetable.py
[2025-09-23T14:53:04.478+0300] {processor.py:914} INFO - Processing file /Library/Frameworks/Python.framework/Versions/3.10/lib/python3.10/site-packages/airflow/example_dags/example_workday_timetable.py for tasks to queue
[2025-09-23T14:53:04.478+0300] {logging_mixin.py:190} INFO - [2025-09-23T14:53:04.478+0300] {dagbag.py:588} INFO - Filling up the DagBag from /Library/Frameworks/Python.framework/Versions/3.10/lib/python3.10/site-packages/airflow/example_dags/example_workday_timetable.py
[2025-09-23T14:53:04.806+0300] {processor.py:925} INFO - DAG(s) 'example_workday_timetable' retrieved from /Library/Frameworks/Python.framework/Versions/3.10/lib/python3.10/site-packages/airflow/example_dags/example_workday_timetable.py
[2025-09-23T14:53:04.854+0300] {logging_mixin.py:190} INFO - [2025-09-23T14:53:04.854+0300] {dag.py:3239} INFO - Sync 1 DAGs
[2025-09-23T14:53:04.870+0300] {logging_mixin.py:190} INFO - [2025-09-23T14:53:04.869+0300] {dag.py:4180} INFO - Setting next_dagrun for example_workday_timetable to 2021-01-04 00:00:00+00:00, run_after=2021-01-05 00:00:00+00:00
[2025-09-23T14:53:04.875+0300] {processor.py:208} INFO - Processing /Library/Frameworks/Python.framework/Versions/3.10/lib/python3.10/site-packages/airflow/example_dags/example_workday_timetable.py took 0.400 seconds
[2025-09-23T14:54:17.315+0300] {processor.py:186} INFO - Started process (PID=83959) to work on /Library/Frameworks/Python.framework/Versions/3.10/lib/python3.10/site-packages/airflow/example_dags/example_workday_timetable.py
[2025-09-23T14:54:17.315+0300] {processor.py:914} INFO - Processing file /Library/Frameworks/Python.framework/Versions/3.10/lib/python3.10/site-packages/airflow/example_dags/example_workday_timetable.py for tasks to queue
[2025-09-23T14:54:17.316+0300] {logging_mixin.py:190} INFO - [2025-09-23T14:54:17.316+0300] {dagbag.py:588} INFO - Filling up the DagBag from /Library/Frameworks/Python.framework/Versions/3.10/lib/python3.10/site-packages/airflow/example_dags/example_workday_timetable.py
[2025-09-23T14:54:17.848+0300] {processor.py:925} INFO - DAG(s) 'example_workday_timetable' retrieved from /Library/Frameworks/Python.framework/Versions/3.10/lib/python3.10/site-packages/airflow/example_dags/example_workday_timetable.py
[2025-09-23T14:54:17.897+0300] {logging_mixin.py:190} INFO - [2025-09-23T14:54:17.897+0300] {dag.py:3239} INFO - Sync 1 DAGs
[2025-09-23T14:54:17.920+0300] {logging_mixin.py:190} INFO - [2025-09-23T14:54:17.920+0300] {dag.py:4180} INFO - Setting next_dagrun for example_workday_timetable to 2021-01-04 00:00:00+00:00, run_after=2021-01-05 00:00:00+00:00
[2025-09-23T14:54:17.926+0300] {processor.py:208} INFO - Processing /Library/Frameworks/Python.framework/Versions/3.10/lib/python3.10/site-packages/airflow/example_dags/example_workday_timetable.py took 0.612 seconds
[2025-09-23T14:56:17.205+0300] {processor.py:186} INFO - Started process (PID=84736) to work on /Library/Frameworks/Python.framework/Versions/3.10/lib/python3.10/site-packages/airflow/example_dags/example_workday_timetable.py
[2025-09-23T14:56:17.208+0300] {processor.py:914} INFO - Processing file /Library/Frameworks/Python.framework/Versions/3.10/lib/python3.10/site-packages/airflow/example_dags/example_workday_timetable.py for tasks to queue
[2025-09-23T14:56:17.208+0300] {logging_mixin.py:190} INFO - [2025-09-23T14:56:17.208+0300] {dagbag.py:588} INFO - Filling up the DagBag from /Library/Frameworks/Python.framework/Versions/3.10/lib/python3.10/site-packages/airflow/example_dags/example_workday_timetable.py
[2025-09-23T14:56:17.533+0300] {processor.py:925} INFO - DAG(s) 'example_workday_timetable' retrieved from /Library/Frameworks/Python.framework/Versions/3.10/lib/python3.10/site-packages/airflow/example_dags/example_workday_timetable.py
[2025-09-23T14:56:17.578+0300] {logging_mixin.py:190} INFO - [2025-09-23T14:56:17.578+0300] {dag.py:3239} INFO - Sync 1 DAGs
[2025-09-23T14:56:17.604+0300] {logging_mixin.py:190} INFO - [2025-09-23T14:56:17.604+0300] {dag.py:4180} INFO - Setting next_dagrun for example_workday_timetable to 2021-01-04 00:00:00+00:00, run_after=2021-01-05 00:00:00+00:00
[2025-09-23T14:56:17.611+0300] {processor.py:208} INFO - Processing /Library/Frameworks/Python.framework/Versions/3.10/lib/python3.10/site-packages/airflow/example_dags/example_workday_timetable.py took 0.407 seconds
