[2025-09-23T12:54:19.630+0300] {processor.py:186} INFO - Started process (PID=69280) to work on /Library/Frameworks/Python.framework/Versions/3.10/lib/python3.10/site-packages/airflow/example_dags/example_subdag_operator.py
[2025-09-23T12:54:19.631+0300] {processor.py:914} INFO - Processing file /Library/Frameworks/Python.framework/Versions/3.10/lib/python3.10/site-packages/airflow/example_dags/example_subdag_operator.py for tasks to queue
[2025-09-23T12:54:19.631+0300] {logging_mixin.py:190} INFO - [2025-09-23T12:54:19.631+0300] {dagbag.py:588} INFO - Filling up the DagBag from /Library/Frameworks/Python.framework/Versions/3.10/lib/python3.10/site-packages/airflow/example_dags/example_subdag_operator.py
[2025-09-23T12:54:19.690+0300] {logging_mixin.py:190} WARNING - /Library/Frameworks/Python.framework/Versions/3.10/lib/python3.10/site-packages/cron_descriptor/ExpressionDescriptor.py:69 UserWarning: No system locale set. Falling back to 'en_US'. Set LANG/LC_ALL or pass locale_code to override.
[2025-09-23T12:54:19.690+0300] {processor.py:925} INFO - DAG(s) 'example_subdag_operator.section-1', 'example_subdag_operator.section-2', 'example_subdag_operator' retrieved from /Library/Frameworks/Python.framework/Versions/3.10/lib/python3.10/site-packages/airflow/example_dags/example_subdag_operator.py
[2025-09-23T12:54:19.995+0300] {logging_mixin.py:190} INFO - [2025-09-23T12:54:19.995+0300] {dag.py:3239} INFO - Sync 3 DAGs
[2025-09-23T12:54:20.001+0300] {logging_mixin.py:190} INFO - [2025-09-23T12:54:20.001+0300] {dag.py:4180} INFO - Setting next_dagrun for example_subdag_operator to 2022-01-01 00:00:00+00:00, run_after=2022-01-01 00:00:00+00:00
[2025-09-23T12:54:20.002+0300] {logging_mixin.py:190} INFO - [2025-09-23T12:54:20.002+0300] {dag.py:4180} INFO - Setting next_dagrun for example_subdag_operator.section-1 to None, run_after=None
[2025-09-23T12:54:20.003+0300] {logging_mixin.py:190} INFO - [2025-09-23T12:54:20.003+0300] {dag.py:4180} INFO - Setting next_dagrun for example_subdag_operator.section-2 to None, run_after=None
[2025-09-23T12:54:20.005+0300] {logging_mixin.py:190} INFO - [2025-09-23T12:54:20.005+0300] {dag.py:3239} INFO - Sync 2 DAGs
[2025-09-23T12:54:20.006+0300] {logging_mixin.py:190} INFO - [2025-09-23T12:54:20.006+0300] {dag.py:4180} INFO - Setting next_dagrun for example_subdag_operator.section-1 to None, run_after=None
[2025-09-23T12:54:20.006+0300] {logging_mixin.py:190} INFO - [2025-09-23T12:54:20.006+0300] {dag.py:4180} INFO - Setting next_dagrun for example_subdag_operator.section-2 to None, run_after=None
[2025-09-23T12:54:20.010+0300] {processor.py:208} INFO - Processing /Library/Frameworks/Python.framework/Versions/3.10/lib/python3.10/site-packages/airflow/example_dags/example_subdag_operator.py took 0.381 seconds
[2025-09-23T12:56:02.692+0300] {processor.py:186} INFO - Started process (PID=69852) to work on /Library/Frameworks/Python.framework/Versions/3.10/lib/python3.10/site-packages/airflow/example_dags/example_subdag_operator.py
[2025-09-23T12:56:02.693+0300] {processor.py:914} INFO - Processing file /Library/Frameworks/Python.framework/Versions/3.10/lib/python3.10/site-packages/airflow/example_dags/example_subdag_operator.py for tasks to queue
[2025-09-23T12:56:02.694+0300] {logging_mixin.py:190} INFO - [2025-09-23T12:56:02.694+0300] {dagbag.py:588} INFO - Filling up the DagBag from /Library/Frameworks/Python.framework/Versions/3.10/lib/python3.10/site-packages/airflow/example_dags/example_subdag_operator.py
[2025-09-23T12:56:02.753+0300] {logging_mixin.py:190} WARNING - /Library/Frameworks/Python.framework/Versions/3.10/lib/python3.10/site-packages/cron_descriptor/ExpressionDescriptor.py:69 UserWarning: No system locale set. Falling back to 'en_US'. Set LANG/LC_ALL or pass locale_code to override.
[2025-09-23T12:56:02.753+0300] {processor.py:925} INFO - DAG(s) 'example_subdag_operator.section-1', 'example_subdag_operator.section-2', 'example_subdag_operator' retrieved from /Library/Frameworks/Python.framework/Versions/3.10/lib/python3.10/site-packages/airflow/example_dags/example_subdag_operator.py
[2025-09-23T12:56:03.105+0300] {logging_mixin.py:190} INFO - [2025-09-23T12:56:03.104+0300] {dag.py:3239} INFO - Sync 3 DAGs
[2025-09-23T12:56:03.111+0300] {logging_mixin.py:190} INFO - [2025-09-23T12:56:03.111+0300] {dag.py:4180} INFO - Setting next_dagrun for example_subdag_operator to 2022-01-01 00:00:00+00:00, run_after=2022-01-01 00:00:00+00:00
[2025-09-23T12:56:03.112+0300] {logging_mixin.py:190} INFO - [2025-09-23T12:56:03.112+0300] {dag.py:4180} INFO - Setting next_dagrun for example_subdag_operator.section-1 to None, run_after=None
[2025-09-23T12:56:03.112+0300] {logging_mixin.py:190} INFO - [2025-09-23T12:56:03.112+0300] {dag.py:4180} INFO - Setting next_dagrun for example_subdag_operator.section-2 to None, run_after=None
[2025-09-23T12:56:03.114+0300] {logging_mixin.py:190} INFO - [2025-09-23T12:56:03.114+0300] {dag.py:3239} INFO - Sync 2 DAGs
[2025-09-23T12:56:03.115+0300] {logging_mixin.py:190} INFO - [2025-09-23T12:56:03.115+0300] {dag.py:4180} INFO - Setting next_dagrun for example_subdag_operator.section-1 to None, run_after=None
[2025-09-23T12:56:03.115+0300] {logging_mixin.py:190} INFO - [2025-09-23T12:56:03.115+0300] {dag.py:4180} INFO - Setting next_dagrun for example_subdag_operator.section-2 to None, run_after=None
[2025-09-23T12:56:03.119+0300] {processor.py:208} INFO - Processing /Library/Frameworks/Python.framework/Versions/3.10/lib/python3.10/site-packages/airflow/example_dags/example_subdag_operator.py took 0.428 seconds
[2025-09-23T12:57:20.214+0300] {processor.py:186} INFO - Started process (PID=70319) to work on /Library/Frameworks/Python.framework/Versions/3.10/lib/python3.10/site-packages/airflow/example_dags/example_subdag_operator.py
[2025-09-23T12:57:20.214+0300] {processor.py:914} INFO - Processing file /Library/Frameworks/Python.framework/Versions/3.10/lib/python3.10/site-packages/airflow/example_dags/example_subdag_operator.py for tasks to queue
[2025-09-23T12:57:20.215+0300] {logging_mixin.py:190} INFO - [2025-09-23T12:57:20.215+0300] {dagbag.py:588} INFO - Filling up the DagBag from /Library/Frameworks/Python.framework/Versions/3.10/lib/python3.10/site-packages/airflow/example_dags/example_subdag_operator.py
[2025-09-23T12:57:20.272+0300] {logging_mixin.py:190} WARNING - /Library/Frameworks/Python.framework/Versions/3.10/lib/python3.10/site-packages/cron_descriptor/ExpressionDescriptor.py:69 UserWarning: No system locale set. Falling back to 'en_US'. Set LANG/LC_ALL or pass locale_code to override.
[2025-09-23T12:57:20.273+0300] {processor.py:925} INFO - DAG(s) 'example_subdag_operator.section-1', 'example_subdag_operator.section-2', 'example_subdag_operator' retrieved from /Library/Frameworks/Python.framework/Versions/3.10/lib/python3.10/site-packages/airflow/example_dags/example_subdag_operator.py
[2025-09-23T12:57:20.604+0300] {logging_mixin.py:190} INFO - [2025-09-23T12:57:20.604+0300] {dag.py:3239} INFO - Sync 3 DAGs
[2025-09-23T12:57:20.610+0300] {logging_mixin.py:190} INFO - [2025-09-23T12:57:20.610+0300] {dag.py:4180} INFO - Setting next_dagrun for example_subdag_operator to 2022-01-01 00:00:00+00:00, run_after=2022-01-01 00:00:00+00:00
[2025-09-23T12:57:20.611+0300] {logging_mixin.py:190} INFO - [2025-09-23T12:57:20.611+0300] {dag.py:4180} INFO - Setting next_dagrun for example_subdag_operator.section-1 to None, run_after=None
[2025-09-23T12:57:20.611+0300] {logging_mixin.py:190} INFO - [2025-09-23T12:57:20.611+0300] {dag.py:4180} INFO - Setting next_dagrun for example_subdag_operator.section-2 to None, run_after=None
[2025-09-23T12:57:20.613+0300] {logging_mixin.py:190} INFO - [2025-09-23T12:57:20.613+0300] {dag.py:3239} INFO - Sync 2 DAGs
[2025-09-23T12:57:20.615+0300] {logging_mixin.py:190} INFO - [2025-09-23T12:57:20.614+0300] {dag.py:4180} INFO - Setting next_dagrun for example_subdag_operator.section-1 to None, run_after=None
[2025-09-23T12:57:20.615+0300] {logging_mixin.py:190} INFO - [2025-09-23T12:57:20.615+0300] {dag.py:4180} INFO - Setting next_dagrun for example_subdag_operator.section-2 to None, run_after=None
[2025-09-23T12:57:20.618+0300] {processor.py:208} INFO - Processing /Library/Frameworks/Python.framework/Versions/3.10/lib/python3.10/site-packages/airflow/example_dags/example_subdag_operator.py took 0.406 seconds
[2025-09-23T12:58:34.287+0300] {processor.py:186} INFO - Started process (PID=70744) to work on /Library/Frameworks/Python.framework/Versions/3.10/lib/python3.10/site-packages/airflow/example_dags/example_subdag_operator.py
[2025-09-23T12:58:34.288+0300] {processor.py:914} INFO - Processing file /Library/Frameworks/Python.framework/Versions/3.10/lib/python3.10/site-packages/airflow/example_dags/example_subdag_operator.py for tasks to queue
[2025-09-23T12:58:34.288+0300] {logging_mixin.py:190} INFO - [2025-09-23T12:58:34.288+0300] {dagbag.py:588} INFO - Filling up the DagBag from /Library/Frameworks/Python.framework/Versions/3.10/lib/python3.10/site-packages/airflow/example_dags/example_subdag_operator.py
[2025-09-23T12:58:34.344+0300] {logging_mixin.py:190} WARNING - /Library/Frameworks/Python.framework/Versions/3.10/lib/python3.10/site-packages/cron_descriptor/ExpressionDescriptor.py:69 UserWarning: No system locale set. Falling back to 'en_US'. Set LANG/LC_ALL or pass locale_code to override.
[2025-09-23T12:58:34.344+0300] {processor.py:925} INFO - DAG(s) 'example_subdag_operator.section-1', 'example_subdag_operator.section-2', 'example_subdag_operator' retrieved from /Library/Frameworks/Python.framework/Versions/3.10/lib/python3.10/site-packages/airflow/example_dags/example_subdag_operator.py
[2025-09-23T12:58:34.629+0300] {logging_mixin.py:190} INFO - [2025-09-23T12:58:34.628+0300] {dag.py:3239} INFO - Sync 3 DAGs
[2025-09-23T12:58:34.635+0300] {logging_mixin.py:190} INFO - [2025-09-23T12:58:34.635+0300] {dag.py:4180} INFO - Setting next_dagrun for example_subdag_operator to 2022-01-01 00:00:00+00:00, run_after=2022-01-01 00:00:00+00:00
[2025-09-23T12:58:34.636+0300] {logging_mixin.py:190} INFO - [2025-09-23T12:58:34.636+0300] {dag.py:4180} INFO - Setting next_dagrun for example_subdag_operator.section-1 to None, run_after=None
[2025-09-23T12:58:34.636+0300] {logging_mixin.py:190} INFO - [2025-09-23T12:58:34.636+0300] {dag.py:4180} INFO - Setting next_dagrun for example_subdag_operator.section-2 to None, run_after=None
[2025-09-23T12:58:34.638+0300] {logging_mixin.py:190} INFO - [2025-09-23T12:58:34.638+0300] {dag.py:3239} INFO - Sync 2 DAGs
[2025-09-23T12:58:34.639+0300] {logging_mixin.py:190} INFO - [2025-09-23T12:58:34.639+0300] {dag.py:4180} INFO - Setting next_dagrun for example_subdag_operator.section-1 to None, run_after=None
[2025-09-23T12:58:34.639+0300] {logging_mixin.py:190} INFO - [2025-09-23T12:58:34.639+0300] {dag.py:4180} INFO - Setting next_dagrun for example_subdag_operator.section-2 to None, run_after=None
[2025-09-23T12:58:34.643+0300] {processor.py:208} INFO - Processing /Library/Frameworks/Python.framework/Versions/3.10/lib/python3.10/site-packages/airflow/example_dags/example_subdag_operator.py took 0.358 seconds
[2025-09-23T12:59:47.057+0300] {processor.py:186} INFO - Started process (PID=71189) to work on /Library/Frameworks/Python.framework/Versions/3.10/lib/python3.10/site-packages/airflow/example_dags/example_subdag_operator.py
[2025-09-23T12:59:47.059+0300] {processor.py:914} INFO - Processing file /Library/Frameworks/Python.framework/Versions/3.10/lib/python3.10/site-packages/airflow/example_dags/example_subdag_operator.py for tasks to queue
[2025-09-23T12:59:47.059+0300] {logging_mixin.py:190} INFO - [2025-09-23T12:59:47.059+0300] {dagbag.py:588} INFO - Filling up the DagBag from /Library/Frameworks/Python.framework/Versions/3.10/lib/python3.10/site-packages/airflow/example_dags/example_subdag_operator.py
[2025-09-23T12:59:47.115+0300] {logging_mixin.py:190} WARNING - /Library/Frameworks/Python.framework/Versions/3.10/lib/python3.10/site-packages/cron_descriptor/ExpressionDescriptor.py:69 UserWarning: No system locale set. Falling back to 'en_US'. Set LANG/LC_ALL or pass locale_code to override.
[2025-09-23T12:59:47.115+0300] {processor.py:925} INFO - DAG(s) 'example_subdag_operator.section-1', 'example_subdag_operator.section-2', 'example_subdag_operator' retrieved from /Library/Frameworks/Python.framework/Versions/3.10/lib/python3.10/site-packages/airflow/example_dags/example_subdag_operator.py
[2025-09-23T12:59:47.404+0300] {logging_mixin.py:190} INFO - [2025-09-23T12:59:47.404+0300] {dag.py:3239} INFO - Sync 3 DAGs
[2025-09-23T12:59:47.410+0300] {logging_mixin.py:190} INFO - [2025-09-23T12:59:47.410+0300] {dag.py:4180} INFO - Setting next_dagrun for example_subdag_operator to 2022-01-01 00:00:00+00:00, run_after=2022-01-01 00:00:00+00:00
[2025-09-23T12:59:47.411+0300] {logging_mixin.py:190} INFO - [2025-09-23T12:59:47.411+0300] {dag.py:4180} INFO - Setting next_dagrun for example_subdag_operator.section-1 to None, run_after=None
[2025-09-23T12:59:47.411+0300] {logging_mixin.py:190} INFO - [2025-09-23T12:59:47.411+0300] {dag.py:4180} INFO - Setting next_dagrun for example_subdag_operator.section-2 to None, run_after=None
[2025-09-23T12:59:47.413+0300] {logging_mixin.py:190} INFO - [2025-09-23T12:59:47.413+0300] {dag.py:3239} INFO - Sync 2 DAGs
[2025-09-23T12:59:47.415+0300] {logging_mixin.py:190} INFO - [2025-09-23T12:59:47.415+0300] {dag.py:4180} INFO - Setting next_dagrun for example_subdag_operator.section-1 to None, run_after=None
[2025-09-23T12:59:47.415+0300] {logging_mixin.py:190} INFO - [2025-09-23T12:59:47.415+0300] {dag.py:4180} INFO - Setting next_dagrun for example_subdag_operator.section-2 to None, run_after=None
[2025-09-23T12:59:47.420+0300] {processor.py:208} INFO - Processing /Library/Frameworks/Python.framework/Versions/3.10/lib/python3.10/site-packages/airflow/example_dags/example_subdag_operator.py took 0.363 seconds
[2025-09-23T14:47:55.669+0300] {processor.py:186} INFO - Started process (PID=81573) to work on /Library/Frameworks/Python.framework/Versions/3.10/lib/python3.10/site-packages/airflow/example_dags/example_subdag_operator.py
[2025-09-23T14:47:55.671+0300] {processor.py:914} INFO - Processing file /Library/Frameworks/Python.framework/Versions/3.10/lib/python3.10/site-packages/airflow/example_dags/example_subdag_operator.py for tasks to queue
[2025-09-23T14:47:55.671+0300] {logging_mixin.py:190} INFO - [2025-09-23T14:47:55.671+0300] {dagbag.py:588} INFO - Filling up the DagBag from /Library/Frameworks/Python.framework/Versions/3.10/lib/python3.10/site-packages/airflow/example_dags/example_subdag_operator.py
[2025-09-23T14:47:55.720+0300] {logging_mixin.py:190} WARNING - /Library/Frameworks/Python.framework/Versions/3.10/lib/python3.10/site-packages/cron_descriptor/ExpressionDescriptor.py:69 UserWarning: No system locale set. Falling back to 'en_US'. Set LANG/LC_ALL or pass locale_code to override.
[2025-09-23T14:47:55.720+0300] {processor.py:925} INFO - DAG(s) 'example_subdag_operator.section-1', 'example_subdag_operator.section-2', 'example_subdag_operator' retrieved from /Library/Frameworks/Python.framework/Versions/3.10/lib/python3.10/site-packages/airflow/example_dags/example_subdag_operator.py
[2025-09-23T14:47:56.009+0300] {logging_mixin.py:190} INFO - [2025-09-23T14:47:56.008+0300] {dag.py:3239} INFO - Sync 3 DAGs
[2025-09-23T14:47:56.015+0300] {logging_mixin.py:190} INFO - [2025-09-23T14:47:56.015+0300] {dag.py:4180} INFO - Setting next_dagrun for example_subdag_operator to 2022-01-01 00:00:00+00:00, run_after=2022-01-01 00:00:00+00:00
[2025-09-23T14:47:56.016+0300] {logging_mixin.py:190} INFO - [2025-09-23T14:47:56.016+0300] {dag.py:4180} INFO - Setting next_dagrun for example_subdag_operator.section-1 to None, run_after=None
[2025-09-23T14:47:56.016+0300] {logging_mixin.py:190} INFO - [2025-09-23T14:47:56.016+0300] {dag.py:4180} INFO - Setting next_dagrun for example_subdag_operator.section-2 to None, run_after=None
[2025-09-23T14:47:56.019+0300] {logging_mixin.py:190} INFO - [2025-09-23T14:47:56.018+0300] {dag.py:3239} INFO - Sync 2 DAGs
[2025-09-23T14:47:56.020+0300] {logging_mixin.py:190} INFO - [2025-09-23T14:47:56.020+0300] {dag.py:4180} INFO - Setting next_dagrun for example_subdag_operator.section-1 to None, run_after=None
[2025-09-23T14:47:56.020+0300] {logging_mixin.py:190} INFO - [2025-09-23T14:47:56.020+0300] {dag.py:4180} INFO - Setting next_dagrun for example_subdag_operator.section-2 to None, run_after=None
[2025-09-23T14:47:56.024+0300] {processor.py:208} INFO - Processing /Library/Frameworks/Python.framework/Versions/3.10/lib/python3.10/site-packages/airflow/example_dags/example_subdag_operator.py took 0.356 seconds
[2025-09-23T14:49:37.021+0300] {processor.py:186} INFO - Started process (PID=82173) to work on /Library/Frameworks/Python.framework/Versions/3.10/lib/python3.10/site-packages/airflow/example_dags/example_subdag_operator.py
[2025-09-23T14:49:37.021+0300] {processor.py:914} INFO - Processing file /Library/Frameworks/Python.framework/Versions/3.10/lib/python3.10/site-packages/airflow/example_dags/example_subdag_operator.py for tasks to queue
[2025-09-23T14:49:37.022+0300] {logging_mixin.py:190} INFO - [2025-09-23T14:49:37.022+0300] {dagbag.py:588} INFO - Filling up the DagBag from /Library/Frameworks/Python.framework/Versions/3.10/lib/python3.10/site-packages/airflow/example_dags/example_subdag_operator.py
[2025-09-23T14:49:37.079+0300] {logging_mixin.py:190} WARNING - /Library/Frameworks/Python.framework/Versions/3.10/lib/python3.10/site-packages/cron_descriptor/ExpressionDescriptor.py:69 UserWarning: No system locale set. Falling back to 'en_US'. Set LANG/LC_ALL or pass locale_code to override.
[2025-09-23T14:49:37.079+0300] {processor.py:925} INFO - DAG(s) 'example_subdag_operator.section-1', 'example_subdag_operator.section-2', 'example_subdag_operator' retrieved from /Library/Frameworks/Python.framework/Versions/3.10/lib/python3.10/site-packages/airflow/example_dags/example_subdag_operator.py
[2025-09-23T14:49:37.404+0300] {logging_mixin.py:190} INFO - [2025-09-23T14:49:37.403+0300] {dag.py:3239} INFO - Sync 3 DAGs
[2025-09-23T14:49:37.410+0300] {logging_mixin.py:190} INFO - [2025-09-23T14:49:37.410+0300] {dag.py:4180} INFO - Setting next_dagrun for example_subdag_operator to 2022-01-01 00:00:00+00:00, run_after=2022-01-01 00:00:00+00:00
[2025-09-23T14:49:37.411+0300] {logging_mixin.py:190} INFO - [2025-09-23T14:49:37.411+0300] {dag.py:4180} INFO - Setting next_dagrun for example_subdag_operator.section-1 to None, run_after=None
[2025-09-23T14:49:37.412+0300] {logging_mixin.py:190} INFO - [2025-09-23T14:49:37.412+0300] {dag.py:4180} INFO - Setting next_dagrun for example_subdag_operator.section-2 to None, run_after=None
[2025-09-23T14:49:37.414+0300] {logging_mixin.py:190} INFO - [2025-09-23T14:49:37.414+0300] {dag.py:3239} INFO - Sync 2 DAGs
[2025-09-23T14:49:37.415+0300] {logging_mixin.py:190} INFO - [2025-09-23T14:49:37.415+0300] {dag.py:4180} INFO - Setting next_dagrun for example_subdag_operator.section-1 to None, run_after=None
[2025-09-23T14:49:37.415+0300] {logging_mixin.py:190} INFO - [2025-09-23T14:49:37.415+0300] {dag.py:4180} INFO - Setting next_dagrun for example_subdag_operator.section-2 to None, run_after=None
[2025-09-23T14:49:37.419+0300] {processor.py:208} INFO - Processing /Library/Frameworks/Python.framework/Versions/3.10/lib/python3.10/site-packages/airflow/example_dags/example_subdag_operator.py took 0.400 seconds
[2025-09-23T14:50:48.491+0300] {processor.py:186} INFO - Started process (PID=82576) to work on /Library/Frameworks/Python.framework/Versions/3.10/lib/python3.10/site-packages/airflow/example_dags/example_subdag_operator.py
[2025-09-23T14:50:48.491+0300] {processor.py:914} INFO - Processing file /Library/Frameworks/Python.framework/Versions/3.10/lib/python3.10/site-packages/airflow/example_dags/example_subdag_operator.py for tasks to queue
[2025-09-23T14:50:48.492+0300] {logging_mixin.py:190} INFO - [2025-09-23T14:50:48.492+0300] {dagbag.py:588} INFO - Filling up the DagBag from /Library/Frameworks/Python.framework/Versions/3.10/lib/python3.10/site-packages/airflow/example_dags/example_subdag_operator.py
[2025-09-23T14:50:48.550+0300] {logging_mixin.py:190} WARNING - /Library/Frameworks/Python.framework/Versions/3.10/lib/python3.10/site-packages/cron_descriptor/ExpressionDescriptor.py:69 UserWarning: No system locale set. Falling back to 'en_US'. Set LANG/LC_ALL or pass locale_code to override.
[2025-09-23T14:50:48.550+0300] {processor.py:925} INFO - DAG(s) 'example_subdag_operator.section-1', 'example_subdag_operator.section-2', 'example_subdag_operator' retrieved from /Library/Frameworks/Python.framework/Versions/3.10/lib/python3.10/site-packages/airflow/example_dags/example_subdag_operator.py
[2025-09-23T14:50:48.893+0300] {logging_mixin.py:190} INFO - [2025-09-23T14:50:48.892+0300] {dag.py:3239} INFO - Sync 3 DAGs
[2025-09-23T14:50:48.899+0300] {logging_mixin.py:190} INFO - [2025-09-23T14:50:48.899+0300] {dag.py:4180} INFO - Setting next_dagrun for example_subdag_operator to 2022-01-01 00:00:00+00:00, run_after=2022-01-01 00:00:00+00:00
[2025-09-23T14:50:48.900+0300] {logging_mixin.py:190} INFO - [2025-09-23T14:50:48.900+0300] {dag.py:4180} INFO - Setting next_dagrun for example_subdag_operator.section-1 to None, run_after=None
[2025-09-23T14:50:48.900+0300] {logging_mixin.py:190} INFO - [2025-09-23T14:50:48.900+0300] {dag.py:4180} INFO - Setting next_dagrun for example_subdag_operator.section-2 to None, run_after=None
[2025-09-23T14:50:48.902+0300] {logging_mixin.py:190} INFO - [2025-09-23T14:50:48.902+0300] {dag.py:3239} INFO - Sync 2 DAGs
[2025-09-23T14:50:48.903+0300] {logging_mixin.py:190} INFO - [2025-09-23T14:50:48.903+0300] {dag.py:4180} INFO - Setting next_dagrun for example_subdag_operator.section-1 to None, run_after=None
[2025-09-23T14:50:48.904+0300] {logging_mixin.py:190} INFO - [2025-09-23T14:50:48.903+0300] {dag.py:4180} INFO - Setting next_dagrun for example_subdag_operator.section-2 to None, run_after=None
[2025-09-23T14:50:48.907+0300] {processor.py:208} INFO - Processing /Library/Frameworks/Python.framework/Versions/3.10/lib/python3.10/site-packages/airflow/example_dags/example_subdag_operator.py took 0.418 seconds
[2025-09-23T14:52:02.726+0300] {processor.py:186} INFO - Started process (PID=83043) to work on /Library/Frameworks/Python.framework/Versions/3.10/lib/python3.10/site-packages/airflow/example_dags/example_subdag_operator.py
[2025-09-23T14:52:02.726+0300] {processor.py:914} INFO - Processing file /Library/Frameworks/Python.framework/Versions/3.10/lib/python3.10/site-packages/airflow/example_dags/example_subdag_operator.py for tasks to queue
[2025-09-23T14:52:02.727+0300] {logging_mixin.py:190} INFO - [2025-09-23T14:52:02.727+0300] {dagbag.py:588} INFO - Filling up the DagBag from /Library/Frameworks/Python.framework/Versions/3.10/lib/python3.10/site-packages/airflow/example_dags/example_subdag_operator.py
[2025-09-23T14:52:02.784+0300] {logging_mixin.py:190} WARNING - /Library/Frameworks/Python.framework/Versions/3.10/lib/python3.10/site-packages/cron_descriptor/ExpressionDescriptor.py:69 UserWarning: No system locale set. Falling back to 'en_US'. Set LANG/LC_ALL or pass locale_code to override.
[2025-09-23T14:52:02.784+0300] {processor.py:925} INFO - DAG(s) 'example_subdag_operator.section-1', 'example_subdag_operator.section-2', 'example_subdag_operator' retrieved from /Library/Frameworks/Python.framework/Versions/3.10/lib/python3.10/site-packages/airflow/example_dags/example_subdag_operator.py
[2025-09-23T14:52:03.136+0300] {logging_mixin.py:190} INFO - [2025-09-23T14:52:03.136+0300] {dag.py:3239} INFO - Sync 3 DAGs
[2025-09-23T14:52:03.142+0300] {logging_mixin.py:190} INFO - [2025-09-23T14:52:03.142+0300] {dag.py:4180} INFO - Setting next_dagrun for example_subdag_operator to 2022-01-01 00:00:00+00:00, run_after=2022-01-01 00:00:00+00:00
[2025-09-23T14:52:03.143+0300] {logging_mixin.py:190} INFO - [2025-09-23T14:52:03.143+0300] {dag.py:4180} INFO - Setting next_dagrun for example_subdag_operator.section-1 to None, run_after=None
[2025-09-23T14:52:03.143+0300] {logging_mixin.py:190} INFO - [2025-09-23T14:52:03.143+0300] {dag.py:4180} INFO - Setting next_dagrun for example_subdag_operator.section-2 to None, run_after=None
[2025-09-23T14:52:03.145+0300] {logging_mixin.py:190} INFO - [2025-09-23T14:52:03.145+0300] {dag.py:3239} INFO - Sync 2 DAGs
[2025-09-23T14:52:03.146+0300] {logging_mixin.py:190} INFO - [2025-09-23T14:52:03.146+0300] {dag.py:4180} INFO - Setting next_dagrun for example_subdag_operator.section-1 to None, run_after=None
[2025-09-23T14:52:03.146+0300] {logging_mixin.py:190} INFO - [2025-09-23T14:52:03.146+0300] {dag.py:4180} INFO - Setting next_dagrun for example_subdag_operator.section-2 to None, run_after=None
[2025-09-23T14:52:03.150+0300] {processor.py:208} INFO - Processing /Library/Frameworks/Python.framework/Versions/3.10/lib/python3.10/site-packages/airflow/example_dags/example_subdag_operator.py took 0.425 seconds
[2025-09-23T14:53:14.559+0300] {processor.py:186} INFO - Started process (PID=83454) to work on /Library/Frameworks/Python.framework/Versions/3.10/lib/python3.10/site-packages/airflow/example_dags/example_subdag_operator.py
[2025-09-23T14:53:14.560+0300] {processor.py:914} INFO - Processing file /Library/Frameworks/Python.framework/Versions/3.10/lib/python3.10/site-packages/airflow/example_dags/example_subdag_operator.py for tasks to queue
[2025-09-23T14:53:14.561+0300] {logging_mixin.py:190} INFO - [2025-09-23T14:53:14.561+0300] {dagbag.py:588} INFO - Filling up the DagBag from /Library/Frameworks/Python.framework/Versions/3.10/lib/python3.10/site-packages/airflow/example_dags/example_subdag_operator.py
[2025-09-23T14:53:14.616+0300] {logging_mixin.py:190} WARNING - /Library/Frameworks/Python.framework/Versions/3.10/lib/python3.10/site-packages/cron_descriptor/ExpressionDescriptor.py:69 UserWarning: No system locale set. Falling back to 'en_US'. Set LANG/LC_ALL or pass locale_code to override.
[2025-09-23T14:53:14.616+0300] {processor.py:925} INFO - DAG(s) 'example_subdag_operator.section-1', 'example_subdag_operator.section-2', 'example_subdag_operator' retrieved from /Library/Frameworks/Python.framework/Versions/3.10/lib/python3.10/site-packages/airflow/example_dags/example_subdag_operator.py
[2025-09-23T14:53:14.907+0300] {logging_mixin.py:190} INFO - [2025-09-23T14:53:14.907+0300] {dag.py:3239} INFO - Sync 3 DAGs
[2025-09-23T14:53:14.913+0300] {logging_mixin.py:190} INFO - [2025-09-23T14:53:14.913+0300] {dag.py:4180} INFO - Setting next_dagrun for example_subdag_operator to 2022-01-01 00:00:00+00:00, run_after=2022-01-01 00:00:00+00:00
[2025-09-23T14:53:14.914+0300] {logging_mixin.py:190} INFO - [2025-09-23T14:53:14.914+0300] {dag.py:4180} INFO - Setting next_dagrun for example_subdag_operator.section-1 to None, run_after=None
[2025-09-23T14:53:14.915+0300] {logging_mixin.py:190} INFO - [2025-09-23T14:53:14.915+0300] {dag.py:4180} INFO - Setting next_dagrun for example_subdag_operator.section-2 to None, run_after=None
[2025-09-23T14:53:14.917+0300] {logging_mixin.py:190} INFO - [2025-09-23T14:53:14.917+0300] {dag.py:3239} INFO - Sync 2 DAGs
[2025-09-23T14:53:14.918+0300] {logging_mixin.py:190} INFO - [2025-09-23T14:53:14.918+0300] {dag.py:4180} INFO - Setting next_dagrun for example_subdag_operator.section-1 to None, run_after=None
[2025-09-23T14:53:14.918+0300] {logging_mixin.py:190} INFO - [2025-09-23T14:53:14.918+0300] {dag.py:4180} INFO - Setting next_dagrun for example_subdag_operator.section-2 to None, run_after=None
[2025-09-23T14:53:14.922+0300] {processor.py:208} INFO - Processing /Library/Frameworks/Python.framework/Versions/3.10/lib/python3.10/site-packages/airflow/example_dags/example_subdag_operator.py took 0.364 seconds
[2025-09-23T14:55:14.921+0300] {processor.py:186} INFO - Started process (PID=84336) to work on /Library/Frameworks/Python.framework/Versions/3.10/lib/python3.10/site-packages/airflow/example_dags/example_subdag_operator.py
[2025-09-23T14:55:14.921+0300] {processor.py:914} INFO - Processing file /Library/Frameworks/Python.framework/Versions/3.10/lib/python3.10/site-packages/airflow/example_dags/example_subdag_operator.py for tasks to queue
[2025-09-23T14:55:14.922+0300] {logging_mixin.py:190} INFO - [2025-09-23T14:55:14.922+0300] {dagbag.py:588} INFO - Filling up the DagBag from /Library/Frameworks/Python.framework/Versions/3.10/lib/python3.10/site-packages/airflow/example_dags/example_subdag_operator.py
[2025-09-23T14:55:14.979+0300] {logging_mixin.py:190} WARNING - /Library/Frameworks/Python.framework/Versions/3.10/lib/python3.10/site-packages/cron_descriptor/ExpressionDescriptor.py:69 UserWarning: No system locale set. Falling back to 'en_US'. Set LANG/LC_ALL or pass locale_code to override.
[2025-09-23T14:55:14.980+0300] {processor.py:925} INFO - DAG(s) 'example_subdag_operator.section-1', 'example_subdag_operator.section-2', 'example_subdag_operator' retrieved from /Library/Frameworks/Python.framework/Versions/3.10/lib/python3.10/site-packages/airflow/example_dags/example_subdag_operator.py
[2025-09-23T14:55:15.417+0300] {logging_mixin.py:190} INFO - [2025-09-23T14:55:15.417+0300] {dag.py:3239} INFO - Sync 3 DAGs
[2025-09-23T14:55:15.424+0300] {logging_mixin.py:190} INFO - [2025-09-23T14:55:15.424+0300] {dag.py:4180} INFO - Setting next_dagrun for example_subdag_operator to 2022-01-01 00:00:00+00:00, run_after=2022-01-01 00:00:00+00:00
[2025-09-23T14:55:15.425+0300] {logging_mixin.py:190} INFO - [2025-09-23T14:55:15.425+0300] {dag.py:4180} INFO - Setting next_dagrun for example_subdag_operator.section-1 to None, run_after=None
[2025-09-23T14:55:15.425+0300] {logging_mixin.py:190} INFO - [2025-09-23T14:55:15.425+0300] {dag.py:4180} INFO - Setting next_dagrun for example_subdag_operator.section-2 to None, run_after=None
[2025-09-23T14:55:15.427+0300] {logging_mixin.py:190} INFO - [2025-09-23T14:55:15.427+0300] {dag.py:3239} INFO - Sync 2 DAGs
[2025-09-23T14:55:15.428+0300] {logging_mixin.py:190} INFO - [2025-09-23T14:55:15.428+0300] {dag.py:4180} INFO - Setting next_dagrun for example_subdag_operator.section-1 to None, run_after=None
[2025-09-23T14:55:15.428+0300] {logging_mixin.py:190} INFO - [2025-09-23T14:55:15.428+0300] {dag.py:4180} INFO - Setting next_dagrun for example_subdag_operator.section-2 to None, run_after=None
[2025-09-23T14:55:15.432+0300] {processor.py:208} INFO - Processing /Library/Frameworks/Python.framework/Versions/3.10/lib/python3.10/site-packages/airflow/example_dags/example_subdag_operator.py took 0.513 seconds
[2025-09-23T14:56:29.169+0300] {processor.py:186} INFO - Started process (PID=84808) to work on /Library/Frameworks/Python.framework/Versions/3.10/lib/python3.10/site-packages/airflow/example_dags/example_subdag_operator.py
[2025-09-23T14:56:29.170+0300] {processor.py:914} INFO - Processing file /Library/Frameworks/Python.framework/Versions/3.10/lib/python3.10/site-packages/airflow/example_dags/example_subdag_operator.py for tasks to queue
[2025-09-23T14:56:29.171+0300] {logging_mixin.py:190} INFO - [2025-09-23T14:56:29.170+0300] {dagbag.py:588} INFO - Filling up the DagBag from /Library/Frameworks/Python.framework/Versions/3.10/lib/python3.10/site-packages/airflow/example_dags/example_subdag_operator.py
[2025-09-23T14:56:29.227+0300] {logging_mixin.py:190} WARNING - /Library/Frameworks/Python.framework/Versions/3.10/lib/python3.10/site-packages/cron_descriptor/ExpressionDescriptor.py:69 UserWarning: No system locale set. Falling back to 'en_US'. Set LANG/LC_ALL or pass locale_code to override.
[2025-09-23T14:56:29.227+0300] {processor.py:925} INFO - DAG(s) 'example_subdag_operator.section-1', 'example_subdag_operator.section-2', 'example_subdag_operator' retrieved from /Library/Frameworks/Python.framework/Versions/3.10/lib/python3.10/site-packages/airflow/example_dags/example_subdag_operator.py
[2025-09-23T14:56:29.565+0300] {logging_mixin.py:190} INFO - [2025-09-23T14:56:29.565+0300] {dag.py:3239} INFO - Sync 3 DAGs
[2025-09-23T14:56:29.571+0300] {logging_mixin.py:190} INFO - [2025-09-23T14:56:29.571+0300] {dag.py:4180} INFO - Setting next_dagrun for example_subdag_operator to 2022-01-01 00:00:00+00:00, run_after=2022-01-01 00:00:00+00:00
[2025-09-23T14:56:29.572+0300] {logging_mixin.py:190} INFO - [2025-09-23T14:56:29.572+0300] {dag.py:4180} INFO - Setting next_dagrun for example_subdag_operator.section-1 to None, run_after=None
[2025-09-23T14:56:29.572+0300] {logging_mixin.py:190} INFO - [2025-09-23T14:56:29.572+0300] {dag.py:4180} INFO - Setting next_dagrun for example_subdag_operator.section-2 to None, run_after=None
[2025-09-23T14:56:29.574+0300] {logging_mixin.py:190} INFO - [2025-09-23T14:56:29.574+0300] {dag.py:3239} INFO - Sync 2 DAGs
[2025-09-23T14:56:29.575+0300] {logging_mixin.py:190} INFO - [2025-09-23T14:56:29.575+0300] {dag.py:4180} INFO - Setting next_dagrun for example_subdag_operator.section-1 to None, run_after=None
[2025-09-23T14:56:29.575+0300] {logging_mixin.py:190} INFO - [2025-09-23T14:56:29.575+0300] {dag.py:4180} INFO - Setting next_dagrun for example_subdag_operator.section-2 to None, run_after=None
[2025-09-23T14:56:29.579+0300] {processor.py:208} INFO - Processing /Library/Frameworks/Python.framework/Versions/3.10/lib/python3.10/site-packages/airflow/example_dags/example_subdag_operator.py took 0.412 seconds
