[2025-09-23T12:54:17.716+0300] {processor.py:186} INFO - Started process (PID=69269) to work on /Library/Frameworks/Python.framework/Versions/3.10/lib/python3.10/site-packages/airflow/example_dags/example_task_group.py
[2025-09-23T12:54:17.716+0300] {processor.py:914} INFO - Processing file /Library/Frameworks/Python.framework/Versions/3.10/lib/python3.10/site-packages/airflow/example_dags/example_task_group.py for tasks to queue
[2025-09-23T12:54:17.717+0300] {logging_mixin.py:190} INFO - [2025-09-23T12:54:17.717+0300] {dagbag.py:588} INFO - Filling up the DagBag from /Library/Frameworks/Python.framework/Versions/3.10/lib/python3.10/site-packages/airflow/example_dags/example_task_group.py
[2025-09-23T12:54:17.720+0300] {processor.py:925} INFO - DAG(s) 'example_task_group' retrieved from /Library/Frameworks/Python.framework/Versions/3.10/lib/python3.10/site-packages/airflow/example_dags/example_task_group.py
[2025-09-23T12:54:17.755+0300] {logging_mixin.py:190} INFO - [2025-09-23T12:54:17.755+0300] {dag.py:3239} INFO - Sync 1 DAGs
[2025-09-23T12:54:17.760+0300] {logging_mixin.py:190} INFO - [2025-09-23T12:54:17.759+0300] {dag.py:4180} INFO - Setting next_dagrun for example_task_group to None, run_after=None
[2025-09-23T12:54:17.767+0300] {processor.py:208} INFO - Processing /Library/Frameworks/Python.framework/Versions/3.10/lib/python3.10/site-packages/airflow/example_dags/example_task_group.py took 0.052 seconds
[2025-09-23T12:56:00.775+0300] {processor.py:186} INFO - Started process (PID=69841) to work on /Library/Frameworks/Python.framework/Versions/3.10/lib/python3.10/site-packages/airflow/example_dags/example_task_group.py
[2025-09-23T12:56:00.776+0300] {processor.py:914} INFO - Processing file /Library/Frameworks/Python.framework/Versions/3.10/lib/python3.10/site-packages/airflow/example_dags/example_task_group.py for tasks to queue
[2025-09-23T12:56:00.776+0300] {logging_mixin.py:190} INFO - [2025-09-23T12:56:00.776+0300] {dagbag.py:588} INFO - Filling up the DagBag from /Library/Frameworks/Python.framework/Versions/3.10/lib/python3.10/site-packages/airflow/example_dags/example_task_group.py
[2025-09-23T12:56:00.779+0300] {processor.py:925} INFO - DAG(s) 'example_task_group' retrieved from /Library/Frameworks/Python.framework/Versions/3.10/lib/python3.10/site-packages/airflow/example_dags/example_task_group.py
[2025-09-23T12:56:00.817+0300] {logging_mixin.py:190} INFO - [2025-09-23T12:56:00.817+0300] {dag.py:3239} INFO - Sync 1 DAGs
[2025-09-23T12:56:00.821+0300] {logging_mixin.py:190} INFO - [2025-09-23T12:56:00.820+0300] {dag.py:4180} INFO - Setting next_dagrun for example_task_group to None, run_after=None
[2025-09-23T12:56:00.827+0300] {processor.py:208} INFO - Processing /Library/Frameworks/Python.framework/Versions/3.10/lib/python3.10/site-packages/airflow/example_dags/example_task_group.py took 0.053 seconds
[2025-09-23T12:57:18.269+0300] {processor.py:186} INFO - Started process (PID=70308) to work on /Library/Frameworks/Python.framework/Versions/3.10/lib/python3.10/site-packages/airflow/example_dags/example_task_group.py
[2025-09-23T12:57:18.270+0300] {processor.py:914} INFO - Processing file /Library/Frameworks/Python.framework/Versions/3.10/lib/python3.10/site-packages/airflow/example_dags/example_task_group.py for tasks to queue
[2025-09-23T12:57:18.271+0300] {logging_mixin.py:190} INFO - [2025-09-23T12:57:18.270+0300] {dagbag.py:588} INFO - Filling up the DagBag from /Library/Frameworks/Python.framework/Versions/3.10/lib/python3.10/site-packages/airflow/example_dags/example_task_group.py
[2025-09-23T12:57:18.274+0300] {processor.py:925} INFO - DAG(s) 'example_task_group' retrieved from /Library/Frameworks/Python.framework/Versions/3.10/lib/python3.10/site-packages/airflow/example_dags/example_task_group.py
[2025-09-23T12:57:18.314+0300] {logging_mixin.py:190} INFO - [2025-09-23T12:57:18.314+0300] {dag.py:3239} INFO - Sync 1 DAGs
[2025-09-23T12:57:18.319+0300] {logging_mixin.py:190} INFO - [2025-09-23T12:57:18.318+0300] {dag.py:4180} INFO - Setting next_dagrun for example_task_group to None, run_after=None
[2025-09-23T12:57:18.326+0300] {processor.py:208} INFO - Processing /Library/Frameworks/Python.framework/Versions/3.10/lib/python3.10/site-packages/airflow/example_dags/example_task_group.py took 0.058 seconds
[2025-09-23T12:58:33.297+0300] {processor.py:186} INFO - Started process (PID=70742) to work on /Library/Frameworks/Python.framework/Versions/3.10/lib/python3.10/site-packages/airflow/example_dags/example_task_group.py
[2025-09-23T12:58:33.298+0300] {processor.py:914} INFO - Processing file /Library/Frameworks/Python.framework/Versions/3.10/lib/python3.10/site-packages/airflow/example_dags/example_task_group.py for tasks to queue
[2025-09-23T12:58:33.298+0300] {logging_mixin.py:190} INFO - [2025-09-23T12:58:33.298+0300] {dagbag.py:588} INFO - Filling up the DagBag from /Library/Frameworks/Python.framework/Versions/3.10/lib/python3.10/site-packages/airflow/example_dags/example_task_group.py
[2025-09-23T12:58:33.301+0300] {processor.py:925} INFO - DAG(s) 'example_task_group' retrieved from /Library/Frameworks/Python.framework/Versions/3.10/lib/python3.10/site-packages/airflow/example_dags/example_task_group.py
[2025-09-23T12:58:33.336+0300] {logging_mixin.py:190} INFO - [2025-09-23T12:58:33.336+0300] {dag.py:3239} INFO - Sync 1 DAGs
[2025-09-23T12:58:33.339+0300] {logging_mixin.py:190} INFO - [2025-09-23T12:58:33.339+0300] {dag.py:4180} INFO - Setting next_dagrun for example_task_group to None, run_after=None
[2025-09-23T12:58:33.345+0300] {processor.py:208} INFO - Processing /Library/Frameworks/Python.framework/Versions/3.10/lib/python3.10/site-packages/airflow/example_dags/example_task_group.py took 0.049 seconds
[2025-09-23T12:59:45.163+0300] {processor.py:186} INFO - Started process (PID=71178) to work on /Library/Frameworks/Python.framework/Versions/3.10/lib/python3.10/site-packages/airflow/example_dags/example_task_group.py
[2025-09-23T12:59:45.164+0300] {processor.py:914} INFO - Processing file /Library/Frameworks/Python.framework/Versions/3.10/lib/python3.10/site-packages/airflow/example_dags/example_task_group.py for tasks to queue
[2025-09-23T12:59:45.164+0300] {logging_mixin.py:190} INFO - [2025-09-23T12:59:45.164+0300] {dagbag.py:588} INFO - Filling up the DagBag from /Library/Frameworks/Python.framework/Versions/3.10/lib/python3.10/site-packages/airflow/example_dags/example_task_group.py
[2025-09-23T12:59:45.167+0300] {processor.py:925} INFO - DAG(s) 'example_task_group' retrieved from /Library/Frameworks/Python.framework/Versions/3.10/lib/python3.10/site-packages/airflow/example_dags/example_task_group.py
[2025-09-23T12:59:45.202+0300] {logging_mixin.py:190} INFO - [2025-09-23T12:59:45.202+0300] {dag.py:3239} INFO - Sync 1 DAGs
[2025-09-23T12:59:45.206+0300] {logging_mixin.py:190} INFO - [2025-09-23T12:59:45.206+0300] {dag.py:4180} INFO - Setting next_dagrun for example_task_group to None, run_after=None
[2025-09-23T12:59:45.212+0300] {processor.py:208} INFO - Processing /Library/Frameworks/Python.framework/Versions/3.10/lib/python3.10/site-packages/airflow/example_dags/example_task_group.py took 0.050 seconds
[2025-09-23T14:47:54.634+0300] {processor.py:186} INFO - Started process (PID=81571) to work on /Library/Frameworks/Python.framework/Versions/3.10/lib/python3.10/site-packages/airflow/example_dags/example_task_group.py
[2025-09-23T14:47:54.634+0300] {processor.py:914} INFO - Processing file /Library/Frameworks/Python.framework/Versions/3.10/lib/python3.10/site-packages/airflow/example_dags/example_task_group.py for tasks to queue
[2025-09-23T14:47:54.635+0300] {logging_mixin.py:190} INFO - [2025-09-23T14:47:54.635+0300] {dagbag.py:588} INFO - Filling up the DagBag from /Library/Frameworks/Python.framework/Versions/3.10/lib/python3.10/site-packages/airflow/example_dags/example_task_group.py
[2025-09-23T14:47:54.638+0300] {processor.py:925} INFO - DAG(s) 'example_task_group' retrieved from /Library/Frameworks/Python.framework/Versions/3.10/lib/python3.10/site-packages/airflow/example_dags/example_task_group.py
[2025-09-23T14:47:54.673+0300] {logging_mixin.py:190} INFO - [2025-09-23T14:47:54.673+0300] {dag.py:3239} INFO - Sync 1 DAGs
[2025-09-23T14:47:54.676+0300] {logging_mixin.py:190} INFO - [2025-09-23T14:47:54.676+0300] {dag.py:4180} INFO - Setting next_dagrun for example_task_group to None, run_after=None
[2025-09-23T14:47:54.682+0300] {processor.py:208} INFO - Processing /Library/Frameworks/Python.framework/Versions/3.10/lib/python3.10/site-packages/airflow/example_dags/example_task_group.py took 0.049 seconds
[2025-09-23T14:49:35.141+0300] {processor.py:186} INFO - Started process (PID=82162) to work on /Library/Frameworks/Python.framework/Versions/3.10/lib/python3.10/site-packages/airflow/example_dags/example_task_group.py
[2025-09-23T14:49:35.142+0300] {processor.py:914} INFO - Processing file /Library/Frameworks/Python.framework/Versions/3.10/lib/python3.10/site-packages/airflow/example_dags/example_task_group.py for tasks to queue
[2025-09-23T14:49:35.142+0300] {logging_mixin.py:190} INFO - [2025-09-23T14:49:35.142+0300] {dagbag.py:588} INFO - Filling up the DagBag from /Library/Frameworks/Python.framework/Versions/3.10/lib/python3.10/site-packages/airflow/example_dags/example_task_group.py
[2025-09-23T14:49:35.145+0300] {processor.py:925} INFO - DAG(s) 'example_task_group' retrieved from /Library/Frameworks/Python.framework/Versions/3.10/lib/python3.10/site-packages/airflow/example_dags/example_task_group.py
[2025-09-23T14:49:35.183+0300] {logging_mixin.py:190} INFO - [2025-09-23T14:49:35.183+0300] {dag.py:3239} INFO - Sync 1 DAGs
[2025-09-23T14:49:35.186+0300] {logging_mixin.py:190} INFO - [2025-09-23T14:49:35.186+0300] {dag.py:4180} INFO - Setting next_dagrun for example_task_group to None, run_after=None
[2025-09-23T14:49:35.193+0300] {processor.py:208} INFO - Processing /Library/Frameworks/Python.framework/Versions/3.10/lib/python3.10/site-packages/airflow/example_dags/example_task_group.py took 0.053 seconds
[2025-09-23T14:50:46.595+0300] {processor.py:186} INFO - Started process (PID=82565) to work on /Library/Frameworks/Python.framework/Versions/3.10/lib/python3.10/site-packages/airflow/example_dags/example_task_group.py
[2025-09-23T14:50:46.596+0300] {processor.py:914} INFO - Processing file /Library/Frameworks/Python.framework/Versions/3.10/lib/python3.10/site-packages/airflow/example_dags/example_task_group.py for tasks to queue
[2025-09-23T14:50:46.597+0300] {logging_mixin.py:190} INFO - [2025-09-23T14:50:46.597+0300] {dagbag.py:588} INFO - Filling up the DagBag from /Library/Frameworks/Python.framework/Versions/3.10/lib/python3.10/site-packages/airflow/example_dags/example_task_group.py
[2025-09-23T14:50:46.600+0300] {processor.py:925} INFO - DAG(s) 'example_task_group' retrieved from /Library/Frameworks/Python.framework/Versions/3.10/lib/python3.10/site-packages/airflow/example_dags/example_task_group.py
[2025-09-23T14:50:46.636+0300] {logging_mixin.py:190} INFO - [2025-09-23T14:50:46.636+0300] {dag.py:3239} INFO - Sync 1 DAGs
[2025-09-23T14:50:46.640+0300] {logging_mixin.py:190} INFO - [2025-09-23T14:50:46.640+0300] {dag.py:4180} INFO - Setting next_dagrun for example_task_group to None, run_after=None
[2025-09-23T14:50:46.647+0300] {processor.py:208} INFO - Processing /Library/Frameworks/Python.framework/Versions/3.10/lib/python3.10/site-packages/airflow/example_dags/example_task_group.py took 0.052 seconds
[2025-09-23T14:52:00.821+0300] {processor.py:186} INFO - Started process (PID=83041) to work on /Library/Frameworks/Python.framework/Versions/3.10/lib/python3.10/site-packages/airflow/example_dags/example_task_group.py
[2025-09-23T14:52:00.822+0300] {processor.py:914} INFO - Processing file /Library/Frameworks/Python.framework/Versions/3.10/lib/python3.10/site-packages/airflow/example_dags/example_task_group.py for tasks to queue
[2025-09-23T14:52:00.822+0300] {logging_mixin.py:190} INFO - [2025-09-23T14:52:00.822+0300] {dagbag.py:588} INFO - Filling up the DagBag from /Library/Frameworks/Python.framework/Versions/3.10/lib/python3.10/site-packages/airflow/example_dags/example_task_group.py
[2025-09-23T14:52:00.826+0300] {processor.py:925} INFO - DAG(s) 'example_task_group' retrieved from /Library/Frameworks/Python.framework/Versions/3.10/lib/python3.10/site-packages/airflow/example_dags/example_task_group.py
[2025-09-23T14:52:00.861+0300] {logging_mixin.py:190} INFO - [2025-09-23T14:52:00.861+0300] {dag.py:3239} INFO - Sync 1 DAGs
[2025-09-23T14:52:00.865+0300] {logging_mixin.py:190} INFO - [2025-09-23T14:52:00.865+0300] {dag.py:4180} INFO - Setting next_dagrun for example_task_group to None, run_after=None
[2025-09-23T14:52:00.871+0300] {processor.py:208} INFO - Processing /Library/Frameworks/Python.framework/Versions/3.10/lib/python3.10/site-packages/airflow/example_dags/example_task_group.py took 0.051 seconds
[2025-09-23T14:53:12.686+0300] {processor.py:186} INFO - Started process (PID=83442) to work on /Library/Frameworks/Python.framework/Versions/3.10/lib/python3.10/site-packages/airflow/example_dags/example_task_group.py
[2025-09-23T14:53:12.688+0300] {processor.py:914} INFO - Processing file /Library/Frameworks/Python.framework/Versions/3.10/lib/python3.10/site-packages/airflow/example_dags/example_task_group.py for tasks to queue
[2025-09-23T14:53:12.688+0300] {logging_mixin.py:190} INFO - [2025-09-23T14:53:12.688+0300] {dagbag.py:588} INFO - Filling up the DagBag from /Library/Frameworks/Python.framework/Versions/3.10/lib/python3.10/site-packages/airflow/example_dags/example_task_group.py
[2025-09-23T14:53:12.691+0300] {processor.py:925} INFO - DAG(s) 'example_task_group' retrieved from /Library/Frameworks/Python.framework/Versions/3.10/lib/python3.10/site-packages/airflow/example_dags/example_task_group.py
[2025-09-23T14:53:12.726+0300] {logging_mixin.py:190} INFO - [2025-09-23T14:53:12.726+0300] {dag.py:3239} INFO - Sync 1 DAGs
[2025-09-23T14:53:12.730+0300] {logging_mixin.py:190} INFO - [2025-09-23T14:53:12.730+0300] {dag.py:4180} INFO - Setting next_dagrun for example_task_group to None, run_after=None
[2025-09-23T14:53:12.736+0300] {processor.py:208} INFO - Processing /Library/Frameworks/Python.framework/Versions/3.10/lib/python3.10/site-packages/airflow/example_dags/example_task_group.py took 0.050 seconds
[2025-09-23T14:55:12.966+0300] {processor.py:186} INFO - Started process (PID=84324) to work on /Library/Frameworks/Python.framework/Versions/3.10/lib/python3.10/site-packages/airflow/example_dags/example_task_group.py
[2025-09-23T14:55:12.967+0300] {processor.py:914} INFO - Processing file /Library/Frameworks/Python.framework/Versions/3.10/lib/python3.10/site-packages/airflow/example_dags/example_task_group.py for tasks to queue
[2025-09-23T14:55:12.968+0300] {logging_mixin.py:190} INFO - [2025-09-23T14:55:12.968+0300] {dagbag.py:588} INFO - Filling up the DagBag from /Library/Frameworks/Python.framework/Versions/3.10/lib/python3.10/site-packages/airflow/example_dags/example_task_group.py
[2025-09-23T14:55:12.971+0300] {processor.py:925} INFO - DAG(s) 'example_task_group' retrieved from /Library/Frameworks/Python.framework/Versions/3.10/lib/python3.10/site-packages/airflow/example_dags/example_task_group.py
[2025-09-23T14:55:13.007+0300] {logging_mixin.py:190} INFO - [2025-09-23T14:55:13.007+0300] {dag.py:3239} INFO - Sync 1 DAGs
[2025-09-23T14:55:13.010+0300] {logging_mixin.py:190} INFO - [2025-09-23T14:55:13.010+0300] {dag.py:4180} INFO - Setting next_dagrun for example_task_group to None, run_after=None
[2025-09-23T14:55:13.016+0300] {processor.py:208} INFO - Processing /Library/Frameworks/Python.framework/Versions/3.10/lib/python3.10/site-packages/airflow/example_dags/example_task_group.py took 0.051 seconds
[2025-09-23T14:56:27.255+0300] {processor.py:186} INFO - Started process (PID=84797) to work on /Library/Frameworks/Python.framework/Versions/3.10/lib/python3.10/site-packages/airflow/example_dags/example_task_group.py
[2025-09-23T14:56:27.256+0300] {processor.py:914} INFO - Processing file /Library/Frameworks/Python.framework/Versions/3.10/lib/python3.10/site-packages/airflow/example_dags/example_task_group.py for tasks to queue
[2025-09-23T14:56:27.256+0300] {logging_mixin.py:190} INFO - [2025-09-23T14:56:27.256+0300] {dagbag.py:588} INFO - Filling up the DagBag from /Library/Frameworks/Python.framework/Versions/3.10/lib/python3.10/site-packages/airflow/example_dags/example_task_group.py
[2025-09-23T14:56:27.259+0300] {processor.py:925} INFO - DAG(s) 'example_task_group' retrieved from /Library/Frameworks/Python.framework/Versions/3.10/lib/python3.10/site-packages/airflow/example_dags/example_task_group.py
[2025-09-23T14:56:27.295+0300] {logging_mixin.py:190} INFO - [2025-09-23T14:56:27.295+0300] {dag.py:3239} INFO - Sync 1 DAGs
[2025-09-23T14:56:27.298+0300] {logging_mixin.py:190} INFO - [2025-09-23T14:56:27.298+0300] {dag.py:4180} INFO - Setting next_dagrun for example_task_group to None, run_after=None
[2025-09-23T14:56:27.304+0300] {processor.py:208} INFO - Processing /Library/Frameworks/Python.framework/Versions/3.10/lib/python3.10/site-packages/airflow/example_dags/example_task_group.py took 0.050 seconds
