[2025-09-23T12:54:37.878+0300] {processor.py:186} INFO - Started process (PID=69387) to work on /Library/Frameworks/Python.framework/Versions/3.10/lib/python3.10/site-packages/airflow/example_dags/example_python_decorator.py
[2025-09-23T12:54:37.879+0300] {processor.py:914} INFO - Processing file /Library/Frameworks/Python.framework/Versions/3.10/lib/python3.10/site-packages/airflow/example_dags/example_python_decorator.py for tasks to queue
[2025-09-23T12:54:37.879+0300] {logging_mixin.py:190} INFO - [2025-09-23T12:54:37.879+0300] {dagbag.py:588} INFO - Filling up the DagBag from /Library/Frameworks/Python.framework/Versions/3.10/lib/python3.10/site-packages/airflow/example_dags/example_python_decorator.py
[2025-09-23T12:54:37.893+0300] {logging_mixin.py:190} INFO - [2025-09-23T12:54:37.893+0300] {example_python_decorator.py:80} WARNING - The virtalenv_python example task requires virtualenv, please install it.
[2025-09-23T12:54:37.894+0300] {processor.py:925} INFO - DAG(s) 'example_python_decorator' retrieved from /Library/Frameworks/Python.framework/Versions/3.10/lib/python3.10/site-packages/airflow/example_dags/example_python_decorator.py
[2025-09-23T12:54:37.929+0300] {logging_mixin.py:190} INFO - [2025-09-23T12:54:37.929+0300] {dag.py:3239} INFO - Sync 1 DAGs
[2025-09-23T12:54:37.932+0300] {logging_mixin.py:190} INFO - [2025-09-23T12:54:37.932+0300] {dag.py:4180} INFO - Setting next_dagrun for example_python_decorator to None, run_after=None
[2025-09-23T12:54:37.938+0300] {processor.py:208} INFO - Processing /Library/Frameworks/Python.framework/Versions/3.10/lib/python3.10/site-packages/airflow/example_dags/example_python_decorator.py took 0.061 seconds
[2025-09-23T12:56:22.022+0300] {processor.py:186} INFO - Started process (PID=69956) to work on /Library/Frameworks/Python.framework/Versions/3.10/lib/python3.10/site-packages/airflow/example_dags/example_python_decorator.py
[2025-09-23T12:56:22.023+0300] {processor.py:914} INFO - Processing file /Library/Frameworks/Python.framework/Versions/3.10/lib/python3.10/site-packages/airflow/example_dags/example_python_decorator.py for tasks to queue
[2025-09-23T12:56:22.023+0300] {logging_mixin.py:190} INFO - [2025-09-23T12:56:22.023+0300] {dagbag.py:588} INFO - Filling up the DagBag from /Library/Frameworks/Python.framework/Versions/3.10/lib/python3.10/site-packages/airflow/example_dags/example_python_decorator.py
[2025-09-23T12:56:22.037+0300] {logging_mixin.py:190} INFO - [2025-09-23T12:56:22.037+0300] {example_python_decorator.py:80} WARNING - The virtalenv_python example task requires virtualenv, please install it.
[2025-09-23T12:56:22.038+0300] {processor.py:925} INFO - DAG(s) 'example_python_decorator' retrieved from /Library/Frameworks/Python.framework/Versions/3.10/lib/python3.10/site-packages/airflow/example_dags/example_python_decorator.py
[2025-09-23T12:56:22.072+0300] {logging_mixin.py:190} INFO - [2025-09-23T12:56:22.072+0300] {dag.py:3239} INFO - Sync 1 DAGs
[2025-09-23T12:56:22.076+0300] {logging_mixin.py:190} INFO - [2025-09-23T12:56:22.076+0300] {dag.py:4180} INFO - Setting next_dagrun for example_python_decorator to None, run_after=None
[2025-09-23T12:56:22.081+0300] {processor.py:208} INFO - Processing /Library/Frameworks/Python.framework/Versions/3.10/lib/python3.10/site-packages/airflow/example_dags/example_python_decorator.py took 0.061 seconds
[2025-09-23T12:58:51.918+0300] {processor.py:186} INFO - Started process (PID=70857) to work on /Library/Frameworks/Python.framework/Versions/3.10/lib/python3.10/site-packages/airflow/example_dags/example_python_decorator.py
[2025-09-23T12:58:51.918+0300] {processor.py:914} INFO - Processing file /Library/Frameworks/Python.framework/Versions/3.10/lib/python3.10/site-packages/airflow/example_dags/example_python_decorator.py for tasks to queue
[2025-09-23T12:58:51.919+0300] {logging_mixin.py:190} INFO - [2025-09-23T12:58:51.919+0300] {dagbag.py:588} INFO - Filling up the DagBag from /Library/Frameworks/Python.framework/Versions/3.10/lib/python3.10/site-packages/airflow/example_dags/example_python_decorator.py
[2025-09-23T12:58:51.933+0300] {logging_mixin.py:190} INFO - [2025-09-23T12:58:51.933+0300] {example_python_decorator.py:80} WARNING - The virtalenv_python example task requires virtualenv, please install it.
[2025-09-23T12:58:51.934+0300] {processor.py:925} INFO - DAG(s) 'example_python_decorator' retrieved from /Library/Frameworks/Python.framework/Versions/3.10/lib/python3.10/site-packages/airflow/example_dags/example_python_decorator.py
[2025-09-23T12:58:51.967+0300] {logging_mixin.py:190} INFO - [2025-09-23T12:58:51.967+0300] {dag.py:3239} INFO - Sync 1 DAGs
[2025-09-23T12:58:51.971+0300] {logging_mixin.py:190} INFO - [2025-09-23T12:58:51.971+0300] {dag.py:4180} INFO - Setting next_dagrun for example_python_decorator to None, run_after=None
[2025-09-23T12:58:51.976+0300] {processor.py:208} INFO - Processing /Library/Frameworks/Python.framework/Versions/3.10/lib/python3.10/site-packages/airflow/example_dags/example_python_decorator.py took 0.060 seconds
