[2025-09-23T12:53:47.055+0300] {processor.py:186} INFO - Started process (PID=69060) to work on /Library/Frameworks/Python.framework/Versions/3.10/lib/python3.10/site-packages/airflow/example_dags/tutorial_objectstorage.py
[2025-09-23T12:53:47.056+0300] {processor.py:914} INFO - Processing file /Library/Frameworks/Python.framework/Versions/3.10/lib/python3.10/site-packages/airflow/example_dags/tutorial_objectstorage.py for tasks to queue
[2025-09-23T12:53:47.056+0300] {logging_mixin.py:190} INFO - [2025-09-23T12:53:47.056+0300] {dagbag.py:588} INFO - Filling up the DagBag from /Library/Frameworks/Python.framework/Versions/3.10/lib/python3.10/site-packages/airflow/example_dags/tutorial_objectstorage.py
[2025-09-23T12:53:47.071+0300] {processor.py:925} INFO - DAG(s) 'tutorial_objectstorage' retrieved from /Library/Frameworks/Python.framework/Versions/3.10/lib/python3.10/site-packages/airflow/example_dags/tutorial_objectstorage.py
[2025-09-23T12:53:47.105+0300] {logging_mixin.py:190} INFO - [2025-09-23T12:53:47.105+0300] {dag.py:3239} INFO - Sync 1 DAGs
[2025-09-23T12:53:47.108+0300] {logging_mixin.py:190} INFO - [2025-09-23T12:53:47.108+0300] {dag.py:4180} INFO - Setting next_dagrun for tutorial_objectstorage to None, run_after=None
[2025-09-23T12:53:47.114+0300] {processor.py:208} INFO - Processing /Library/Frameworks/Python.framework/Versions/3.10/lib/python3.10/site-packages/airflow/example_dags/tutorial_objectstorage.py took 0.059 seconds
[2025-09-23T12:55:41.988+0300] {processor.py:186} INFO - Started process (PID=69738) to work on /Library/Frameworks/Python.framework/Versions/3.10/lib/python3.10/site-packages/airflow/example_dags/tutorial_objectstorage.py
[2025-09-23T12:55:41.989+0300] {processor.py:914} INFO - Processing file /Library/Frameworks/Python.framework/Versions/3.10/lib/python3.10/site-packages/airflow/example_dags/tutorial_objectstorage.py for tasks to queue
[2025-09-23T12:55:41.989+0300] {logging_mixin.py:190} INFO - [2025-09-23T12:55:41.989+0300] {dagbag.py:588} INFO - Filling up the DagBag from /Library/Frameworks/Python.framework/Versions/3.10/lib/python3.10/site-packages/airflow/example_dags/tutorial_objectstorage.py
[2025-09-23T12:55:42.004+0300] {processor.py:925} INFO - DAG(s) 'tutorial_objectstorage' retrieved from /Library/Frameworks/Python.framework/Versions/3.10/lib/python3.10/site-packages/airflow/example_dags/tutorial_objectstorage.py
[2025-09-23T12:55:42.037+0300] {logging_mixin.py:190} INFO - [2025-09-23T12:55:42.037+0300] {dag.py:3239} INFO - Sync 1 DAGs
[2025-09-23T12:55:42.041+0300] {logging_mixin.py:190} INFO - [2025-09-23T12:55:42.041+0300] {dag.py:4180} INFO - Setting next_dagrun for tutorial_objectstorage to None, run_after=None
[2025-09-23T12:55:42.048+0300] {processor.py:208} INFO - Processing /Library/Frameworks/Python.framework/Versions/3.10/lib/python3.10/site-packages/airflow/example_dags/tutorial_objectstorage.py took 0.061 seconds
[2025-09-23T12:56:58.116+0300] {processor.py:186} INFO - Started process (PID=70183) to work on /Library/Frameworks/Python.framework/Versions/3.10/lib/python3.10/site-packages/airflow/example_dags/tutorial_objectstorage.py
[2025-09-23T12:56:58.118+0300] {processor.py:914} INFO - Processing file /Library/Frameworks/Python.framework/Versions/3.10/lib/python3.10/site-packages/airflow/example_dags/tutorial_objectstorage.py for tasks to queue
[2025-09-23T12:56:58.118+0300] {logging_mixin.py:190} INFO - [2025-09-23T12:56:58.118+0300] {dagbag.py:588} INFO - Filling up the DagBag from /Library/Frameworks/Python.framework/Versions/3.10/lib/python3.10/site-packages/airflow/example_dags/tutorial_objectstorage.py
[2025-09-23T12:56:58.132+0300] {processor.py:925} INFO - DAG(s) 'tutorial_objectstorage' retrieved from /Library/Frameworks/Python.framework/Versions/3.10/lib/python3.10/site-packages/airflow/example_dags/tutorial_objectstorage.py
[2025-09-23T12:56:58.168+0300] {logging_mixin.py:190} INFO - [2025-09-23T12:56:58.168+0300] {dag.py:3239} INFO - Sync 1 DAGs
[2025-09-23T12:56:58.172+0300] {logging_mixin.py:190} INFO - [2025-09-23T12:56:58.172+0300] {dag.py:4180} INFO - Setting next_dagrun for tutorial_objectstorage to None, run_after=None
[2025-09-23T12:56:58.178+0300] {processor.py:208} INFO - Processing /Library/Frameworks/Python.framework/Versions/3.10/lib/python3.10/site-packages/airflow/example_dags/tutorial_objectstorage.py took 0.063 seconds
[2025-09-23T12:58:15.145+0300] {processor.py:186} INFO - Started process (PID=70622) to work on /Library/Frameworks/Python.framework/Versions/3.10/lib/python3.10/site-packages/airflow/example_dags/tutorial_objectstorage.py
[2025-09-23T12:58:15.146+0300] {processor.py:914} INFO - Processing file /Library/Frameworks/Python.framework/Versions/3.10/lib/python3.10/site-packages/airflow/example_dags/tutorial_objectstorage.py for tasks to queue
[2025-09-23T12:58:15.147+0300] {logging_mixin.py:190} INFO - [2025-09-23T12:58:15.147+0300] {dagbag.py:588} INFO - Filling up the DagBag from /Library/Frameworks/Python.framework/Versions/3.10/lib/python3.10/site-packages/airflow/example_dags/tutorial_objectstorage.py
[2025-09-23T12:58:15.160+0300] {processor.py:925} INFO - DAG(s) 'tutorial_objectstorage' retrieved from /Library/Frameworks/Python.framework/Versions/3.10/lib/python3.10/site-packages/airflow/example_dags/tutorial_objectstorage.py
[2025-09-23T12:58:15.193+0300] {logging_mixin.py:190} INFO - [2025-09-23T12:58:15.193+0300] {dag.py:3239} INFO - Sync 1 DAGs
[2025-09-23T12:58:15.197+0300] {logging_mixin.py:190} INFO - [2025-09-23T12:58:15.196+0300] {dag.py:4180} INFO - Setting next_dagrun for tutorial_objectstorage to None, run_after=None
[2025-09-23T12:58:15.202+0300] {processor.py:208} INFO - Processing /Library/Frameworks/Python.framework/Versions/3.10/lib/python3.10/site-packages/airflow/example_dags/tutorial_objectstorage.py took 0.058 seconds
[2025-09-23T12:59:26.649+0300] {processor.py:186} INFO - Started process (PID=71069) to work on /Library/Frameworks/Python.framework/Versions/3.10/lib/python3.10/site-packages/airflow/example_dags/tutorial_objectstorage.py
[2025-09-23T12:59:26.650+0300] {processor.py:914} INFO - Processing file /Library/Frameworks/Python.framework/Versions/3.10/lib/python3.10/site-packages/airflow/example_dags/tutorial_objectstorage.py for tasks to queue
[2025-09-23T12:59:26.650+0300] {logging_mixin.py:190} INFO - [2025-09-23T12:59:26.650+0300] {dagbag.py:588} INFO - Filling up the DagBag from /Library/Frameworks/Python.framework/Versions/3.10/lib/python3.10/site-packages/airflow/example_dags/tutorial_objectstorage.py
[2025-09-23T12:59:26.664+0300] {processor.py:925} INFO - DAG(s) 'tutorial_objectstorage' retrieved from /Library/Frameworks/Python.framework/Versions/3.10/lib/python3.10/site-packages/airflow/example_dags/tutorial_objectstorage.py
[2025-09-23T12:59:26.698+0300] {logging_mixin.py:190} INFO - [2025-09-23T12:59:26.698+0300] {dag.py:3239} INFO - Sync 1 DAGs
[2025-09-23T12:59:26.701+0300] {logging_mixin.py:190} INFO - [2025-09-23T12:59:26.701+0300] {dag.py:4180} INFO - Setting next_dagrun for tutorial_objectstorage to None, run_after=None
[2025-09-23T12:59:26.707+0300] {processor.py:208} INFO - Processing /Library/Frameworks/Python.framework/Versions/3.10/lib/python3.10/site-packages/airflow/example_dags/tutorial_objectstorage.py took 0.059 seconds
