[2025-09-23T12:53:50.984+0300] {processor.py:186} INFO - Started process (PID=69075) to work on /Library/Frameworks/Python.framework/Versions/3.10/lib/python3.10/site-packages/airflow/example_dags/tutorial.py
[2025-09-23T12:53:50.985+0300] {processor.py:914} INFO - Processing file /Library/Frameworks/Python.framework/Versions/3.10/lib/python3.10/site-packages/airflow/example_dags/tutorial.py for tasks to queue
[2025-09-23T12:53:50.985+0300] {logging_mixin.py:190} INFO - [2025-09-23T12:53:50.985+0300] {dagbag.py:588} INFO - Filling up the DagBag from /Library/Frameworks/Python.framework/Versions/3.10/lib/python3.10/site-packages/airflow/example_dags/tutorial.py
[2025-09-23T12:53:50.988+0300] {processor.py:925} INFO - DAG(s) 'tutorial' retrieved from /Library/Frameworks/Python.framework/Versions/3.10/lib/python3.10/site-packages/airflow/example_dags/tutorial.py
[2025-09-23T12:53:51.022+0300] {logging_mixin.py:190} INFO - [2025-09-23T12:53:51.022+0300] {dag.py:3239} INFO - Sync 1 DAGs
[2025-09-23T12:53:51.028+0300] {logging_mixin.py:190} INFO - [2025-09-23T12:53:51.028+0300] {dag.py:4180} INFO - Setting next_dagrun for tutorial to 2025-09-22 00:00:00+00:00, run_after=2025-09-23 00:00:00+00:00
[2025-09-23T12:53:51.034+0300] {processor.py:208} INFO - Processing /Library/Frameworks/Python.framework/Versions/3.10/lib/python3.10/site-packages/airflow/example_dags/tutorial.py took 0.051 seconds
[2025-09-23T12:55:45.811+0300] {processor.py:186} INFO - Started process (PID=69761) to work on /Library/Frameworks/Python.framework/Versions/3.10/lib/python3.10/site-packages/airflow/example_dags/tutorial.py
[2025-09-23T12:55:45.812+0300] {processor.py:914} INFO - Processing file /Library/Frameworks/Python.framework/Versions/3.10/lib/python3.10/site-packages/airflow/example_dags/tutorial.py for tasks to queue
[2025-09-23T12:55:45.813+0300] {logging_mixin.py:190} INFO - [2025-09-23T12:55:45.812+0300] {dagbag.py:588} INFO - Filling up the DagBag from /Library/Frameworks/Python.framework/Versions/3.10/lib/python3.10/site-packages/airflow/example_dags/tutorial.py
[2025-09-23T12:55:45.816+0300] {processor.py:925} INFO - DAG(s) 'tutorial' retrieved from /Library/Frameworks/Python.framework/Versions/3.10/lib/python3.10/site-packages/airflow/example_dags/tutorial.py
[2025-09-23T12:55:45.851+0300] {logging_mixin.py:190} INFO - [2025-09-23T12:55:45.851+0300] {dag.py:3239} INFO - Sync 1 DAGs
[2025-09-23T12:55:45.858+0300] {logging_mixin.py:190} INFO - [2025-09-23T12:55:45.858+0300] {dag.py:4180} INFO - Setting next_dagrun for tutorial to 2025-09-22 00:00:00+00:00, run_after=2025-09-23 00:00:00+00:00
[2025-09-23T12:55:45.864+0300] {processor.py:208} INFO - Processing /Library/Frameworks/Python.framework/Versions/3.10/lib/python3.10/site-packages/airflow/example_dags/tutorial.py took 0.054 seconds
[2025-09-23T12:57:02.190+0300] {processor.py:186} INFO - Started process (PID=70206) to work on /Library/Frameworks/Python.framework/Versions/3.10/lib/python3.10/site-packages/airflow/example_dags/tutorial.py
[2025-09-23T12:57:02.191+0300] {processor.py:914} INFO - Processing file /Library/Frameworks/Python.framework/Versions/3.10/lib/python3.10/site-packages/airflow/example_dags/tutorial.py for tasks to queue
[2025-09-23T12:57:02.192+0300] {logging_mixin.py:190} INFO - [2025-09-23T12:57:02.192+0300] {dagbag.py:588} INFO - Filling up the DagBag from /Library/Frameworks/Python.framework/Versions/3.10/lib/python3.10/site-packages/airflow/example_dags/tutorial.py
[2025-09-23T12:57:02.195+0300] {processor.py:925} INFO - DAG(s) 'tutorial' retrieved from /Library/Frameworks/Python.framework/Versions/3.10/lib/python3.10/site-packages/airflow/example_dags/tutorial.py
[2025-09-23T12:57:02.232+0300] {logging_mixin.py:190} INFO - [2025-09-23T12:57:02.231+0300] {dag.py:3239} INFO - Sync 1 DAGs
[2025-09-23T12:57:02.238+0300] {logging_mixin.py:190} INFO - [2025-09-23T12:57:02.238+0300] {dag.py:4180} INFO - Setting next_dagrun for tutorial to 2025-09-22 00:00:00+00:00, run_after=2025-09-23 00:00:00+00:00
[2025-09-23T12:57:02.245+0300] {processor.py:208} INFO - Processing /Library/Frameworks/Python.framework/Versions/3.10/lib/python3.10/site-packages/airflow/example_dags/tutorial.py took 0.056 seconds
[2025-09-23T12:58:17.888+0300] {processor.py:186} INFO - Started process (PID=70649) to work on /Library/Frameworks/Python.framework/Versions/3.10/lib/python3.10/site-packages/airflow/example_dags/tutorial.py
[2025-09-23T12:58:17.888+0300] {processor.py:914} INFO - Processing file /Library/Frameworks/Python.framework/Versions/3.10/lib/python3.10/site-packages/airflow/example_dags/tutorial.py for tasks to queue
[2025-09-23T12:58:17.889+0300] {logging_mixin.py:190} INFO - [2025-09-23T12:58:17.889+0300] {dagbag.py:588} INFO - Filling up the DagBag from /Library/Frameworks/Python.framework/Versions/3.10/lib/python3.10/site-packages/airflow/example_dags/tutorial.py
[2025-09-23T12:58:17.892+0300] {processor.py:925} INFO - DAG(s) 'tutorial' retrieved from /Library/Frameworks/Python.framework/Versions/3.10/lib/python3.10/site-packages/airflow/example_dags/tutorial.py
[2025-09-23T12:58:17.926+0300] {logging_mixin.py:190} INFO - [2025-09-23T12:58:17.926+0300] {dag.py:3239} INFO - Sync 1 DAGs
[2025-09-23T12:58:17.932+0300] {logging_mixin.py:190} INFO - [2025-09-23T12:58:17.932+0300] {dag.py:4180} INFO - Setting next_dagrun for tutorial to 2025-09-22 00:00:00+00:00, run_after=2025-09-23 00:00:00+00:00
[2025-09-23T12:58:17.938+0300] {processor.py:208} INFO - Processing /Library/Frameworks/Python.framework/Versions/3.10/lib/python3.10/site-packages/airflow/example_dags/tutorial.py took 0.051 seconds
[2025-09-23T12:59:30.413+0300] {processor.py:186} INFO - Started process (PID=71091) to work on /Library/Frameworks/Python.framework/Versions/3.10/lib/python3.10/site-packages/airflow/example_dags/tutorial.py
[2025-09-23T12:59:30.414+0300] {processor.py:914} INFO - Processing file /Library/Frameworks/Python.framework/Versions/3.10/lib/python3.10/site-packages/airflow/example_dags/tutorial.py for tasks to queue
[2025-09-23T12:59:30.414+0300] {logging_mixin.py:190} INFO - [2025-09-23T12:59:30.414+0300] {dagbag.py:588} INFO - Filling up the DagBag from /Library/Frameworks/Python.framework/Versions/3.10/lib/python3.10/site-packages/airflow/example_dags/tutorial.py
[2025-09-23T12:59:30.417+0300] {processor.py:925} INFO - DAG(s) 'tutorial' retrieved from /Library/Frameworks/Python.framework/Versions/3.10/lib/python3.10/site-packages/airflow/example_dags/tutorial.py
[2025-09-23T12:59:30.451+0300] {logging_mixin.py:190} INFO - [2025-09-23T12:59:30.451+0300] {dag.py:3239} INFO - Sync 1 DAGs
[2025-09-23T12:59:30.457+0300] {logging_mixin.py:190} INFO - [2025-09-23T12:59:30.456+0300] {dag.py:4180} INFO - Setting next_dagrun for tutorial to 2025-09-22 00:00:00+00:00, run_after=2025-09-23 00:00:00+00:00
[2025-09-23T12:59:30.463+0300] {processor.py:208} INFO - Processing /Library/Frameworks/Python.framework/Versions/3.10/lib/python3.10/site-packages/airflow/example_dags/tutorial.py took 0.051 seconds
[2025-09-23T14:47:23.230+0300] {processor.py:186} INFO - Started process (PID=81372) to work on /Library/Frameworks/Python.framework/Versions/3.10/lib/python3.10/site-packages/airflow/example_dags/tutorial.py
[2025-09-23T14:47:23.231+0300] {processor.py:914} INFO - Processing file /Library/Frameworks/Python.framework/Versions/3.10/lib/python3.10/site-packages/airflow/example_dags/tutorial.py for tasks to queue
[2025-09-23T14:47:23.232+0300] {logging_mixin.py:190} INFO - [2025-09-23T14:47:23.231+0300] {dagbag.py:588} INFO - Filling up the DagBag from /Library/Frameworks/Python.framework/Versions/3.10/lib/python3.10/site-packages/airflow/example_dags/tutorial.py
[2025-09-23T14:47:23.234+0300] {processor.py:925} INFO - DAG(s) 'tutorial' retrieved from /Library/Frameworks/Python.framework/Versions/3.10/lib/python3.10/site-packages/airflow/example_dags/tutorial.py
[2025-09-23T14:47:23.271+0300] {logging_mixin.py:190} INFO - [2025-09-23T14:47:23.271+0300] {dag.py:3239} INFO - Sync 1 DAGs
[2025-09-23T14:47:23.278+0300] {logging_mixin.py:190} INFO - [2025-09-23T14:47:23.278+0300] {dag.py:4180} INFO - Setting next_dagrun for tutorial to 2025-09-22 00:00:00+00:00, run_after=2025-09-23 00:00:00+00:00
[2025-09-23T14:47:23.284+0300] {processor.py:208} INFO - Processing /Library/Frameworks/Python.framework/Versions/3.10/lib/python3.10/site-packages/airflow/example_dags/tutorial.py took 0.055 seconds
[2025-09-23T14:49:21.392+0300] {processor.py:186} INFO - Started process (PID=82090) to work on /Library/Frameworks/Python.framework/Versions/3.10/lib/python3.10/site-packages/airflow/example_dags/tutorial.py
[2025-09-23T14:49:21.393+0300] {processor.py:914} INFO - Processing file /Library/Frameworks/Python.framework/Versions/3.10/lib/python3.10/site-packages/airflow/example_dags/tutorial.py for tasks to queue
[2025-09-23T14:49:21.393+0300] {logging_mixin.py:190} INFO - [2025-09-23T14:49:21.393+0300] {dagbag.py:588} INFO - Filling up the DagBag from /Library/Frameworks/Python.framework/Versions/3.10/lib/python3.10/site-packages/airflow/example_dags/tutorial.py
[2025-09-23T14:49:21.397+0300] {processor.py:925} INFO - DAG(s) 'tutorial' retrieved from /Library/Frameworks/Python.framework/Versions/3.10/lib/python3.10/site-packages/airflow/example_dags/tutorial.py
[2025-09-23T14:49:21.434+0300] {logging_mixin.py:190} INFO - [2025-09-23T14:49:21.434+0300] {dag.py:3239} INFO - Sync 1 DAGs
[2025-09-23T14:49:21.441+0300] {logging_mixin.py:190} INFO - [2025-09-23T14:49:21.441+0300] {dag.py:4180} INFO - Setting next_dagrun for tutorial to 2025-09-22 00:00:00+00:00, run_after=2025-09-23 00:00:00+00:00
[2025-09-23T14:49:21.447+0300] {processor.py:208} INFO - Processing /Library/Frameworks/Python.framework/Versions/3.10/lib/python3.10/site-packages/airflow/example_dags/tutorial.py took 0.056 seconds
[2025-09-23T14:50:30.502+0300] {processor.py:186} INFO - Started process (PID=82470) to work on /Library/Frameworks/Python.framework/Versions/3.10/lib/python3.10/site-packages/airflow/example_dags/tutorial.py
[2025-09-23T14:50:30.502+0300] {processor.py:914} INFO - Processing file /Library/Frameworks/Python.framework/Versions/3.10/lib/python3.10/site-packages/airflow/example_dags/tutorial.py for tasks to queue
[2025-09-23T14:50:30.503+0300] {logging_mixin.py:190} INFO - [2025-09-23T14:50:30.503+0300] {dagbag.py:588} INFO - Filling up the DagBag from /Library/Frameworks/Python.framework/Versions/3.10/lib/python3.10/site-packages/airflow/example_dags/tutorial.py
[2025-09-23T14:50:30.506+0300] {processor.py:925} INFO - DAG(s) 'tutorial' retrieved from /Library/Frameworks/Python.framework/Versions/3.10/lib/python3.10/site-packages/airflow/example_dags/tutorial.py
[2025-09-23T14:50:30.541+0300] {logging_mixin.py:190} INFO - [2025-09-23T14:50:30.541+0300] {dag.py:3239} INFO - Sync 1 DAGs
[2025-09-23T14:50:30.547+0300] {logging_mixin.py:190} INFO - [2025-09-23T14:50:30.547+0300] {dag.py:4180} INFO - Setting next_dagrun for tutorial to 2025-09-22 00:00:00+00:00, run_after=2025-09-23 00:00:00+00:00
[2025-09-23T14:50:30.554+0300] {processor.py:208} INFO - Processing /Library/Frameworks/Python.framework/Versions/3.10/lib/python3.10/site-packages/airflow/example_dags/tutorial.py took 0.054 seconds
[2025-09-23T14:51:45.162+0300] {processor.py:186} INFO - Started process (PID=82929) to work on /Library/Frameworks/Python.framework/Versions/3.10/lib/python3.10/site-packages/airflow/example_dags/tutorial.py
[2025-09-23T14:51:45.163+0300] {processor.py:914} INFO - Processing file /Library/Frameworks/Python.framework/Versions/3.10/lib/python3.10/site-packages/airflow/example_dags/tutorial.py for tasks to queue
[2025-09-23T14:51:45.163+0300] {logging_mixin.py:190} INFO - [2025-09-23T14:51:45.163+0300] {dagbag.py:588} INFO - Filling up the DagBag from /Library/Frameworks/Python.framework/Versions/3.10/lib/python3.10/site-packages/airflow/example_dags/tutorial.py
[2025-09-23T14:51:45.166+0300] {processor.py:925} INFO - DAG(s) 'tutorial' retrieved from /Library/Frameworks/Python.framework/Versions/3.10/lib/python3.10/site-packages/airflow/example_dags/tutorial.py
[2025-09-23T14:51:45.200+0300] {logging_mixin.py:190} INFO - [2025-09-23T14:51:45.200+0300] {dag.py:3239} INFO - Sync 1 DAGs
[2025-09-23T14:51:45.206+0300] {logging_mixin.py:190} INFO - [2025-09-23T14:51:45.206+0300] {dag.py:4180} INFO - Setting next_dagrun for tutorial to 2025-09-22 00:00:00+00:00, run_after=2025-09-23 00:00:00+00:00
[2025-09-23T14:51:45.212+0300] {processor.py:208} INFO - Processing /Library/Frameworks/Python.framework/Versions/3.10/lib/python3.10/site-packages/airflow/example_dags/tutorial.py took 0.051 seconds
[2025-09-23T14:52:58.756+0300] {processor.py:186} INFO - Started process (PID=83371) to work on /Library/Frameworks/Python.framework/Versions/3.10/lib/python3.10/site-packages/airflow/example_dags/tutorial.py
[2025-09-23T14:52:58.757+0300] {processor.py:914} INFO - Processing file /Library/Frameworks/Python.framework/Versions/3.10/lib/python3.10/site-packages/airflow/example_dags/tutorial.py for tasks to queue
[2025-09-23T14:52:58.757+0300] {logging_mixin.py:190} INFO - [2025-09-23T14:52:58.757+0300] {dagbag.py:588} INFO - Filling up the DagBag from /Library/Frameworks/Python.framework/Versions/3.10/lib/python3.10/site-packages/airflow/example_dags/tutorial.py
[2025-09-23T14:52:58.760+0300] {processor.py:925} INFO - DAG(s) 'tutorial' retrieved from /Library/Frameworks/Python.framework/Versions/3.10/lib/python3.10/site-packages/airflow/example_dags/tutorial.py
[2025-09-23T14:52:58.794+0300] {logging_mixin.py:190} INFO - [2025-09-23T14:52:58.794+0300] {dag.py:3239} INFO - Sync 1 DAGs
[2025-09-23T14:52:58.800+0300] {logging_mixin.py:190} INFO - [2025-09-23T14:52:58.800+0300] {dag.py:4180} INFO - Setting next_dagrun for tutorial to 2025-09-22 00:00:00+00:00, run_after=2025-09-23 00:00:00+00:00
[2025-09-23T14:52:58.806+0300] {processor.py:208} INFO - Processing /Library/Frameworks/Python.framework/Versions/3.10/lib/python3.10/site-packages/airflow/example_dags/tutorial.py took 0.051 seconds
[2025-09-23T14:54:11.534+0300] {processor.py:186} INFO - Started process (PID=83902) to work on /Library/Frameworks/Python.framework/Versions/3.10/lib/python3.10/site-packages/airflow/example_dags/tutorial.py
[2025-09-23T14:54:11.534+0300] {processor.py:914} INFO - Processing file /Library/Frameworks/Python.framework/Versions/3.10/lib/python3.10/site-packages/airflow/example_dags/tutorial.py for tasks to queue
[2025-09-23T14:54:11.535+0300] {logging_mixin.py:190} INFO - [2025-09-23T14:54:11.534+0300] {dagbag.py:588} INFO - Filling up the DagBag from /Library/Frameworks/Python.framework/Versions/3.10/lib/python3.10/site-packages/airflow/example_dags/tutorial.py
[2025-09-23T14:54:11.538+0300] {processor.py:925} INFO - DAG(s) 'tutorial' retrieved from /Library/Frameworks/Python.framework/Versions/3.10/lib/python3.10/site-packages/airflow/example_dags/tutorial.py
[2025-09-23T14:54:11.575+0300] {logging_mixin.py:190} INFO - [2025-09-23T14:54:11.574+0300] {dag.py:3239} INFO - Sync 1 DAGs
[2025-09-23T14:54:11.581+0300] {logging_mixin.py:190} INFO - [2025-09-23T14:54:11.580+0300] {dag.py:4180} INFO - Setting next_dagrun for tutorial to 2025-09-22 00:00:00+00:00, run_after=2025-09-23 00:00:00+00:00
[2025-09-23T14:54:11.587+0300] {processor.py:208} INFO - Processing /Library/Frameworks/Python.framework/Versions/3.10/lib/python3.10/site-packages/airflow/example_dags/tutorial.py took 0.054 seconds
[2025-09-23T14:56:11.643+0300] {processor.py:186} INFO - Started process (PID=84701) to work on /Library/Frameworks/Python.framework/Versions/3.10/lib/python3.10/site-packages/airflow/example_dags/tutorial.py
[2025-09-23T14:56:11.643+0300] {processor.py:914} INFO - Processing file /Library/Frameworks/Python.framework/Versions/3.10/lib/python3.10/site-packages/airflow/example_dags/tutorial.py for tasks to queue
[2025-09-23T14:56:11.644+0300] {logging_mixin.py:190} INFO - [2025-09-23T14:56:11.644+0300] {dagbag.py:588} INFO - Filling up the DagBag from /Library/Frameworks/Python.framework/Versions/3.10/lib/python3.10/site-packages/airflow/example_dags/tutorial.py
[2025-09-23T14:56:11.647+0300] {processor.py:925} INFO - DAG(s) 'tutorial' retrieved from /Library/Frameworks/Python.framework/Versions/3.10/lib/python3.10/site-packages/airflow/example_dags/tutorial.py
[2025-09-23T14:56:11.684+0300] {logging_mixin.py:190} INFO - [2025-09-23T14:56:11.683+0300] {dag.py:3239} INFO - Sync 1 DAGs
[2025-09-23T14:56:11.690+0300] {logging_mixin.py:190} INFO - [2025-09-23T14:56:11.689+0300] {dag.py:4180} INFO - Setting next_dagrun for tutorial to 2025-09-22 00:00:00+00:00, run_after=2025-09-23 00:00:00+00:00
[2025-09-23T14:56:11.696+0300] {processor.py:208} INFO - Processing /Library/Frameworks/Python.framework/Versions/3.10/lib/python3.10/site-packages/airflow/example_dags/tutorial.py took 0.054 seconds
