[2025-09-23T12:53:45.119+0300] {processor.py:186} INFO - Started process (PID=69049) to work on /Library/Frameworks/Python.framework/Versions/3.10/lib/python3.10/site-packages/airflow/example_dags/tutorial_taskflow_api.py
[2025-09-23T12:53:45.119+0300] {processor.py:914} INFO - Processing file /Library/Frameworks/Python.framework/Versions/3.10/lib/python3.10/site-packages/airflow/example_dags/tutorial_taskflow_api.py for tasks to queue
[2025-09-23T12:53:45.120+0300] {logging_mixin.py:190} INFO - [2025-09-23T12:53:45.120+0300] {dagbag.py:588} INFO - Filling up the DagBag from /Library/Frameworks/Python.framework/Versions/3.10/lib/python3.10/site-packages/airflow/example_dags/tutorial_taskflow_api.py
[2025-09-23T12:53:45.136+0300] {processor.py:925} INFO - DAG(s) 'tutorial_taskflow_api' retrieved from /Library/Frameworks/Python.framework/Versions/3.10/lib/python3.10/site-packages/airflow/example_dags/tutorial_taskflow_api.py
[2025-09-23T12:53:45.172+0300] {logging_mixin.py:190} INFO - [2025-09-23T12:53:45.172+0300] {dag.py:3239} INFO - Sync 1 DAGs
[2025-09-23T12:53:45.176+0300] {logging_mixin.py:190} INFO - [2025-09-23T12:53:45.176+0300] {dag.py:4180} INFO - Setting next_dagrun for tutorial_taskflow_api to None, run_after=None
[2025-09-23T12:53:45.182+0300] {processor.py:208} INFO - Processing /Library/Frameworks/Python.framework/Versions/3.10/lib/python3.10/site-packages/airflow/example_dags/tutorial_taskflow_api.py took 0.064 seconds
[2025-09-23T12:55:41.006+0300] {processor.py:186} INFO - Started process (PID=69736) to work on /Library/Frameworks/Python.framework/Versions/3.10/lib/python3.10/site-packages/airflow/example_dags/tutorial_taskflow_api.py
[2025-09-23T12:55:41.007+0300] {processor.py:914} INFO - Processing file /Library/Frameworks/Python.framework/Versions/3.10/lib/python3.10/site-packages/airflow/example_dags/tutorial_taskflow_api.py for tasks to queue
[2025-09-23T12:55:41.007+0300] {logging_mixin.py:190} INFO - [2025-09-23T12:55:41.007+0300] {dagbag.py:588} INFO - Filling up the DagBag from /Library/Frameworks/Python.framework/Versions/3.10/lib/python3.10/site-packages/airflow/example_dags/tutorial_taskflow_api.py
[2025-09-23T12:55:41.024+0300] {processor.py:925} INFO - DAG(s) 'tutorial_taskflow_api' retrieved from /Library/Frameworks/Python.framework/Versions/3.10/lib/python3.10/site-packages/airflow/example_dags/tutorial_taskflow_api.py
[2025-09-23T12:55:41.061+0300] {logging_mixin.py:190} INFO - [2025-09-23T12:55:41.061+0300] {dag.py:3239} INFO - Sync 1 DAGs
[2025-09-23T12:55:41.065+0300] {logging_mixin.py:190} INFO - [2025-09-23T12:55:41.065+0300] {dag.py:4180} INFO - Setting next_dagrun for tutorial_taskflow_api to None, run_after=None
[2025-09-23T12:55:41.072+0300] {processor.py:208} INFO - Processing /Library/Frameworks/Python.framework/Versions/3.10/lib/python3.10/site-packages/airflow/example_dags/tutorial_taskflow_api.py took 0.067 seconds
[2025-09-23T12:56:57.010+0300] {processor.py:186} INFO - Started process (PID=70181) to work on /Library/Frameworks/Python.framework/Versions/3.10/lib/python3.10/site-packages/airflow/example_dags/tutorial_taskflow_api.py
[2025-09-23T12:56:57.011+0300] {processor.py:914} INFO - Processing file /Library/Frameworks/Python.framework/Versions/3.10/lib/python3.10/site-packages/airflow/example_dags/tutorial_taskflow_api.py for tasks to queue
[2025-09-23T12:56:57.011+0300] {logging_mixin.py:190} INFO - [2025-09-23T12:56:57.011+0300] {dagbag.py:588} INFO - Filling up the DagBag from /Library/Frameworks/Python.framework/Versions/3.10/lib/python3.10/site-packages/airflow/example_dags/tutorial_taskflow_api.py
[2025-09-23T12:56:57.027+0300] {processor.py:925} INFO - DAG(s) 'tutorial_taskflow_api' retrieved from /Library/Frameworks/Python.framework/Versions/3.10/lib/python3.10/site-packages/airflow/example_dags/tutorial_taskflow_api.py
[2025-09-23T12:56:57.064+0300] {logging_mixin.py:190} INFO - [2025-09-23T12:56:57.063+0300] {dag.py:3239} INFO - Sync 1 DAGs
[2025-09-23T12:56:57.067+0300] {logging_mixin.py:190} INFO - [2025-09-23T12:56:57.067+0300] {dag.py:4180} INFO - Setting next_dagrun for tutorial_taskflow_api to None, run_after=None
[2025-09-23T12:56:57.073+0300] {processor.py:208} INFO - Processing /Library/Frameworks/Python.framework/Versions/3.10/lib/python3.10/site-packages/airflow/example_dags/tutorial_taskflow_api.py took 0.064 seconds
[2025-09-23T12:58:13.258+0300] {processor.py:186} INFO - Started process (PID=70611) to work on /Library/Frameworks/Python.framework/Versions/3.10/lib/python3.10/site-packages/airflow/example_dags/tutorial_taskflow_api.py
[2025-09-23T12:58:13.259+0300] {processor.py:914} INFO - Processing file /Library/Frameworks/Python.framework/Versions/3.10/lib/python3.10/site-packages/airflow/example_dags/tutorial_taskflow_api.py for tasks to queue
[2025-09-23T12:58:13.260+0300] {logging_mixin.py:190} INFO - [2025-09-23T12:58:13.260+0300] {dagbag.py:588} INFO - Filling up the DagBag from /Library/Frameworks/Python.framework/Versions/3.10/lib/python3.10/site-packages/airflow/example_dags/tutorial_taskflow_api.py
[2025-09-23T12:58:13.275+0300] {processor.py:925} INFO - DAG(s) 'tutorial_taskflow_api' retrieved from /Library/Frameworks/Python.framework/Versions/3.10/lib/python3.10/site-packages/airflow/example_dags/tutorial_taskflow_api.py
[2025-09-23T12:58:13.311+0300] {logging_mixin.py:190} INFO - [2025-09-23T12:58:13.310+0300] {dag.py:3239} INFO - Sync 1 DAGs
[2025-09-23T12:58:13.314+0300] {logging_mixin.py:190} INFO - [2025-09-23T12:58:13.314+0300] {dag.py:4180} INFO - Setting next_dagrun for tutorial_taskflow_api to None, run_after=None
[2025-09-23T12:58:13.320+0300] {processor.py:208} INFO - Processing /Library/Frameworks/Python.framework/Versions/3.10/lib/python3.10/site-packages/airflow/example_dags/tutorial_taskflow_api.py took 0.063 seconds
[2025-09-23T12:59:24.743+0300] {processor.py:186} INFO - Started process (PID=71058) to work on /Library/Frameworks/Python.framework/Versions/3.10/lib/python3.10/site-packages/airflow/example_dags/tutorial_taskflow_api.py
[2025-09-23T12:59:24.744+0300] {processor.py:914} INFO - Processing file /Library/Frameworks/Python.framework/Versions/3.10/lib/python3.10/site-packages/airflow/example_dags/tutorial_taskflow_api.py for tasks to queue
[2025-09-23T12:59:24.744+0300] {logging_mixin.py:190} INFO - [2025-09-23T12:59:24.744+0300] {dagbag.py:588} INFO - Filling up the DagBag from /Library/Frameworks/Python.framework/Versions/3.10/lib/python3.10/site-packages/airflow/example_dags/tutorial_taskflow_api.py
[2025-09-23T12:59:24.758+0300] {processor.py:925} INFO - DAG(s) 'tutorial_taskflow_api' retrieved from /Library/Frameworks/Python.framework/Versions/3.10/lib/python3.10/site-packages/airflow/example_dags/tutorial_taskflow_api.py
[2025-09-23T12:59:24.792+0300] {logging_mixin.py:190} INFO - [2025-09-23T12:59:24.792+0300] {dag.py:3239} INFO - Sync 1 DAGs
[2025-09-23T12:59:24.795+0300] {logging_mixin.py:190} INFO - [2025-09-23T12:59:24.795+0300] {dag.py:4180} INFO - Setting next_dagrun for tutorial_taskflow_api to None, run_after=None
[2025-09-23T12:59:24.801+0300] {processor.py:208} INFO - Processing /Library/Frameworks/Python.framework/Versions/3.10/lib/python3.10/site-packages/airflow/example_dags/tutorial_taskflow_api.py took 0.059 seconds
[2025-09-23T14:47:18.213+0300] {processor.py:186} INFO - Started process (PID=81348) to work on /Library/Frameworks/Python.framework/Versions/3.10/lib/python3.10/site-packages/airflow/example_dags/tutorial_taskflow_api.py
[2025-09-23T14:47:18.214+0300] {processor.py:914} INFO - Processing file /Library/Frameworks/Python.framework/Versions/3.10/lib/python3.10/site-packages/airflow/example_dags/tutorial_taskflow_api.py for tasks to queue
[2025-09-23T14:47:18.214+0300] {logging_mixin.py:190} INFO - [2025-09-23T14:47:18.214+0300] {dagbag.py:588} INFO - Filling up the DagBag from /Library/Frameworks/Python.framework/Versions/3.10/lib/python3.10/site-packages/airflow/example_dags/tutorial_taskflow_api.py
[2025-09-23T14:47:18.231+0300] {processor.py:925} INFO - DAG(s) 'tutorial_taskflow_api' retrieved from /Library/Frameworks/Python.framework/Versions/3.10/lib/python3.10/site-packages/airflow/example_dags/tutorial_taskflow_api.py
[2025-09-23T14:47:18.266+0300] {logging_mixin.py:190} INFO - [2025-09-23T14:47:18.266+0300] {dag.py:3239} INFO - Sync 1 DAGs
[2025-09-23T14:47:18.270+0300] {logging_mixin.py:190} INFO - [2025-09-23T14:47:18.270+0300] {dag.py:4180} INFO - Setting next_dagrun for tutorial_taskflow_api to None, run_after=None
[2025-09-23T14:47:18.275+0300] {processor.py:208} INFO - Processing /Library/Frameworks/Python.framework/Versions/3.10/lib/python3.10/site-packages/airflow/example_dags/tutorial_taskflow_api.py took 0.063 seconds
[2025-09-23T14:49:15.532+0300] {processor.py:186} INFO - Started process (PID=82055) to work on /Library/Frameworks/Python.framework/Versions/3.10/lib/python3.10/site-packages/airflow/example_dags/tutorial_taskflow_api.py
[2025-09-23T14:49:15.533+0300] {processor.py:914} INFO - Processing file /Library/Frameworks/Python.framework/Versions/3.10/lib/python3.10/site-packages/airflow/example_dags/tutorial_taskflow_api.py for tasks to queue
[2025-09-23T14:49:15.533+0300] {logging_mixin.py:190} INFO - [2025-09-23T14:49:15.533+0300] {dagbag.py:588} INFO - Filling up the DagBag from /Library/Frameworks/Python.framework/Versions/3.10/lib/python3.10/site-packages/airflow/example_dags/tutorial_taskflow_api.py
[2025-09-23T14:49:15.549+0300] {processor.py:925} INFO - DAG(s) 'tutorial_taskflow_api' retrieved from /Library/Frameworks/Python.framework/Versions/3.10/lib/python3.10/site-packages/airflow/example_dags/tutorial_taskflow_api.py
[2025-09-23T14:49:15.584+0300] {logging_mixin.py:190} INFO - [2025-09-23T14:49:15.584+0300] {dag.py:3239} INFO - Sync 1 DAGs
[2025-09-23T14:49:15.588+0300] {logging_mixin.py:190} INFO - [2025-09-23T14:49:15.587+0300] {dag.py:4180} INFO - Setting next_dagrun for tutorial_taskflow_api to None, run_after=None
[2025-09-23T14:49:15.593+0300] {processor.py:208} INFO - Processing /Library/Frameworks/Python.framework/Versions/3.10/lib/python3.10/site-packages/airflow/example_dags/tutorial_taskflow_api.py took 0.063 seconds
[2025-09-23T14:50:26.509+0300] {processor.py:186} INFO - Started process (PID=82446) to work on /Library/Frameworks/Python.framework/Versions/3.10/lib/python3.10/site-packages/airflow/example_dags/tutorial_taskflow_api.py
[2025-09-23T14:50:26.510+0300] {processor.py:914} INFO - Processing file /Library/Frameworks/Python.framework/Versions/3.10/lib/python3.10/site-packages/airflow/example_dags/tutorial_taskflow_api.py for tasks to queue
[2025-09-23T14:50:26.510+0300] {logging_mixin.py:190} INFO - [2025-09-23T14:50:26.510+0300] {dagbag.py:588} INFO - Filling up the DagBag from /Library/Frameworks/Python.framework/Versions/3.10/lib/python3.10/site-packages/airflow/example_dags/tutorial_taskflow_api.py
[2025-09-23T14:50:26.526+0300] {processor.py:925} INFO - DAG(s) 'tutorial_taskflow_api' retrieved from /Library/Frameworks/Python.framework/Versions/3.10/lib/python3.10/site-packages/airflow/example_dags/tutorial_taskflow_api.py
[2025-09-23T14:50:26.562+0300] {logging_mixin.py:190} INFO - [2025-09-23T14:50:26.562+0300] {dag.py:3239} INFO - Sync 1 DAGs
[2025-09-23T14:50:26.566+0300] {logging_mixin.py:190} INFO - [2025-09-23T14:50:26.566+0300] {dag.py:4180} INFO - Setting next_dagrun for tutorial_taskflow_api to None, run_after=None
[2025-09-23T14:50:26.571+0300] {processor.py:208} INFO - Processing /Library/Frameworks/Python.framework/Versions/3.10/lib/python3.10/site-packages/airflow/example_dags/tutorial_taskflow_api.py took 0.063 seconds
[2025-09-23T14:51:39.906+0300] {processor.py:186} INFO - Started process (PID=82900) to work on /Library/Frameworks/Python.framework/Versions/3.10/lib/python3.10/site-packages/airflow/example_dags/tutorial_taskflow_api.py
[2025-09-23T14:51:39.906+0300] {processor.py:914} INFO - Processing file /Library/Frameworks/Python.framework/Versions/3.10/lib/python3.10/site-packages/airflow/example_dags/tutorial_taskflow_api.py for tasks to queue
[2025-09-23T14:51:39.907+0300] {logging_mixin.py:190} INFO - [2025-09-23T14:51:39.907+0300] {dagbag.py:588} INFO - Filling up the DagBag from /Library/Frameworks/Python.framework/Versions/3.10/lib/python3.10/site-packages/airflow/example_dags/tutorial_taskflow_api.py
[2025-09-23T14:51:39.921+0300] {processor.py:925} INFO - DAG(s) 'tutorial_taskflow_api' retrieved from /Library/Frameworks/Python.framework/Versions/3.10/lib/python3.10/site-packages/airflow/example_dags/tutorial_taskflow_api.py
[2025-09-23T14:51:39.955+0300] {logging_mixin.py:190} INFO - [2025-09-23T14:51:39.955+0300] {dag.py:3239} INFO - Sync 1 DAGs
[2025-09-23T14:51:39.958+0300] {logging_mixin.py:190} INFO - [2025-09-23T14:51:39.958+0300] {dag.py:4180} INFO - Setting next_dagrun for tutorial_taskflow_api to None, run_after=None
[2025-09-23T14:51:39.964+0300] {processor.py:208} INFO - Processing /Library/Frameworks/Python.framework/Versions/3.10/lib/python3.10/site-packages/airflow/example_dags/tutorial_taskflow_api.py took 0.060 seconds
[2025-09-23T14:52:53.111+0300] {processor.py:186} INFO - Started process (PID=83338) to work on /Library/Frameworks/Python.framework/Versions/3.10/lib/python3.10/site-packages/airflow/example_dags/tutorial_taskflow_api.py
[2025-09-23T14:52:53.112+0300] {processor.py:914} INFO - Processing file /Library/Frameworks/Python.framework/Versions/3.10/lib/python3.10/site-packages/airflow/example_dags/tutorial_taskflow_api.py for tasks to queue
[2025-09-23T14:52:53.112+0300] {logging_mixin.py:190} INFO - [2025-09-23T14:52:53.112+0300] {dagbag.py:588} INFO - Filling up the DagBag from /Library/Frameworks/Python.framework/Versions/3.10/lib/python3.10/site-packages/airflow/example_dags/tutorial_taskflow_api.py
[2025-09-23T14:52:53.126+0300] {processor.py:925} INFO - DAG(s) 'tutorial_taskflow_api' retrieved from /Library/Frameworks/Python.framework/Versions/3.10/lib/python3.10/site-packages/airflow/example_dags/tutorial_taskflow_api.py
[2025-09-23T14:52:53.159+0300] {logging_mixin.py:190} INFO - [2025-09-23T14:52:53.159+0300] {dag.py:3239} INFO - Sync 1 DAGs
[2025-09-23T14:52:53.163+0300] {logging_mixin.py:190} INFO - [2025-09-23T14:52:53.163+0300] {dag.py:4180} INFO - Setting next_dagrun for tutorial_taskflow_api to None, run_after=None
[2025-09-23T14:52:53.168+0300] {processor.py:208} INFO - Processing /Library/Frameworks/Python.framework/Versions/3.10/lib/python3.10/site-packages/airflow/example_dags/tutorial_taskflow_api.py took 0.058 seconds
[2025-09-23T14:54:05.648+0300] {processor.py:186} INFO - Started process (PID=83801) to work on /Library/Frameworks/Python.framework/Versions/3.10/lib/python3.10/site-packages/airflow/example_dags/tutorial_taskflow_api.py
[2025-09-23T14:54:05.649+0300] {processor.py:914} INFO - Processing file /Library/Frameworks/Python.framework/Versions/3.10/lib/python3.10/site-packages/airflow/example_dags/tutorial_taskflow_api.py for tasks to queue
[2025-09-23T14:54:05.650+0300] {logging_mixin.py:190} INFO - [2025-09-23T14:54:05.650+0300] {dagbag.py:588} INFO - Filling up the DagBag from /Library/Frameworks/Python.framework/Versions/3.10/lib/python3.10/site-packages/airflow/example_dags/tutorial_taskflow_api.py
[2025-09-23T14:54:05.676+0300] {processor.py:925} INFO - DAG(s) 'tutorial_taskflow_api' retrieved from /Library/Frameworks/Python.framework/Versions/3.10/lib/python3.10/site-packages/airflow/example_dags/tutorial_taskflow_api.py
[2025-09-23T14:54:05.721+0300] {logging_mixin.py:190} INFO - [2025-09-23T14:54:05.721+0300] {dag.py:3239} INFO - Sync 1 DAGs
[2025-09-23T14:54:05.727+0300] {logging_mixin.py:190} INFO - [2025-09-23T14:54:05.727+0300] {dag.py:4180} INFO - Setting next_dagrun for tutorial_taskflow_api to None, run_after=None
[2025-09-23T14:54:05.736+0300] {processor.py:208} INFO - Processing /Library/Frameworks/Python.framework/Versions/3.10/lib/python3.10/site-packages/airflow/example_dags/tutorial_taskflow_api.py took 0.090 seconds
[2025-09-23T14:56:07.515+0300] {processor.py:186} INFO - Started process (PID=84676) to work on /Library/Frameworks/Python.framework/Versions/3.10/lib/python3.10/site-packages/airflow/example_dags/tutorial_taskflow_api.py
[2025-09-23T14:56:07.516+0300] {processor.py:914} INFO - Processing file /Library/Frameworks/Python.framework/Versions/3.10/lib/python3.10/site-packages/airflow/example_dags/tutorial_taskflow_api.py for tasks to queue
[2025-09-23T14:56:07.517+0300] {logging_mixin.py:190} INFO - [2025-09-23T14:56:07.517+0300] {dagbag.py:588} INFO - Filling up the DagBag from /Library/Frameworks/Python.framework/Versions/3.10/lib/python3.10/site-packages/airflow/example_dags/tutorial_taskflow_api.py
[2025-09-23T14:56:07.533+0300] {processor.py:925} INFO - DAG(s) 'tutorial_taskflow_api' retrieved from /Library/Frameworks/Python.framework/Versions/3.10/lib/python3.10/site-packages/airflow/example_dags/tutorial_taskflow_api.py
[2025-09-23T14:56:07.568+0300] {logging_mixin.py:190} INFO - [2025-09-23T14:56:07.568+0300] {dag.py:3239} INFO - Sync 1 DAGs
[2025-09-23T14:56:07.572+0300] {logging_mixin.py:190} INFO - [2025-09-23T14:56:07.572+0300] {dag.py:4180} INFO - Setting next_dagrun for tutorial_taskflow_api to None, run_after=None
[2025-09-23T14:56:07.579+0300] {processor.py:208} INFO - Processing /Library/Frameworks/Python.framework/Versions/3.10/lib/python3.10/site-packages/airflow/example_dags/tutorial_taskflow_api.py took 0.065 seconds
