[2025-09-23T12:53:48.961+0300] {processor.py:186} INFO - Started process (PID=69064) to work on /Library/Frameworks/Python.framework/Versions/3.10/lib/python3.10/site-packages/airflow/example_dags/tutorial_dag.py
[2025-09-23T12:53:48.962+0300] {processor.py:914} INFO - Processing file /Library/Frameworks/Python.framework/Versions/3.10/lib/python3.10/site-packages/airflow/example_dags/tutorial_dag.py for tasks to queue
[2025-09-23T12:53:48.962+0300] {logging_mixin.py:190} INFO - [2025-09-23T12:53:48.962+0300] {dagbag.py:588} INFO - Filling up the DagBag from /Library/Frameworks/Python.framework/Versions/3.10/lib/python3.10/site-packages/airflow/example_dags/tutorial_dag.py
[2025-09-23T12:53:48.972+0300] {processor.py:925} INFO - DAG(s) 'tutorial_dag' retrieved from /Library/Frameworks/Python.framework/Versions/3.10/lib/python3.10/site-packages/airflow/example_dags/tutorial_dag.py
[2025-09-23T12:53:49.006+0300] {logging_mixin.py:190} INFO - [2025-09-23T12:53:49.006+0300] {dag.py:3239} INFO - Sync 1 DAGs
[2025-09-23T12:53:49.010+0300] {logging_mixin.py:190} INFO - [2025-09-23T12:53:49.010+0300] {dag.py:4180} INFO - Setting next_dagrun for tutorial_dag to None, run_after=None
[2025-09-23T12:53:49.015+0300] {processor.py:208} INFO - Processing /Library/Frameworks/Python.framework/Versions/3.10/lib/python3.10/site-packages/airflow/example_dags/tutorial_dag.py took 0.055 seconds
[2025-09-23T12:55:43.898+0300] {processor.py:186} INFO - Started process (PID=69750) to work on /Library/Frameworks/Python.framework/Versions/3.10/lib/python3.10/site-packages/airflow/example_dags/tutorial_dag.py
[2025-09-23T12:55:43.899+0300] {processor.py:914} INFO - Processing file /Library/Frameworks/Python.framework/Versions/3.10/lib/python3.10/site-packages/airflow/example_dags/tutorial_dag.py for tasks to queue
[2025-09-23T12:55:43.900+0300] {logging_mixin.py:190} INFO - [2025-09-23T12:55:43.900+0300] {dagbag.py:588} INFO - Filling up the DagBag from /Library/Frameworks/Python.framework/Versions/3.10/lib/python3.10/site-packages/airflow/example_dags/tutorial_dag.py
[2025-09-23T12:55:43.910+0300] {processor.py:925} INFO - DAG(s) 'tutorial_dag' retrieved from /Library/Frameworks/Python.framework/Versions/3.10/lib/python3.10/site-packages/airflow/example_dags/tutorial_dag.py
[2025-09-23T12:55:43.945+0300] {logging_mixin.py:190} INFO - [2025-09-23T12:55:43.945+0300] {dag.py:3239} INFO - Sync 1 DAGs
[2025-09-23T12:55:43.949+0300] {logging_mixin.py:190} INFO - [2025-09-23T12:55:43.949+0300] {dag.py:4180} INFO - Setting next_dagrun for tutorial_dag to None, run_after=None
[2025-09-23T12:55:43.955+0300] {processor.py:208} INFO - Processing /Library/Frameworks/Python.framework/Versions/3.10/lib/python3.10/site-packages/airflow/example_dags/tutorial_dag.py took 0.057 seconds
[2025-09-23T12:57:00.243+0300] {processor.py:186} INFO - Started process (PID=70195) to work on /Library/Frameworks/Python.framework/Versions/3.10/lib/python3.10/site-packages/airflow/example_dags/tutorial_dag.py
[2025-09-23T12:57:00.243+0300] {processor.py:914} INFO - Processing file /Library/Frameworks/Python.framework/Versions/3.10/lib/python3.10/site-packages/airflow/example_dags/tutorial_dag.py for tasks to queue
[2025-09-23T12:57:00.244+0300] {logging_mixin.py:190} INFO - [2025-09-23T12:57:00.244+0300] {dagbag.py:588} INFO - Filling up the DagBag from /Library/Frameworks/Python.framework/Versions/3.10/lib/python3.10/site-packages/airflow/example_dags/tutorial_dag.py
[2025-09-23T12:57:00.254+0300] {processor.py:925} INFO - DAG(s) 'tutorial_dag' retrieved from /Library/Frameworks/Python.framework/Versions/3.10/lib/python3.10/site-packages/airflow/example_dags/tutorial_dag.py
[2025-09-23T12:57:00.290+0300] {logging_mixin.py:190} INFO - [2025-09-23T12:57:00.290+0300] {dag.py:3239} INFO - Sync 1 DAGs
[2025-09-23T12:57:00.295+0300] {logging_mixin.py:190} INFO - [2025-09-23T12:57:00.295+0300] {dag.py:4180} INFO - Setting next_dagrun for tutorial_dag to None, run_after=None
[2025-09-23T12:57:00.302+0300] {processor.py:208} INFO - Processing /Library/Frameworks/Python.framework/Versions/3.10/lib/python3.10/site-packages/airflow/example_dags/tutorial_dag.py took 0.060 seconds
[2025-09-23T12:58:16.500+0300] {processor.py:186} INFO - Started process (PID=70634) to work on /Library/Frameworks/Python.framework/Versions/3.10/lib/python3.10/site-packages/airflow/example_dags/tutorial_dag.py
[2025-09-23T12:58:16.501+0300] {processor.py:914} INFO - Processing file /Library/Frameworks/Python.framework/Versions/3.10/lib/python3.10/site-packages/airflow/example_dags/tutorial_dag.py for tasks to queue
[2025-09-23T12:58:16.501+0300] {logging_mixin.py:190} INFO - [2025-09-23T12:58:16.501+0300] {dagbag.py:588} INFO - Filling up the DagBag from /Library/Frameworks/Python.framework/Versions/3.10/lib/python3.10/site-packages/airflow/example_dags/tutorial_dag.py
[2025-09-23T12:58:16.511+0300] {processor.py:925} INFO - DAG(s) 'tutorial_dag' retrieved from /Library/Frameworks/Python.framework/Versions/3.10/lib/python3.10/site-packages/airflow/example_dags/tutorial_dag.py
[2025-09-23T12:58:16.546+0300] {logging_mixin.py:190} INFO - [2025-09-23T12:58:16.546+0300] {dag.py:3239} INFO - Sync 1 DAGs
[2025-09-23T12:58:16.550+0300] {logging_mixin.py:190} INFO - [2025-09-23T12:58:16.550+0300] {dag.py:4180} INFO - Setting next_dagrun for tutorial_dag to None, run_after=None
[2025-09-23T12:58:16.556+0300] {processor.py:208} INFO - Processing /Library/Frameworks/Python.framework/Versions/3.10/lib/python3.10/site-packages/airflow/example_dags/tutorial_dag.py took 0.057 seconds
[2025-09-23T12:59:28.542+0300] {processor.py:186} INFO - Started process (PID=71080) to work on /Library/Frameworks/Python.framework/Versions/3.10/lib/python3.10/site-packages/airflow/example_dags/tutorial_dag.py
[2025-09-23T12:59:28.543+0300] {processor.py:914} INFO - Processing file /Library/Frameworks/Python.framework/Versions/3.10/lib/python3.10/site-packages/airflow/example_dags/tutorial_dag.py for tasks to queue
[2025-09-23T12:59:28.543+0300] {logging_mixin.py:190} INFO - [2025-09-23T12:59:28.543+0300] {dagbag.py:588} INFO - Filling up the DagBag from /Library/Frameworks/Python.framework/Versions/3.10/lib/python3.10/site-packages/airflow/example_dags/tutorial_dag.py
[2025-09-23T12:59:28.553+0300] {processor.py:925} INFO - DAG(s) 'tutorial_dag' retrieved from /Library/Frameworks/Python.framework/Versions/3.10/lib/python3.10/site-packages/airflow/example_dags/tutorial_dag.py
[2025-09-23T12:59:28.587+0300] {logging_mixin.py:190} INFO - [2025-09-23T12:59:28.586+0300] {dag.py:3239} INFO - Sync 1 DAGs
[2025-09-23T12:59:28.590+0300] {logging_mixin.py:190} INFO - [2025-09-23T12:59:28.590+0300] {dag.py:4180} INFO - Setting next_dagrun for tutorial_dag to None, run_after=None
[2025-09-23T12:59:28.596+0300] {processor.py:208} INFO - Processing /Library/Frameworks/Python.framework/Versions/3.10/lib/python3.10/site-packages/airflow/example_dags/tutorial_dag.py took 0.055 seconds
[2025-09-23T14:47:21.325+0300] {processor.py:186} INFO - Started process (PID=81361) to work on /Library/Frameworks/Python.framework/Versions/3.10/lib/python3.10/site-packages/airflow/example_dags/tutorial_dag.py
[2025-09-23T14:47:21.326+0300] {processor.py:914} INFO - Processing file /Library/Frameworks/Python.framework/Versions/3.10/lib/python3.10/site-packages/airflow/example_dags/tutorial_dag.py for tasks to queue
[2025-09-23T14:47:21.327+0300] {logging_mixin.py:190} INFO - [2025-09-23T14:47:21.327+0300] {dagbag.py:588} INFO - Filling up the DagBag from /Library/Frameworks/Python.framework/Versions/3.10/lib/python3.10/site-packages/airflow/example_dags/tutorial_dag.py
[2025-09-23T14:47:21.336+0300] {processor.py:925} INFO - DAG(s) 'tutorial_dag' retrieved from /Library/Frameworks/Python.framework/Versions/3.10/lib/python3.10/site-packages/airflow/example_dags/tutorial_dag.py
[2025-09-23T14:47:21.370+0300] {logging_mixin.py:190} INFO - [2025-09-23T14:47:21.370+0300] {dag.py:3239} INFO - Sync 1 DAGs
[2025-09-23T14:47:21.374+0300] {logging_mixin.py:190} INFO - [2025-09-23T14:47:21.374+0300] {dag.py:4180} INFO - Setting next_dagrun for tutorial_dag to None, run_after=None
[2025-09-23T14:47:21.381+0300] {processor.py:208} INFO - Processing /Library/Frameworks/Python.framework/Versions/3.10/lib/python3.10/site-packages/airflow/example_dags/tutorial_dag.py took 0.057 seconds
[2025-09-23T14:49:19.364+0300] {processor.py:186} INFO - Started process (PID=82078) to work on /Library/Frameworks/Python.framework/Versions/3.10/lib/python3.10/site-packages/airflow/example_dags/tutorial_dag.py
[2025-09-23T14:49:19.365+0300] {processor.py:914} INFO - Processing file /Library/Frameworks/Python.framework/Versions/3.10/lib/python3.10/site-packages/airflow/example_dags/tutorial_dag.py for tasks to queue
[2025-09-23T14:49:19.365+0300] {logging_mixin.py:190} INFO - [2025-09-23T14:49:19.365+0300] {dagbag.py:588} INFO - Filling up the DagBag from /Library/Frameworks/Python.framework/Versions/3.10/lib/python3.10/site-packages/airflow/example_dags/tutorial_dag.py
[2025-09-23T14:49:19.375+0300] {processor.py:925} INFO - DAG(s) 'tutorial_dag' retrieved from /Library/Frameworks/Python.framework/Versions/3.10/lib/python3.10/site-packages/airflow/example_dags/tutorial_dag.py
[2025-09-23T14:49:19.408+0300] {logging_mixin.py:190} INFO - [2025-09-23T14:49:19.408+0300] {dag.py:3239} INFO - Sync 1 DAGs
[2025-09-23T14:49:19.412+0300] {logging_mixin.py:190} INFO - [2025-09-23T14:49:19.412+0300] {dag.py:4180} INFO - Setting next_dagrun for tutorial_dag to None, run_after=None
[2025-09-23T14:49:19.417+0300] {processor.py:208} INFO - Processing /Library/Frameworks/Python.framework/Versions/3.10/lib/python3.10/site-packages/airflow/example_dags/tutorial_dag.py took 0.055 seconds
[2025-09-23T14:50:28.725+0300] {processor.py:186} INFO - Started process (PID=82459) to work on /Library/Frameworks/Python.framework/Versions/3.10/lib/python3.10/site-packages/airflow/example_dags/tutorial_dag.py
[2025-09-23T14:50:28.726+0300] {processor.py:914} INFO - Processing file /Library/Frameworks/Python.framework/Versions/3.10/lib/python3.10/site-packages/airflow/example_dags/tutorial_dag.py for tasks to queue
[2025-09-23T14:50:28.727+0300] {logging_mixin.py:190} INFO - [2025-09-23T14:50:28.727+0300] {dagbag.py:588} INFO - Filling up the DagBag from /Library/Frameworks/Python.framework/Versions/3.10/lib/python3.10/site-packages/airflow/example_dags/tutorial_dag.py
[2025-09-23T14:50:28.736+0300] {processor.py:925} INFO - DAG(s) 'tutorial_dag' retrieved from /Library/Frameworks/Python.framework/Versions/3.10/lib/python3.10/site-packages/airflow/example_dags/tutorial_dag.py
[2025-09-23T14:50:28.770+0300] {logging_mixin.py:190} INFO - [2025-09-23T14:50:28.770+0300] {dag.py:3239} INFO - Sync 1 DAGs
[2025-09-23T14:50:28.774+0300] {logging_mixin.py:190} INFO - [2025-09-23T14:50:28.774+0300] {dag.py:4180} INFO - Setting next_dagrun for tutorial_dag to None, run_after=None
[2025-09-23T14:50:28.780+0300] {processor.py:208} INFO - Processing /Library/Frameworks/Python.framework/Versions/3.10/lib/python3.10/site-packages/airflow/example_dags/tutorial_dag.py took 0.055 seconds
[2025-09-23T14:51:43.236+0300] {processor.py:186} INFO - Started process (PID=82918) to work on /Library/Frameworks/Python.framework/Versions/3.10/lib/python3.10/site-packages/airflow/example_dags/tutorial_dag.py
[2025-09-23T14:51:43.236+0300] {processor.py:914} INFO - Processing file /Library/Frameworks/Python.framework/Versions/3.10/lib/python3.10/site-packages/airflow/example_dags/tutorial_dag.py for tasks to queue
[2025-09-23T14:51:43.237+0300] {logging_mixin.py:190} INFO - [2025-09-23T14:51:43.237+0300] {dagbag.py:588} INFO - Filling up the DagBag from /Library/Frameworks/Python.framework/Versions/3.10/lib/python3.10/site-packages/airflow/example_dags/tutorial_dag.py
[2025-09-23T14:51:43.247+0300] {processor.py:925} INFO - DAG(s) 'tutorial_dag' retrieved from /Library/Frameworks/Python.framework/Versions/3.10/lib/python3.10/site-packages/airflow/example_dags/tutorial_dag.py
[2025-09-23T14:51:43.280+0300] {logging_mixin.py:190} INFO - [2025-09-23T14:51:43.280+0300] {dag.py:3239} INFO - Sync 1 DAGs
[2025-09-23T14:51:43.284+0300] {logging_mixin.py:190} INFO - [2025-09-23T14:51:43.284+0300] {dag.py:4180} INFO - Setting next_dagrun for tutorial_dag to None, run_after=None
[2025-09-23T14:51:43.289+0300] {processor.py:208} INFO - Processing /Library/Frameworks/Python.framework/Versions/3.10/lib/python3.10/site-packages/airflow/example_dags/tutorial_dag.py took 0.055 seconds
[2025-09-23T14:52:56.877+0300] {processor.py:186} INFO - Started process (PID=83360) to work on /Library/Frameworks/Python.framework/Versions/3.10/lib/python3.10/site-packages/airflow/example_dags/tutorial_dag.py
[2025-09-23T14:52:56.877+0300] {processor.py:914} INFO - Processing file /Library/Frameworks/Python.framework/Versions/3.10/lib/python3.10/site-packages/airflow/example_dags/tutorial_dag.py for tasks to queue
[2025-09-23T14:52:56.878+0300] {logging_mixin.py:190} INFO - [2025-09-23T14:52:56.877+0300] {dagbag.py:588} INFO - Filling up the DagBag from /Library/Frameworks/Python.framework/Versions/3.10/lib/python3.10/site-packages/airflow/example_dags/tutorial_dag.py
[2025-09-23T14:52:56.887+0300] {processor.py:925} INFO - DAG(s) 'tutorial_dag' retrieved from /Library/Frameworks/Python.framework/Versions/3.10/lib/python3.10/site-packages/airflow/example_dags/tutorial_dag.py
[2025-09-23T14:52:56.921+0300] {logging_mixin.py:190} INFO - [2025-09-23T14:52:56.921+0300] {dag.py:3239} INFO - Sync 1 DAGs
[2025-09-23T14:52:56.925+0300] {logging_mixin.py:190} INFO - [2025-09-23T14:52:56.925+0300] {dag.py:4180} INFO - Setting next_dagrun for tutorial_dag to None, run_after=None
[2025-09-23T14:52:56.930+0300] {processor.py:208} INFO - Processing /Library/Frameworks/Python.framework/Versions/3.10/lib/python3.10/site-packages/airflow/example_dags/tutorial_dag.py took 0.055 seconds
[2025-09-23T14:54:09.474+0300] {processor.py:186} INFO - Started process (PID=83890) to work on /Library/Frameworks/Python.framework/Versions/3.10/lib/python3.10/site-packages/airflow/example_dags/tutorial_dag.py
[2025-09-23T14:54:09.475+0300] {processor.py:914} INFO - Processing file /Library/Frameworks/Python.framework/Versions/3.10/lib/python3.10/site-packages/airflow/example_dags/tutorial_dag.py for tasks to queue
[2025-09-23T14:54:09.476+0300] {logging_mixin.py:190} INFO - [2025-09-23T14:54:09.476+0300] {dagbag.py:588} INFO - Filling up the DagBag from /Library/Frameworks/Python.framework/Versions/3.10/lib/python3.10/site-packages/airflow/example_dags/tutorial_dag.py
[2025-09-23T14:54:09.491+0300] {processor.py:925} INFO - DAG(s) 'tutorial_dag' retrieved from /Library/Frameworks/Python.framework/Versions/3.10/lib/python3.10/site-packages/airflow/example_dags/tutorial_dag.py
[2025-09-23T14:54:09.529+0300] {logging_mixin.py:190} INFO - [2025-09-23T14:54:09.529+0300] {dag.py:3239} INFO - Sync 1 DAGs
[2025-09-23T14:54:09.534+0300] {logging_mixin.py:190} INFO - [2025-09-23T14:54:09.534+0300] {dag.py:4180} INFO - Setting next_dagrun for tutorial_dag to None, run_after=None
[2025-09-23T14:54:09.541+0300] {processor.py:208} INFO - Processing /Library/Frameworks/Python.framework/Versions/3.10/lib/python3.10/site-packages/airflow/example_dags/tutorial_dag.py took 0.068 seconds
[2025-09-23T14:56:10.600+0300] {processor.py:186} INFO - Started process (PID=84690) to work on /Library/Frameworks/Python.framework/Versions/3.10/lib/python3.10/site-packages/airflow/example_dags/tutorial_dag.py
[2025-09-23T14:56:10.602+0300] {processor.py:914} INFO - Processing file /Library/Frameworks/Python.framework/Versions/3.10/lib/python3.10/site-packages/airflow/example_dags/tutorial_dag.py for tasks to queue
[2025-09-23T14:56:10.602+0300] {logging_mixin.py:190} INFO - [2025-09-23T14:56:10.602+0300] {dagbag.py:588} INFO - Filling up the DagBag from /Library/Frameworks/Python.framework/Versions/3.10/lib/python3.10/site-packages/airflow/example_dags/tutorial_dag.py
[2025-09-23T14:56:10.612+0300] {processor.py:925} INFO - DAG(s) 'tutorial_dag' retrieved from /Library/Frameworks/Python.framework/Versions/3.10/lib/python3.10/site-packages/airflow/example_dags/tutorial_dag.py
[2025-09-23T14:56:10.645+0300] {logging_mixin.py:190} INFO - [2025-09-23T14:56:10.645+0300] {dag.py:3239} INFO - Sync 1 DAGs
[2025-09-23T14:56:10.649+0300] {logging_mixin.py:190} INFO - [2025-09-23T14:56:10.649+0300] {dag.py:4180} INFO - Setting next_dagrun for tutorial_dag to None, run_after=None
[2025-09-23T14:56:10.655+0300] {processor.py:208} INFO - Processing /Library/Frameworks/Python.framework/Versions/3.10/lib/python3.10/site-packages/airflow/example_dags/tutorial_dag.py took 0.056 seconds
