[2025-09-23T14:54:40.834+0300] {local_task_job_runner.py:123} INFO - ::group::Pre task execution logs
[2025-09-23T14:54:40.876+0300] {taskinstance.py:2612} INFO - Dependencies all met for dep_context=non-requeueable deps ti=<TaskInstance: inpainting_pipeline.prepare_data manual__2025-09-23T11:54:19.841946+00:00 [queued]>
[2025-09-23T14:54:40.879+0300] {taskinstance.py:2612} INFO - Dependencies all met for dep_context=requeueable deps ti=<TaskInstance: inpainting_pipeline.prepare_data manual__2025-09-23T11:54:19.841946+00:00 [queued]>
[2025-09-23T14:54:40.879+0300] {taskinstance.py:2865} INFO - Starting attempt 1 of 2
[2025-09-23T14:54:40.883+0300] {taskinstance.py:2888} INFO - Executing <Task(PythonOperator): prepare_data> on 2025-09-23 11:54:19.841946+00:00
[2025-09-23T14:54:40.887+0300] {standard_task_runner.py:72} INFO - Started process 84110 to run task
[2025-09-23T14:54:40.890+0300] {standard_task_runner.py:104} INFO - Running: ['airflow', 'tasks', 'run', 'inpainting_pipeline', 'prepare_data', 'manual__2025-09-23T11:54:19.841946+00:00', '--job-id', '27', '--raw', '--subdir', 'DAGS_FOLDER/inpainting_pipeline.py', '--cfg-path', '/var/folders/h3/mldqkd0s4gs3d0z9_b487vs00000gn/T/tmpynrh6qgk']
[2025-09-23T14:54:40.892+0300] {standard_task_runner.py:105} INFO - Job 27: Subtask prepare_data
[2025-09-23T14:54:40.909+0300] {task_command.py:467} INFO - Running <TaskInstance: inpainting_pipeline.prepare_data manual__2025-09-23T11:54:19.841946+00:00 [running]> on host macbook-air-alexander-2.local
[2025-09-23T14:54:40.931+0300] {taskinstance.py:3131} INFO - Exporting env vars: AIRFLOW_CTX_DAG_OWNER='mlops-student' AIRFLOW_CTX_DAG_ID='inpainting_pipeline' AIRFLOW_CTX_TASK_ID='prepare_data' AIRFLOW_CTX_EXECUTION_DATE='2025-09-23T11:54:19.841946+00:00' AIRFLOW_CTX_TRY_NUMBER='1' AIRFLOW_CTX_DAG_RUN_ID='manual__2025-09-23T11:54:19.841946+00:00'
[2025-09-23T14:54:40.931+0300] {logging_mixin.py:190} INFO - Task instance is in running state
[2025-09-23T14:54:40.932+0300] {logging_mixin.py:190} INFO -  Previous state of the Task instance: queued
[2025-09-23T14:54:40.932+0300] {logging_mixin.py:190} INFO - Current task name:prepare_data state:running start_date:2025-09-23 11:54:40.876993+00:00
[2025-09-23T14:54:40.932+0300] {logging_mixin.py:190} INFO - Dag name:inpainting_pipeline and current dag run status:running
[2025-09-23T14:54:40.932+0300] {taskinstance.py:731} INFO - ::endgroup::
[2025-09-23T14:54:40.932+0300] {inpainting_pipeline.py:12} INFO - Running command: python3 /Users/vozamhcak/celeba-inpainting/code/prepare_data.py
[2025-09-23T14:54:43.024+0300] {inpainting_pipeline.py:21} INFO - STDOUT:
train - 80, test - 21

[2025-09-23T14:54:43.024+0300] {python.py:240} INFO - Done. Returned value was: None
[2025-09-23T14:54:43.030+0300] {taskinstance.py:340} INFO - ::group::Post task execution logs
[2025-09-23T14:54:43.030+0300] {taskinstance.py:352} INFO - Marking task as SUCCESS. dag_id=inpainting_pipeline, task_id=prepare_data, run_id=manual__2025-09-23T11:54:19.841946+00:00, execution_date=20250923T115419, start_date=20250923T115440, end_date=20250923T115443
[2025-09-23T14:54:43.033+0300] {logging_mixin.py:190} INFO - Task instance in success state
[2025-09-23T14:54:43.034+0300] {logging_mixin.py:190} INFO -  Previous state of the Task instance: running
[2025-09-23T14:54:43.034+0300] {logging_mixin.py:190} INFO - Dag name:inpainting_pipeline queued_at:2025-09-23 11:54:19.850885+00:00
[2025-09-23T14:54:43.034+0300] {logging_mixin.py:190} INFO - Task hostname:macbook-air-alexander-2.local operator:PythonOperator
[2025-09-23T14:54:43.037+0300] {local_task_job_runner.py:266} INFO - Task exited with return code 0
[2025-09-23T14:54:43.046+0300] {taskinstance.py:3900} INFO - 1 downstream tasks scheduled from follow-on schedule check
[2025-09-23T14:54:43.046+0300] {local_task_job_runner.py:245} INFO - ::endgroup::
